[0.056s] Invoking command in '/home/wasp_mini/ros2_ws/build/vectornav_msgs': CMAKE_PREFIX_PATH=${CMAKE_PREFIX_PATH}:/home/wasp_mini/ros2_ws/install/wasp_mini_controller:/opt/ros/foxy /usr/bin/cmake --build /home/wasp_mini/ros2_ws/build/vectornav_msgs -- -j4 -l4
[0.221s] [  1%] Built target vectornav_msgs__cpp
[0.222s] [ 12%] Built target vectornav_msgs__rosidl_generator_c
[0.383s] [ 24%] Built target vectornav_msgs__rosidl_typesupport_cpp
[0.394s] [ 35%] Built target vectornav_msgs__rosidl_typesupport_fastrtps_cpp
[0.406s] [ 47%] Built target vectornav_msgs__rosidl_typesupport_c
[0.418s] [ 59%] Built target vectornav_msgs__rosidl_typesupport_introspection_c
[0.524s] [ 71%] Built target vectornav_msgs__rosidl_typesupport_introspection_cpp
[0.541s] [ 83%] Built target vectornav_msgs__rosidl_typesupport_fastrtps_c
[0.606s] [ 83%] Built target vectornav_msgs
[0.660s] [ 84%] Built target vectornav_msgs__py
[0.757s] [ 95%] Built target vectornav_msgs__python
[0.849s] [ 96%] Built target vectornav_msgs__rosidl_typesupport_c__pyext
[0.881s] [ 98%] Built target vectornav_msgs__rosidl_typesupport_fastrtps_c__pyext
[0.889s] [100%] Built target vectornav_msgs__rosidl_typesupport_introspection_c__pyext
[0.944s] Invoked command in '/home/wasp_mini/ros2_ws/build/vectornav_msgs' returned '0': CMAKE_PREFIX_PATH=${CMAKE_PREFIX_PATH}:/home/wasp_mini/ros2_ws/install/wasp_mini_controller:/opt/ros/foxy /usr/bin/cmake --build /home/wasp_mini/ros2_ws/build/vectornav_msgs -- -j4 -l4
[1.739s] Invoking command in '/home/wasp_mini/ros2_ws/build/vectornav_msgs': CMAKE_PREFIX_PATH=${CMAKE_PREFIX_PATH}:/home/wasp_mini/ros2_ws/install/wasp_mini_controller:/opt/ros/foxy /usr/bin/cmake --install /home/wasp_mini/ros2_ws/build/vectornav_msgs
[1.765s] -- Install configuration: ""
[1.766s] -- Up-to-date: /home/wasp_mini/ros2_ws/install/vectornav_msgs/share/ament_index/resource_index/rosidl_interfaces/vectornav_msgs
[1.766s] -- Up-to-date: /home/wasp_mini/ros2_ws/install/vectornav_msgs/include/vectornav_msgs
[1.766s] -- Up-to-date: /home/wasp_mini/ros2_ws/install/vectornav_msgs/include/vectornav_msgs/msg
[1.766s] -- Up-to-date: /home/wasp_mini/ros2_ws/install/vectornav_msgs/include/vectornav_msgs/msg/ins_status.h
[1.766s] -- Up-to-date: /home/wasp_mini/ros2_ws/install/vectornav_msgs/include/vectornav_msgs/msg/time_group.h
[1.767s] -- Up-to-date: /home/wasp_mini/ros2_ws/install/vectornav_msgs/include/vectornav_msgs/msg/dop.h
[1.767s] -- Up-to-date: /home/wasp_mini/ros2_ws/install/vectornav_msgs/include/vectornav_msgs/msg/rosidl_generator_c__visibility_control.h
[1.767s] -- Up-to-date: /home/wasp_mini/ros2_ws/install/vectornav_msgs/include/vectornav_msgs/msg/time_utc.h
[1.768s] -- Up-to-date: /home/wasp_mini/ros2_ws/install/vectornav_msgs/include/vectornav_msgs/msg/gps_group.h
[1.768s] -- Up-to-date: /home/wasp_mini/ros2_ws/install/vectornav_msgs/include/vectornav_msgs/msg/common_group.h
[1.768s] -- Up-to-date: /home/wasp_mini/ros2_ws/install/vectornav_msgs/include/vectornav_msgs/msg/detail
[1.769s] -- Up-to-date: /home/wasp_mini/ros2_ws/install/vectornav_msgs/include/vectornav_msgs/msg/detail/imu_group__type_support.h
[1.769s] -- Up-to-date: /home/wasp_mini/ros2_ws/install/vectornav_msgs/include/vectornav_msgs/msg/detail/gps_group__type_support.h
[1.774s] -- Up-to-date: /home/wasp_mini/ros2_ws/install/vectornav_msgs/include/vectornav_msgs/msg/detail/attitude_group__functions.h
[1.775s] -- Up-to-date: /home/wasp_mini/ros2_ws/install/vectornav_msgs/include/vectornav_msgs/msg/detail/time_status__functions.h
[1.775s] -- Up-to-date: /home/wasp_mini/ros2_ws/install/vectornav_msgs/include/vectornav_msgs/msg/detail/imu_group__struct.h
[1.776s] -- Up-to-date: /home/wasp_mini/ros2_ws/install/vectornav_msgs/include/vectornav_msgs/msg/detail/attitude_group__struct.h
[1.776s] -- Up-to-date: /home/wasp_mini/ros2_ws/install/vectornav_msgs/include/vectornav_msgs/msg/detail/common_group__type_support.h
[1.776s] -- Up-to-date: /home/wasp_mini/ros2_ws/install/vectornav_msgs/include/vectornav_msgs/msg/detail/common_group__functions.c
[1.776s] -- Up-to-date: /home/wasp_mini/ros2_ws/install/vectornav_msgs/include/vectornav_msgs/msg/detail/attitude_group__type_support.h
[1.776s] -- Up-to-date: /home/wasp_mini/ros2_ws/install/vectornav_msgs/include/vectornav_msgs/msg/detail/dop__struct.h
[1.777s] -- Up-to-date: /home/wasp_mini/ros2_ws/install/vectornav_msgs/include/vectornav_msgs/msg/detail/gps_group__struct.h
[1.777s] -- Up-to-date: /home/wasp_mini/ros2_ws/install/vectornav_msgs/include/vectornav_msgs/msg/detail/time_status__functions.c
[1.777s] -- Up-to-date: /home/wasp_mini/ros2_ws/install/vectornav_msgs/include/vectornav_msgs/msg/detail/attitude_group__functions.c
[1.777s] -- Up-to-date: /home/wasp_mini/ros2_ws/install/vectornav_msgs/include/vectornav_msgs/msg/detail/vpe_status__functions.c
[1.777s] -- Up-to-date: /home/wasp_mini/ros2_ws/install/vectornav_msgs/include/vectornav_msgs/msg/detail/time_group__struct.h
[1.778s] -- Up-to-date: /home/wasp_mini/ros2_ws/install/vectornav_msgs/include/vectornav_msgs/msg/detail/gps_group__functions.h
[1.778s] -- Up-to-date: /home/wasp_mini/ros2_ws/install/vectornav_msgs/include/vectornav_msgs/msg/detail/vpe_status__functions.h
[1.778s] -- Up-to-date: /home/wasp_mini/ros2_ws/install/vectornav_msgs/include/vectornav_msgs/msg/detail/vpe_status__type_support.h
[1.778s] -- Up-to-date: /home/wasp_mini/ros2_ws/install/vectornav_msgs/include/vectornav_msgs/msg/detail/ins_group__type_support.h
[1.778s] -- Up-to-date: /home/wasp_mini/ros2_ws/install/vectornav_msgs/include/vectornav_msgs/msg/detail/ins_status__type_support.h
[1.779s] -- Up-to-date: /home/wasp_mini/ros2_ws/install/vectornav_msgs/include/vectornav_msgs/msg/detail/gps_group__functions.c
[1.779s] -- Up-to-date: /home/wasp_mini/ros2_ws/install/vectornav_msgs/include/vectornav_msgs/msg/detail/time_utc__type_support.h
[1.779s] -- Up-to-date: /home/wasp_mini/ros2_ws/install/vectornav_msgs/include/vectornav_msgs/msg/detail/imu_group__functions.c
[1.779s] -- Up-to-date: /home/wasp_mini/ros2_ws/install/vectornav_msgs/include/vectornav_msgs/msg/detail/ins_group__functions.h
[1.779s] -- Up-to-date: /home/wasp_mini/ros2_ws/install/vectornav_msgs/include/vectornav_msgs/msg/detail/vpe_status__struct.h
[1.780s] -- Up-to-date: /home/wasp_mini/ros2_ws/install/vectornav_msgs/include/vectornav_msgs/msg/detail/time_utc__functions.c
[1.780s] -- Up-to-date: /home/wasp_mini/ros2_ws/install/vectornav_msgs/include/vectornav_msgs/msg/detail/time_utc__functions.h
[1.780s] -- Up-to-date: /home/wasp_mini/ros2_ws/install/vectornav_msgs/include/vectornav_msgs/msg/detail/ins_group__functions.c
[1.780s] -- Up-to-date: /home/wasp_mini/ros2_ws/install/vectornav_msgs/include/vectornav_msgs/msg/detail/time_status__struct.h
[1.780s] -- Up-to-date: /home/wasp_mini/ros2_ws/install/vectornav_msgs/include/vectornav_msgs/msg/detail/dop__functions.c
[1.781s] -- Up-to-date: /home/wasp_mini/ros2_ws/install/vectornav_msgs/include/vectornav_msgs/msg/detail/ins_group__struct.h
[1.781s] -- Up-to-date: /home/wasp_mini/ros2_ws/install/vectornav_msgs/include/vectornav_msgs/msg/detail/time_group__functions.h
[1.781s] -- Up-to-date: /home/wasp_mini/ros2_ws/install/vectornav_msgs/include/vectornav_msgs/msg/detail/time_utc__struct.h
[1.781s] -- Up-to-date: /home/wasp_mini/ros2_ws/install/vectornav_msgs/include/vectornav_msgs/msg/detail/dop__functions.h
[1.781s] -- Up-to-date: /home/wasp_mini/ros2_ws/install/vectornav_msgs/include/vectornav_msgs/msg/detail/imu_group__functions.h
[1.781s] -- Up-to-date: /home/wasp_mini/ros2_ws/install/vectornav_msgs/include/vectornav_msgs/msg/detail/time_status__type_support.h
[1.782s] -- Up-to-date: /home/wasp_mini/ros2_ws/install/vectornav_msgs/include/vectornav_msgs/msg/detail/common_group__struct.h
[1.782s] -- Up-to-date: /home/wasp_mini/ros2_ws/install/vectornav_msgs/include/vectornav_msgs/msg/detail/ins_status__struct.h
[1.782s] -- Up-to-date: /home/wasp_mini/ros2_ws/install/vectornav_msgs/include/vectornav_msgs/msg/detail/ins_status__functions.h
[1.782s] -- Up-to-date: /home/wasp_mini/ros2_ws/install/vectornav_msgs/include/vectornav_msgs/msg/detail/common_group__functions.h
[1.788s] -- Up-to-date: /home/wasp_mini/ros2_ws/install/vectornav_msgs/include/vectornav_msgs/msg/detail/dop__type_support.h
[1.788s] -- Up-to-date: /home/wasp_mini/ros2_ws/install/vectornav_msgs/include/vectornav_msgs/msg/detail/time_group__functions.c
[1.788s] -- Up-to-date: /home/wasp_mini/ros2_ws/install/vectornav_msgs/include/vectornav_msgs/msg/detail/ins_status__functions.c
[1.788s] -- Up-to-date: /home/wasp_mini/ros2_ws/install/vectornav_msgs/include/vectornav_msgs/msg/detail/time_group__type_support.h
[1.789s] -- Up-to-date: /home/wasp_mini/ros2_ws/install/vectornav_msgs/include/vectornav_msgs/msg/vpe_status.h
[1.789s] -- Up-to-date: /home/wasp_mini/ros2_ws/install/vectornav_msgs/include/vectornav_msgs/msg/attitude_group.h
[1.789s] -- Up-to-date: /home/wasp_mini/ros2_ws/install/vectornav_msgs/include/vectornav_msgs/msg/ins_group.h
[1.789s] -- Up-to-date: /home/wasp_mini/ros2_ws/install/vectornav_msgs/include/vectornav_msgs/msg/time_status.h
[1.789s] -- Up-to-date: /home/wasp_mini/ros2_ws/install/vectornav_msgs/include/vectornav_msgs/msg/imu_group.h
[1.790s] -- Up-to-date: /home/wasp_mini/ros2_ws/install/vectornav_msgs/share/vectornav_msgs/environment/library_path.sh
[1.790s] -- Up-to-date: /home/wasp_mini/ros2_ws/install/vectornav_msgs/share/vectornav_msgs/environment/library_path.dsv
[1.790s] -- Up-to-date: /home/wasp_mini/ros2_ws/install/vectornav_msgs/lib/libvectornav_msgs__rosidl_generator_c.so
[1.790s] -- Up-to-date: /home/wasp_mini/ros2_ws/install/vectornav_msgs/include/vectornav_msgs
[1.790s] -- Up-to-date: /home/wasp_mini/ros2_ws/install/vectornav_msgs/include/vectornav_msgs/msg
[1.791s] -- Up-to-date: /home/wasp_mini/ros2_ws/install/vectornav_msgs/include/vectornav_msgs/msg/rosidl_typesupport_fastrtps_c__visibility_control.h
[1.791s] -- Up-to-date: /home/wasp_mini/ros2_ws/install/vectornav_msgs/include/vectornav_msgs/msg/detail
[1.791s] -- Up-to-date: /home/wasp_mini/ros2_ws/install/vectornav_msgs/include/vectornav_msgs/msg/detail/time_status__rosidl_typesupport_fastrtps_c.h
[1.791s] -- Up-to-date: /home/wasp_mini/ros2_ws/install/vectornav_msgs/include/vectornav_msgs/msg/detail/common_group__rosidl_typesupport_fastrtps_c.h
[1.791s] -- Up-to-date: /home/wasp_mini/ros2_ws/install/vectornav_msgs/include/vectornav_msgs/msg/detail/ins_status__rosidl_typesupport_fastrtps_c.h
[1.791s] -- Up-to-date: /home/wasp_mini/ros2_ws/install/vectornav_msgs/include/vectornav_msgs/msg/detail/imu_group__rosidl_typesupport_fastrtps_c.h
[1.792s] -- Up-to-date: /home/wasp_mini/ros2_ws/install/vectornav_msgs/include/vectornav_msgs/msg/detail/time_utc__rosidl_typesupport_fastrtps_c.h
[1.792s] -- Up-to-date: /home/wasp_mini/ros2_ws/install/vectornav_msgs/include/vectornav_msgs/msg/detail/dop__rosidl_typesupport_fastrtps_c.h
[1.792s] -- Up-to-date: /home/wasp_mini/ros2_ws/install/vectornav_msgs/include/vectornav_msgs/msg/detail/time_group__rosidl_typesupport_fastrtps_c.h
[1.792s] -- Up-to-date: /home/wasp_mini/ros2_ws/install/vectornav_msgs/include/vectornav_msgs/msg/detail/gps_group__rosidl_typesupport_fastrtps_c.h
[1.792s] -- Up-to-date: /home/wasp_mini/ros2_ws/install/vectornav_msgs/include/vectornav_msgs/msg/detail/ins_group__rosidl_typesupport_fastrtps_c.h
[1.792s] -- Up-to-date: /home/wasp_mini/ros2_ws/install/vectornav_msgs/include/vectornav_msgs/msg/detail/vpe_status__rosidl_typesupport_fastrtps_c.h
[1.792s] -- Up-to-date: /home/wasp_mini/ros2_ws/install/vectornav_msgs/include/vectornav_msgs/msg/detail/attitude_group__rosidl_typesupport_fastrtps_c.h
[1.792s] -- Up-to-date: /home/wasp_mini/ros2_ws/install/vectornav_msgs/lib/libvectornav_msgs__rosidl_typesupport_fastrtps_c.so
[1.792s] -- Up-to-date: /home/wasp_mini/ros2_ws/install/vectornav_msgs/include/vectornav_msgs
[1.792s] -- Up-to-date: /home/wasp_mini/ros2_ws/install/vectornav_msgs/include/vectornav_msgs/msg
[1.792s] -- Up-to-date: /home/wasp_mini/ros2_ws/install/vectornav_msgs/include/vectornav_msgs/msg/rosidl_typesupport_fastrtps_cpp__visibility_control.h
[1.793s] -- Up-to-date: /home/wasp_mini/ros2_ws/install/vectornav_msgs/include/vectornav_msgs/msg/detail
[1.793s] -- Up-to-date: /home/wasp_mini/ros2_ws/install/vectornav_msgs/include/vectornav_msgs/msg/detail/ins_status__rosidl_typesupport_fastrtps_cpp.hpp
[1.793s] -- Up-to-date: /home/wasp_mini/ros2_ws/install/vectornav_msgs/include/vectornav_msgs/msg/detail/time_status__rosidl_typesupport_fastrtps_cpp.hpp
[1.793s] -- Up-to-date: /home/wasp_mini/ros2_ws/install/vectornav_msgs/include/vectornav_msgs/msg/detail/common_group__rosidl_typesupport_fastrtps_cpp.hpp
[1.793s] -- Up-to-date: /home/wasp_mini/ros2_ws/install/vectornav_msgs/include/vectornav_msgs/msg/detail/time_group__rosidl_typesupport_fastrtps_cpp.hpp
[1.793s] -- Up-to-date: /home/wasp_mini/ros2_ws/install/vectornav_msgs/include/vectornav_msgs/msg/detail/time_utc__rosidl_typesupport_fastrtps_cpp.hpp
[1.793s] -- Up-to-date: /home/wasp_mini/ros2_ws/install/vectornav_msgs/include/vectornav_msgs/msg/detail/dop__rosidl_typesupport_fastrtps_cpp.hpp
[1.793s] -- Up-to-date: /home/wasp_mini/ros2_ws/install/vectornav_msgs/include/vectornav_msgs/msg/detail/gps_group__rosidl_typesupport_fastrtps_cpp.hpp
[1.793s] -- Up-to-date: /home/wasp_mini/ros2_ws/install/vectornav_msgs/include/vectornav_msgs/msg/detail/dds_fastrtps
[1.794s] -- Up-to-date: /home/wasp_mini/ros2_ws/install/vectornav_msgs/include/vectornav_msgs/msg/detail/ins_group__rosidl_typesupport_fastrtps_cpp.hpp
[1.794s] -- Up-to-date: /home/wasp_mini/ros2_ws/install/vectornav_msgs/include/vectornav_msgs/msg/detail/imu_group__rosidl_typesupport_fastrtps_cpp.hpp
[1.794s] -- Up-to-date: /home/wasp_mini/ros2_ws/install/vectornav_msgs/include/vectornav_msgs/msg/detail/attitude_group__rosidl_typesupport_fastrtps_cpp.hpp
[1.794s] -- Up-to-date: /home/wasp_mini/ros2_ws/install/vectornav_msgs/include/vectornav_msgs/msg/detail/vpe_status__rosidl_typesupport_fastrtps_cpp.hpp
[1.794s] -- Up-to-date: /home/wasp_mini/ros2_ws/install/vectornav_msgs/lib/libvectornav_msgs__rosidl_typesupport_fastrtps_cpp.so
[1.794s] -- Up-to-date: /home/wasp_mini/ros2_ws/install/vectornav_msgs/include/vectornav_msgs
[1.794s] -- Up-to-date: /home/wasp_mini/ros2_ws/install/vectornav_msgs/include/vectornav_msgs/msg
[1.794s] -- Up-to-date: /home/wasp_mini/ros2_ws/install/vectornav_msgs/include/vectornav_msgs/msg/rosidl_typesupport_introspection_c__visibility_control.h
[1.794s] -- Up-to-date: /home/wasp_mini/ros2_ws/install/vectornav_msgs/include/vectornav_msgs/msg/detail
[1.794s] -- Up-to-date: /home/wasp_mini/ros2_ws/install/vectornav_msgs/include/vectornav_msgs/msg/detail/dop__rosidl_typesupport_introspection_c.h
[1.795s] -- Up-to-date: /home/wasp_mini/ros2_ws/install/vectornav_msgs/include/vectornav_msgs/msg/detail/time_utc__type_support.c
[1.795s] -- Up-to-date: /home/wasp_mini/ros2_ws/install/vectornav_msgs/include/vectornav_msgs/msg/detail/ins_status__type_support.c
[1.795s] -- Up-to-date: /home/wasp_mini/ros2_ws/install/vectornav_msgs/include/vectornav_msgs/msg/detail/attitude_group__type_support.c
[1.795s] -- Up-to-date: /home/wasp_mini/ros2_ws/install/vectornav_msgs/include/vectornav_msgs/msg/detail/time_group__type_support.c
[1.795s] -- Up-to-date: /home/wasp_mini/ros2_ws/install/vectornav_msgs/include/vectornav_msgs/msg/detail/time_utc__rosidl_typesupport_introspection_c.h
[1.795s] -- Up-to-date: /home/wasp_mini/ros2_ws/install/vectornav_msgs/include/vectornav_msgs/msg/detail/common_group__type_support.c
[1.795s] -- Up-to-date: /home/wasp_mini/ros2_ws/install/vectornav_msgs/include/vectornav_msgs/msg/detail/common_group__rosidl_typesupport_introspection_c.h
[1.795s] -- Up-to-date: /home/wasp_mini/ros2_ws/install/vectornav_msgs/include/vectornav_msgs/msg/detail/imu_group__rosidl_typesupport_introspection_c.h
[1.795s] -- Up-to-date: /home/wasp_mini/ros2_ws/install/vectornav_msgs/include/vectornav_msgs/msg/detail/attitude_group__rosidl_typesupport_introspection_c.h
[1.796s] -- Up-to-date: /home/wasp_mini/ros2_ws/install/vectornav_msgs/include/vectornav_msgs/msg/detail/gps_group__rosidl_typesupport_introspection_c.h
[1.796s] -- Up-to-date: /home/wasp_mini/ros2_ws/install/vectornav_msgs/include/vectornav_msgs/msg/detail/dop__type_support.c
[1.796s] -- Up-to-date: /home/wasp_mini/ros2_ws/install/vectornav_msgs/include/vectornav_msgs/msg/detail/time_status__rosidl_typesupport_introspection_c.h
[1.796s] -- Up-to-date: /home/wasp_mini/ros2_ws/install/vectornav_msgs/include/vectornav_msgs/msg/detail/ins_status__rosidl_typesupport_introspection_c.h
[1.796s] -- Up-to-date: /home/wasp_mini/ros2_ws/install/vectornav_msgs/include/vectornav_msgs/msg/detail/vpe_status__type_support.c
[1.797s] -- Up-to-date: /home/wasp_mini/ros2_ws/install/vectornav_msgs/include/vectornav_msgs/msg/detail/imu_group__type_support.c
[1.797s] -- Up-to-date: /home/wasp_mini/ros2_ws/install/vectornav_msgs/include/vectornav_msgs/msg/detail/ins_group__type_support.c
[1.797s] -- Up-to-date: /home/wasp_mini/ros2_ws/install/vectornav_msgs/include/vectornav_msgs/msg/detail/vpe_status__rosidl_typesupport_introspection_c.h
[1.797s] -- Up-to-date: /home/wasp_mini/ros2_ws/install/vectornav_msgs/include/vectornav_msgs/msg/detail/time_group__rosidl_typesupport_introspection_c.h
[1.798s] -- Up-to-date: /home/wasp_mini/ros2_ws/install/vectornav_msgs/include/vectornav_msgs/msg/detail/time_status__type_support.c
[1.798s] -- Up-to-date: /home/wasp_mini/ros2_ws/install/vectornav_msgs/include/vectornav_msgs/msg/detail/gps_group__type_support.c
[1.798s] -- Up-to-date: /home/wasp_mini/ros2_ws/install/vectornav_msgs/include/vectornav_msgs/msg/detail/ins_group__rosidl_typesupport_introspection_c.h
[1.798s] -- Up-to-date: /home/wasp_mini/ros2_ws/install/vectornav_msgs/lib/libvectornav_msgs__rosidl_typesupport_introspection_c.so
[1.798s] -- Up-to-date: /home/wasp_mini/ros2_ws/install/vectornav_msgs/lib/libvectornav_msgs__rosidl_typesupport_c.so
[1.799s] -- Up-to-date: /home/wasp_mini/ros2_ws/install/vectornav_msgs/include/vectornav_msgs
[1.799s] -- Up-to-date: /home/wasp_mini/ros2_ws/install/vectornav_msgs/include/vectornav_msgs/msg
[1.799s] -- Up-to-date: /home/wasp_mini/ros2_ws/install/vectornav_msgs/include/vectornav_msgs/msg/dop.hpp
[1.799s] -- Up-to-date: /home/wasp_mini/ros2_ws/install/vectornav_msgs/include/vectornav_msgs/msg/time_group.hpp
[1.800s] -- Up-to-date: /home/wasp_mini/ros2_ws/install/vectornav_msgs/include/vectornav_msgs/msg/imu_group.hpp
[1.800s] -- Up-to-date: /home/wasp_mini/ros2_ws/install/vectornav_msgs/include/vectornav_msgs/msg/ins_group.hpp
[1.800s] -- Up-to-date: /home/wasp_mini/ros2_ws/install/vectornav_msgs/include/vectornav_msgs/msg/gps_group.hpp
[1.800s] -- Up-to-date: /home/wasp_mini/ros2_ws/install/vectornav_msgs/include/vectornav_msgs/msg/detail
[1.800s] -- Up-to-date: /home/wasp_mini/ros2_ws/install/vectornav_msgs/include/vectornav_msgs/msg/detail/imu_group__traits.hpp
[1.801s] -- Up-to-date: /home/wasp_mini/ros2_ws/install/vectornav_msgs/include/vectornav_msgs/msg/detail/time_utc__struct.hpp
[1.801s] -- Up-to-date: /home/wasp_mini/ros2_ws/install/vectornav_msgs/include/vectornav_msgs/msg/detail/attitude_group__builder.hpp
[1.801s] -- Up-to-date: /home/wasp_mini/ros2_ws/install/vectornav_msgs/include/vectornav_msgs/msg/detail/time_status__builder.hpp
[1.801s] -- Up-to-date: /home/wasp_mini/ros2_ws/install/vectornav_msgs/include/vectornav_msgs/msg/detail/time_group__traits.hpp
[1.802s] -- Up-to-date: /home/wasp_mini/ros2_ws/install/vectornav_msgs/include/vectornav_msgs/msg/detail/ins_status__builder.hpp
[1.802s] -- Up-to-date: /home/wasp_mini/ros2_ws/install/vectornav_msgs/include/vectornav_msgs/msg/detail/ins_group__builder.hpp
[1.802s] -- Up-to-date: /home/wasp_mini/ros2_ws/install/vectornav_msgs/include/vectornav_msgs/msg/detail/gps_group__builder.hpp
[1.802s] -- Up-to-date: /home/wasp_mini/ros2_ws/install/vectornav_msgs/include/vectornav_msgs/msg/detail/common_group__traits.hpp
[1.803s] -- Up-to-date: /home/wasp_mini/ros2_ws/install/vectornav_msgs/include/vectornav_msgs/msg/detail/time_group__builder.hpp
[1.803s] -- Up-to-date: /home/wasp_mini/ros2_ws/install/vectornav_msgs/include/vectornav_msgs/msg/detail/ins_status__struct.hpp
[1.803s] -- Up-to-date: /home/wasp_mini/ros2_ws/install/vectornav_msgs/include/vectornav_msgs/msg/detail/common_group__struct.hpp
[1.803s] -- Up-to-date: /home/wasp_mini/ros2_ws/install/vectornav_msgs/include/vectornav_msgs/msg/detail/vpe_status__struct.hpp
[1.803s] -- Up-to-date: /home/wasp_mini/ros2_ws/install/vectornav_msgs/include/vectornav_msgs/msg/detail/dop__builder.hpp
[1.804s] -- Up-to-date: /home/wasp_mini/ros2_ws/install/vectornav_msgs/include/vectornav_msgs/msg/detail/time_status__struct.hpp
[1.804s] -- Up-to-date: /home/wasp_mini/ros2_ws/install/vectornav_msgs/include/vectornav_msgs/msg/detail/attitude_group__struct.hpp
[1.804s] -- Up-to-date: /home/wasp_mini/ros2_ws/install/vectornav_msgs/include/vectornav_msgs/msg/detail/attitude_group__traits.hpp
[1.804s] -- Up-to-date: /home/wasp_mini/ros2_ws/install/vectornav_msgs/include/vectornav_msgs/msg/detail/vpe_status__builder.hpp
[1.805s] -- Up-to-date: /home/wasp_mini/ros2_ws/install/vectornav_msgs/include/vectornav_msgs/msg/detail/imu_group__struct.hpp
[1.805s] -- Up-to-date: /home/wasp_mini/ros2_ws/install/vectornav_msgs/include/vectornav_msgs/msg/detail/vpe_status__traits.hpp
[1.805s] -- Up-to-date: /home/wasp_mini/ros2_ws/install/vectornav_msgs/include/vectornav_msgs/msg/detail/gps_group__traits.hpp
[1.806s] -- Up-to-date: /home/wasp_mini/ros2_ws/install/vectornav_msgs/include/vectornav_msgs/msg/detail/dop__struct.hpp
[1.806s] -- Up-to-date: /home/wasp_mini/ros2_ws/install/vectornav_msgs/include/vectornav_msgs/msg/detail/time_utc__traits.hpp
[1.806s] -- Up-to-date: /home/wasp_mini/ros2_ws/install/vectornav_msgs/include/vectornav_msgs/msg/detail/dop__traits.hpp
[1.807s] -- Up-to-date: /home/wasp_mini/ros2_ws/install/vectornav_msgs/include/vectornav_msgs/msg/detail/ins_status__traits.hpp
[1.807s] -- Up-to-date: /home/wasp_mini/ros2_ws/install/vectornav_msgs/include/vectornav_msgs/msg/detail/ins_group__traits.hpp
[1.807s] -- Up-to-date: /home/wasp_mini/ros2_ws/install/vectornav_msgs/include/vectornav_msgs/msg/detail/time_group__struct.hpp
[1.807s] -- Up-to-date: /home/wasp_mini/ros2_ws/install/vectornav_msgs/include/vectornav_msgs/msg/detail/time_utc__builder.hpp
[1.808s] -- Up-to-date: /home/wasp_mini/ros2_ws/install/vectornav_msgs/include/vectornav_msgs/msg/detail/time_status__traits.hpp
[1.808s] -- Up-to-date: /home/wasp_mini/ros2_ws/install/vectornav_msgs/include/vectornav_msgs/msg/detail/common_group__builder.hpp
[1.808s] -- Up-to-date: /home/wasp_mini/ros2_ws/install/vectornav_msgs/include/vectornav_msgs/msg/detail/gps_group__struct.hpp
[1.808s] -- Up-to-date: /home/wasp_mini/ros2_ws/install/vectornav_msgs/include/vectornav_msgs/msg/detail/imu_group__builder.hpp
[1.809s] -- Up-to-date: /home/wasp_mini/ros2_ws/install/vectornav_msgs/include/vectornav_msgs/msg/detail/ins_group__struct.hpp
[1.809s] -- Up-to-date: /home/wasp_mini/ros2_ws/install/vectornav_msgs/include/vectornav_msgs/msg/ins_status.hpp
[1.809s] -- Up-to-date: /home/wasp_mini/ros2_ws/install/vectornav_msgs/include/vectornav_msgs/msg/common_group.hpp
[1.809s] -- Up-to-date: /home/wasp_mini/ros2_ws/install/vectornav_msgs/include/vectornav_msgs/msg/time_utc.hpp
[1.809s] -- Up-to-date: /home/wasp_mini/ros2_ws/install/vectornav_msgs/include/vectornav_msgs/msg/time_status.hpp
[1.809s] -- Up-to-date: /home/wasp_mini/ros2_ws/install/vectornav_msgs/include/vectornav_msgs/msg/vpe_status.hpp
[1.810s] -- Up-to-date: /home/wasp_mini/ros2_ws/install/vectornav_msgs/include/vectornav_msgs/msg/attitude_group.hpp
[1.810s] -- Up-to-date: /home/wasp_mini/ros2_ws/install/vectornav_msgs/include/vectornav_msgs
[1.810s] -- Up-to-date: /home/wasp_mini/ros2_ws/install/vectornav_msgs/include/vectornav_msgs/msg
[1.811s] -- Up-to-date: /home/wasp_mini/ros2_ws/install/vectornav_msgs/include/vectornav_msgs/msg/detail
[1.811s] -- Up-to-date: /home/wasp_mini/ros2_ws/install/vectornav_msgs/include/vectornav_msgs/msg/detail/gps_group__type_support.cpp
[1.811s] -- Up-to-date: /home/wasp_mini/ros2_ws/install/vectornav_msgs/include/vectornav_msgs/msg/detail/ins_group__rosidl_typesupport_introspection_cpp.hpp
[1.811s] -- Up-to-date: /home/wasp_mini/ros2_ws/install/vectornav_msgs/include/vectornav_msgs/msg/detail/time_utc__rosidl_typesupport_introspection_cpp.hpp
[1.812s] -- Up-to-date: /home/wasp_mini/ros2_ws/install/vectornav_msgs/include/vectornav_msgs/msg/detail/ins_status__rosidl_typesupport_introspection_cpp.hpp
[1.812s] -- Up-to-date: /home/wasp_mini/ros2_ws/install/vectornav_msgs/include/vectornav_msgs/msg/detail/gps_group__rosidl_typesupport_introspection_cpp.hpp
[1.812s] -- Up-to-date: /home/wasp_mini/ros2_ws/install/vectornav_msgs/include/vectornav_msgs/msg/detail/vpe_status__rosidl_typesupport_introspection_cpp.hpp
[1.812s] -- Up-to-date: /home/wasp_mini/ros2_ws/install/vectornav_msgs/include/vectornav_msgs/msg/detail/common_group__type_support.cpp
[1.813s] -- Up-to-date: /home/wasp_mini/ros2_ws/install/vectornav_msgs/include/vectornav_msgs/msg/detail/dop__type_support.cpp
[1.813s] -- Up-to-date: /home/wasp_mini/ros2_ws/install/vectornav_msgs/include/vectornav_msgs/msg/detail/imu_group__rosidl_typesupport_introspection_cpp.hpp
[1.813s] -- Up-to-date: /home/wasp_mini/ros2_ws/install/vectornav_msgs/include/vectornav_msgs/msg/detail/time_status__type_support.cpp
[1.813s] -- Up-to-date: /home/wasp_mini/ros2_ws/install/vectornav_msgs/include/vectornav_msgs/msg/detail/time_utc__type_support.cpp
[1.813s] -- Up-to-date: /home/wasp_mini/ros2_ws/install/vectornav_msgs/include/vectornav_msgs/msg/detail/vpe_status__type_support.cpp
[1.814s] -- Up-to-date: /home/wasp_mini/ros2_ws/install/vectornav_msgs/include/vectornav_msgs/msg/detail/attitude_group__type_support.cpp
[1.814s] -- Up-to-date: /home/wasp_mini/ros2_ws/install/vectornav_msgs/include/vectornav_msgs/msg/detail/ins_group__type_support.cpp
[1.814s] -- Up-to-date: /home/wasp_mini/ros2_ws/install/vectornav_msgs/include/vectornav_msgs/msg/detail/time_group__type_support.cpp
[1.814s] -- Up-to-date: /home/wasp_mini/ros2_ws/install/vectornav_msgs/include/vectornav_msgs/msg/detail/imu_group__type_support.cpp
[1.814s] -- Up-to-date: /home/wasp_mini/ros2_ws/install/vectornav_msgs/include/vectornav_msgs/msg/detail/ins_status__type_support.cpp
[1.815s] -- Up-to-date: /home/wasp_mini/ros2_ws/install/vectornav_msgs/include/vectornav_msgs/msg/detail/time_status__rosidl_typesupport_introspection_cpp.hpp
[1.815s] -- Up-to-date: /home/wasp_mini/ros2_ws/install/vectornav_msgs/include/vectornav_msgs/msg/detail/time_group__rosidl_typesupport_introspection_cpp.hpp
[1.815s] -- Up-to-date: /home/wasp_mini/ros2_ws/install/vectornav_msgs/include/vectornav_msgs/msg/detail/attitude_group__rosidl_typesupport_introspection_cpp.hpp
[1.815s] -- Up-to-date: /home/wasp_mini/ros2_ws/install/vectornav_msgs/include/vectornav_msgs/msg/detail/dop__rosidl_typesupport_introspection_cpp.hpp
[1.816s] -- Up-to-date: /home/wasp_mini/ros2_ws/install/vectornav_msgs/include/vectornav_msgs/msg/detail/common_group__rosidl_typesupport_introspection_cpp.hpp
[1.817s] -- Up-to-date: /home/wasp_mini/ros2_ws/install/vectornav_msgs/lib/libvectornav_msgs__rosidl_typesupport_introspection_cpp.so
[1.817s] -- Up-to-date: /home/wasp_mini/ros2_ws/install/vectornav_msgs/lib/libvectornav_msgs__rosidl_typesupport_cpp.so
[1.817s] -- Up-to-date: /home/wasp_mini/ros2_ws/install/vectornav_msgs/share/vectornav_msgs/environment/pythonpath.sh
[1.817s] -- Up-to-date: /home/wasp_mini/ros2_ws/install/vectornav_msgs/share/vectornav_msgs/environment/pythonpath.dsv
[1.817s] -- Up-to-date: /home/wasp_mini/ros2_ws/install/vectornav_msgs/lib/python3.8/site-packages/vectornav_msgs/__init__.py
[1.894s] -- Up-to-date: /home/wasp_mini/ros2_ws/install/vectornav_msgs/lib/python3.8/site-packages/vectornav_msgs/msg
[1.894s] -- Up-to-date: /home/wasp_mini/ros2_ws/install/vectornav_msgs/lib/python3.8/site-packages/vectornav_msgs/msg/_vpe_status.py
[1.894s] -- Up-to-date: /home/wasp_mini/ros2_ws/install/vectornav_msgs/lib/python3.8/site-packages/vectornav_msgs/msg/_common_group.py
[1.895s] -- Up-to-date: /home/wasp_mini/ros2_ws/install/vectornav_msgs/lib/python3.8/site-packages/vectornav_msgs/msg/_ins_status_s.c
[1.895s] -- Up-to-date: /home/wasp_mini/ros2_ws/install/vectornav_msgs/lib/python3.8/site-packages/vectornav_msgs/msg/_time_utc.py
[1.895s] -- Up-to-date: /home/wasp_mini/ros2_ws/install/vectornav_msgs/lib/python3.8/site-packages/vectornav_msgs/msg/_imu_group.py
[1.895s] -- Up-to-date: /home/wasp_mini/ros2_ws/install/vectornav_msgs/lib/python3.8/site-packages/vectornav_msgs/msg/_gps_group_s.c
[1.895s] -- Up-to-date: /home/wasp_mini/ros2_ws/install/vectornav_msgs/lib/python3.8/site-packages/vectornav_msgs/msg/_common_group_s.c
[1.896s] -- Up-to-date: /home/wasp_mini/ros2_ws/install/vectornav_msgs/lib/python3.8/site-packages/vectornav_msgs/msg/_ins_status.py
[1.896s] -- Up-to-date: /home/wasp_mini/ros2_ws/install/vectornav_msgs/lib/python3.8/site-packages/vectornav_msgs/msg/_time_group_s.c
[1.896s] -- Up-to-date: /home/wasp_mini/ros2_ws/install/vectornav_msgs/lib/python3.8/site-packages/vectornav_msgs/msg/_dop.py
[1.896s] -- Up-to-date: /home/wasp_mini/ros2_ws/install/vectornav_msgs/lib/python3.8/site-packages/vectornav_msgs/msg/_dop_s.c
[1.896s] -- Up-to-date: /home/wasp_mini/ros2_ws/install/vectornav_msgs/lib/python3.8/site-packages/vectornav_msgs/msg/_attitude_group_s.c
[1.896s] -- Up-to-date: /home/wasp_mini/ros2_ws/install/vectornav_msgs/lib/python3.8/site-packages/vectornav_msgs/msg/_vpe_status_s.c
[1.897s] -- Up-to-date: /home/wasp_mini/ros2_ws/install/vectornav_msgs/lib/python3.8/site-packages/vectornav_msgs/msg/_ins_group_s.c
[1.897s] -- Up-to-date: /home/wasp_mini/ros2_ws/install/vectornav_msgs/lib/python3.8/site-packages/vectornav_msgs/msg/_gps_group.py
[1.897s] -- Up-to-date: /home/wasp_mini/ros2_ws/install/vectornav_msgs/lib/python3.8/site-packages/vectornav_msgs/msg/__init__.py
[1.897s] -- Up-to-date: /home/wasp_mini/ros2_ws/install/vectornav_msgs/lib/python3.8/site-packages/vectornav_msgs/msg/_ins_group.py
[1.902s] -- Up-to-date: /home/wasp_mini/ros2_ws/install/vectornav_msgs/lib/python3.8/site-packages/vectornav_msgs/msg/_time_group.py
[1.903s] -- Up-to-date: /home/wasp_mini/ros2_ws/install/vectornav_msgs/lib/python3.8/site-packages/vectornav_msgs/msg/_imu_group_s.c
[1.903s] -- Up-to-date: /home/wasp_mini/ros2_ws/install/vectornav_msgs/lib/python3.8/site-packages/vectornav_msgs/msg/_time_utc_s.c
[1.903s] -- Up-to-date: /home/wasp_mini/ros2_ws/install/vectornav_msgs/lib/python3.8/site-packages/vectornav_msgs/msg/_attitude_group.py
[1.903s] -- Up-to-date: /home/wasp_mini/ros2_ws/install/vectornav_msgs/lib/python3.8/site-packages/vectornav_msgs/msg/_time_status.py
[1.903s] -- Up-to-date: /home/wasp_mini/ros2_ws/install/vectornav_msgs/lib/python3.8/site-packages/vectornav_msgs/msg/_time_status_s.c
[1.903s] -- Up-to-date: /home/wasp_mini/ros2_ws/install/vectornav_msgs/lib/python3.8/site-packages/vectornav_msgs/vectornav_msgs_s__rosidl_typesupport_fastrtps_c.cpython-38-x86_64-linux-gnu.so
[1.904s] -- Up-to-date: /home/wasp_mini/ros2_ws/install/vectornav_msgs/lib/python3.8/site-packages/vectornav_msgs/vectornav_msgs_s__rosidl_typesupport_introspection_c.cpython-38-x86_64-linux-gnu.so
[1.906s] -- Up-to-date: /home/wasp_mini/ros2_ws/install/vectornav_msgs/lib/python3.8/site-packages/vectornav_msgs/vectornav_msgs_s__rosidl_typesupport_c.cpython-38-x86_64-linux-gnu.so
[1.906s] -- Up-to-date: /home/wasp_mini/ros2_ws/install/vectornav_msgs/lib/libvectornav_msgs__python.so
[1.907s] -- Up-to-date: /home/wasp_mini/ros2_ws/install/vectornav_msgs/share/vectornav_msgs/msg/CommonGroup.idl
[1.907s] -- Up-to-date: /home/wasp_mini/ros2_ws/install/vectornav_msgs/share/vectornav_msgs/msg/TimeGroup.idl
[1.907s] -- Up-to-date: /home/wasp_mini/ros2_ws/install/vectornav_msgs/share/vectornav_msgs/msg/ImuGroup.idl
[1.908s] -- Up-to-date: /home/wasp_mini/ros2_ws/install/vectornav_msgs/share/vectornav_msgs/msg/GpsGroup.idl
[1.908s] -- Up-to-date: /home/wasp_mini/ros2_ws/install/vectornav_msgs/share/vectornav_msgs/msg/AttitudeGroup.idl
[1.908s] -- Up-to-date: /home/wasp_mini/ros2_ws/install/vectornav_msgs/share/vectornav_msgs/msg/InsGroup.idl
[1.908s] -- Up-to-date: /home/wasp_mini/ros2_ws/install/vectornav_msgs/share/vectornav_msgs/msg/TimeUTC.idl
[1.908s] -- Up-to-date: /home/wasp_mini/ros2_ws/install/vectornav_msgs/share/vectornav_msgs/msg/DOP.idl
[1.909s] -- Up-to-date: /home/wasp_mini/ros2_ws/install/vectornav_msgs/share/vectornav_msgs/msg/VpeStatus.idl
[1.909s] -- Up-to-date: /home/wasp_mini/ros2_ws/install/vectornav_msgs/share/vectornav_msgs/msg/TimeStatus.idl
[1.909s] -- Up-to-date: /home/wasp_mini/ros2_ws/install/vectornav_msgs/share/vectornav_msgs/msg/InsStatus.idl
[1.909s] -- Up-to-date: /home/wasp_mini/ros2_ws/install/vectornav_msgs/share/vectornav_msgs/msg/CommonGroup.msg
[1.909s] -- Up-to-date: /home/wasp_mini/ros2_ws/install/vectornav_msgs/share/vectornav_msgs/msg/TimeGroup.msg
[1.910s] -- Up-to-date: /home/wasp_mini/ros2_ws/install/vectornav_msgs/share/vectornav_msgs/msg/ImuGroup.msg
[1.910s] -- Up-to-date: /home/wasp_mini/ros2_ws/install/vectornav_msgs/share/vectornav_msgs/msg/GpsGroup.msg
[1.911s] -- Up-to-date: /home/wasp_mini/ros2_ws/install/vectornav_msgs/share/vectornav_msgs/msg/AttitudeGroup.msg
[1.913s] -- Up-to-date: /home/wasp_mini/ros2_ws/install/vectornav_msgs/share/vectornav_msgs/msg/InsGroup.msg
[1.913s] -- Up-to-date: /home/wasp_mini/ros2_ws/install/vectornav_msgs/share/vectornav_msgs/msg/TimeUTC.msg
[1.913s] -- Up-to-date: /home/wasp_mini/ros2_ws/install/vectornav_msgs/share/vectornav_msgs/msg/DOP.msg
[1.914s] -- Up-to-date: /home/wasp_mini/ros2_ws/install/vectornav_msgs/share/vectornav_msgs/msg/VpeStatus.msg
[1.914s] -- Up-to-date: /home/wasp_mini/ros2_ws/install/vectornav_msgs/share/vectornav_msgs/msg/TimeStatus.msg
[1.914s] -- Up-to-date: /home/wasp_mini/ros2_ws/install/vectornav_msgs/share/vectornav_msgs/msg/InsStatus.msg
[1.915s] -- Up-to-date: /home/wasp_mini/ros2_ws/install/vectornav_msgs/share/ament_index/resource_index/package_run_dependencies/vectornav_msgs
[1.915s] -- Up-to-date: /home/wasp_mini/ros2_ws/install/vectornav_msgs/share/ament_index/resource_index/parent_prefix_path/vectornav_msgs
[1.915s] -- Up-to-date: /home/wasp_mini/ros2_ws/install/vectornav_msgs/share/vectornav_msgs/environment/ament_prefix_path.sh
[1.916s] -- Up-to-date: /home/wasp_mini/ros2_ws/install/vectornav_msgs/share/vectornav_msgs/environment/ament_prefix_path.dsv
[1.917s] -- Up-to-date: /home/wasp_mini/ros2_ws/install/vectornav_msgs/share/vectornav_msgs/environment/path.sh
[1.918s] -- Up-to-date: /home/wasp_mini/ros2_ws/install/vectornav_msgs/share/vectornav_msgs/environment/path.dsv
[1.918s] -- Up-to-date: /home/wasp_mini/ros2_ws/install/vectornav_msgs/share/vectornav_msgs/local_setup.bash
[1.919s] -- Up-to-date: /home/wasp_mini/ros2_ws/install/vectornav_msgs/share/vectornav_msgs/local_setup.sh
[1.919s] -- Up-to-date: /home/wasp_mini/ros2_ws/install/vectornav_msgs/share/vectornav_msgs/local_setup.zsh
[1.920s] -- Up-to-date: /home/wasp_mini/ros2_ws/install/vectornav_msgs/share/vectornav_msgs/local_setup.dsv
[1.920s] -- Installing: /home/wasp_mini/ros2_ws/install/vectornav_msgs/share/vectornav_msgs/package.dsv
[1.921s] -- Up-to-date: /home/wasp_mini/ros2_ws/install/vectornav_msgs/share/ament_index/resource_index/packages/vectornav_msgs
[1.922s] -- Up-to-date: /home/wasp_mini/ros2_ws/install/vectornav_msgs/share/vectornav_msgs/cmake/vectornav_msgs__rosidl_generator_cExport.cmake
[1.923s] -- Up-to-date: /home/wasp_mini/ros2_ws/install/vectornav_msgs/share/vectornav_msgs/cmake/vectornav_msgs__rosidl_generator_cExport-noconfig.cmake
[1.923s] -- Up-to-date: /home/wasp_mini/ros2_ws/install/vectornav_msgs/share/vectornav_msgs/cmake/vectornav_msgs__rosidl_typesupport_introspection_cExport.cmake
[1.924s] -- Up-to-date: /home/wasp_mini/ros2_ws/install/vectornav_msgs/share/vectornav_msgs/cmake/vectornav_msgs__rosidl_typesupport_introspection_cExport-noconfig.cmake
[1.925s] -- Up-to-date: /home/wasp_mini/ros2_ws/install/vectornav_msgs/share/vectornav_msgs/cmake/vectornav_msgs__rosidl_typesupport_cExport.cmake
[1.925s] -- Up-to-date: /home/wasp_mini/ros2_ws/install/vectornav_msgs/share/vectornav_msgs/cmake/vectornav_msgs__rosidl_typesupport_cExport-noconfig.cmake
[1.926s] -- Up-to-date: /home/wasp_mini/ros2_ws/install/vectornav_msgs/share/vectornav_msgs/cmake/vectornav_msgs__rosidl_generator_cppExport.cmake
[1.927s] -- Up-to-date: /home/wasp_mini/ros2_ws/install/vectornav_msgs/share/vectornav_msgs/cmake/vectornav_msgs__rosidl_typesupport_introspection_cppExport.cmake
[1.928s] -- Up-to-date: /home/wasp_mini/ros2_ws/install/vectornav_msgs/share/vectornav_msgs/cmake/vectornav_msgs__rosidl_typesupport_introspection_cppExport-noconfig.cmake
[1.929s] -- Up-to-date: /home/wasp_mini/ros2_ws/install/vectornav_msgs/share/vectornav_msgs/cmake/vectornav_msgs__rosidl_typesupport_cppExport.cmake
[1.929s] -- Up-to-date: /home/wasp_mini/ros2_ws/install/vectornav_msgs/share/vectornav_msgs/cmake/vectornav_msgs__rosidl_typesupport_cppExport-noconfig.cmake
[1.930s] -- Up-to-date: /home/wasp_mini/ros2_ws/install/vectornav_msgs/share/vectornav_msgs/cmake/rosidl_cmake-extras.cmake
[1.931s] -- Up-to-date: /home/wasp_mini/ros2_ws/install/vectornav_msgs/share/vectornav_msgs/cmake/ament_cmake_export_dependencies-extras.cmake
[1.935s] -- Up-to-date: /home/wasp_mini/ros2_ws/install/vectornav_msgs/share/vectornav_msgs/cmake/ament_cmake_export_libraries-extras.cmake
[1.936s] -- Up-to-date: /home/wasp_mini/ros2_ws/install/vectornav_msgs/share/vectornav_msgs/cmake/ament_cmake_export_targets-extras.cmake
[1.936s] -- Up-to-date: /home/wasp_mini/ros2_ws/install/vectornav_msgs/share/vectornav_msgs/cmake/ament_cmake_export_include_directories-extras.cmake
[1.936s] -- Up-to-date: /home/wasp_mini/ros2_ws/install/vectornav_msgs/share/vectornav_msgs/cmake/rosidl_cmake_export_typesupport_libraries-extras.cmake
[1.938s] -- Up-to-date: /home/wasp_mini/ros2_ws/install/vectornav_msgs/share/vectornav_msgs/cmake/rosidl_cmake_export_typesupport_targets-extras.cmake
[1.938s] -- Up-to-date: /home/wasp_mini/ros2_ws/install/vectornav_msgs/share/vectornav_msgs/cmake/vectornav_msgsConfig.cmake
[1.938s] -- Up-to-date: /home/wasp_mini/ros2_ws/install/vectornav_msgs/share/vectornav_msgs/cmake/vectornav_msgsConfig-version.cmake
[1.938s] -- Up-to-date: /home/wasp_mini/ros2_ws/install/vectornav_msgs/share/vectornav_msgs/package.xml
[1.944s] Invoked command in '/home/wasp_mini/ros2_ws/build/vectornav_msgs' returned '0': CMAKE_PREFIX_PATH=${CMAKE_PREFIX_PATH}:/home/wasp_mini/ros2_ws/install/wasp_mini_controller:/opt/ros/foxy /usr/bin/cmake --install /home/wasp_mini/ros2_ws/build/vectornav_msgs
