[0.061s] Invoking command in '/home/wasp_mini/ros2_ws/build/robot_localization': CMAKE_PREFIX_PATH=${CMAKE_PREFIX_PATH}:/home/wasp_mini/ros2_ws/install/wasp_mini_controller:/opt/ros/foxy /usr/bin/cmake --build /home/wasp_mini/ros2_ws/build/robot_localization -- -j4 -l4
[0.310s] [  2%] Built target gtest
[0.350s] [  3%] Built target gtest_main
[0.406s] [  4%] Built target robot_localization__cpp
[0.440s] [ 11%] Built target robot_localization__rosidl_generator_c
[0.555s] [ 18%] Built target robot_localization__rosidl_typesupport_cpp
[0.565s] [ 25%] Built target robot_localization__rosidl_typesupport_introspection_cpp
[0.597s] [ 32%] Built target robot_localization__rosidl_typesupport_fastrtps_cpp
[0.601s] [ 39%] Built target robot_localization__rosidl_typesupport_c
[0.680s] [ 46%] Built target robot_localization__rosidl_typesupport_introspection_c
[0.705s] [ 53%] Built target robot_localization__rosidl_typesupport_fastrtps_c
[0.763s] [ 53%] Built target robot_localization
[0.855s] [ 54%] Built target robot_localization__py
[0.965s] [ 60%] Built target robot_localization__python
[0.973s] [ 69%] Built target rl_lib
[1.110s] [ 71%] Built target robot_localization__rosidl_typesupport_introspection_c__pyext
[1.122s] [ 73%] Built target robot_localization__rosidl_typesupport_fastrtps_c__pyext
[1.157s] [ 74%] Built target robot_localization__rosidl_typesupport_c__pyext
[1.178s] [ 75%] Built target test_ros_robot_localization_listener_publisher
[1.245s] [ 77%] Built target test_ros_robot_localization_listener
[1.276s] [ 78%] Built target test_navsat_conversions
[1.306s] [ 80%] Built target test_ekf
[1.339s] [ 82%] Built target ukf_node
[1.389s] [ 84%] Built target test_robot_localization_estimator
[1.479s] [ 86%] Built target test_ukf
[1.483s] [ 87%] Built target ekf_node
[1.506s] [ 89%] Built target test_navsat_transform
[1.521s] [ 91%] Built target filter_base-test
[1.635s] [ 93%] Built target test_ukf_localization_node_interfaces
[1.646s] [ 95%] Built target navsat_transform_node
[1.659s] [ 96%] Built target robot_localization_listener_node
[1.672s] [ 98%] Built target test_ekf_localization_node_interfaces
[1.752s] [100%] Built target test_filter_base_diagnostics_timestamps
[1.861s] Invoked command in '/home/wasp_mini/ros2_ws/build/robot_localization' returned '0': CMAKE_PREFIX_PATH=${CMAKE_PREFIX_PATH}:/home/wasp_mini/ros2_ws/install/wasp_mini_controller:/opt/ros/foxy /usr/bin/cmake --build /home/wasp_mini/ros2_ws/build/robot_localization -- -j4 -l4
[2.437s] Invoking command in '/home/wasp_mini/ros2_ws/build/robot_localization': CMAKE_PREFIX_PATH=${CMAKE_PREFIX_PATH}:/home/wasp_mini/ros2_ws/install/wasp_mini_controller:/opt/ros/foxy /usr/bin/cmake --install /home/wasp_mini/ros2_ws/build/robot_localization
[2.460s] -- Install configuration: "RelWithDebInfo"
[2.460s] -- Up-to-date: /home/wasp_mini/ros2_ws/install/robot_localization/share/ament_index/resource_index/rosidl_interfaces/robot_localization
[2.460s] -- Up-to-date: /home/wasp_mini/ros2_ws/install/robot_localization/include/robot_localization
[2.460s] -- Up-to-date: /home/wasp_mini/ros2_ws/install/robot_localization/include/robot_localization/srv
[2.461s] -- Up-to-date: /home/wasp_mini/ros2_ws/install/robot_localization/include/robot_localization/srv/set_datum.h
[2.461s] -- Up-to-date: /home/wasp_mini/ros2_ws/install/robot_localization/include/robot_localization/srv/from_ll.h
[2.461s] -- Up-to-date: /home/wasp_mini/ros2_ws/install/robot_localization/include/robot_localization/srv/get_state.h
[2.461s] -- Up-to-date: /home/wasp_mini/ros2_ws/install/robot_localization/include/robot_localization/srv/detail
[2.462s] -- Up-to-date: /home/wasp_mini/ros2_ws/install/robot_localization/include/robot_localization/srv/detail/get_state__functions.h
[2.463s] -- Up-to-date: /home/wasp_mini/ros2_ws/install/robot_localization/include/robot_localization/srv/detail/to_ll__type_support.h
[2.463s] -- Up-to-date: /home/wasp_mini/ros2_ws/install/robot_localization/include/robot_localization/srv/detail/to_ll__struct.h
[2.463s] -- Up-to-date: /home/wasp_mini/ros2_ws/install/robot_localization/include/robot_localization/srv/detail/get_state__type_support.h
[2.463s] -- Up-to-date: /home/wasp_mini/ros2_ws/install/robot_localization/include/robot_localization/srv/detail/from_ll__functions.h
[2.463s] -- Up-to-date: /home/wasp_mini/ros2_ws/install/robot_localization/include/robot_localization/srv/detail/from_ll__type_support.h
[2.464s] -- Up-to-date: /home/wasp_mini/ros2_ws/install/robot_localization/include/robot_localization/srv/detail/set_datum__struct.h
[2.464s] -- Up-to-date: /home/wasp_mini/ros2_ws/install/robot_localization/include/robot_localization/srv/detail/toggle_filter_processing__struct.h
[2.464s] -- Up-to-date: /home/wasp_mini/ros2_ws/install/robot_localization/include/robot_localization/srv/detail/set_datum__type_support.h
[2.464s] -- Up-to-date: /home/wasp_mini/ros2_ws/install/robot_localization/include/robot_localization/srv/detail/toggle_filter_processing__type_support.h
[2.464s] -- Up-to-date: /home/wasp_mini/ros2_ws/install/robot_localization/include/robot_localization/srv/detail/set_datum__functions.h
[2.465s] -- Up-to-date: /home/wasp_mini/ros2_ws/install/robot_localization/include/robot_localization/srv/detail/get_state__functions.c
[2.465s] -- Up-to-date: /home/wasp_mini/ros2_ws/install/robot_localization/include/robot_localization/srv/detail/get_state__struct.h
[2.465s] -- Up-to-date: /home/wasp_mini/ros2_ws/install/robot_localization/include/robot_localization/srv/detail/to_ll__functions.c
[2.465s] -- Up-to-date: /home/wasp_mini/ros2_ws/install/robot_localization/include/robot_localization/srv/detail/from_ll__functions.c
[2.465s] -- Up-to-date: /home/wasp_mini/ros2_ws/install/robot_localization/include/robot_localization/srv/detail/set_pose__struct.h
[2.466s] -- Up-to-date: /home/wasp_mini/ros2_ws/install/robot_localization/include/robot_localization/srv/detail/set_datum__functions.c
[2.466s] -- Up-to-date: /home/wasp_mini/ros2_ws/install/robot_localization/include/robot_localization/srv/detail/set_pose__functions.h
[2.466s] -- Up-to-date: /home/wasp_mini/ros2_ws/install/robot_localization/include/robot_localization/srv/detail/set_pose__type_support.h
[2.466s] -- Up-to-date: /home/wasp_mini/ros2_ws/install/robot_localization/include/robot_localization/srv/detail/from_ll__struct.h
[2.466s] -- Up-to-date: /home/wasp_mini/ros2_ws/install/robot_localization/include/robot_localization/srv/detail/to_ll__functions.h
[2.466s] -- Up-to-date: /home/wasp_mini/ros2_ws/install/robot_localization/include/robot_localization/srv/detail/set_pose__functions.c
[2.468s] -- Up-to-date: /home/wasp_mini/ros2_ws/install/robot_localization/include/robot_localization/srv/detail/toggle_filter_processing__functions.h
[2.468s] -- Up-to-date: /home/wasp_mini/ros2_ws/install/robot_localization/include/robot_localization/srv/detail/toggle_filter_processing__functions.c
[2.468s] -- Up-to-date: /home/wasp_mini/ros2_ws/install/robot_localization/include/robot_localization/srv/set_pose.h
[2.469s] -- Up-to-date: /home/wasp_mini/ros2_ws/install/robot_localization/include/robot_localization/srv/to_ll.h
[2.469s] -- Up-to-date: /home/wasp_mini/ros2_ws/install/robot_localization/include/robot_localization/srv/toggle_filter_processing.h
[2.469s] -- Up-to-date: /home/wasp_mini/ros2_ws/install/robot_localization/include/robot_localization/msg
[2.470s] -- Up-to-date: /home/wasp_mini/ros2_ws/install/robot_localization/include/robot_localization/msg/rosidl_generator_c__visibility_control.h
[2.471s] -- Up-to-date: /home/wasp_mini/ros2_ws/install/robot_localization/share/robot_localization/environment/library_path.sh
[2.471s] -- Up-to-date: /home/wasp_mini/ros2_ws/install/robot_localization/share/robot_localization/environment/library_path.dsv
[2.471s] -- Up-to-date: /home/wasp_mini/ros2_ws/install/robot_localization/lib/librobot_localization__rosidl_generator_c.so
[2.472s] -- Up-to-date: /home/wasp_mini/ros2_ws/install/robot_localization/include/robot_localization
[2.472s] -- Up-to-date: /home/wasp_mini/ros2_ws/install/robot_localization/include/robot_localization/srv
[2.473s] -- Up-to-date: /home/wasp_mini/ros2_ws/install/robot_localization/include/robot_localization/srv/detail
[2.473s] -- Up-to-date: /home/wasp_mini/ros2_ws/install/robot_localization/include/robot_localization/srv/detail/to_ll__rosidl_typesupport_fastrtps_c.h
[2.473s] -- Up-to-date: /home/wasp_mini/ros2_ws/install/robot_localization/include/robot_localization/srv/detail/toggle_filter_processing__rosidl_typesupport_fastrtps_c.h
[2.473s] -- Up-to-date: /home/wasp_mini/ros2_ws/install/robot_localization/include/robot_localization/srv/detail/set_datum__rosidl_typesupport_fastrtps_c.h
[2.474s] -- Up-to-date: /home/wasp_mini/ros2_ws/install/robot_localization/include/robot_localization/srv/detail/from_ll__rosidl_typesupport_fastrtps_c.h
[2.474s] -- Up-to-date: /home/wasp_mini/ros2_ws/install/robot_localization/include/robot_localization/srv/detail/get_state__rosidl_typesupport_fastrtps_c.h
[2.475s] -- Up-to-date: /home/wasp_mini/ros2_ws/install/robot_localization/include/robot_localization/srv/detail/set_pose__rosidl_typesupport_fastrtps_c.h
[2.475s] -- Up-to-date: /home/wasp_mini/ros2_ws/install/robot_localization/include/robot_localization/msg
[2.475s] -- Up-to-date: /home/wasp_mini/ros2_ws/install/robot_localization/include/robot_localization/msg/rosidl_typesupport_fastrtps_c__visibility_control.h
[2.476s] -- Up-to-date: /home/wasp_mini/ros2_ws/install/robot_localization/lib/librobot_localization__rosidl_typesupport_fastrtps_c.so
[2.476s] -- Up-to-date: /home/wasp_mini/ros2_ws/install/robot_localization/include/robot_localization
[2.476s] -- Up-to-date: /home/wasp_mini/ros2_ws/install/robot_localization/include/robot_localization/srv
[2.476s] -- Up-to-date: /home/wasp_mini/ros2_ws/install/robot_localization/include/robot_localization/srv/detail
[2.477s] -- Up-to-date: /home/wasp_mini/ros2_ws/install/robot_localization/include/robot_localization/srv/detail/to_ll__rosidl_typesupport_fastrtps_cpp.hpp
[2.477s] -- Up-to-date: /home/wasp_mini/ros2_ws/install/robot_localization/include/robot_localization/srv/detail/set_datum__rosidl_typesupport_fastrtps_cpp.hpp
[2.477s] -- Up-to-date: /home/wasp_mini/ros2_ws/install/robot_localization/include/robot_localization/srv/detail/toggle_filter_processing__rosidl_typesupport_fastrtps_cpp.hpp
[2.477s] -- Up-to-date: /home/wasp_mini/ros2_ws/install/robot_localization/include/robot_localization/srv/detail/set_pose__rosidl_typesupport_fastrtps_cpp.hpp
[2.477s] -- Up-to-date: /home/wasp_mini/ros2_ws/install/robot_localization/include/robot_localization/srv/detail/from_ll__rosidl_typesupport_fastrtps_cpp.hpp
[2.477s] -- Up-to-date: /home/wasp_mini/ros2_ws/install/robot_localization/include/robot_localization/srv/detail/dds_fastrtps
[2.478s] -- Up-to-date: /home/wasp_mini/ros2_ws/install/robot_localization/include/robot_localization/srv/detail/get_state__rosidl_typesupport_fastrtps_cpp.hpp
[2.478s] -- Up-to-date: /home/wasp_mini/ros2_ws/install/robot_localization/include/robot_localization/msg
[2.478s] -- Up-to-date: /home/wasp_mini/ros2_ws/install/robot_localization/include/robot_localization/msg/rosidl_typesupport_fastrtps_cpp__visibility_control.h
[2.478s] -- Up-to-date: /home/wasp_mini/ros2_ws/install/robot_localization/lib/librobot_localization__rosidl_typesupport_fastrtps_cpp.so
[2.478s] -- Up-to-date: /home/wasp_mini/ros2_ws/install/robot_localization/include/robot_localization
[2.479s] -- Up-to-date: /home/wasp_mini/ros2_ws/install/robot_localization/include/robot_localization/srv
[2.479s] -- Up-to-date: /home/wasp_mini/ros2_ws/install/robot_localization/include/robot_localization/srv/detail
[2.479s] -- Up-to-date: /home/wasp_mini/ros2_ws/install/robot_localization/include/robot_localization/srv/detail/get_state__type_support.c
[2.479s] -- Up-to-date: /home/wasp_mini/ros2_ws/install/robot_localization/include/robot_localization/srv/detail/set_pose__rosidl_typesupport_introspection_c.h
[2.479s] -- Up-to-date: /home/wasp_mini/ros2_ws/install/robot_localization/include/robot_localization/srv/detail/get_state__rosidl_typesupport_introspection_c.h
[2.480s] -- Up-to-date: /home/wasp_mini/ros2_ws/install/robot_localization/include/robot_localization/srv/detail/toggle_filter_processing__rosidl_typesupport_introspection_c.h
[2.480s] -- Up-to-date: /home/wasp_mini/ros2_ws/install/robot_localization/include/robot_localization/srv/detail/to_ll__rosidl_typesupport_introspection_c.h
[2.480s] -- Up-to-date: /home/wasp_mini/ros2_ws/install/robot_localization/include/robot_localization/srv/detail/set_datum__rosidl_typesupport_introspection_c.h
[2.480s] -- Up-to-date: /home/wasp_mini/ros2_ws/install/robot_localization/include/robot_localization/srv/detail/set_datum__type_support.c
[2.480s] -- Up-to-date: /home/wasp_mini/ros2_ws/install/robot_localization/include/robot_localization/srv/detail/set_pose__type_support.c
[2.481s] -- Up-to-date: /home/wasp_mini/ros2_ws/install/robot_localization/include/robot_localization/srv/detail/from_ll__rosidl_typesupport_introspection_c.h
[2.481s] -- Up-to-date: /home/wasp_mini/ros2_ws/install/robot_localization/include/robot_localization/srv/detail/from_ll__type_support.c
[2.481s] -- Up-to-date: /home/wasp_mini/ros2_ws/install/robot_localization/include/robot_localization/srv/detail/to_ll__type_support.c
[2.482s] -- Up-to-date: /home/wasp_mini/ros2_ws/install/robot_localization/include/robot_localization/srv/detail/toggle_filter_processing__type_support.c
[2.482s] -- Up-to-date: /home/wasp_mini/ros2_ws/install/robot_localization/include/robot_localization/msg
[2.482s] -- Up-to-date: /home/wasp_mini/ros2_ws/install/robot_localization/include/robot_localization/msg/rosidl_typesupport_introspection_c__visibility_control.h
[2.482s] -- Up-to-date: /home/wasp_mini/ros2_ws/install/robot_localization/lib/librobot_localization__rosidl_typesupport_introspection_c.so
[2.482s] -- Up-to-date: /home/wasp_mini/ros2_ws/install/robot_localization/lib/librobot_localization__rosidl_typesupport_c.so
[2.483s] -- Up-to-date: /home/wasp_mini/ros2_ws/install/robot_localization/include/robot_localization
[2.483s] -- Up-to-date: /home/wasp_mini/ros2_ws/install/robot_localization/include/robot_localization/srv
[2.483s] -- Up-to-date: /home/wasp_mini/ros2_ws/install/robot_localization/include/robot_localization/srv/set_pose.hpp
[2.483s] -- Up-to-date: /home/wasp_mini/ros2_ws/install/robot_localization/include/robot_localization/srv/toggle_filter_processing.hpp
[2.483s] -- Up-to-date: /home/wasp_mini/ros2_ws/install/robot_localization/include/robot_localization/srv/detail
[2.484s] -- Up-to-date: /home/wasp_mini/ros2_ws/install/robot_localization/include/robot_localization/srv/detail/toggle_filter_processing__struct.hpp
[2.484s] -- Up-to-date: /home/wasp_mini/ros2_ws/install/robot_localization/include/robot_localization/srv/detail/set_datum__traits.hpp
[2.484s] -- Up-to-date: /home/wasp_mini/ros2_ws/install/robot_localization/include/robot_localization/srv/detail/toggle_filter_processing__traits.hpp
[2.484s] -- Up-to-date: /home/wasp_mini/ros2_ws/install/robot_localization/include/robot_localization/srv/detail/from_ll__traits.hpp
[2.484s] -- Up-to-date: /home/wasp_mini/ros2_ws/install/robot_localization/include/robot_localization/srv/detail/set_datum__struct.hpp
[2.485s] -- Up-to-date: /home/wasp_mini/ros2_ws/install/robot_localization/include/robot_localization/srv/detail/to_ll__struct.hpp
[2.485s] -- Up-to-date: /home/wasp_mini/ros2_ws/install/robot_localization/include/robot_localization/srv/detail/set_pose__struct.hpp
[2.485s] -- Up-to-date: /home/wasp_mini/ros2_ws/install/robot_localization/include/robot_localization/srv/detail/get_state__traits.hpp
[2.485s] -- Up-to-date: /home/wasp_mini/ros2_ws/install/robot_localization/include/robot_localization/srv/detail/from_ll__struct.hpp
[2.485s] -- Up-to-date: /home/wasp_mini/ros2_ws/install/robot_localization/include/robot_localization/srv/detail/to_ll__builder.hpp
[2.485s] -- Up-to-date: /home/wasp_mini/ros2_ws/install/robot_localization/include/robot_localization/srv/detail/set_pose__builder.hpp
[2.486s] -- Up-to-date: /home/wasp_mini/ros2_ws/install/robot_localization/include/robot_localization/srv/detail/get_state__struct.hpp
[2.486s] -- Up-to-date: /home/wasp_mini/ros2_ws/install/robot_localization/include/robot_localization/srv/detail/from_ll__builder.hpp
[2.486s] -- Up-to-date: /home/wasp_mini/ros2_ws/install/robot_localization/include/robot_localization/srv/detail/set_pose__traits.hpp
[2.486s] -- Up-to-date: /home/wasp_mini/ros2_ws/install/robot_localization/include/robot_localization/srv/detail/get_state__builder.hpp
[2.486s] -- Up-to-date: /home/wasp_mini/ros2_ws/install/robot_localization/include/robot_localization/srv/detail/to_ll__traits.hpp
[2.487s] -- Up-to-date: /home/wasp_mini/ros2_ws/install/robot_localization/include/robot_localization/srv/detail/toggle_filter_processing__builder.hpp
[2.487s] -- Up-to-date: /home/wasp_mini/ros2_ws/install/robot_localization/include/robot_localization/srv/detail/set_datum__builder.hpp
[2.487s] -- Up-to-date: /home/wasp_mini/ros2_ws/install/robot_localization/include/robot_localization/srv/get_state.hpp
[2.487s] -- Up-to-date: /home/wasp_mini/ros2_ws/install/robot_localization/include/robot_localization/srv/from_ll.hpp
[2.487s] -- Up-to-date: /home/wasp_mini/ros2_ws/install/robot_localization/include/robot_localization/srv/set_datum.hpp
[2.488s] -- Up-to-date: /home/wasp_mini/ros2_ws/install/robot_localization/include/robot_localization/srv/to_ll.hpp
[2.488s] -- Up-to-date: /home/wasp_mini/ros2_ws/install/robot_localization/include/robot_localization
[2.488s] -- Up-to-date: /home/wasp_mini/ros2_ws/install/robot_localization/include/robot_localization/srv
[2.488s] -- Up-to-date: /home/wasp_mini/ros2_ws/install/robot_localization/include/robot_localization/srv/detail
[2.488s] -- Up-to-date: /home/wasp_mini/ros2_ws/install/robot_localization/include/robot_localization/srv/detail/get_state__rosidl_typesupport_introspection_cpp.hpp
[2.488s] -- Up-to-date: /home/wasp_mini/ros2_ws/install/robot_localization/include/robot_localization/srv/detail/from_ll__type_support.cpp
[2.489s] -- Up-to-date: /home/wasp_mini/ros2_ws/install/robot_localization/include/robot_localization/srv/detail/to_ll__rosidl_typesupport_introspection_cpp.hpp
[2.489s] -- Up-to-date: /home/wasp_mini/ros2_ws/install/robot_localization/include/robot_localization/srv/detail/set_pose__rosidl_typesupport_introspection_cpp.hpp
[2.489s] -- Up-to-date: /home/wasp_mini/ros2_ws/install/robot_localization/include/robot_localization/srv/detail/to_ll__type_support.cpp
[2.489s] -- Up-to-date: /home/wasp_mini/ros2_ws/install/robot_localization/include/robot_localization/srv/detail/set_datum__type_support.cpp
[2.490s] -- Up-to-date: /home/wasp_mini/ros2_ws/install/robot_localization/include/robot_localization/srv/detail/toggle_filter_processing__rosidl_typesupport_introspection_cpp.hpp
[2.490s] -- Up-to-date: /home/wasp_mini/ros2_ws/install/robot_localization/include/robot_localization/srv/detail/get_state__type_support.cpp
[2.490s] -- Up-to-date: /home/wasp_mini/ros2_ws/install/robot_localization/include/robot_localization/srv/detail/set_datum__rosidl_typesupport_introspection_cpp.hpp
[2.490s] -- Up-to-date: /home/wasp_mini/ros2_ws/install/robot_localization/include/robot_localization/srv/detail/toggle_filter_processing__type_support.cpp
[2.490s] -- Up-to-date: /home/wasp_mini/ros2_ws/install/robot_localization/include/robot_localization/srv/detail/from_ll__rosidl_typesupport_introspection_cpp.hpp
[2.492s] -- Up-to-date: /home/wasp_mini/ros2_ws/install/robot_localization/include/robot_localization/srv/detail/set_pose__type_support.cpp
[2.492s] -- Up-to-date: /home/wasp_mini/ros2_ws/install/robot_localization/lib/librobot_localization__rosidl_typesupport_introspection_cpp.so
[2.493s] -- Up-to-date: /home/wasp_mini/ros2_ws/install/robot_localization/lib/librobot_localization__rosidl_typesupport_cpp.so
[2.493s] -- Up-to-date: /home/wasp_mini/ros2_ws/install/robot_localization/share/robot_localization/environment/pythonpath.sh
[2.493s] -- Up-to-date: /home/wasp_mini/ros2_ws/install/robot_localization/share/robot_localization/environment/pythonpath.dsv
[2.493s] -- Up-to-date: /home/wasp_mini/ros2_ws/install/robot_localization/lib/python3.8/site-packages/robot_localization/__init__.py
[2.559s] -- Up-to-date: /home/wasp_mini/ros2_ws/install/robot_localization/lib/python3.8/site-packages/robot_localization/srv
[2.559s] -- Up-to-date: /home/wasp_mini/ros2_ws/install/robot_localization/lib/python3.8/site-packages/robot_localization/srv/_set_pose.py
[2.560s] -- Up-to-date: /home/wasp_mini/ros2_ws/install/robot_localization/lib/python3.8/site-packages/robot_localization/srv/_set_datum_s.c
[2.560s] -- Up-to-date: /home/wasp_mini/ros2_ws/install/robot_localization/lib/python3.8/site-packages/robot_localization/srv/_to_ll.py
[2.560s] -- Up-to-date: /home/wasp_mini/ros2_ws/install/robot_localization/lib/python3.8/site-packages/robot_localization/srv/_set_datum.py
[2.561s] -- Up-to-date: /home/wasp_mini/ros2_ws/install/robot_localization/lib/python3.8/site-packages/robot_localization/srv/_to_ll_s.c
[2.561s] -- Up-to-date: /home/wasp_mini/ros2_ws/install/robot_localization/lib/python3.8/site-packages/robot_localization/srv/_toggle_filter_processing.py
[2.562s] -- Up-to-date: /home/wasp_mini/ros2_ws/install/robot_localization/lib/python3.8/site-packages/robot_localization/srv/_get_state_s.c
[2.562s] -- Up-to-date: /home/wasp_mini/ros2_ws/install/robot_localization/lib/python3.8/site-packages/robot_localization/srv/_set_pose_s.c
[2.562s] -- Up-to-date: /home/wasp_mini/ros2_ws/install/robot_localization/lib/python3.8/site-packages/robot_localization/srv/_get_state.py
[2.562s] -- Up-to-date: /home/wasp_mini/ros2_ws/install/robot_localization/lib/python3.8/site-packages/robot_localization/srv/_from_ll_s.c
[2.563s] -- Up-to-date: /home/wasp_mini/ros2_ws/install/robot_localization/lib/python3.8/site-packages/robot_localization/srv/__init__.py
[2.563s] -- Up-to-date: /home/wasp_mini/ros2_ws/install/robot_localization/lib/python3.8/site-packages/robot_localization/srv/_from_ll.py
[2.563s] -- Up-to-date: /home/wasp_mini/ros2_ws/install/robot_localization/lib/python3.8/site-packages/robot_localization/srv/_toggle_filter_processing_s.c
[2.564s] -- Up-to-date: /home/wasp_mini/ros2_ws/install/robot_localization/lib/python3.8/site-packages/robot_localization/robot_localization_s__rosidl_typesupport_fastrtps_c.cpython-38-x86_64-linux-gnu.so
[2.565s] -- Up-to-date: /home/wasp_mini/ros2_ws/install/robot_localization/lib/python3.8/site-packages/robot_localization/robot_localization_s__rosidl_typesupport_introspection_c.cpython-38-x86_64-linux-gnu.so
[2.567s] -- Up-to-date: /home/wasp_mini/ros2_ws/install/robot_localization/lib/python3.8/site-packages/robot_localization/robot_localization_s__rosidl_typesupport_c.cpython-38-x86_64-linux-gnu.so
[2.568s] -- Up-to-date: /home/wasp_mini/ros2_ws/install/robot_localization/lib/librobot_localization__python.so
[2.569s] -- Up-to-date: /home/wasp_mini/ros2_ws/install/robot_localization/share/robot_localization/srv/FromLL.idl
[2.569s] -- Up-to-date: /home/wasp_mini/ros2_ws/install/robot_localization/share/robot_localization/srv/GetState.idl
[2.570s] -- Up-to-date: /home/wasp_mini/ros2_ws/install/robot_localization/share/robot_localization/srv/SetDatum.idl
[2.570s] -- Up-to-date: /home/wasp_mini/ros2_ws/install/robot_localization/share/robot_localization/srv/SetPose.idl
[2.570s] -- Up-to-date: /home/wasp_mini/ros2_ws/install/robot_localization/share/robot_localization/srv/ToggleFilterProcessing.idl
[2.571s] -- Up-to-date: /home/wasp_mini/ros2_ws/install/robot_localization/share/robot_localization/srv/ToLL.idl
[2.572s] -- Up-to-date: /home/wasp_mini/ros2_ws/install/robot_localization/share/robot_localization/srv/FromLL.srv
[2.572s] -- Up-to-date: /home/wasp_mini/ros2_ws/install/robot_localization/share/robot_localization/srv/FromLL_Request.msg
[2.573s] -- Up-to-date: /home/wasp_mini/ros2_ws/install/robot_localization/share/robot_localization/srv/FromLL_Response.msg
[2.573s] -- Up-to-date: /home/wasp_mini/ros2_ws/install/robot_localization/share/robot_localization/srv/GetState.srv
[2.573s] -- Up-to-date: /home/wasp_mini/ros2_ws/install/robot_localization/share/robot_localization/srv/GetState_Request.msg
[2.574s] -- Up-to-date: /home/wasp_mini/ros2_ws/install/robot_localization/share/robot_localization/srv/GetState_Response.msg
[2.574s] -- Up-to-date: /home/wasp_mini/ros2_ws/install/robot_localization/share/robot_localization/srv/SetDatum.srv
[2.574s] -- Up-to-date: /home/wasp_mini/ros2_ws/install/robot_localization/share/robot_localization/srv/SetDatum_Request.msg
[2.576s] -- Up-to-date: /home/wasp_mini/ros2_ws/install/robot_localization/share/robot_localization/srv/SetDatum_Response.msg
[2.577s] -- Up-to-date: /home/wasp_mini/ros2_ws/install/robot_localization/share/robot_localization/srv/SetPose.srv
[2.577s] -- Up-to-date: /home/wasp_mini/ros2_ws/install/robot_localization/share/robot_localization/srv/SetPose_Request.msg
[2.578s] -- Up-to-date: /home/wasp_mini/ros2_ws/install/robot_localization/share/robot_localization/srv/SetPose_Response.msg
[2.578s] -- Up-to-date: /home/wasp_mini/ros2_ws/install/robot_localization/share/robot_localization/srv/ToggleFilterProcessing.srv
[2.578s] -- Up-to-date: /home/wasp_mini/ros2_ws/install/robot_localization/share/robot_localization/srv/ToggleFilterProcessing_Request.msg
[2.578s] -- Up-to-date: /home/wasp_mini/ros2_ws/install/robot_localization/share/robot_localization/srv/ToggleFilterProcessing_Response.msg
[2.579s] -- Up-to-date: /home/wasp_mini/ros2_ws/install/robot_localization/share/robot_localization/srv/ToLL.srv
[2.579s] -- Up-to-date: /home/wasp_mini/ros2_ws/install/robot_localization/share/robot_localization/srv/ToLL_Request.msg
[2.579s] -- Up-to-date: /home/wasp_mini/ros2_ws/install/robot_localization/share/robot_localization/srv/ToLL_Response.msg
[2.579s] -- Up-to-date: /home/wasp_mini/ros2_ws/install/robot_localization/lib/robot_localization/filter_base-test
[2.580s] -- Up-to-date: /home/wasp_mini/ros2_ws/install/robot_localization/lib/robot_localization/test_filter_base_diagnostics_timestamps
[2.584s] -- Up-to-date: /home/wasp_mini/ros2_ws/install/robot_localization/lib/robot_localization/test_ekf
[2.585s] -- Up-to-date: /home/wasp_mini/ros2_ws/install/robot_localization/lib/robot_localization/test_ekf_localization_node_interfaces
[2.585s] -- Up-to-date: /home/wasp_mini/ros2_ws/install/robot_localization/lib/robot_localization/test_ukf
[2.586s] -- Up-to-date: /home/wasp_mini/ros2_ws/install/robot_localization/lib/robot_localization/test_ukf_localization_node_interfaces
[2.588s] -- Up-to-date: /home/wasp_mini/ros2_ws/install/robot_localization/lib/robot_localization/test_robot_localization_estimator
[2.589s] -- Up-to-date: /home/wasp_mini/ros2_ws/install/robot_localization/lib/robot_localization/test_navsat_conversions
[2.590s] -- Up-to-date: /home/wasp_mini/ros2_ws/install/robot_localization/lib/robot_localization/test_navsat_transform
[2.591s] -- Up-to-date: /home/wasp_mini/ros2_ws/install/robot_localization/lib/robot_localization/test_ros_robot_localization_listener
[2.593s] -- Up-to-date: /home/wasp_mini/ros2_ws/install/robot_localization/lib/robot_localization/test_ros_robot_localization_listener_publisher
[2.594s] -- Up-to-date: /home/wasp_mini/ros2_ws/install/robot_localization/share/robot_localization/test
[2.594s] -- Up-to-date: /home/wasp_mini/ros2_ws/install/robot_localization/share/robot_localization/test/test_navsat_conversions.cpp
[2.594s] -- Up-to-date: /home/wasp_mini/ros2_ws/install/robot_localization/share/robot_localization/test/test_ukf_localization_node_interfaces.yaml
[2.595s] -- Up-to-date: /home/wasp_mini/ros2_ws/install/robot_localization/share/robot_localization/test/test_ekf_localization_node_bag3.sh
[2.595s] -- Up-to-date: /home/wasp_mini/ros2_ws/install/robot_localization/share/robot_localization/test/test_robot_localization_estimator.cpp
[2.596s] -- Up-to-date: /home/wasp_mini/ros2_ws/install/robot_localization/share/robot_localization/test/test_filter_base_diagnostics_timestamps.yaml
[2.596s] -- Up-to-date: /home/wasp_mini/ros2_ws/install/robot_localization/share/robot_localization/test/test_ukf_localization_node_bag3.sh
[2.597s] -- Up-to-date: /home/wasp_mini/ros2_ws/install/robot_localization/share/robot_localization/test/test_filter_base.cpp
[2.597s] -- Up-to-date: /home/wasp_mini/ros2_ws/install/robot_localization/share/robot_localization/test/test_ukf_localization_node_interfaces.cpp
[2.598s] -- Up-to-date: /home/wasp_mini/ros2_ws/install/robot_localization/share/robot_localization/test/test2.bag
[2.598s] -- Up-to-date: /home/wasp_mini/ros2_ws/install/robot_localization/share/robot_localization/test/test_ekf_localization_node_bag1.yaml
[2.598s] -- Up-to-date: /home/wasp_mini/ros2_ws/install/robot_localization/share/robot_localization/test/test_ekf_localization_node_bag3.yaml
[2.599s] -- Up-to-date: /home/wasp_mini/ros2_ws/install/robot_localization/share/robot_localization/test/test_ekf.cpp
[2.599s] -- Up-to-date: /home/wasp_mini/ros2_ws/install/robot_localization/share/robot_localization/test/test_ukf_localization_node_bag1.yaml
[2.599s] -- Up-to-date: /home/wasp_mini/ros2_ws/install/robot_localization/share/robot_localization/test/test_ekf_localization_node_interfaces.launch.py
[2.600s] -- Up-to-date: /home/wasp_mini/ros2_ws/install/robot_localization/share/robot_localization/test/test_localization_node_bag_pose_tester.cpp
[2.600s] -- Up-to-date: /home/wasp_mini/ros2_ws/install/robot_localization/share/robot_localization/test/test_ukf.cpp
[2.600s] -- Up-to-date: /home/wasp_mini/ros2_ws/install/robot_localization/share/robot_localization/test/test_ekf_localization_node_bag2.yaml
[2.600s] -- Up-to-date: /home/wasp_mini/ros2_ws/install/robot_localization/share/robot_localization/test/test3.bag
[2.601s] -- Up-to-date: /home/wasp_mini/ros2_ws/install/robot_localization/share/robot_localization/test/test_ros_robot_localization_listener.cpp
[2.601s] -- Up-to-date: /home/wasp_mini/ros2_ws/install/robot_localization/share/robot_localization/test/test_navsat_transform.cpp
[2.601s] -- Up-to-date: /home/wasp_mini/ros2_ws/install/robot_localization/share/robot_localization/test/test_ukf_localization_node_bag2.launch.py
[2.602s] -- Up-to-date: /home/wasp_mini/ros2_ws/install/robot_localization/share/robot_localization/test/test_ros_robot_localization_listener.yaml
[2.602s] -- Up-to-date: /home/wasp_mini/ros2_ws/install/robot_localization/share/robot_localization/test/test_ros_robot_localization_listener_publisher.cpp
[2.602s] -- Up-to-date: /home/wasp_mini/ros2_ws/install/robot_localization/share/robot_localization/test/test_filter_base_diagnostics_timestamps.cpp
[2.602s] -- Up-to-date: /home/wasp_mini/ros2_ws/install/robot_localization/share/robot_localization/test/test_ekf_localization_node_bag1.launch.py
[2.602s] -- Up-to-date: /home/wasp_mini/ros2_ws/install/robot_localization/share/robot_localization/test/test_ekf_localization_node_bag2.launch.py
[2.603s] -- Up-to-date: /home/wasp_mini/ros2_ws/install/robot_localization/share/robot_localization/test/test_ekf_localization_node_bag1.sh
[2.603s] -- Up-to-date: /home/wasp_mini/ros2_ws/install/robot_localization/share/robot_localization/test/test_ukf_localization_node_bag2.sh
[2.603s] -- Up-to-date: /home/wasp_mini/ros2_ws/install/robot_localization/share/robot_localization/test/test_ros_robot_localization_listener.launch.py
[2.604s] -- Up-to-date: /home/wasp_mini/ros2_ws/install/robot_localization/share/robot_localization/test/test_ukf_localization_node_bag3.yaml
[2.604s] -- Up-to-date: /home/wasp_mini/ros2_ws/install/robot_localization/share/robot_localization/test/test_ukf_localization_node_bag3.launch.py
[2.604s] -- Up-to-date: /home/wasp_mini/ros2_ws/install/robot_localization/share/robot_localization/test/test_ukf_localization_node_bag1.launch.py
[2.604s] -- Up-to-date: /home/wasp_mini/ros2_ws/install/robot_localization/share/robot_localization/test/test_ekf_localization_node_bag2.sh
[2.605s] -- Up-to-date: /home/wasp_mini/ros2_ws/install/robot_localization/share/robot_localization/test/test_ekf_localization_node_bag3.launch.py
[2.605s] -- Up-to-date: /home/wasp_mini/ros2_ws/install/robot_localization/share/robot_localization/test/test1.bag
[2.605s] -- Up-to-date: /home/wasp_mini/ros2_ws/install/robot_localization/share/robot_localization/test/test_ukf_localization_node_bag1.sh
[2.605s] -- Up-to-date: /home/wasp_mini/ros2_ws/install/robot_localization/share/robot_localization/test/test_filter_base_diagnostics_timestamps.launch.py
[2.607s] -- Up-to-date: /home/wasp_mini/ros2_ws/install/robot_localization/share/robot_localization/test/test_ukf_localization_node_bag2.yaml
[2.607s] -- Up-to-date: /home/wasp_mini/ros2_ws/install/robot_localization/share/robot_localization/test/test_ukf_localization_node_interfaces.launch.py
[2.607s] -- Up-to-date: /home/wasp_mini/ros2_ws/install/robot_localization/share/robot_localization/test/test_ekf_localization_node_interfaces.cpp
[2.608s] -- Up-to-date: /home/wasp_mini/ros2_ws/install/robot_localization/share/robot_localization/test/test_robot_localization_estimator.launch.py
[2.609s] -- Up-to-date: /home/wasp_mini/ros2_ws/install/robot_localization/share/robot_localization/test/test_navsat_transform.launch.py
[2.609s] -- Up-to-date: /home/wasp_mini/ros2_ws/install/robot_localization/share/robot_localization/test/test_ekf_localization_node_interfaces.yaml
[2.609s] -- Up-to-date: /home/wasp_mini/ros2_ws/install/robot_localization/lib/robot_localization/navsat_transform_node
[2.610s] -- Up-to-date: /home/wasp_mini/ros2_ws/install/robot_localization/lib/robot_localization/ekf_node
[2.610s] -- Up-to-date: /home/wasp_mini/ros2_ws/install/robot_localization/lib/robot_localization/ukf_node
[2.611s] -- Up-to-date: /home/wasp_mini/ros2_ws/install/robot_localization/lib/robot_localization/robot_localization_listener_node
[2.611s] -- Up-to-date: /home/wasp_mini/ros2_ws/install/robot_localization/lib/librl_lib.so
[2.612s] -- Up-to-date: /home/wasp_mini/ros2_ws/install/robot_localization/share/robot_localization/params
[2.612s] -- Up-to-date: /home/wasp_mini/ros2_ws/install/robot_localization/share/robot_localization/params/ukf.yaml
[2.613s] -- Up-to-date: /home/wasp_mini/ros2_ws/install/robot_localization/share/robot_localization/params/navsat_transform.yaml
[2.613s] -- Up-to-date: /home/wasp_mini/ros2_ws/install/robot_localization/share/robot_localization/params/ekf.yaml
[2.617s] -- Up-to-date: /home/wasp_mini/ros2_ws/install/robot_localization/share/robot_localization/params/dual_ekf_navsat_example.yaml
[2.617s] -- Up-to-date: /home/wasp_mini/ros2_ws/install/robot_localization/share/robot_localization/launch
[2.617s] -- Up-to-date: /home/wasp_mini/ros2_ws/install/robot_localization/share/robot_localization/launch/ukf.launch.py
[2.618s] -- Up-to-date: /home/wasp_mini/ros2_ws/install/robot_localization/share/robot_localization/launch/dual_ekf_navsat_example.launch.py
[2.618s] -- Up-to-date: /home/wasp_mini/ros2_ws/install/robot_localization/share/robot_localization/launch/navsat_transform.launch.py
[2.618s] -- Up-to-date: /home/wasp_mini/ros2_ws/install/robot_localization/share/robot_localization/launch/ekf.launch.py
[2.619s] -- Up-to-date: /home/wasp_mini/ros2_ws/install/robot_localization/share/ament_index/resource_index/package_run_dependencies/robot_localization
[2.619s] -- Up-to-date: /home/wasp_mini/ros2_ws/install/robot_localization/share/ament_index/resource_index/parent_prefix_path/robot_localization
[2.619s] -- Up-to-date: /home/wasp_mini/ros2_ws/install/robot_localization/share/robot_localization/environment/ament_prefix_path.sh
[2.619s] -- Up-to-date: /home/wasp_mini/ros2_ws/install/robot_localization/share/robot_localization/environment/ament_prefix_path.dsv
[2.620s] -- Up-to-date: /home/wasp_mini/ros2_ws/install/robot_localization/share/robot_localization/environment/path.sh
[2.620s] -- Up-to-date: /home/wasp_mini/ros2_ws/install/robot_localization/share/robot_localization/environment/path.dsv
[2.621s] -- Up-to-date: /home/wasp_mini/ros2_ws/install/robot_localization/share/robot_localization/local_setup.bash
[2.621s] -- Up-to-date: /home/wasp_mini/ros2_ws/install/robot_localization/share/robot_localization/local_setup.sh
[2.621s] -- Up-to-date: /home/wasp_mini/ros2_ws/install/robot_localization/share/robot_localization/local_setup.zsh
[2.622s] -- Up-to-date: /home/wasp_mini/ros2_ws/install/robot_localization/share/robot_localization/local_setup.dsv
[2.622s] -- Installing: /home/wasp_mini/ros2_ws/install/robot_localization/share/robot_localization/package.dsv
[2.622s] -- Up-to-date: /home/wasp_mini/ros2_ws/install/robot_localization/share/ament_index/resource_index/packages/robot_localization
[2.622s] -- Up-to-date: /home/wasp_mini/ros2_ws/install/robot_localization/share/robot_localization/cmake/robot_localization__rosidl_generator_cExport.cmake
[2.623s] -- Up-to-date: /home/wasp_mini/ros2_ws/install/robot_localization/share/robot_localization/cmake/robot_localization__rosidl_generator_cExport-relwithdebinfo.cmake
[2.623s] -- Up-to-date: /home/wasp_mini/ros2_ws/install/robot_localization/share/robot_localization/cmake/robot_localization__rosidl_typesupport_introspection_cExport.cmake
[2.623s] -- Up-to-date: /home/wasp_mini/ros2_ws/install/robot_localization/share/robot_localization/cmake/robot_localization__rosidl_typesupport_introspection_cExport-relwithdebinfo.cmake
[2.623s] -- Up-to-date: /home/wasp_mini/ros2_ws/install/robot_localization/share/robot_localization/cmake/robot_localization__rosidl_typesupport_cExport.cmake
[2.624s] -- Up-to-date: /home/wasp_mini/ros2_ws/install/robot_localization/share/robot_localization/cmake/robot_localization__rosidl_typesupport_cExport-relwithdebinfo.cmake
[2.624s] -- Up-to-date: /home/wasp_mini/ros2_ws/install/robot_localization/share/robot_localization/cmake/robot_localization__rosidl_generator_cppExport.cmake
[2.624s] -- Up-to-date: /home/wasp_mini/ros2_ws/install/robot_localization/share/robot_localization/cmake/robot_localization__rosidl_typesupport_introspection_cppExport.cmake
[2.624s] -- Up-to-date: /home/wasp_mini/ros2_ws/install/robot_localization/share/robot_localization/cmake/robot_localization__rosidl_typesupport_introspection_cppExport-relwithdebinfo.cmake
[2.625s] -- Up-to-date: /home/wasp_mini/ros2_ws/install/robot_localization/share/robot_localization/cmake/robot_localization__rosidl_typesupport_cppExport.cmake
[2.625s] -- Up-to-date: /home/wasp_mini/ros2_ws/install/robot_localization/share/robot_localization/cmake/robot_localization__rosidl_typesupport_cppExport-relwithdebinfo.cmake
[2.625s] -- Up-to-date: /home/wasp_mini/ros2_ws/install/robot_localization/share/robot_localization/cmake/rosidl_cmake-extras.cmake
[2.625s] -- Up-to-date: /home/wasp_mini/ros2_ws/install/robot_localization/share/robot_localization/cmake/ament_cmake_export_dependencies-extras.cmake
[2.626s] -- Up-to-date: /home/wasp_mini/ros2_ws/install/robot_localization/share/robot_localization/cmake/ament_cmake_export_libraries-extras.cmake
[2.626s] -- Up-to-date: /home/wasp_mini/ros2_ws/install/robot_localization/share/robot_localization/cmake/ament_cmake_export_targets-extras.cmake
[2.627s] -- Up-to-date: /home/wasp_mini/ros2_ws/install/robot_localization/share/robot_localization/cmake/ament_cmake_export_include_directories-extras.cmake
[2.627s] -- Up-to-date: /home/wasp_mini/ros2_ws/install/robot_localization/share/robot_localization/cmake/rosidl_cmake_export_typesupport_libraries-extras.cmake
[2.627s] -- Up-to-date: /home/wasp_mini/ros2_ws/install/robot_localization/share/robot_localization/cmake/rosidl_cmake_export_typesupport_targets-extras.cmake
[2.628s] -- Up-to-date: /home/wasp_mini/ros2_ws/install/robot_localization/share/robot_localization/cmake/robot_localizationConfig.cmake
[2.631s] -- Up-to-date: /home/wasp_mini/ros2_ws/install/robot_localization/share/robot_localization/cmake/robot_localizationConfig-version.cmake
[2.631s] -- Up-to-date: /home/wasp_mini/ros2_ws/install/robot_localization/share/robot_localization/package.xml
[2.632s] Invoked command in '/home/wasp_mini/ros2_ws/build/robot_localization' returned '0': CMAKE_PREFIX_PATH=${CMAKE_PREFIX_PATH}:/home/wasp_mini/ros2_ws/install/wasp_mini_controller:/opt/ros/foxy /usr/bin/cmake --install /home/wasp_mini/ros2_ws/build/robot_localization
