[0.053s] Invoking command in '/home/wasp_mini/ros2_ws/build/robot_localization': CMAKE_PREFIX_PATH=${CMAKE_PREFIX_PATH}:/home/wasp_mini/ros2_ws/install/wasp_mini_controller:/home/wasp_mini/ros2_ws/install/nav2_simple_commander:/home/wasp_mini/ros2_ws/install/nav2_gazebo_spawner:/opt/ros/foxy /usr/bin/cmake --build /home/wasp_mini/ros2_ws/build/robot_localization -- -j4 -l4
[0.269s] [  2%] Built target gtest
[0.277s] [  3%] Built target robot_localization__cpp
[0.323s] [  4%] Built target gtest_main
[0.332s] [ 11%] Built target robot_localization__rosidl_generator_c
[0.416s] [ 18%] Built target robot_localization__rosidl_typesupport_c
[0.430s] [ 25%] Built target robot_localization__rosidl_typesupport_introspection_cpp
[0.443s] [ 32%] Built target robot_localization__rosidl_typesupport_cpp
[0.490s] [ 39%] Built target robot_localization__rosidl_typesupport_fastrtps_cpp
[0.537s] [ 46%] Built target robot_localization__rosidl_typesupport_introspection_c
[0.596s] [ 53%] Built target robot_localization__rosidl_typesupport_fastrtps_c
[0.656s] [ 53%] Built target robot_localization
[0.750s] [ 54%] Built target robot_localization__py
[0.866s] [ 63%] Built target rl_lib
[0.919s] [ 69%] Built target robot_localization__python
[1.031s] [ 70%] Built target test_navsat_conversions
[1.048s] [ 71%] Built target test_ros_robot_localization_listener_publisher
[1.069s] [ 73%] Built target test_ros_robot_localization_listener
[1.113s] [ 75%] Built target test_ekf
[1.186s] [ 77%] Built target test_robot_localization_estimator
[1.210s] [ 80%] Built target ukf_node
[1.210s] [ 80%] Built target ekf_node
[1.248s] [ 82%] Built target robot_localization__rosidl_typesupport_fastrtps_c__pyext
[1.313s] [ 84%] Built target test_navsat_transform
[1.328s] [ 86%] Built target robot_localization__rosidl_typesupport_introspection_c__pyext
[1.334s] [ 88%] Built target test_ukf
[1.398s] [ 90%] Built target test_filter_base_diagnostics_timestamps
[1.431s] [ 93%] Built target robot_localization__rosidl_typesupport_c__pyext
[1.444s] [ 92%] Built target filter_base-test
[1.466s] [ 95%] Built target navsat_transform_node
[1.525s] [ 97%] Built target test_ukf_localization_node_interfaces
[1.527s] [ 98%] Built target robot_localization_listener_node
[1.546s] [100%] Built target test_ekf_localization_node_interfaces
[1.685s] Invoked command in '/home/wasp_mini/ros2_ws/build/robot_localization' returned '0': CMAKE_PREFIX_PATH=${CMAKE_PREFIX_PATH}:/home/wasp_mini/ros2_ws/install/wasp_mini_controller:/home/wasp_mini/ros2_ws/install/nav2_simple_commander:/home/wasp_mini/ros2_ws/install/nav2_gazebo_spawner:/opt/ros/foxy /usr/bin/cmake --build /home/wasp_mini/ros2_ws/build/robot_localization -- -j4 -l4
[2.224s] Invoking command in '/home/wasp_mini/ros2_ws/build/robot_localization': CMAKE_PREFIX_PATH=${CMAKE_PREFIX_PATH}:/home/wasp_mini/ros2_ws/install/wasp_mini_controller:/home/wasp_mini/ros2_ws/install/nav2_simple_commander:/home/wasp_mini/ros2_ws/install/nav2_gazebo_spawner:/opt/ros/foxy /usr/bin/cmake --install /home/wasp_mini/ros2_ws/build/robot_localization
[2.246s] -- Install configuration: "RelWithDebInfo"
[2.247s] -- Up-to-date: /home/wasp_mini/ros2_ws/install/robot_localization/share/ament_index/resource_index/rosidl_interfaces/robot_localization
[2.247s] -- Up-to-date: /home/wasp_mini/ros2_ws/install/robot_localization/include/robot_localization
[2.248s] -- Up-to-date: /home/wasp_mini/ros2_ws/install/robot_localization/include/robot_localization/srv
[2.248s] -- Up-to-date: /home/wasp_mini/ros2_ws/install/robot_localization/include/robot_localization/srv/set_datum.h
[2.249s] -- Up-to-date: /home/wasp_mini/ros2_ws/install/robot_localization/include/robot_localization/srv/from_ll.h
[2.249s] -- Up-to-date: /home/wasp_mini/ros2_ws/install/robot_localization/include/robot_localization/srv/get_state.h
[2.249s] -- Up-to-date: /home/wasp_mini/ros2_ws/install/robot_localization/include/robot_localization/srv/detail
[2.249s] -- Up-to-date: /home/wasp_mini/ros2_ws/install/robot_localization/include/robot_localization/srv/detail/get_state__functions.h
[2.249s] -- Up-to-date: /home/wasp_mini/ros2_ws/install/robot_localization/include/robot_localization/srv/detail/to_ll__type_support.h
[2.249s] -- Up-to-date: /home/wasp_mini/ros2_ws/install/robot_localization/include/robot_localization/srv/detail/to_ll__struct.h
[2.249s] -- Up-to-date: /home/wasp_mini/ros2_ws/install/robot_localization/include/robot_localization/srv/detail/get_state__type_support.h
[2.249s] -- Up-to-date: /home/wasp_mini/ros2_ws/install/robot_localization/include/robot_localization/srv/detail/from_ll__functions.h
[2.250s] -- Up-to-date: /home/wasp_mini/ros2_ws/install/robot_localization/include/robot_localization/srv/detail/from_ll__type_support.h
[2.250s] -- Up-to-date: /home/wasp_mini/ros2_ws/install/robot_localization/include/robot_localization/srv/detail/set_datum__struct.h
[2.250s] -- Up-to-date: /home/wasp_mini/ros2_ws/install/robot_localization/include/robot_localization/srv/detail/toggle_filter_processing__struct.h
[2.250s] -- Up-to-date: /home/wasp_mini/ros2_ws/install/robot_localization/include/robot_localization/srv/detail/set_datum__type_support.h
[2.250s] -- Up-to-date: /home/wasp_mini/ros2_ws/install/robot_localization/include/robot_localization/srv/detail/toggle_filter_processing__type_support.h
[2.251s] -- Up-to-date: /home/wasp_mini/ros2_ws/install/robot_localization/include/robot_localization/srv/detail/set_datum__functions.h
[2.251s] -- Up-to-date: /home/wasp_mini/ros2_ws/install/robot_localization/include/robot_localization/srv/detail/get_state__functions.c
[2.251s] -- Up-to-date: /home/wasp_mini/ros2_ws/install/robot_localization/include/robot_localization/srv/detail/get_state__struct.h
[2.251s] -- Up-to-date: /home/wasp_mini/ros2_ws/install/robot_localization/include/robot_localization/srv/detail/to_ll__functions.c
[2.251s] -- Up-to-date: /home/wasp_mini/ros2_ws/install/robot_localization/include/robot_localization/srv/detail/from_ll__functions.c
[2.251s] -- Up-to-date: /home/wasp_mini/ros2_ws/install/robot_localization/include/robot_localization/srv/detail/set_pose__struct.h
[2.251s] -- Up-to-date: /home/wasp_mini/ros2_ws/install/robot_localization/include/robot_localization/srv/detail/set_datum__functions.c
[2.251s] -- Up-to-date: /home/wasp_mini/ros2_ws/install/robot_localization/include/robot_localization/srv/detail/set_pose__functions.h
[2.252s] -- Up-to-date: /home/wasp_mini/ros2_ws/install/robot_localization/include/robot_localization/srv/detail/set_pose__type_support.h
[2.252s] -- Up-to-date: /home/wasp_mini/ros2_ws/install/robot_localization/include/robot_localization/srv/detail/from_ll__struct.h
[2.252s] -- Up-to-date: /home/wasp_mini/ros2_ws/install/robot_localization/include/robot_localization/srv/detail/to_ll__functions.h
[2.252s] -- Up-to-date: /home/wasp_mini/ros2_ws/install/robot_localization/include/robot_localization/srv/detail/set_pose__functions.c
[2.252s] -- Up-to-date: /home/wasp_mini/ros2_ws/install/robot_localization/include/robot_localization/srv/detail/toggle_filter_processing__functions.h
[2.252s] -- Up-to-date: /home/wasp_mini/ros2_ws/install/robot_localization/include/robot_localization/srv/detail/toggle_filter_processing__functions.c
[2.252s] -- Up-to-date: /home/wasp_mini/ros2_ws/install/robot_localization/include/robot_localization/srv/set_pose.h
[2.252s] -- Up-to-date: /home/wasp_mini/ros2_ws/install/robot_localization/include/robot_localization/srv/to_ll.h
[2.253s] -- Up-to-date: /home/wasp_mini/ros2_ws/install/robot_localization/include/robot_localization/srv/toggle_filter_processing.h
[2.253s] -- Up-to-date: /home/wasp_mini/ros2_ws/install/robot_localization/include/robot_localization/msg
[2.253s] -- Up-to-date: /home/wasp_mini/ros2_ws/install/robot_localization/include/robot_localization/msg/rosidl_generator_c__visibility_control.h
[2.253s] -- Up-to-date: /home/wasp_mini/ros2_ws/install/robot_localization/share/robot_localization/environment/library_path.sh
[2.253s] -- Up-to-date: /home/wasp_mini/ros2_ws/install/robot_localization/share/robot_localization/environment/library_path.dsv
[2.253s] -- Up-to-date: /home/wasp_mini/ros2_ws/install/robot_localization/lib/librobot_localization__rosidl_generator_c.so
[2.253s] -- Up-to-date: /home/wasp_mini/ros2_ws/install/robot_localization/include/robot_localization
[2.253s] -- Up-to-date: /home/wasp_mini/ros2_ws/install/robot_localization/include/robot_localization/srv
[2.253s] -- Up-to-date: /home/wasp_mini/ros2_ws/install/robot_localization/include/robot_localization/srv/detail
[2.253s] -- Up-to-date: /home/wasp_mini/ros2_ws/install/robot_localization/include/robot_localization/srv/detail/to_ll__rosidl_typesupport_fastrtps_c.h
[2.254s] -- Up-to-date: /home/wasp_mini/ros2_ws/install/robot_localization/include/robot_localization/srv/detail/toggle_filter_processing__rosidl_typesupport_fastrtps_c.h
[2.254s] -- Up-to-date: /home/wasp_mini/ros2_ws/install/robot_localization/include/robot_localization/srv/detail/set_datum__rosidl_typesupport_fastrtps_c.h
[2.254s] -- Up-to-date: /home/wasp_mini/ros2_ws/install/robot_localization/include/robot_localization/srv/detail/from_ll__rosidl_typesupport_fastrtps_c.h
[2.254s] -- Up-to-date: /home/wasp_mini/ros2_ws/install/robot_localization/include/robot_localization/srv/detail/get_state__rosidl_typesupport_fastrtps_c.h
[2.254s] -- Up-to-date: /home/wasp_mini/ros2_ws/install/robot_localization/include/robot_localization/srv/detail/set_pose__rosidl_typesupport_fastrtps_c.h
[2.254s] -- Up-to-date: /home/wasp_mini/ros2_ws/install/robot_localization/include/robot_localization/msg
[2.254s] -- Up-to-date: /home/wasp_mini/ros2_ws/install/robot_localization/include/robot_localization/msg/rosidl_typesupport_fastrtps_c__visibility_control.h
[2.254s] -- Up-to-date: /home/wasp_mini/ros2_ws/install/robot_localization/lib/librobot_localization__rosidl_typesupport_fastrtps_c.so
[2.254s] -- Up-to-date: /home/wasp_mini/ros2_ws/install/robot_localization/include/robot_localization
[2.254s] -- Up-to-date: /home/wasp_mini/ros2_ws/install/robot_localization/include/robot_localization/srv
[2.255s] -- Up-to-date: /home/wasp_mini/ros2_ws/install/robot_localization/include/robot_localization/srv/detail
[2.255s] -- Up-to-date: /home/wasp_mini/ros2_ws/install/robot_localization/include/robot_localization/srv/detail/to_ll__rosidl_typesupport_fastrtps_cpp.hpp
[2.255s] -- Up-to-date: /home/wasp_mini/ros2_ws/install/robot_localization/include/robot_localization/srv/detail/set_datum__rosidl_typesupport_fastrtps_cpp.hpp
[2.256s] -- Up-to-date: /home/wasp_mini/ros2_ws/install/robot_localization/include/robot_localization/srv/detail/toggle_filter_processing__rosidl_typesupport_fastrtps_cpp.hpp
[2.256s] -- Up-to-date: /home/wasp_mini/ros2_ws/install/robot_localization/include/robot_localization/srv/detail/set_pose__rosidl_typesupport_fastrtps_cpp.hpp
[2.256s] -- Up-to-date: /home/wasp_mini/ros2_ws/install/robot_localization/include/robot_localization/srv/detail/from_ll__rosidl_typesupport_fastrtps_cpp.hpp
[2.256s] -- Up-to-date: /home/wasp_mini/ros2_ws/install/robot_localization/include/robot_localization/srv/detail/dds_fastrtps
[2.256s] -- Up-to-date: /home/wasp_mini/ros2_ws/install/robot_localization/include/robot_localization/srv/detail/get_state__rosidl_typesupport_fastrtps_cpp.hpp
[2.257s] -- Up-to-date: /home/wasp_mini/ros2_ws/install/robot_localization/include/robot_localization/msg
[2.257s] -- Up-to-date: /home/wasp_mini/ros2_ws/install/robot_localization/include/robot_localization/msg/rosidl_typesupport_fastrtps_cpp__visibility_control.h
[2.257s] -- Up-to-date: /home/wasp_mini/ros2_ws/install/robot_localization/lib/librobot_localization__rosidl_typesupport_fastrtps_cpp.so
[2.257s] -- Up-to-date: /home/wasp_mini/ros2_ws/install/robot_localization/include/robot_localization
[2.258s] -- Up-to-date: /home/wasp_mini/ros2_ws/install/robot_localization/include/robot_localization/srv
[2.258s] -- Up-to-date: /home/wasp_mini/ros2_ws/install/robot_localization/include/robot_localization/srv/detail
[2.258s] -- Up-to-date: /home/wasp_mini/ros2_ws/install/robot_localization/include/robot_localization/srv/detail/get_state__type_support.c
[2.259s] -- Up-to-date: /home/wasp_mini/ros2_ws/install/robot_localization/include/robot_localization/srv/detail/set_pose__rosidl_typesupport_introspection_c.h
[2.259s] -- Up-to-date: /home/wasp_mini/ros2_ws/install/robot_localization/include/robot_localization/srv/detail/get_state__rosidl_typesupport_introspection_c.h
[2.259s] -- Up-to-date: /home/wasp_mini/ros2_ws/install/robot_localization/include/robot_localization/srv/detail/toggle_filter_processing__rosidl_typesupport_introspection_c.h
[2.259s] -- Up-to-date: /home/wasp_mini/ros2_ws/install/robot_localization/include/robot_localization/srv/detail/to_ll__rosidl_typesupport_introspection_c.h
[2.259s] -- Up-to-date: /home/wasp_mini/ros2_ws/install/robot_localization/include/robot_localization/srv/detail/set_datum__rosidl_typesupport_introspection_c.h
[2.260s] -- Up-to-date: /home/wasp_mini/ros2_ws/install/robot_localization/include/robot_localization/srv/detail/set_datum__type_support.c
[2.260s] -- Up-to-date: /home/wasp_mini/ros2_ws/install/robot_localization/include/robot_localization/srv/detail/set_pose__type_support.c
[2.260s] -- Up-to-date: /home/wasp_mini/ros2_ws/install/robot_localization/include/robot_localization/srv/detail/from_ll__rosidl_typesupport_introspection_c.h
[2.260s] -- Up-to-date: /home/wasp_mini/ros2_ws/install/robot_localization/include/robot_localization/srv/detail/from_ll__type_support.c
[2.260s] -- Up-to-date: /home/wasp_mini/ros2_ws/install/robot_localization/include/robot_localization/srv/detail/to_ll__type_support.c
[2.260s] -- Up-to-date: /home/wasp_mini/ros2_ws/install/robot_localization/include/robot_localization/srv/detail/toggle_filter_processing__type_support.c
[2.260s] -- Up-to-date: /home/wasp_mini/ros2_ws/install/robot_localization/include/robot_localization/msg
[2.260s] -- Up-to-date: /home/wasp_mini/ros2_ws/install/robot_localization/include/robot_localization/msg/rosidl_typesupport_introspection_c__visibility_control.h
[2.260s] -- Up-to-date: /home/wasp_mini/ros2_ws/install/robot_localization/lib/librobot_localization__rosidl_typesupport_introspection_c.so
[2.260s] -- Up-to-date: /home/wasp_mini/ros2_ws/install/robot_localization/lib/librobot_localization__rosidl_typesupport_c.so
[2.261s] -- Up-to-date: /home/wasp_mini/ros2_ws/install/robot_localization/include/robot_localization
[2.261s] -- Up-to-date: /home/wasp_mini/ros2_ws/install/robot_localization/include/robot_localization/srv
[2.262s] -- Up-to-date: /home/wasp_mini/ros2_ws/install/robot_localization/include/robot_localization/srv/set_pose.hpp
[2.262s] -- Up-to-date: /home/wasp_mini/ros2_ws/install/robot_localization/include/robot_localization/srv/toggle_filter_processing.hpp
[2.262s] -- Up-to-date: /home/wasp_mini/ros2_ws/install/robot_localization/include/robot_localization/srv/detail
[2.262s] -- Up-to-date: /home/wasp_mini/ros2_ws/install/robot_localization/include/robot_localization/srv/detail/toggle_filter_processing__struct.hpp
[2.263s] -- Up-to-date: /home/wasp_mini/ros2_ws/install/robot_localization/include/robot_localization/srv/detail/set_datum__traits.hpp
[2.263s] -- Up-to-date: /home/wasp_mini/ros2_ws/install/robot_localization/include/robot_localization/srv/detail/toggle_filter_processing__traits.hpp
[2.263s] -- Up-to-date: /home/wasp_mini/ros2_ws/install/robot_localization/include/robot_localization/srv/detail/from_ll__traits.hpp
[2.263s] -- Up-to-date: /home/wasp_mini/ros2_ws/install/robot_localization/include/robot_localization/srv/detail/set_datum__struct.hpp
[2.263s] -- Up-to-date: /home/wasp_mini/ros2_ws/install/robot_localization/include/robot_localization/srv/detail/to_ll__struct.hpp
[2.264s] -- Up-to-date: /home/wasp_mini/ros2_ws/install/robot_localization/include/robot_localization/srv/detail/set_pose__struct.hpp
[2.264s] -- Up-to-date: /home/wasp_mini/ros2_ws/install/robot_localization/include/robot_localization/srv/detail/get_state__traits.hpp
[2.264s] -- Up-to-date: /home/wasp_mini/ros2_ws/install/robot_localization/include/robot_localization/srv/detail/from_ll__struct.hpp
[2.265s] -- Up-to-date: /home/wasp_mini/ros2_ws/install/robot_localization/include/robot_localization/srv/detail/to_ll__builder.hpp
[2.265s] -- Up-to-date: /home/wasp_mini/ros2_ws/install/robot_localization/include/robot_localization/srv/detail/set_pose__builder.hpp
[2.265s] -- Up-to-date: /home/wasp_mini/ros2_ws/install/robot_localization/include/robot_localization/srv/detail/get_state__struct.hpp
[2.265s] -- Up-to-date: /home/wasp_mini/ros2_ws/install/robot_localization/include/robot_localization/srv/detail/from_ll__builder.hpp
[2.265s] -- Up-to-date: /home/wasp_mini/ros2_ws/install/robot_localization/include/robot_localization/srv/detail/set_pose__traits.hpp
[2.266s] -- Up-to-date: /home/wasp_mini/ros2_ws/install/robot_localization/include/robot_localization/srv/detail/get_state__builder.hpp
[2.266s] -- Up-to-date: /home/wasp_mini/ros2_ws/install/robot_localization/include/robot_localization/srv/detail/to_ll__traits.hpp
[2.266s] -- Up-to-date: /home/wasp_mini/ros2_ws/install/robot_localization/include/robot_localization/srv/detail/toggle_filter_processing__builder.hpp
[2.266s] -- Up-to-date: /home/wasp_mini/ros2_ws/install/robot_localization/include/robot_localization/srv/detail/set_datum__builder.hpp
[2.267s] -- Up-to-date: /home/wasp_mini/ros2_ws/install/robot_localization/include/robot_localization/srv/get_state.hpp
[2.267s] -- Up-to-date: /home/wasp_mini/ros2_ws/install/robot_localization/include/robot_localization/srv/from_ll.hpp
[2.267s] -- Up-to-date: /home/wasp_mini/ros2_ws/install/robot_localization/include/robot_localization/srv/set_datum.hpp
[2.267s] -- Up-to-date: /home/wasp_mini/ros2_ws/install/robot_localization/include/robot_localization/srv/to_ll.hpp
[2.268s] -- Up-to-date: /home/wasp_mini/ros2_ws/install/robot_localization/include/robot_localization
[2.268s] -- Up-to-date: /home/wasp_mini/ros2_ws/install/robot_localization/include/robot_localization/srv
[2.268s] -- Up-to-date: /home/wasp_mini/ros2_ws/install/robot_localization/include/robot_localization/srv/detail
[2.268s] -- Up-to-date: /home/wasp_mini/ros2_ws/install/robot_localization/include/robot_localization/srv/detail/get_state__rosidl_typesupport_introspection_cpp.hpp
[2.269s] -- Up-to-date: /home/wasp_mini/ros2_ws/install/robot_localization/include/robot_localization/srv/detail/from_ll__type_support.cpp
[2.269s] -- Up-to-date: /home/wasp_mini/ros2_ws/install/robot_localization/include/robot_localization/srv/detail/to_ll__rosidl_typesupport_introspection_cpp.hpp
[2.269s] -- Up-to-date: /home/wasp_mini/ros2_ws/install/robot_localization/include/robot_localization/srv/detail/set_pose__rosidl_typesupport_introspection_cpp.hpp
[2.269s] -- Up-to-date: /home/wasp_mini/ros2_ws/install/robot_localization/include/robot_localization/srv/detail/to_ll__type_support.cpp
[2.270s] -- Up-to-date: /home/wasp_mini/ros2_ws/install/robot_localization/include/robot_localization/srv/detail/set_datum__type_support.cpp
[2.270s] -- Up-to-date: /home/wasp_mini/ros2_ws/install/robot_localization/include/robot_localization/srv/detail/toggle_filter_processing__rosidl_typesupport_introspection_cpp.hpp
[2.270s] -- Up-to-date: /home/wasp_mini/ros2_ws/install/robot_localization/include/robot_localization/srv/detail/get_state__type_support.cpp
[2.270s] -- Up-to-date: /home/wasp_mini/ros2_ws/install/robot_localization/include/robot_localization/srv/detail/set_datum__rosidl_typesupport_introspection_cpp.hpp
[2.270s] -- Up-to-date: /home/wasp_mini/ros2_ws/install/robot_localization/include/robot_localization/srv/detail/toggle_filter_processing__type_support.cpp
[2.271s] -- Up-to-date: /home/wasp_mini/ros2_ws/install/robot_localization/include/robot_localization/srv/detail/from_ll__rosidl_typesupport_introspection_cpp.hpp
[2.271s] -- Up-to-date: /home/wasp_mini/ros2_ws/install/robot_localization/include/robot_localization/srv/detail/set_pose__type_support.cpp
[2.271s] -- Up-to-date: /home/wasp_mini/ros2_ws/install/robot_localization/lib/librobot_localization__rosidl_typesupport_introspection_cpp.so
[2.271s] -- Up-to-date: /home/wasp_mini/ros2_ws/install/robot_localization/lib/librobot_localization__rosidl_typesupport_cpp.so
[2.272s] -- Up-to-date: /home/wasp_mini/ros2_ws/install/robot_localization/share/robot_localization/environment/pythonpath.sh
[2.272s] -- Up-to-date: /home/wasp_mini/ros2_ws/install/robot_localization/share/robot_localization/environment/pythonpath.dsv
[2.272s] -- Up-to-date: /home/wasp_mini/ros2_ws/install/robot_localization/lib/python3.8/site-packages/robot_localization/__init__.py
[2.383s] -- Up-to-date: /home/wasp_mini/ros2_ws/install/robot_localization/lib/python3.8/site-packages/robot_localization/srv
[2.383s] -- Up-to-date: /home/wasp_mini/ros2_ws/install/robot_localization/lib/python3.8/site-packages/robot_localization/srv/_set_pose.py
[2.383s] -- Up-to-date: /home/wasp_mini/ros2_ws/install/robot_localization/lib/python3.8/site-packages/robot_localization/srv/_set_datum_s.c
[2.384s] -- Up-to-date: /home/wasp_mini/ros2_ws/install/robot_localization/lib/python3.8/site-packages/robot_localization/srv/_to_ll.py
[2.384s] -- Up-to-date: /home/wasp_mini/ros2_ws/install/robot_localization/lib/python3.8/site-packages/robot_localization/srv/_set_datum.py
[2.385s] -- Up-to-date: /home/wasp_mini/ros2_ws/install/robot_localization/lib/python3.8/site-packages/robot_localization/srv/_to_ll_s.c
[2.385s] -- Up-to-date: /home/wasp_mini/ros2_ws/install/robot_localization/lib/python3.8/site-packages/robot_localization/srv/_toggle_filter_processing.py
[2.385s] -- Up-to-date: /home/wasp_mini/ros2_ws/install/robot_localization/lib/python3.8/site-packages/robot_localization/srv/_get_state_s.c
[2.385s] -- Up-to-date: /home/wasp_mini/ros2_ws/install/robot_localization/lib/python3.8/site-packages/robot_localization/srv/_set_pose_s.c
[2.385s] -- Up-to-date: /home/wasp_mini/ros2_ws/install/robot_localization/lib/python3.8/site-packages/robot_localization/srv/_get_state.py
[2.386s] -- Up-to-date: /home/wasp_mini/ros2_ws/install/robot_localization/lib/python3.8/site-packages/robot_localization/srv/_from_ll_s.c
[2.386s] -- Up-to-date: /home/wasp_mini/ros2_ws/install/robot_localization/lib/python3.8/site-packages/robot_localization/srv/__init__.py
[2.386s] -- Up-to-date: /home/wasp_mini/ros2_ws/install/robot_localization/lib/python3.8/site-packages/robot_localization/srv/_from_ll.py
[2.386s] -- Up-to-date: /home/wasp_mini/ros2_ws/install/robot_localization/lib/python3.8/site-packages/robot_localization/srv/_toggle_filter_processing_s.c
[2.386s] -- Up-to-date: /home/wasp_mini/ros2_ws/install/robot_localization/lib/python3.8/site-packages/robot_localization/robot_localization_s__rosidl_typesupport_fastrtps_c.cpython-38-x86_64-linux-gnu.so
[2.387s] -- Up-to-date: /home/wasp_mini/ros2_ws/install/robot_localization/lib/python3.8/site-packages/robot_localization/robot_localization_s__rosidl_typesupport_introspection_c.cpython-38-x86_64-linux-gnu.so
[2.387s] -- Up-to-date: /home/wasp_mini/ros2_ws/install/robot_localization/lib/python3.8/site-packages/robot_localization/robot_localization_s__rosidl_typesupport_c.cpython-38-x86_64-linux-gnu.so
[2.387s] -- Up-to-date: /home/wasp_mini/ros2_ws/install/robot_localization/lib/librobot_localization__python.so
[2.387s] -- Up-to-date: /home/wasp_mini/ros2_ws/install/robot_localization/share/robot_localization/srv/FromLL.idl
[2.388s] -- Up-to-date: /home/wasp_mini/ros2_ws/install/robot_localization/share/robot_localization/srv/GetState.idl
[2.388s] -- Up-to-date: /home/wasp_mini/ros2_ws/install/robot_localization/share/robot_localization/srv/SetDatum.idl
[2.388s] -- Up-to-date: /home/wasp_mini/ros2_ws/install/robot_localization/share/robot_localization/srv/SetPose.idl
[2.388s] -- Up-to-date: /home/wasp_mini/ros2_ws/install/robot_localization/share/robot_localization/srv/ToggleFilterProcessing.idl
[2.388s] -- Up-to-date: /home/wasp_mini/ros2_ws/install/robot_localization/share/robot_localization/srv/ToLL.idl
[2.389s] -- Up-to-date: /home/wasp_mini/ros2_ws/install/robot_localization/share/robot_localization/srv/FromLL.srv
[2.389s] -- Up-to-date: /home/wasp_mini/ros2_ws/install/robot_localization/share/robot_localization/srv/FromLL_Request.msg
[2.389s] -- Up-to-date: /home/wasp_mini/ros2_ws/install/robot_localization/share/robot_localization/srv/FromLL_Response.msg
[2.389s] -- Up-to-date: /home/wasp_mini/ros2_ws/install/robot_localization/share/robot_localization/srv/GetState.srv
[2.389s] -- Up-to-date: /home/wasp_mini/ros2_ws/install/robot_localization/share/robot_localization/srv/GetState_Request.msg
[2.389s] -- Up-to-date: /home/wasp_mini/ros2_ws/install/robot_localization/share/robot_localization/srv/GetState_Response.msg
[2.390s] -- Up-to-date: /home/wasp_mini/ros2_ws/install/robot_localization/share/robot_localization/srv/SetDatum.srv
[2.390s] -- Up-to-date: /home/wasp_mini/ros2_ws/install/robot_localization/share/robot_localization/srv/SetDatum_Request.msg
[2.390s] -- Up-to-date: /home/wasp_mini/ros2_ws/install/robot_localization/share/robot_localization/srv/SetDatum_Response.msg
[2.390s] -- Up-to-date: /home/wasp_mini/ros2_ws/install/robot_localization/share/robot_localization/srv/SetPose.srv
[2.391s] -- Up-to-date: /home/wasp_mini/ros2_ws/install/robot_localization/share/robot_localization/srv/SetPose_Request.msg
[2.392s] -- Up-to-date: /home/wasp_mini/ros2_ws/install/robot_localization/share/robot_localization/srv/SetPose_Response.msg
[2.392s] -- Up-to-date: /home/wasp_mini/ros2_ws/install/robot_localization/share/robot_localization/srv/ToggleFilterProcessing.srv
[2.393s] -- Up-to-date: /home/wasp_mini/ros2_ws/install/robot_localization/share/robot_localization/srv/ToggleFilterProcessing_Request.msg
[2.393s] -- Up-to-date: /home/wasp_mini/ros2_ws/install/robot_localization/share/robot_localization/srv/ToggleFilterProcessing_Response.msg
[2.393s] -- Up-to-date: /home/wasp_mini/ros2_ws/install/robot_localization/share/robot_localization/srv/ToLL.srv
[2.393s] -- Up-to-date: /home/wasp_mini/ros2_ws/install/robot_localization/share/robot_localization/srv/ToLL_Request.msg
[2.393s] -- Up-to-date: /home/wasp_mini/ros2_ws/install/robot_localization/share/robot_localization/srv/ToLL_Response.msg
[2.394s] -- Up-to-date: /home/wasp_mini/ros2_ws/install/robot_localization/lib/robot_localization/filter_base-test
[2.394s] -- Up-to-date: /home/wasp_mini/ros2_ws/install/robot_localization/lib/robot_localization/test_filter_base_diagnostics_timestamps
[2.394s] -- Up-to-date: /home/wasp_mini/ros2_ws/install/robot_localization/lib/robot_localization/test_ekf
[2.394s] -- Up-to-date: /home/wasp_mini/ros2_ws/install/robot_localization/lib/robot_localization/test_ekf_localization_node_interfaces
[2.394s] -- Up-to-date: /home/wasp_mini/ros2_ws/install/robot_localization/lib/robot_localization/test_ukf
[2.395s] -- Up-to-date: /home/wasp_mini/ros2_ws/install/robot_localization/lib/robot_localization/test_ukf_localization_node_interfaces
[2.395s] -- Up-to-date: /home/wasp_mini/ros2_ws/install/robot_localization/lib/robot_localization/test_robot_localization_estimator
[2.395s] -- Up-to-date: /home/wasp_mini/ros2_ws/install/robot_localization/lib/robot_localization/test_navsat_conversions
[2.395s] -- Up-to-date: /home/wasp_mini/ros2_ws/install/robot_localization/lib/robot_localization/test_navsat_transform
[2.396s] -- Up-to-date: /home/wasp_mini/ros2_ws/install/robot_localization/lib/robot_localization/test_ros_robot_localization_listener
[2.396s] -- Up-to-date: /home/wasp_mini/ros2_ws/install/robot_localization/lib/robot_localization/test_ros_robot_localization_listener_publisher
[2.396s] -- Up-to-date: /home/wasp_mini/ros2_ws/install/robot_localization/share/robot_localization/test
[2.396s] -- Up-to-date: /home/wasp_mini/ros2_ws/install/robot_localization/share/robot_localization/test/test_navsat_conversions.cpp
[2.396s] -- Up-to-date: /home/wasp_mini/ros2_ws/install/robot_localization/share/robot_localization/test/test_ukf_localization_node_interfaces.yaml
[2.397s] -- Up-to-date: /home/wasp_mini/ros2_ws/install/robot_localization/share/robot_localization/test/test_ekf_localization_node_bag3.sh
[2.397s] -- Up-to-date: /home/wasp_mini/ros2_ws/install/robot_localization/share/robot_localization/test/test_robot_localization_estimator.cpp
[2.397s] -- Up-to-date: /home/wasp_mini/ros2_ws/install/robot_localization/share/robot_localization/test/test_filter_base_diagnostics_timestamps.yaml
[2.397s] -- Up-to-date: /home/wasp_mini/ros2_ws/install/robot_localization/share/robot_localization/test/test_ukf_localization_node_bag3.sh
[2.398s] -- Up-to-date: /home/wasp_mini/ros2_ws/install/robot_localization/share/robot_localization/test/test_filter_base.cpp
[2.398s] -- Up-to-date: /home/wasp_mini/ros2_ws/install/robot_localization/share/robot_localization/test/test_ukf_localization_node_interfaces.cpp
[2.398s] -- Up-to-date: /home/wasp_mini/ros2_ws/install/robot_localization/share/robot_localization/test/test2.bag
[2.398s] -- Up-to-date: /home/wasp_mini/ros2_ws/install/robot_localization/share/robot_localization/test/test_ekf_localization_node_bag1.yaml
[2.399s] -- Up-to-date: /home/wasp_mini/ros2_ws/install/robot_localization/share/robot_localization/test/test_ekf_localization_node_bag3.yaml
[2.399s] -- Up-to-date: /home/wasp_mini/ros2_ws/install/robot_localization/share/robot_localization/test/test_ekf.cpp
[2.400s] -- Up-to-date: /home/wasp_mini/ros2_ws/install/robot_localization/share/robot_localization/test/test_ukf_localization_node_bag1.yaml
[2.400s] -- Up-to-date: /home/wasp_mini/ros2_ws/install/robot_localization/share/robot_localization/test/test_ekf_localization_node_interfaces.launch.py
[2.401s] -- Up-to-date: /home/wasp_mini/ros2_ws/install/robot_localization/share/robot_localization/test/test_localization_node_bag_pose_tester.cpp
[2.401s] -- Up-to-date: /home/wasp_mini/ros2_ws/install/robot_localization/share/robot_localization/test/test_ukf.cpp
[2.401s] -- Up-to-date: /home/wasp_mini/ros2_ws/install/robot_localization/share/robot_localization/test/test_ekf_localization_node_bag2.yaml
[2.401s] -- Up-to-date: /home/wasp_mini/ros2_ws/install/robot_localization/share/robot_localization/test/test3.bag
[2.402s] -- Up-to-date: /home/wasp_mini/ros2_ws/install/robot_localization/share/robot_localization/test/test_ros_robot_localization_listener.cpp
[2.402s] -- Up-to-date: /home/wasp_mini/ros2_ws/install/robot_localization/share/robot_localization/test/test_navsat_transform.cpp
[2.402s] -- Up-to-date: /home/wasp_mini/ros2_ws/install/robot_localization/share/robot_localization/test/test_ukf_localization_node_bag2.launch.py
[2.403s] -- Up-to-date: /home/wasp_mini/ros2_ws/install/robot_localization/share/robot_localization/test/test_ros_robot_localization_listener.yaml
[2.403s] -- Up-to-date: /home/wasp_mini/ros2_ws/install/robot_localization/share/robot_localization/test/test_ros_robot_localization_listener_publisher.cpp
[2.403s] -- Up-to-date: /home/wasp_mini/ros2_ws/install/robot_localization/share/robot_localization/test/test_filter_base_diagnostics_timestamps.cpp
[2.403s] -- Up-to-date: /home/wasp_mini/ros2_ws/install/robot_localization/share/robot_localization/test/test_ekf_localization_node_bag1.launch.py
[2.404s] -- Up-to-date: /home/wasp_mini/ros2_ws/install/robot_localization/share/robot_localization/test/test_ekf_localization_node_bag2.launch.py
[2.404s] -- Up-to-date: /home/wasp_mini/ros2_ws/install/robot_localization/share/robot_localization/test/test_ekf_localization_node_bag1.sh
[2.404s] -- Up-to-date: /home/wasp_mini/ros2_ws/install/robot_localization/share/robot_localization/test/test_ukf_localization_node_bag2.sh
[2.404s] -- Up-to-date: /home/wasp_mini/ros2_ws/install/robot_localization/share/robot_localization/test/test_ros_robot_localization_listener.launch.py
[2.405s] -- Up-to-date: /home/wasp_mini/ros2_ws/install/robot_localization/share/robot_localization/test/test_ukf_localization_node_bag3.yaml
[2.405s] -- Up-to-date: /home/wasp_mini/ros2_ws/install/robot_localization/share/robot_localization/test/test_ukf_localization_node_bag3.launch.py
[2.405s] -- Up-to-date: /home/wasp_mini/ros2_ws/install/robot_localization/share/robot_localization/test/test_ukf_localization_node_bag1.launch.py
[2.405s] -- Up-to-date: /home/wasp_mini/ros2_ws/install/robot_localization/share/robot_localization/test/test_ekf_localization_node_bag2.sh
[2.406s] -- Up-to-date: /home/wasp_mini/ros2_ws/install/robot_localization/share/robot_localization/test/test_ekf_localization_node_bag3.launch.py
[2.406s] -- Up-to-date: /home/wasp_mini/ros2_ws/install/robot_localization/share/robot_localization/test/test1.bag
[2.406s] -- Up-to-date: /home/wasp_mini/ros2_ws/install/robot_localization/share/robot_localization/test/test_ukf_localization_node_bag1.sh
[2.406s] -- Up-to-date: /home/wasp_mini/ros2_ws/install/robot_localization/share/robot_localization/test/test_filter_base_diagnostics_timestamps.launch.py
[2.407s] -- Up-to-date: /home/wasp_mini/ros2_ws/install/robot_localization/share/robot_localization/test/test_ukf_localization_node_bag2.yaml
[2.407s] -- Up-to-date: /home/wasp_mini/ros2_ws/install/robot_localization/share/robot_localization/test/test_ukf_localization_node_interfaces.launch.py
[2.407s] -- Up-to-date: /home/wasp_mini/ros2_ws/install/robot_localization/share/robot_localization/test/test_ekf_localization_node_interfaces.cpp
[2.407s] -- Up-to-date: /home/wasp_mini/ros2_ws/install/robot_localization/share/robot_localization/test/test_robot_localization_estimator.launch.py
[2.408s] -- Up-to-date: /home/wasp_mini/ros2_ws/install/robot_localization/share/robot_localization/test/test_navsat_transform.launch.py
[2.408s] -- Up-to-date: /home/wasp_mini/ros2_ws/install/robot_localization/share/robot_localization/test/test_ekf_localization_node_interfaces.yaml
[2.408s] -- Up-to-date: /home/wasp_mini/ros2_ws/install/robot_localization/lib/robot_localization/navsat_transform_node
[2.409s] -- Up-to-date: /home/wasp_mini/ros2_ws/install/robot_localization/lib/robot_localization/ekf_node
[2.409s] -- Up-to-date: /home/wasp_mini/ros2_ws/install/robot_localization/lib/robot_localization/ukf_node
[2.409s] -- Up-to-date: /home/wasp_mini/ros2_ws/install/robot_localization/lib/robot_localization/robot_localization_listener_node
[2.409s] -- Up-to-date: /home/wasp_mini/ros2_ws/install/robot_localization/lib/librl_lib.so
[2.409s] -- Up-to-date: /home/wasp_mini/ros2_ws/install/robot_localization/share/robot_localization/params
[2.410s] -- Up-to-date: /home/wasp_mini/ros2_ws/install/robot_localization/share/robot_localization/params/ukf.yaml
[2.410s] -- Up-to-date: /home/wasp_mini/ros2_ws/install/robot_localization/share/robot_localization/params/navsat_transform.yaml
[2.410s] -- Up-to-date: /home/wasp_mini/ros2_ws/install/robot_localization/share/robot_localization/params/nav2_multirobot_params_2.yaml
[2.410s] -- Up-to-date: /home/wasp_mini/ros2_ws/install/robot_localization/share/robot_localization/params/ekf.yaml
[2.410s] -- Up-to-date: /home/wasp_mini/ros2_ws/install/robot_localization/share/robot_localization/params/dual_ekf_navsat_example.yaml
[2.411s] -- Up-to-date: /home/wasp_mini/ros2_ws/install/robot_localization/share/robot_localization/params/nav2_multirobot_params_1.yaml
[2.411s] -- Up-to-date: /home/wasp_mini/ros2_ws/install/robot_localization/share/robot_localization/params/nav2_params.yaml
[2.411s] -- Up-to-date: /home/wasp_mini/ros2_ws/install/robot_localization/share/robot_localization/launch
[2.411s] -- Up-to-date: /home/wasp_mini/ros2_ws/install/robot_localization/share/robot_localization/launch/ukf.launch.py
[2.411s] -- Up-to-date: /home/wasp_mini/ros2_ws/install/robot_localization/share/robot_localization/launch/bringup_launch.py
[2.412s] -- Up-to-date: /home/wasp_mini/ros2_ws/install/robot_localization/share/robot_localization/launch/spawn_tb3_launch.py
[2.412s] -- Up-to-date: /home/wasp_mini/ros2_ws/install/robot_localization/share/robot_localization/launch/navigation_launch.py
[2.412s] -- Up-to-date: /home/wasp_mini/ros2_ws/install/robot_localization/share/robot_localization/launch/rviz_launch.py
[2.413s] -- Up-to-date: /home/wasp_mini/ros2_ws/install/robot_localization/share/robot_localization/launch/multi_tb3_simulation_launch.py
[2.418s] -- Up-to-date: /home/wasp_mini/ros2_ws/install/robot_localization/share/robot_localization/launch/dual_ekf_navsat_example.launch.py
[2.418s] -- Up-to-date: /home/wasp_mini/ros2_ws/install/robot_localization/share/robot_localization/launch/localization_launch.py
[2.418s] -- Up-to-date: /home/wasp_mini/ros2_ws/install/robot_localization/share/robot_localization/launch/slam_launch.py
[2.418s] -- Up-to-date: /home/wasp_mini/ros2_ws/install/robot_localization/share/robot_localization/launch/navsat_transform.launch.py
[2.419s] -- Up-to-date: /home/wasp_mini/ros2_ws/install/robot_localization/share/robot_localization/launch/ekf.launch.py
[2.419s] -- Up-to-date: /home/wasp_mini/ros2_ws/install/robot_localization/share/robot_localization/launch/tb3_simulation_launch.py
[2.419s] -- Up-to-date: /home/wasp_mini/ros2_ws/install/robot_localization/share/ament_index/resource_index/package_run_dependencies/robot_localization
[2.419s] -- Up-to-date: /home/wasp_mini/ros2_ws/install/robot_localization/share/ament_index/resource_index/parent_prefix_path/robot_localization
[2.419s] -- Up-to-date: /home/wasp_mini/ros2_ws/install/robot_localization/share/robot_localization/environment/ament_prefix_path.sh
[2.420s] -- Up-to-date: /home/wasp_mini/ros2_ws/install/robot_localization/share/robot_localization/environment/ament_prefix_path.dsv
[2.420s] -- Up-to-date: /home/wasp_mini/ros2_ws/install/robot_localization/share/robot_localization/environment/path.sh
[2.420s] -- Up-to-date: /home/wasp_mini/ros2_ws/install/robot_localization/share/robot_localization/environment/path.dsv
[2.420s] -- Up-to-date: /home/wasp_mini/ros2_ws/install/robot_localization/share/robot_localization/local_setup.bash
[2.420s] -- Up-to-date: /home/wasp_mini/ros2_ws/install/robot_localization/share/robot_localization/local_setup.sh
[2.420s] -- Up-to-date: /home/wasp_mini/ros2_ws/install/robot_localization/share/robot_localization/local_setup.zsh
[2.421s] -- Up-to-date: /home/wasp_mini/ros2_ws/install/robot_localization/share/robot_localization/local_setup.dsv
[2.421s] -- Installing: /home/wasp_mini/ros2_ws/install/robot_localization/share/robot_localization/package.dsv
[2.421s] -- Up-to-date: /home/wasp_mini/ros2_ws/install/robot_localization/share/ament_index/resource_index/packages/robot_localization
[2.421s] -- Up-to-date: /home/wasp_mini/ros2_ws/install/robot_localization/share/robot_localization/cmake/robot_localization__rosidl_generator_cExport.cmake
[2.421s] -- Up-to-date: /home/wasp_mini/ros2_ws/install/robot_localization/share/robot_localization/cmake/robot_localization__rosidl_generator_cExport-relwithdebinfo.cmake
[2.422s] -- Up-to-date: /home/wasp_mini/ros2_ws/install/robot_localization/share/robot_localization/cmake/robot_localization__rosidl_typesupport_introspection_cExport.cmake
[2.422s] -- Up-to-date: /home/wasp_mini/ros2_ws/install/robot_localization/share/robot_localization/cmake/robot_localization__rosidl_typesupport_introspection_cExport-relwithdebinfo.cmake
[2.422s] -- Up-to-date: /home/wasp_mini/ros2_ws/install/robot_localization/share/robot_localization/cmake/robot_localization__rosidl_typesupport_cExport.cmake
[2.422s] -- Up-to-date: /home/wasp_mini/ros2_ws/install/robot_localization/share/robot_localization/cmake/robot_localization__rosidl_typesupport_cExport-relwithdebinfo.cmake
[2.422s] -- Up-to-date: /home/wasp_mini/ros2_ws/install/robot_localization/share/robot_localization/cmake/robot_localization__rosidl_generator_cppExport.cmake
[2.423s] -- Up-to-date: /home/wasp_mini/ros2_ws/install/robot_localization/share/robot_localization/cmake/robot_localization__rosidl_typesupport_introspection_cppExport.cmake
[2.423s] -- Up-to-date: /home/wasp_mini/ros2_ws/install/robot_localization/share/robot_localization/cmake/robot_localization__rosidl_typesupport_introspection_cppExport-relwithdebinfo.cmake
[2.423s] -- Up-to-date: /home/wasp_mini/ros2_ws/install/robot_localization/share/robot_localization/cmake/robot_localization__rosidl_typesupport_cppExport.cmake
[2.423s] -- Up-to-date: /home/wasp_mini/ros2_ws/install/robot_localization/share/robot_localization/cmake/robot_localization__rosidl_typesupport_cppExport-relwithdebinfo.cmake
[2.423s] -- Up-to-date: /home/wasp_mini/ros2_ws/install/robot_localization/share/robot_localization/cmake/rosidl_cmake-extras.cmake
[2.423s] -- Up-to-date: /home/wasp_mini/ros2_ws/install/robot_localization/share/robot_localization/cmake/ament_cmake_export_dependencies-extras.cmake
[2.424s] -- Up-to-date: /home/wasp_mini/ros2_ws/install/robot_localization/share/robot_localization/cmake/ament_cmake_export_libraries-extras.cmake
[2.424s] -- Up-to-date: /home/wasp_mini/ros2_ws/install/robot_localization/share/robot_localization/cmake/ament_cmake_export_targets-extras.cmake
[2.424s] -- Up-to-date: /home/wasp_mini/ros2_ws/install/robot_localization/share/robot_localization/cmake/ament_cmake_export_include_directories-extras.cmake
[2.424s] -- Up-to-date: /home/wasp_mini/ros2_ws/install/robot_localization/share/robot_localization/cmake/rosidl_cmake_export_typesupport_libraries-extras.cmake
[2.424s] -- Up-to-date: /home/wasp_mini/ros2_ws/install/robot_localization/share/robot_localization/cmake/rosidl_cmake_export_typesupport_targets-extras.cmake
[2.425s] -- Up-to-date: /home/wasp_mini/ros2_ws/install/robot_localization/share/robot_localization/cmake/robot_localizationConfig.cmake
[2.425s] -- Up-to-date: /home/wasp_mini/ros2_ws/install/robot_localization/share/robot_localization/cmake/robot_localizationConfig-version.cmake
[2.425s] -- Up-to-date: /home/wasp_mini/ros2_ws/install/robot_localization/share/robot_localization/package.xml
[2.425s] Invoked command in '/home/wasp_mini/ros2_ws/build/robot_localization' returned '0': CMAKE_PREFIX_PATH=${CMAKE_PREFIX_PATH}:/home/wasp_mini/ros2_ws/install/wasp_mini_controller:/home/wasp_mini/ros2_ws/install/nav2_simple_commander:/home/wasp_mini/ros2_ws/install/nav2_gazebo_spawner:/opt/ros/foxy /usr/bin/cmake --install /home/wasp_mini/ros2_ws/build/robot_localization
