[0.812s] Invoking command in '/home/wasp_mini/ros2_ws/src/wasp_mini_controller': PYTHONPATH=/home/wasp_mini/ros2_ws/install/wasp_mini_controller/lib/python3.8/site-packages:${PYTHONPATH} /usr/bin/python3 setup.py egg_info --egg-base ../../build/wasp_mini_controller build --build-base /home/wasp_mini/ros2_ws/build/wasp_mini_controller/build install --prefix /home/wasp_mini/ros2_ws/install/wasp_mini_controller --record /home/wasp_mini/ros2_ws/build/wasp_mini_controller/install.log --single-version-externally-managed
[1.435s] running egg_info
[1.436s] writing ../../build/wasp_mini_controller/wasp_mini_controller.egg-info/PKG-INFO
[1.436s] writing dependency_links to ../../build/wasp_mini_controller/wasp_mini_controller.egg-info/dependency_links.txt
[1.437s] writing entry points to ../../build/wasp_mini_controller/wasp_mini_controller.egg-info/entry_points.txt
[1.437s] writing requirements to ../../build/wasp_mini_controller/wasp_mini_controller.egg-info/requires.txt
[1.437s] writing top-level names to ../../build/wasp_mini_controller/wasp_mini_controller.egg-info/top_level.txt
[1.556s] reading manifest file '../../build/wasp_mini_controller/wasp_mini_controller.egg-info/SOURCES.txt'
[1.558s] writing manifest file '../../build/wasp_mini_controller/wasp_mini_controller.egg-info/SOURCES.txt'
[1.558s] running build
[1.558s] running build_py
[1.564s] running install
[1.565s] running install_lib
[1.573s] running install_data
[1.575s] running install_egg_info
[1.583s] removing '/home/wasp_mini/ros2_ws/install/wasp_mini_controller/lib/python3.8/site-packages/wasp_mini_controller-0.0.0-py3.8.egg-info' (and everything under it)
[1.584s] Copying ../../build/wasp_mini_controller/wasp_mini_controller.egg-info to /home/wasp_mini/ros2_ws/install/wasp_mini_controller/lib/python3.8/site-packages/wasp_mini_controller-0.0.0-py3.8.egg-info
[1.584s] running install_scripts
[1.634s] Installing actuator_position script to /home/wasp_mini/ros2_ws/install/wasp_mini_controller/lib/wasp_mini_controller
[1.636s] Installing main_node script to /home/wasp_mini/ros2_ws/install/wasp_mini_controller/lib/wasp_mini_controller
[1.636s] Installing motor_FL script to /home/wasp_mini/ros2_ws/install/wasp_mini_controller/lib/wasp_mini_controller
[1.637s] Installing motor_FR script to /home/wasp_mini/ros2_ws/install/wasp_mini_controller/lib/wasp_mini_controller
[1.638s] writing list of installed files to '/home/wasp_mini/ros2_ws/build/wasp_mini_controller/install.log'
[1.685s] Invoked command in '/home/wasp_mini/ros2_ws/src/wasp_mini_controller' returned '0': PYTHONPATH=/home/wasp_mini/ros2_ws/install/wasp_mini_controller/lib/python3.8/site-packages:${PYTHONPATH} /usr/bin/python3 setup.py egg_info --egg-base ../../build/wasp_mini_controller build --build-base /home/wasp_mini/ros2_ws/build/wasp_mini_controller/build install --prefix /home/wasp_mini/ros2_ws/install/wasp_mini_controller --record /home/wasp_mini/ros2_ws/build/wasp_mini_controller/install.log --single-version-externally-managed
