[0.066s] Invoking command in '/home/wasp_mini/ros2_ws/build/vectornav_msgs': CMAKE_PREFIX_PATH=${CMAKE_PREFIX_PATH}:/home/wasp_mini/ros2_ws/install/wasp_mini_controller:/opt/ros/foxy /usr/bin/cmake --build /home/wasp_mini/ros2_ws/build/vectornav_msgs -- -j4 -l4
[0.451s] [  0%] Built target vectornav_msgs__cpp
[0.461s] [ 12%] Built target vectornav_msgs__rosidl_generator_c
[0.618s] [ 24%] Built target vectornav_msgs__rosidl_typesupport_introspection_cpp
[0.627s] [ 36%] Built target vectornav_msgs__rosidl_typesupport_cpp
[0.638s] [ 47%] Built target vectornav_msgs__rosidl_typesupport_fastrtps_cpp
[0.739s] [ 59%] Built target vectornav_msgs__rosidl_typesupport_introspection_c
[0.741s] [ 71%] Built target vectornav_msgs__rosidl_typesupport_fastrtps_c
[0.757s] [ 83%] Built target vectornav_msgs__rosidl_typesupport_c
[0.806s] [ 83%] Built target vectornav_msgs
[0.870s] [ 84%] Built target vectornav_msgs__py
[0.991s] [ 95%] Built target vectornav_msgs__python
[1.151s] [ 96%] Built target vectornav_msgs__rosidl_typesupport_c__pyext
[1.171s] [ 98%] Built target vectornav_msgs__rosidl_typesupport_introspection_c__pyext
[1.176s] [100%] Built target vectornav_msgs__rosidl_typesupport_fastrtps_c__pyext
[1.732s] Invoked command in '/home/wasp_mini/ros2_ws/build/vectornav_msgs' returned '0': CMAKE_PREFIX_PATH=${CMAKE_PREFIX_PATH}:/home/wasp_mini/ros2_ws/install/wasp_mini_controller:/opt/ros/foxy /usr/bin/cmake --build /home/wasp_mini/ros2_ws/build/vectornav_msgs -- -j4 -l4
[2.231s] Invoking command in '/home/wasp_mini/ros2_ws/build/vectornav_msgs': CMAKE_PREFIX_PATH=${CMAKE_PREFIX_PATH}:/home/wasp_mini/ros2_ws/install/wasp_mini_controller:/opt/ros/foxy /usr/bin/cmake --install /home/wasp_mini/ros2_ws/build/vectornav_msgs
[2.255s] -- Install configuration: ""
[2.257s] -- Up-to-date: /home/wasp_mini/ros2_ws/install/vectornav_msgs/share/ament_index/resource_index/rosidl_interfaces/vectornav_msgs
[2.260s] -- Up-to-date: /home/wasp_mini/ros2_ws/install/vectornav_msgs/include/vectornav_msgs
[2.263s] -- Up-to-date: /home/wasp_mini/ros2_ws/install/vectornav_msgs/include/vectornav_msgs/msg
[2.266s] -- Up-to-date: /home/wasp_mini/ros2_ws/install/vectornav_msgs/include/vectornav_msgs/msg/ins_status.h
[2.266s] -- Up-to-date: /home/wasp_mini/ros2_ws/install/vectornav_msgs/include/vectornav_msgs/msg/time_group.h
[2.266s] -- Up-to-date: /home/wasp_mini/ros2_ws/install/vectornav_msgs/include/vectornav_msgs/msg/dop.h
[2.266s] -- Up-to-date: /home/wasp_mini/ros2_ws/install/vectornav_msgs/include/vectornav_msgs/msg/rosidl_generator_c__visibility_control.h
[2.267s] -- Up-to-date: /home/wasp_mini/ros2_ws/install/vectornav_msgs/include/vectornav_msgs/msg/time_utc.h
[2.267s] -- Up-to-date: /home/wasp_mini/ros2_ws/install/vectornav_msgs/include/vectornav_msgs/msg/gps_group.h
[2.267s] -- Up-to-date: /home/wasp_mini/ros2_ws/install/vectornav_msgs/include/vectornav_msgs/msg/common_group.h
[2.267s] -- Up-to-date: /home/wasp_mini/ros2_ws/install/vectornav_msgs/include/vectornav_msgs/msg/detail
[2.267s] -- Up-to-date: /home/wasp_mini/ros2_ws/install/vectornav_msgs/include/vectornav_msgs/msg/detail/imu_group__type_support.h
[2.267s] -- Up-to-date: /home/wasp_mini/ros2_ws/install/vectornav_msgs/include/vectornav_msgs/msg/detail/gps_group__type_support.h
[2.267s] -- Up-to-date: /home/wasp_mini/ros2_ws/install/vectornav_msgs/include/vectornav_msgs/msg/detail/attitude_group__functions.h
[2.267s] -- Up-to-date: /home/wasp_mini/ros2_ws/install/vectornav_msgs/include/vectornav_msgs/msg/detail/time_status__functions.h
[2.268s] -- Up-to-date: /home/wasp_mini/ros2_ws/install/vectornav_msgs/include/vectornav_msgs/msg/detail/imu_group__struct.h
[2.268s] -- Up-to-date: /home/wasp_mini/ros2_ws/install/vectornav_msgs/include/vectornav_msgs/msg/detail/attitude_group__struct.h
[2.268s] -- Up-to-date: /home/wasp_mini/ros2_ws/install/vectornav_msgs/include/vectornav_msgs/msg/detail/common_group__type_support.h
[2.268s] -- Up-to-date: /home/wasp_mini/ros2_ws/install/vectornav_msgs/include/vectornav_msgs/msg/detail/common_group__functions.c
[2.268s] -- Up-to-date: /home/wasp_mini/ros2_ws/install/vectornav_msgs/include/vectornav_msgs/msg/detail/attitude_group__type_support.h
[2.269s] -- Up-to-date: /home/wasp_mini/ros2_ws/install/vectornav_msgs/include/vectornav_msgs/msg/detail/dop__struct.h
[2.269s] -- Up-to-date: /home/wasp_mini/ros2_ws/install/vectornav_msgs/include/vectornav_msgs/msg/detail/gps_group__struct.h
[2.271s] -- Up-to-date: /home/wasp_mini/ros2_ws/install/vectornav_msgs/include/vectornav_msgs/msg/detail/time_status__functions.c
[2.272s] -- Up-to-date: /home/wasp_mini/ros2_ws/install/vectornav_msgs/include/vectornav_msgs/msg/detail/attitude_group__functions.c
[2.272s] -- Up-to-date: /home/wasp_mini/ros2_ws/install/vectornav_msgs/include/vectornav_msgs/msg/detail/vpe_status__functions.c
[2.272s] -- Up-to-date: /home/wasp_mini/ros2_ws/install/vectornav_msgs/include/vectornav_msgs/msg/detail/time_group__struct.h
[2.272s] -- Up-to-date: /home/wasp_mini/ros2_ws/install/vectornav_msgs/include/vectornav_msgs/msg/detail/gps_group__functions.h
[2.272s] -- Up-to-date: /home/wasp_mini/ros2_ws/install/vectornav_msgs/include/vectornav_msgs/msg/detail/vpe_status__functions.h
[2.272s] -- Up-to-date: /home/wasp_mini/ros2_ws/install/vectornav_msgs/include/vectornav_msgs/msg/detail/vpe_status__type_support.h
[2.273s] -- Up-to-date: /home/wasp_mini/ros2_ws/install/vectornav_msgs/include/vectornav_msgs/msg/detail/ins_group__type_support.h
[2.273s] -- Up-to-date: /home/wasp_mini/ros2_ws/install/vectornav_msgs/include/vectornav_msgs/msg/detail/ins_status__type_support.h
[2.273s] -- Up-to-date: /home/wasp_mini/ros2_ws/install/vectornav_msgs/include/vectornav_msgs/msg/detail/gps_group__functions.c
[2.274s] -- Up-to-date: /home/wasp_mini/ros2_ws/install/vectornav_msgs/include/vectornav_msgs/msg/detail/time_utc__type_support.h
[2.274s] -- Up-to-date: /home/wasp_mini/ros2_ws/install/vectornav_msgs/include/vectornav_msgs/msg/detail/imu_group__functions.c
[2.274s] -- Up-to-date: /home/wasp_mini/ros2_ws/install/vectornav_msgs/include/vectornav_msgs/msg/detail/ins_group__functions.h
[2.274s] -- Up-to-date: /home/wasp_mini/ros2_ws/install/vectornav_msgs/include/vectornav_msgs/msg/detail/vpe_status__struct.h
[2.274s] -- Up-to-date: /home/wasp_mini/ros2_ws/install/vectornav_msgs/include/vectornav_msgs/msg/detail/time_utc__functions.c
[2.275s] -- Up-to-date: /home/wasp_mini/ros2_ws/install/vectornav_msgs/include/vectornav_msgs/msg/detail/time_utc__functions.h
[2.275s] -- Up-to-date: /home/wasp_mini/ros2_ws/install/vectornav_msgs/include/vectornav_msgs/msg/detail/ins_group__functions.c
[2.276s] -- Up-to-date: /home/wasp_mini/ros2_ws/install/vectornav_msgs/include/vectornav_msgs/msg/detail/time_status__struct.h
[2.276s] -- Up-to-date: /home/wasp_mini/ros2_ws/install/vectornav_msgs/include/vectornav_msgs/msg/detail/dop__functions.c
[2.276s] -- Up-to-date: /home/wasp_mini/ros2_ws/install/vectornav_msgs/include/vectornav_msgs/msg/detail/ins_group__struct.h
[2.276s] -- Up-to-date: /home/wasp_mini/ros2_ws/install/vectornav_msgs/include/vectornav_msgs/msg/detail/time_group__functions.h
[2.280s] -- Up-to-date: /home/wasp_mini/ros2_ws/install/vectornav_msgs/include/vectornav_msgs/msg/detail/time_utc__struct.h
[2.280s] -- Up-to-date: /home/wasp_mini/ros2_ws/install/vectornav_msgs/include/vectornav_msgs/msg/detail/dop__functions.h
[2.280s] -- Up-to-date: /home/wasp_mini/ros2_ws/install/vectornav_msgs/include/vectornav_msgs/msg/detail/imu_group__functions.h
[2.280s] -- Up-to-date: /home/wasp_mini/ros2_ws/install/vectornav_msgs/include/vectornav_msgs/msg/detail/time_status__type_support.h
[2.281s] -- Up-to-date: /home/wasp_mini/ros2_ws/install/vectornav_msgs/include/vectornav_msgs/msg/detail/common_group__struct.h
[2.281s] -- Up-to-date: /home/wasp_mini/ros2_ws/install/vectornav_msgs/include/vectornav_msgs/msg/detail/ins_status__struct.h
[2.281s] -- Up-to-date: /home/wasp_mini/ros2_ws/install/vectornav_msgs/include/vectornav_msgs/msg/detail/ins_status__functions.h
[2.281s] -- Up-to-date: /home/wasp_mini/ros2_ws/install/vectornav_msgs/include/vectornav_msgs/msg/detail/common_group__functions.h
[2.281s] -- Up-to-date: /home/wasp_mini/ros2_ws/install/vectornav_msgs/include/vectornav_msgs/msg/detail/dop__type_support.h
[2.281s] -- Up-to-date: /home/wasp_mini/ros2_ws/install/vectornav_msgs/include/vectornav_msgs/msg/detail/time_group__functions.c
[2.281s] -- Up-to-date: /home/wasp_mini/ros2_ws/install/vectornav_msgs/include/vectornav_msgs/msg/detail/ins_status__functions.c
[2.281s] -- Up-to-date: /home/wasp_mini/ros2_ws/install/vectornav_msgs/include/vectornav_msgs/msg/detail/time_group__type_support.h
[2.282s] -- Up-to-date: /home/wasp_mini/ros2_ws/install/vectornav_msgs/include/vectornav_msgs/msg/vpe_status.h
[2.282s] -- Up-to-date: /home/wasp_mini/ros2_ws/install/vectornav_msgs/include/vectornav_msgs/msg/attitude_group.h
[2.282s] -- Up-to-date: /home/wasp_mini/ros2_ws/install/vectornav_msgs/include/vectornav_msgs/msg/ins_group.h
[2.282s] -- Up-to-date: /home/wasp_mini/ros2_ws/install/vectornav_msgs/include/vectornav_msgs/msg/time_status.h
[2.282s] -- Up-to-date: /home/wasp_mini/ros2_ws/install/vectornav_msgs/include/vectornav_msgs/msg/imu_group.h
[2.283s] -- Up-to-date: /home/wasp_mini/ros2_ws/install/vectornav_msgs/share/vectornav_msgs/environment/library_path.sh
[2.283s] -- Up-to-date: /home/wasp_mini/ros2_ws/install/vectornav_msgs/share/vectornav_msgs/environment/library_path.dsv
[2.292s] -- Up-to-date: /home/wasp_mini/ros2_ws/install/vectornav_msgs/lib/libvectornav_msgs__rosidl_generator_c.so
[2.292s] -- Up-to-date: /home/wasp_mini/ros2_ws/install/vectornav_msgs/include/vectornav_msgs
[2.292s] -- Up-to-date: /home/wasp_mini/ros2_ws/install/vectornav_msgs/include/vectornav_msgs/msg
[2.292s] -- Up-to-date: /home/wasp_mini/ros2_ws/install/vectornav_msgs/include/vectornav_msgs/msg/rosidl_typesupport_fastrtps_c__visibility_control.h
[2.292s] -- Up-to-date: /home/wasp_mini/ros2_ws/install/vectornav_msgs/include/vectornav_msgs/msg/detail
[2.292s] -- Up-to-date: /home/wasp_mini/ros2_ws/install/vectornav_msgs/include/vectornav_msgs/msg/detail/time_status__rosidl_typesupport_fastrtps_c.h
[2.292s] -- Up-to-date: /home/wasp_mini/ros2_ws/install/vectornav_msgs/include/vectornav_msgs/msg/detail/common_group__rosidl_typesupport_fastrtps_c.h
[2.293s] -- Up-to-date: /home/wasp_mini/ros2_ws/install/vectornav_msgs/include/vectornav_msgs/msg/detail/ins_status__rosidl_typesupport_fastrtps_c.h
[2.293s] -- Up-to-date: /home/wasp_mini/ros2_ws/install/vectornav_msgs/include/vectornav_msgs/msg/detail/imu_group__rosidl_typesupport_fastrtps_c.h
[2.293s] -- Up-to-date: /home/wasp_mini/ros2_ws/install/vectornav_msgs/include/vectornav_msgs/msg/detail/time_utc__rosidl_typesupport_fastrtps_c.h
[2.293s] -- Up-to-date: /home/wasp_mini/ros2_ws/install/vectornav_msgs/include/vectornav_msgs/msg/detail/dop__rosidl_typesupport_fastrtps_c.h
[2.293s] -- Up-to-date: /home/wasp_mini/ros2_ws/install/vectornav_msgs/include/vectornav_msgs/msg/detail/time_group__rosidl_typesupport_fastrtps_c.h
[2.294s] -- Up-to-date: /home/wasp_mini/ros2_ws/install/vectornav_msgs/include/vectornav_msgs/msg/detail/gps_group__rosidl_typesupport_fastrtps_c.h
[2.294s] -- Up-to-date: /home/wasp_mini/ros2_ws/install/vectornav_msgs/include/vectornav_msgs/msg/detail/ins_group__rosidl_typesupport_fastrtps_c.h
[2.294s] -- Up-to-date: /home/wasp_mini/ros2_ws/install/vectornav_msgs/include/vectornav_msgs/msg/detail/vpe_status__rosidl_typesupport_fastrtps_c.h
[2.294s] -- Up-to-date: /home/wasp_mini/ros2_ws/install/vectornav_msgs/include/vectornav_msgs/msg/detail/attitude_group__rosidl_typesupport_fastrtps_c.h
[2.294s] -- Up-to-date: /home/wasp_mini/ros2_ws/install/vectornav_msgs/lib/libvectornav_msgs__rosidl_typesupport_fastrtps_c.so
[2.294s] -- Up-to-date: /home/wasp_mini/ros2_ws/install/vectornav_msgs/include/vectornav_msgs
[2.294s] -- Up-to-date: /home/wasp_mini/ros2_ws/install/vectornav_msgs/include/vectornav_msgs/msg
[2.295s] -- Up-to-date: /home/wasp_mini/ros2_ws/install/vectornav_msgs/include/vectornav_msgs/msg/rosidl_typesupport_fastrtps_cpp__visibility_control.h
[2.295s] -- Up-to-date: /home/wasp_mini/ros2_ws/install/vectornav_msgs/include/vectornav_msgs/msg/detail
[2.295s] -- Up-to-date: /home/wasp_mini/ros2_ws/install/vectornav_msgs/include/vectornav_msgs/msg/detail/ins_status__rosidl_typesupport_fastrtps_cpp.hpp
[2.295s] -- Up-to-date: /home/wasp_mini/ros2_ws/install/vectornav_msgs/include/vectornav_msgs/msg/detail/time_status__rosidl_typesupport_fastrtps_cpp.hpp
[2.295s] -- Up-to-date: /home/wasp_mini/ros2_ws/install/vectornav_msgs/include/vectornav_msgs/msg/detail/common_group__rosidl_typesupport_fastrtps_cpp.hpp
[2.295s] -- Up-to-date: /home/wasp_mini/ros2_ws/install/vectornav_msgs/include/vectornav_msgs/msg/detail/time_group__rosidl_typesupport_fastrtps_cpp.hpp
[2.295s] -- Up-to-date: /home/wasp_mini/ros2_ws/install/vectornav_msgs/include/vectornav_msgs/msg/detail/time_utc__rosidl_typesupport_fastrtps_cpp.hpp
[2.295s] -- Up-to-date: /home/wasp_mini/ros2_ws/install/vectornav_msgs/include/vectornav_msgs/msg/detail/dop__rosidl_typesupport_fastrtps_cpp.hpp
[2.296s] -- Up-to-date: /home/wasp_mini/ros2_ws/install/vectornav_msgs/include/vectornav_msgs/msg/detail/gps_group__rosidl_typesupport_fastrtps_cpp.hpp
[2.296s] -- Up-to-date: /home/wasp_mini/ros2_ws/install/vectornav_msgs/include/vectornav_msgs/msg/detail/dds_fastrtps
[2.296s] -- Up-to-date: /home/wasp_mini/ros2_ws/install/vectornav_msgs/include/vectornav_msgs/msg/detail/ins_group__rosidl_typesupport_fastrtps_cpp.hpp
[2.296s] -- Up-to-date: /home/wasp_mini/ros2_ws/install/vectornav_msgs/include/vectornav_msgs/msg/detail/imu_group__rosidl_typesupport_fastrtps_cpp.hpp
[2.297s] -- Up-to-date: /home/wasp_mini/ros2_ws/install/vectornav_msgs/include/vectornav_msgs/msg/detail/attitude_group__rosidl_typesupport_fastrtps_cpp.hpp
[2.297s] -- Up-to-date: /home/wasp_mini/ros2_ws/install/vectornav_msgs/include/vectornav_msgs/msg/detail/vpe_status__rosidl_typesupport_fastrtps_cpp.hpp
[2.301s] -- Up-to-date: /home/wasp_mini/ros2_ws/install/vectornav_msgs/lib/libvectornav_msgs__rosidl_typesupport_fastrtps_cpp.so
[2.302s] -- Up-to-date: /home/wasp_mini/ros2_ws/install/vectornav_msgs/include/vectornav_msgs
[2.303s] -- Up-to-date: /home/wasp_mini/ros2_ws/install/vectornav_msgs/include/vectornav_msgs/msg
[2.303s] -- Up-to-date: /home/wasp_mini/ros2_ws/install/vectornav_msgs/include/vectornav_msgs/msg/rosidl_typesupport_introspection_c__visibility_control.h
[2.303s] -- Up-to-date: /home/wasp_mini/ros2_ws/install/vectornav_msgs/include/vectornav_msgs/msg/detail
[2.303s] -- Up-to-date: /home/wasp_mini/ros2_ws/install/vectornav_msgs/include/vectornav_msgs/msg/detail/dop__rosidl_typesupport_introspection_c.h
[2.304s] -- Up-to-date: /home/wasp_mini/ros2_ws/install/vectornav_msgs/include/vectornav_msgs/msg/detail/time_utc__type_support.c
[2.304s] -- Up-to-date: /home/wasp_mini/ros2_ws/install/vectornav_msgs/include/vectornav_msgs/msg/detail/ins_status__type_support.c
[2.304s] -- Up-to-date: /home/wasp_mini/ros2_ws/install/vectornav_msgs/include/vectornav_msgs/msg/detail/attitude_group__type_support.c
[2.305s] -- Up-to-date: /home/wasp_mini/ros2_ws/install/vectornav_msgs/include/vectornav_msgs/msg/detail/time_group__type_support.c
[2.305s] -- Up-to-date: /home/wasp_mini/ros2_ws/install/vectornav_msgs/include/vectornav_msgs/msg/detail/time_utc__rosidl_typesupport_introspection_c.h
[2.305s] -- Up-to-date: /home/wasp_mini/ros2_ws/install/vectornav_msgs/include/vectornav_msgs/msg/detail/common_group__type_support.c
[2.305s] -- Up-to-date: /home/wasp_mini/ros2_ws/install/vectornav_msgs/include/vectornav_msgs/msg/detail/common_group__rosidl_typesupport_introspection_c.h
[2.305s] -- Up-to-date: /home/wasp_mini/ros2_ws/install/vectornav_msgs/include/vectornav_msgs/msg/detail/imu_group__rosidl_typesupport_introspection_c.h
[2.306s] -- Up-to-date: /home/wasp_mini/ros2_ws/install/vectornav_msgs/include/vectornav_msgs/msg/detail/attitude_group__rosidl_typesupport_introspection_c.h
[2.306s] -- Up-to-date: /home/wasp_mini/ros2_ws/install/vectornav_msgs/include/vectornav_msgs/msg/detail/gps_group__rosidl_typesupport_introspection_c.h
[2.306s] -- Up-to-date: /home/wasp_mini/ros2_ws/install/vectornav_msgs/include/vectornav_msgs/msg/detail/dop__type_support.c
[2.307s] -- Up-to-date: /home/wasp_mini/ros2_ws/install/vectornav_msgs/include/vectornav_msgs/msg/detail/time_status__rosidl_typesupport_introspection_c.h
[2.307s] -- Up-to-date: /home/wasp_mini/ros2_ws/install/vectornav_msgs/include/vectornav_msgs/msg/detail/ins_status__rosidl_typesupport_introspection_c.h
[2.307s] -- Up-to-date: /home/wasp_mini/ros2_ws/install/vectornav_msgs/include/vectornav_msgs/msg/detail/vpe_status__type_support.c
[2.308s] -- Up-to-date: /home/wasp_mini/ros2_ws/install/vectornav_msgs/include/vectornav_msgs/msg/detail/imu_group__type_support.c
[2.308s] -- Up-to-date: /home/wasp_mini/ros2_ws/install/vectornav_msgs/include/vectornav_msgs/msg/detail/ins_group__type_support.c
[2.308s] -- Up-to-date: /home/wasp_mini/ros2_ws/install/vectornav_msgs/include/vectornav_msgs/msg/detail/vpe_status__rosidl_typesupport_introspection_c.h
[2.308s] -- Up-to-date: /home/wasp_mini/ros2_ws/install/vectornav_msgs/include/vectornav_msgs/msg/detail/time_group__rosidl_typesupport_introspection_c.h
[2.308s] -- Up-to-date: /home/wasp_mini/ros2_ws/install/vectornav_msgs/include/vectornav_msgs/msg/detail/time_status__type_support.c
[2.309s] -- Up-to-date: /home/wasp_mini/ros2_ws/install/vectornav_msgs/include/vectornav_msgs/msg/detail/gps_group__type_support.c
[2.309s] -- Up-to-date: /home/wasp_mini/ros2_ws/install/vectornav_msgs/include/vectornav_msgs/msg/detail/ins_group__rosidl_typesupport_introspection_c.h
[2.310s] -- Up-to-date: /home/wasp_mini/ros2_ws/install/vectornav_msgs/lib/libvectornav_msgs__rosidl_typesupport_introspection_c.so
[2.310s] -- Up-to-date: /home/wasp_mini/ros2_ws/install/vectornav_msgs/lib/libvectornav_msgs__rosidl_typesupport_c.so
[2.310s] -- Up-to-date: /home/wasp_mini/ros2_ws/install/vectornav_msgs/include/vectornav_msgs
[2.311s] -- Up-to-date: /home/wasp_mini/ros2_ws/install/vectornav_msgs/include/vectornav_msgs/msg
[2.311s] -- Up-to-date: /home/wasp_mini/ros2_ws/install/vectornav_msgs/include/vectornav_msgs/msg/dop.hpp
[2.311s] -- Up-to-date: /home/wasp_mini/ros2_ws/install/vectornav_msgs/include/vectornav_msgs/msg/time_group.hpp
[2.312s] -- Up-to-date: /home/wasp_mini/ros2_ws/install/vectornav_msgs/include/vectornav_msgs/msg/imu_group.hpp
[2.312s] -- Up-to-date: /home/wasp_mini/ros2_ws/install/vectornav_msgs/include/vectornav_msgs/msg/ins_group.hpp
[2.312s] -- Up-to-date: /home/wasp_mini/ros2_ws/install/vectornav_msgs/include/vectornav_msgs/msg/gps_group.hpp
[2.312s] -- Up-to-date: /home/wasp_mini/ros2_ws/install/vectornav_msgs/include/vectornav_msgs/msg/detail
[2.312s] -- Up-to-date: /home/wasp_mini/ros2_ws/install/vectornav_msgs/include/vectornav_msgs/msg/detail/imu_group__traits.hpp
[2.313s] -- Up-to-date: /home/wasp_mini/ros2_ws/install/vectornav_msgs/include/vectornav_msgs/msg/detail/time_utc__struct.hpp
[2.313s] -- Up-to-date: /home/wasp_mini/ros2_ws/install/vectornav_msgs/include/vectornav_msgs/msg/detail/attitude_group__builder.hpp
[2.313s] -- Up-to-date: /home/wasp_mini/ros2_ws/install/vectornav_msgs/include/vectornav_msgs/msg/detail/time_status__builder.hpp
[2.313s] -- Up-to-date: /home/wasp_mini/ros2_ws/install/vectornav_msgs/include/vectornav_msgs/msg/detail/time_group__traits.hpp
[2.313s] -- Up-to-date: /home/wasp_mini/ros2_ws/install/vectornav_msgs/include/vectornav_msgs/msg/detail/ins_status__builder.hpp
[2.314s] -- Up-to-date: /home/wasp_mini/ros2_ws/install/vectornav_msgs/include/vectornav_msgs/msg/detail/ins_group__builder.hpp
[2.314s] -- Up-to-date: /home/wasp_mini/ros2_ws/install/vectornav_msgs/include/vectornav_msgs/msg/detail/gps_group__builder.hpp
[2.314s] -- Up-to-date: /home/wasp_mini/ros2_ws/install/vectornav_msgs/include/vectornav_msgs/msg/detail/common_group__traits.hpp
[2.314s] -- Up-to-date: /home/wasp_mini/ros2_ws/install/vectornav_msgs/include/vectornav_msgs/msg/detail/time_group__builder.hpp
[2.314s] -- Up-to-date: /home/wasp_mini/ros2_ws/install/vectornav_msgs/include/vectornav_msgs/msg/detail/ins_status__struct.hpp
[2.315s] -- Up-to-date: /home/wasp_mini/ros2_ws/install/vectornav_msgs/include/vectornav_msgs/msg/detail/common_group__struct.hpp
[2.315s] -- Up-to-date: /home/wasp_mini/ros2_ws/install/vectornav_msgs/include/vectornav_msgs/msg/detail/vpe_status__struct.hpp
[2.315s] -- Up-to-date: /home/wasp_mini/ros2_ws/install/vectornav_msgs/include/vectornav_msgs/msg/detail/dop__builder.hpp
[2.315s] -- Up-to-date: /home/wasp_mini/ros2_ws/install/vectornav_msgs/include/vectornav_msgs/msg/detail/time_status__struct.hpp
[2.316s] -- Up-to-date: /home/wasp_mini/ros2_ws/install/vectornav_msgs/include/vectornav_msgs/msg/detail/attitude_group__struct.hpp
[2.316s] -- Up-to-date: /home/wasp_mini/ros2_ws/install/vectornav_msgs/include/vectornav_msgs/msg/detail/attitude_group__traits.hpp
[2.316s] -- Up-to-date: /home/wasp_mini/ros2_ws/install/vectornav_msgs/include/vectornav_msgs/msg/detail/vpe_status__builder.hpp
[2.317s] -- Up-to-date: /home/wasp_mini/ros2_ws/install/vectornav_msgs/include/vectornav_msgs/msg/detail/imu_group__struct.hpp
[2.317s] -- Up-to-date: /home/wasp_mini/ros2_ws/install/vectornav_msgs/include/vectornav_msgs/msg/detail/vpe_status__traits.hpp
[2.317s] -- Up-to-date: /home/wasp_mini/ros2_ws/install/vectornav_msgs/include/vectornav_msgs/msg/detail/gps_group__traits.hpp
[2.317s] -- Up-to-date: /home/wasp_mini/ros2_ws/install/vectornav_msgs/include/vectornav_msgs/msg/detail/dop__struct.hpp
[2.317s] -- Up-to-date: /home/wasp_mini/ros2_ws/install/vectornav_msgs/include/vectornav_msgs/msg/detail/time_utc__traits.hpp
[2.318s] -- Up-to-date: /home/wasp_mini/ros2_ws/install/vectornav_msgs/include/vectornav_msgs/msg/detail/dop__traits.hpp
[2.318s] -- Up-to-date: /home/wasp_mini/ros2_ws/install/vectornav_msgs/include/vectornav_msgs/msg/detail/ins_status__traits.hpp
[2.318s] -- Up-to-date: /home/wasp_mini/ros2_ws/install/vectornav_msgs/include/vectornav_msgs/msg/detail/ins_group__traits.hpp
[2.318s] -- Up-to-date: /home/wasp_mini/ros2_ws/install/vectornav_msgs/include/vectornav_msgs/msg/detail/time_group__struct.hpp
[2.318s] -- Up-to-date: /home/wasp_mini/ros2_ws/install/vectornav_msgs/include/vectornav_msgs/msg/detail/time_utc__builder.hpp
[2.319s] -- Up-to-date: /home/wasp_mini/ros2_ws/install/vectornav_msgs/include/vectornav_msgs/msg/detail/time_status__traits.hpp
[2.319s] -- Up-to-date: /home/wasp_mini/ros2_ws/install/vectornav_msgs/include/vectornav_msgs/msg/detail/common_group__builder.hpp
[2.319s] -- Up-to-date: /home/wasp_mini/ros2_ws/install/vectornav_msgs/include/vectornav_msgs/msg/detail/gps_group__struct.hpp
[2.319s] -- Up-to-date: /home/wasp_mini/ros2_ws/install/vectornav_msgs/include/vectornav_msgs/msg/detail/imu_group__builder.hpp
[2.319s] -- Up-to-date: /home/wasp_mini/ros2_ws/install/vectornav_msgs/include/vectornav_msgs/msg/detail/ins_group__struct.hpp
[2.320s] -- Up-to-date: /home/wasp_mini/ros2_ws/install/vectornav_msgs/include/vectornav_msgs/msg/ins_status.hpp
[2.320s] -- Up-to-date: /home/wasp_mini/ros2_ws/install/vectornav_msgs/include/vectornav_msgs/msg/common_group.hpp
[2.320s] -- Up-to-date: /home/wasp_mini/ros2_ws/install/vectornav_msgs/include/vectornav_msgs/msg/time_utc.hpp
[2.320s] -- Up-to-date: /home/wasp_mini/ros2_ws/install/vectornav_msgs/include/vectornav_msgs/msg/time_status.hpp
[2.320s] -- Up-to-date: /home/wasp_mini/ros2_ws/install/vectornav_msgs/include/vectornav_msgs/msg/vpe_status.hpp
[2.320s] -- Up-to-date: /home/wasp_mini/ros2_ws/install/vectornav_msgs/include/vectornav_msgs/msg/attitude_group.hpp
[2.321s] -- Up-to-date: /home/wasp_mini/ros2_ws/install/vectornav_msgs/include/vectornav_msgs
[2.321s] -- Up-to-date: /home/wasp_mini/ros2_ws/install/vectornav_msgs/include/vectornav_msgs/msg
[2.321s] -- Up-to-date: /home/wasp_mini/ros2_ws/install/vectornav_msgs/include/vectornav_msgs/msg/detail
[2.321s] -- Up-to-date: /home/wasp_mini/ros2_ws/install/vectornav_msgs/include/vectornav_msgs/msg/detail/gps_group__type_support.cpp
[2.322s] -- Up-to-date: /home/wasp_mini/ros2_ws/install/vectornav_msgs/include/vectornav_msgs/msg/detail/ins_group__rosidl_typesupport_introspection_cpp.hpp
[2.322s] -- Up-to-date: /home/wasp_mini/ros2_ws/install/vectornav_msgs/include/vectornav_msgs/msg/detail/time_utc__rosidl_typesupport_introspection_cpp.hpp
[2.322s] -- Up-to-date: /home/wasp_mini/ros2_ws/install/vectornav_msgs/include/vectornav_msgs/msg/detail/ins_status__rosidl_typesupport_introspection_cpp.hpp
[2.322s] -- Up-to-date: /home/wasp_mini/ros2_ws/install/vectornav_msgs/include/vectornav_msgs/msg/detail/gps_group__rosidl_typesupport_introspection_cpp.hpp
[2.322s] -- Up-to-date: /home/wasp_mini/ros2_ws/install/vectornav_msgs/include/vectornav_msgs/msg/detail/vpe_status__rosidl_typesupport_introspection_cpp.hpp
[2.323s] -- Up-to-date: /home/wasp_mini/ros2_ws/install/vectornav_msgs/include/vectornav_msgs/msg/detail/common_group__type_support.cpp
[2.323s] -- Up-to-date: /home/wasp_mini/ros2_ws/install/vectornav_msgs/include/vectornav_msgs/msg/detail/dop__type_support.cpp
[2.323s] -- Up-to-date: /home/wasp_mini/ros2_ws/install/vectornav_msgs/include/vectornav_msgs/msg/detail/imu_group__rosidl_typesupport_introspection_cpp.hpp
[2.323s] -- Up-to-date: /home/wasp_mini/ros2_ws/install/vectornav_msgs/include/vectornav_msgs/msg/detail/time_status__type_support.cpp
[2.323s] -- Up-to-date: /home/wasp_mini/ros2_ws/install/vectornav_msgs/include/vectornav_msgs/msg/detail/time_utc__type_support.cpp
[2.323s] -- Up-to-date: /home/wasp_mini/ros2_ws/install/vectornav_msgs/include/vectornav_msgs/msg/detail/vpe_status__type_support.cpp
[2.324s] -- Up-to-date: /home/wasp_mini/ros2_ws/install/vectornav_msgs/include/vectornav_msgs/msg/detail/attitude_group__type_support.cpp
[2.324s] -- Up-to-date: /home/wasp_mini/ros2_ws/install/vectornav_msgs/include/vectornav_msgs/msg/detail/ins_group__type_support.cpp
[2.324s] -- Up-to-date: /home/wasp_mini/ros2_ws/install/vectornav_msgs/include/vectornav_msgs/msg/detail/time_group__type_support.cpp
[2.324s] -- Up-to-date: /home/wasp_mini/ros2_ws/install/vectornav_msgs/include/vectornav_msgs/msg/detail/imu_group__type_support.cpp
[2.324s] -- Up-to-date: /home/wasp_mini/ros2_ws/install/vectornav_msgs/include/vectornav_msgs/msg/detail/ins_status__type_support.cpp
[2.324s] -- Up-to-date: /home/wasp_mini/ros2_ws/install/vectornav_msgs/include/vectornav_msgs/msg/detail/time_status__rosidl_typesupport_introspection_cpp.hpp
[2.325s] -- Up-to-date: /home/wasp_mini/ros2_ws/install/vectornav_msgs/include/vectornav_msgs/msg/detail/time_group__rosidl_typesupport_introspection_cpp.hpp
[2.325s] -- Up-to-date: /home/wasp_mini/ros2_ws/install/vectornav_msgs/include/vectornav_msgs/msg/detail/attitude_group__rosidl_typesupport_introspection_cpp.hpp
[2.325s] -- Up-to-date: /home/wasp_mini/ros2_ws/install/vectornav_msgs/include/vectornav_msgs/msg/detail/dop__rosidl_typesupport_introspection_cpp.hpp
[2.325s] -- Up-to-date: /home/wasp_mini/ros2_ws/install/vectornav_msgs/include/vectornav_msgs/msg/detail/common_group__rosidl_typesupport_introspection_cpp.hpp
[2.325s] -- Up-to-date: /home/wasp_mini/ros2_ws/install/vectornav_msgs/lib/libvectornav_msgs__rosidl_typesupport_introspection_cpp.so
[2.326s] -- Up-to-date: /home/wasp_mini/ros2_ws/install/vectornav_msgs/lib/libvectornav_msgs__rosidl_typesupport_cpp.so
[2.326s] -- Up-to-date: /home/wasp_mini/ros2_ws/install/vectornav_msgs/share/vectornav_msgs/environment/pythonpath.sh
[2.326s] -- Up-to-date: /home/wasp_mini/ros2_ws/install/vectornav_msgs/share/vectornav_msgs/environment/pythonpath.dsv
[2.326s] -- Up-to-date: /home/wasp_mini/ros2_ws/install/vectornav_msgs/lib/python3.8/site-packages/vectornav_msgs/__init__.py
[2.377s] -- Up-to-date: /home/wasp_mini/ros2_ws/install/vectornav_msgs/lib/python3.8/site-packages/vectornav_msgs/msg
[2.378s] -- Up-to-date: /home/wasp_mini/ros2_ws/install/vectornav_msgs/lib/python3.8/site-packages/vectornav_msgs/msg/_vpe_status.py
[2.379s] -- Up-to-date: /home/wasp_mini/ros2_ws/install/vectornav_msgs/lib/python3.8/site-packages/vectornav_msgs/msg/_common_group.py
[2.379s] -- Up-to-date: /home/wasp_mini/ros2_ws/install/vectornav_msgs/lib/python3.8/site-packages/vectornav_msgs/msg/_ins_status_s.c
[2.379s] -- Up-to-date: /home/wasp_mini/ros2_ws/install/vectornav_msgs/lib/python3.8/site-packages/vectornav_msgs/msg/_time_utc.py
[2.379s] -- Up-to-date: /home/wasp_mini/ros2_ws/install/vectornav_msgs/lib/python3.8/site-packages/vectornav_msgs/msg/_imu_group.py
[2.380s] -- Up-to-date: /home/wasp_mini/ros2_ws/install/vectornav_msgs/lib/python3.8/site-packages/vectornav_msgs/msg/_gps_group_s.c
[2.380s] -- Up-to-date: /home/wasp_mini/ros2_ws/install/vectornav_msgs/lib/python3.8/site-packages/vectornav_msgs/msg/_common_group_s.c
[2.380s] -- Up-to-date: /home/wasp_mini/ros2_ws/install/vectornav_msgs/lib/python3.8/site-packages/vectornav_msgs/msg/_ins_status.py
[2.380s] -- Up-to-date: /home/wasp_mini/ros2_ws/install/vectornav_msgs/lib/python3.8/site-packages/vectornav_msgs/msg/_time_group_s.c
[2.380s] -- Up-to-date: /home/wasp_mini/ros2_ws/install/vectornav_msgs/lib/python3.8/site-packages/vectornav_msgs/msg/_dop.py
[2.380s] -- Up-to-date: /home/wasp_mini/ros2_ws/install/vectornav_msgs/lib/python3.8/site-packages/vectornav_msgs/msg/_dop_s.c
[2.380s] -- Up-to-date: /home/wasp_mini/ros2_ws/install/vectornav_msgs/lib/python3.8/site-packages/vectornav_msgs/msg/_attitude_group_s.c
[2.380s] -- Up-to-date: /home/wasp_mini/ros2_ws/install/vectornav_msgs/lib/python3.8/site-packages/vectornav_msgs/msg/_vpe_status_s.c
[2.380s] -- Up-to-date: /home/wasp_mini/ros2_ws/install/vectornav_msgs/lib/python3.8/site-packages/vectornav_msgs/msg/_ins_group_s.c
[2.381s] -- Up-to-date: /home/wasp_mini/ros2_ws/install/vectornav_msgs/lib/python3.8/site-packages/vectornav_msgs/msg/_gps_group.py
[2.381s] -- Up-to-date: /home/wasp_mini/ros2_ws/install/vectornav_msgs/lib/python3.8/site-packages/vectornav_msgs/msg/__init__.py
[2.381s] -- Up-to-date: /home/wasp_mini/ros2_ws/install/vectornav_msgs/lib/python3.8/site-packages/vectornav_msgs/msg/_ins_group.py
[2.381s] -- Up-to-date: /home/wasp_mini/ros2_ws/install/vectornav_msgs/lib/python3.8/site-packages/vectornav_msgs/msg/_time_group.py
[2.381s] -- Up-to-date: /home/wasp_mini/ros2_ws/install/vectornav_msgs/lib/python3.8/site-packages/vectornav_msgs/msg/_imu_group_s.c
[2.382s] -- Up-to-date: /home/wasp_mini/ros2_ws/install/vectornav_msgs/lib/python3.8/site-packages/vectornav_msgs/msg/_time_utc_s.c
[2.382s] -- Up-to-date: /home/wasp_mini/ros2_ws/install/vectornav_msgs/lib/python3.8/site-packages/vectornav_msgs/msg/_attitude_group.py
[2.382s] -- Up-to-date: /home/wasp_mini/ros2_ws/install/vectornav_msgs/lib/python3.8/site-packages/vectornav_msgs/msg/_time_status.py
[2.382s] -- Up-to-date: /home/wasp_mini/ros2_ws/install/vectornav_msgs/lib/python3.8/site-packages/vectornav_msgs/msg/_time_status_s.c
[2.382s] -- Up-to-date: /home/wasp_mini/ros2_ws/install/vectornav_msgs/lib/python3.8/site-packages/vectornav_msgs/vectornav_msgs_s__rosidl_typesupport_fastrtps_c.cpython-38-x86_64-linux-gnu.so
[2.384s] -- Up-to-date: /home/wasp_mini/ros2_ws/install/vectornav_msgs/lib/python3.8/site-packages/vectornav_msgs/vectornav_msgs_s__rosidl_typesupport_introspection_c.cpython-38-x86_64-linux-gnu.so
[2.387s] -- Up-to-date: /home/wasp_mini/ros2_ws/install/vectornav_msgs/lib/python3.8/site-packages/vectornav_msgs/vectornav_msgs_s__rosidl_typesupport_c.cpython-38-x86_64-linux-gnu.so
[2.393s] -- Up-to-date: /home/wasp_mini/ros2_ws/install/vectornav_msgs/lib/libvectornav_msgs__python.so
[2.394s] -- Up-to-date: /home/wasp_mini/ros2_ws/install/vectornav_msgs/share/vectornav_msgs/msg/CommonGroup.idl
[2.395s] -- Up-to-date: /home/wasp_mini/ros2_ws/install/vectornav_msgs/share/vectornav_msgs/msg/TimeGroup.idl
[2.396s] -- Up-to-date: /home/wasp_mini/ros2_ws/install/vectornav_msgs/share/vectornav_msgs/msg/ImuGroup.idl
[2.397s] -- Up-to-date: /home/wasp_mini/ros2_ws/install/vectornav_msgs/share/vectornav_msgs/msg/GpsGroup.idl
[2.397s] -- Up-to-date: /home/wasp_mini/ros2_ws/install/vectornav_msgs/share/vectornav_msgs/msg/AttitudeGroup.idl
[2.397s] -- Up-to-date: /home/wasp_mini/ros2_ws/install/vectornav_msgs/share/vectornav_msgs/msg/InsGroup.idl
[2.398s] -- Up-to-date: /home/wasp_mini/ros2_ws/install/vectornav_msgs/share/vectornav_msgs/msg/TimeUTC.idl
[2.399s] -- Up-to-date: /home/wasp_mini/ros2_ws/install/vectornav_msgs/share/vectornav_msgs/msg/DOP.idl
[2.399s] -- Up-to-date: /home/wasp_mini/ros2_ws/install/vectornav_msgs/share/vectornav_msgs/msg/VpeStatus.idl
[2.399s] -- Up-to-date: /home/wasp_mini/ros2_ws/install/vectornav_msgs/share/vectornav_msgs/msg/TimeStatus.idl
[2.400s] -- Up-to-date: /home/wasp_mini/ros2_ws/install/vectornav_msgs/share/vectornav_msgs/msg/InsStatus.idl
[2.400s] -- Up-to-date: /home/wasp_mini/ros2_ws/install/vectornav_msgs/share/vectornav_msgs/msg/CommonGroup.msg
[2.401s] -- Up-to-date: /home/wasp_mini/ros2_ws/install/vectornav_msgs/share/vectornav_msgs/msg/TimeGroup.msg
[2.401s] -- Up-to-date: /home/wasp_mini/ros2_ws/install/vectornav_msgs/share/vectornav_msgs/msg/ImuGroup.msg
[2.401s] -- Up-to-date: /home/wasp_mini/ros2_ws/install/vectornav_msgs/share/vectornav_msgs/msg/GpsGroup.msg
[2.401s] -- Up-to-date: /home/wasp_mini/ros2_ws/install/vectornav_msgs/share/vectornav_msgs/msg/AttitudeGroup.msg
[2.401s] -- Up-to-date: /home/wasp_mini/ros2_ws/install/vectornav_msgs/share/vectornav_msgs/msg/InsGroup.msg
[2.401s] -- Up-to-date: /home/wasp_mini/ros2_ws/install/vectornav_msgs/share/vectornav_msgs/msg/TimeUTC.msg
[2.402s] -- Up-to-date: /home/wasp_mini/ros2_ws/install/vectornav_msgs/share/vectornav_msgs/msg/DOP.msg
[2.402s] -- Up-to-date: /home/wasp_mini/ros2_ws/install/vectornav_msgs/share/vectornav_msgs/msg/VpeStatus.msg
[2.402s] -- Up-to-date: /home/wasp_mini/ros2_ws/install/vectornav_msgs/share/vectornav_msgs/msg/TimeStatus.msg
[2.402s] -- Up-to-date: /home/wasp_mini/ros2_ws/install/vectornav_msgs/share/vectornav_msgs/msg/InsStatus.msg
[2.402s] -- Up-to-date: /home/wasp_mini/ros2_ws/install/vectornav_msgs/share/ament_index/resource_index/package_run_dependencies/vectornav_msgs
[2.403s] -- Up-to-date: /home/wasp_mini/ros2_ws/install/vectornav_msgs/share/ament_index/resource_index/parent_prefix_path/vectornav_msgs
[2.403s] -- Up-to-date: /home/wasp_mini/ros2_ws/install/vectornav_msgs/share/vectornav_msgs/environment/ament_prefix_path.sh
[2.403s] -- Up-to-date: /home/wasp_mini/ros2_ws/install/vectornav_msgs/share/vectornav_msgs/environment/ament_prefix_path.dsv
[2.403s] -- Up-to-date: /home/wasp_mini/ros2_ws/install/vectornav_msgs/share/vectornav_msgs/environment/path.sh
[2.403s] -- Up-to-date: /home/wasp_mini/ros2_ws/install/vectornav_msgs/share/vectornav_msgs/environment/path.dsv
[2.404s] -- Up-to-date: /home/wasp_mini/ros2_ws/install/vectornav_msgs/share/vectornav_msgs/local_setup.bash
[2.404s] -- Up-to-date: /home/wasp_mini/ros2_ws/install/vectornav_msgs/share/vectornav_msgs/local_setup.sh
[2.404s] -- Up-to-date: /home/wasp_mini/ros2_ws/install/vectornav_msgs/share/vectornav_msgs/local_setup.zsh
[2.404s] -- Up-to-date: /home/wasp_mini/ros2_ws/install/vectornav_msgs/share/vectornav_msgs/local_setup.dsv
[2.404s] -- Installing: /home/wasp_mini/ros2_ws/install/vectornav_msgs/share/vectornav_msgs/package.dsv
[2.404s] -- Up-to-date: /home/wasp_mini/ros2_ws/install/vectornav_msgs/share/ament_index/resource_index/packages/vectornav_msgs
[2.405s] -- Up-to-date: /home/wasp_mini/ros2_ws/install/vectornav_msgs/share/vectornav_msgs/cmake/vectornav_msgs__rosidl_generator_cExport.cmake
[2.405s] -- Up-to-date: /home/wasp_mini/ros2_ws/install/vectornav_msgs/share/vectornav_msgs/cmake/vectornav_msgs__rosidl_generator_cExport-noconfig.cmake
[2.407s] -- Up-to-date: /home/wasp_mini/ros2_ws/install/vectornav_msgs/share/vectornav_msgs/cmake/vectornav_msgs__rosidl_typesupport_introspection_cExport.cmake
[2.408s] -- Up-to-date: /home/wasp_mini/ros2_ws/install/vectornav_msgs/share/vectornav_msgs/cmake/vectornav_msgs__rosidl_typesupport_introspection_cExport-noconfig.cmake
[2.410s] -- Up-to-date: /home/wasp_mini/ros2_ws/install/vectornav_msgs/share/vectornav_msgs/cmake/vectornav_msgs__rosidl_typesupport_cExport.cmake
[2.410s] -- Up-to-date: /home/wasp_mini/ros2_ws/install/vectornav_msgs/share/vectornav_msgs/cmake/vectornav_msgs__rosidl_typesupport_cExport-noconfig.cmake
[2.412s] -- Up-to-date: /home/wasp_mini/ros2_ws/install/vectornav_msgs/share/vectornav_msgs/cmake/vectornav_msgs__rosidl_generator_cppExport.cmake
[2.414s] -- Up-to-date: /home/wasp_mini/ros2_ws/install/vectornav_msgs/share/vectornav_msgs/cmake/vectornav_msgs__rosidl_typesupport_introspection_cppExport.cmake
[2.414s] -- Up-to-date: /home/wasp_mini/ros2_ws/install/vectornav_msgs/share/vectornav_msgs/cmake/vectornav_msgs__rosidl_typesupport_introspection_cppExport-noconfig.cmake
[2.416s] -- Up-to-date: /home/wasp_mini/ros2_ws/install/vectornav_msgs/share/vectornav_msgs/cmake/vectornav_msgs__rosidl_typesupport_cppExport.cmake
[2.416s] -- Up-to-date: /home/wasp_mini/ros2_ws/install/vectornav_msgs/share/vectornav_msgs/cmake/vectornav_msgs__rosidl_typesupport_cppExport-noconfig.cmake
[2.416s] -- Up-to-date: /home/wasp_mini/ros2_ws/install/vectornav_msgs/share/vectornav_msgs/cmake/rosidl_cmake-extras.cmake
[2.416s] -- Up-to-date: /home/wasp_mini/ros2_ws/install/vectornav_msgs/share/vectornav_msgs/cmake/ament_cmake_export_dependencies-extras.cmake
[2.417s] -- Up-to-date: /home/wasp_mini/ros2_ws/install/vectornav_msgs/share/vectornav_msgs/cmake/ament_cmake_export_libraries-extras.cmake
[2.417s] -- Up-to-date: /home/wasp_mini/ros2_ws/install/vectornav_msgs/share/vectornav_msgs/cmake/ament_cmake_export_targets-extras.cmake
[2.417s] -- Up-to-date: /home/wasp_mini/ros2_ws/install/vectornav_msgs/share/vectornav_msgs/cmake/ament_cmake_export_include_directories-extras.cmake
[2.418s] -- Up-to-date: /home/wasp_mini/ros2_ws/install/vectornav_msgs/share/vectornav_msgs/cmake/rosidl_cmake_export_typesupport_libraries-extras.cmake
[2.418s] -- Up-to-date: /home/wasp_mini/ros2_ws/install/vectornav_msgs/share/vectornav_msgs/cmake/rosidl_cmake_export_typesupport_targets-extras.cmake
[2.418s] -- Up-to-date: /home/wasp_mini/ros2_ws/install/vectornav_msgs/share/vectornav_msgs/cmake/vectornav_msgsConfig.cmake
[2.418s] -- Up-to-date: /home/wasp_mini/ros2_ws/install/vectornav_msgs/share/vectornav_msgs/cmake/vectornav_msgsConfig-version.cmake
[2.418s] -- Up-to-date: /home/wasp_mini/ros2_ws/install/vectornav_msgs/share/vectornav_msgs/package.xml
[2.424s] Invoked command in '/home/wasp_mini/ros2_ws/build/vectornav_msgs' returned '0': CMAKE_PREFIX_PATH=${CMAKE_PREFIX_PATH}:/home/wasp_mini/ros2_ws/install/wasp_mini_controller:/opt/ros/foxy /usr/bin/cmake --install /home/wasp_mini/ros2_ws/build/vectornav_msgs
