[0.031s] Invoking command in '/home/wasp_mini/ros2_ws/build/nav2_msgs': AMENT_PREFIX_PATH=/home/wasp_mini/ros2_ws/install/nav2_common:${AMENT_PREFIX_PATH} CMAKE_PREFIX_PATH=/home/wasp_mini/ros2_ws/install/nav2_common:/opt/ros/foxy PYTHONPATH=/home/wasp_mini/ros2_ws/install/nav2_common/lib/python3.8/site-packages:${PYTHONPATH} /usr/bin/cmake --build /home/wasp_mini/ros2_ws/build/nav2_msgs -- -j4 -l4
[0.217s] [  0%] Built target nav2_msgs__cpp
[0.305s] [ 12%] Built target nav2_msgs__rosidl_generator_c
[0.471s] [ 24%] Built target nav2_msgs__rosidl_typesupport_cpp
[0.492s] [ 37%] Built target nav2_msgs__rosidl_typesupport_introspection_cpp
[0.502s] [ 49%] Built target nav2_msgs__rosidl_typesupport_c
[0.536s] [ 61%] Built target nav2_msgs__rosidl_typesupport_fastrtps_cpp
[0.677s] [ 74%] Built target nav2_msgs__rosidl_typesupport_introspection_c
[0.685s] [ 86%] Built target nav2_msgs__rosidl_typesupport_fastrtps_c
[0.743s] [ 86%] Built target nav2_msgs
[0.800s] [ 86%] Built target nav2_msgs__py
[0.944s] [ 98%] Built target nav2_msgs__python
[1.076s] [ 98%] Built target nav2_msgs__rosidl_typesupport_introspection_c__pyext
[1.080s] [ 99%] Built target nav2_msgs__rosidl_typesupport_c__pyext
[1.084s] [100%] Built target nav2_msgs__rosidl_typesupport_fastrtps_c__pyext
[1.117s] Invoked command in '/home/wasp_mini/ros2_ws/build/nav2_msgs' returned '0': AMENT_PREFIX_PATH=/home/wasp_mini/ros2_ws/install/nav2_common:${AMENT_PREFIX_PATH} CMAKE_PREFIX_PATH=/home/wasp_mini/ros2_ws/install/nav2_common:/opt/ros/foxy PYTHONPATH=/home/wasp_mini/ros2_ws/install/nav2_common/lib/python3.8/site-packages:${PYTHONPATH} /usr/bin/cmake --build /home/wasp_mini/ros2_ws/build/nav2_msgs -- -j4 -l4
[2.001s] Invoking command in '/home/wasp_mini/ros2_ws/build/nav2_msgs': AMENT_PREFIX_PATH=/home/wasp_mini/ros2_ws/install/nav2_common:${AMENT_PREFIX_PATH} CMAKE_PREFIX_PATH=/home/wasp_mini/ros2_ws/install/nav2_common:/opt/ros/foxy PYTHONPATH=/home/wasp_mini/ros2_ws/install/nav2_common/lib/python3.8/site-packages:${PYTHONPATH} /usr/bin/cmake --install /home/wasp_mini/ros2_ws/build/nav2_msgs
[2.039s] -- Install configuration: "Release"
[2.039s] -- Up-to-date: /home/wasp_mini/ros2_ws/install/nav2_msgs/share/ament_index/resource_index/rosidl_interfaces/nav2_msgs
[2.040s] -- Up-to-date: /home/wasp_mini/ros2_ws/install/nav2_msgs/include/nav2_msgs
[2.040s] -- Up-to-date: /home/wasp_mini/ros2_ws/install/nav2_msgs/include/nav2_msgs/srv
[2.040s] -- Up-to-date: /home/wasp_mini/ros2_ws/install/nav2_msgs/include/nav2_msgs/srv/get_costmap.h
[2.040s] -- Up-to-date: /home/wasp_mini/ros2_ws/install/nav2_msgs/include/nav2_msgs/srv/save_map.h
[2.041s] -- Up-to-date: /home/wasp_mini/ros2_ws/install/nav2_msgs/include/nav2_msgs/srv/clear_entire_costmap.h
[2.041s] -- Up-to-date: /home/wasp_mini/ros2_ws/install/nav2_msgs/include/nav2_msgs/srv/manage_lifecycle_nodes.h
[2.041s] -- Up-to-date: /home/wasp_mini/ros2_ws/install/nav2_msgs/include/nav2_msgs/srv/detail
[2.042s] -- Up-to-date: /home/wasp_mini/ros2_ws/install/nav2_msgs/include/nav2_msgs/srv/detail/clear_entire_costmap__functions.h
[2.042s] -- Up-to-date: /home/wasp_mini/ros2_ws/install/nav2_msgs/include/nav2_msgs/srv/detail/get_costmap__functions.c
[2.042s] -- Up-to-date: /home/wasp_mini/ros2_ws/install/nav2_msgs/include/nav2_msgs/srv/detail/load_map__struct.h
[2.043s] -- Up-to-date: /home/wasp_mini/ros2_ws/install/nav2_msgs/include/nav2_msgs/srv/detail/clear_costmap_around_robot__functions.h
[2.043s] -- Up-to-date: /home/wasp_mini/ros2_ws/install/nav2_msgs/include/nav2_msgs/srv/detail/save_map__functions.h
[2.043s] -- Up-to-date: /home/wasp_mini/ros2_ws/install/nav2_msgs/include/nav2_msgs/srv/detail/manage_lifecycle_nodes__struct.h
[2.043s] -- Up-to-date: /home/wasp_mini/ros2_ws/install/nav2_msgs/include/nav2_msgs/srv/detail/clear_costmap_around_robot__functions.c
[2.044s] -- Up-to-date: /home/wasp_mini/ros2_ws/install/nav2_msgs/include/nav2_msgs/srv/detail/save_map__struct.h
[2.044s] -- Up-to-date: /home/wasp_mini/ros2_ws/install/nav2_msgs/include/nav2_msgs/srv/detail/get_costmap__functions.h
[2.044s] -- Up-to-date: /home/wasp_mini/ros2_ws/install/nav2_msgs/include/nav2_msgs/srv/detail/clear_costmap_around_robot__type_support.h
[2.045s] -- Up-to-date: /home/wasp_mini/ros2_ws/install/nav2_msgs/include/nav2_msgs/srv/detail/clear_costmap_except_region__functions.c
[2.046s] -- Up-to-date: /home/wasp_mini/ros2_ws/install/nav2_msgs/include/nav2_msgs/srv/detail/clear_entire_costmap__type_support.h
[2.046s] -- Up-to-date: /home/wasp_mini/ros2_ws/install/nav2_msgs/include/nav2_msgs/srv/detail/manage_lifecycle_nodes__functions.c
[2.047s] -- Up-to-date: /home/wasp_mini/ros2_ws/install/nav2_msgs/include/nav2_msgs/srv/detail/manage_lifecycle_nodes__functions.h
[2.047s] -- Up-to-date: /home/wasp_mini/ros2_ws/install/nav2_msgs/include/nav2_msgs/srv/detail/clear_costmap_except_region__type_support.h
[2.048s] -- Up-to-date: /home/wasp_mini/ros2_ws/install/nav2_msgs/include/nav2_msgs/srv/detail/clear_costmap_except_region__functions.h
[2.048s] -- Up-to-date: /home/wasp_mini/ros2_ws/install/nav2_msgs/include/nav2_msgs/srv/detail/manage_lifecycle_nodes__type_support.h
[2.048s] -- Up-to-date: /home/wasp_mini/ros2_ws/install/nav2_msgs/include/nav2_msgs/srv/detail/clear_entire_costmap__struct.h
[2.048s] -- Up-to-date: /home/wasp_mini/ros2_ws/install/nav2_msgs/include/nav2_msgs/srv/detail/clear_costmap_except_region__struct.h
[2.048s] -- Up-to-date: /home/wasp_mini/ros2_ws/install/nav2_msgs/include/nav2_msgs/srv/detail/load_map__functions.h
[2.049s] -- Up-to-date: /home/wasp_mini/ros2_ws/install/nav2_msgs/include/nav2_msgs/srv/detail/clear_entire_costmap__functions.c
[2.050s] -- Up-to-date: /home/wasp_mini/ros2_ws/install/nav2_msgs/include/nav2_msgs/srv/detail/save_map__functions.c
[2.050s] -- Up-to-date: /home/wasp_mini/ros2_ws/install/nav2_msgs/include/nav2_msgs/srv/detail/get_costmap__type_support.h
[2.050s] -- Up-to-date: /home/wasp_mini/ros2_ws/install/nav2_msgs/include/nav2_msgs/srv/detail/load_map__type_support.h
[2.051s] -- Up-to-date: /home/wasp_mini/ros2_ws/install/nav2_msgs/include/nav2_msgs/srv/detail/load_map__functions.c
[2.051s] -- Up-to-date: /home/wasp_mini/ros2_ws/install/nav2_msgs/include/nav2_msgs/srv/detail/save_map__type_support.h
[2.051s] -- Up-to-date: /home/wasp_mini/ros2_ws/install/nav2_msgs/include/nav2_msgs/srv/detail/clear_costmap_around_robot__struct.h
[2.051s] -- Up-to-date: /home/wasp_mini/ros2_ws/install/nav2_msgs/include/nav2_msgs/srv/detail/get_costmap__struct.h
[2.052s] -- Up-to-date: /home/wasp_mini/ros2_ws/install/nav2_msgs/include/nav2_msgs/srv/clear_costmap_around_robot.h
[2.052s] -- Up-to-date: /home/wasp_mini/ros2_ws/install/nav2_msgs/include/nav2_msgs/srv/clear_costmap_except_region.h
[2.053s] -- Up-to-date: /home/wasp_mini/ros2_ws/install/nav2_msgs/include/nav2_msgs/srv/load_map.h
[2.053s] -- Up-to-date: /home/wasp_mini/ros2_ws/install/nav2_msgs/include/nav2_msgs/msg
[2.055s] -- Up-to-date: /home/wasp_mini/ros2_ws/install/nav2_msgs/include/nav2_msgs/msg/speed_limit.h
[2.056s] -- Up-to-date: /home/wasp_mini/ros2_ws/install/nav2_msgs/include/nav2_msgs/msg/voxel_grid.h
[2.057s] -- Up-to-date: /home/wasp_mini/ros2_ws/install/nav2_msgs/include/nav2_msgs/msg/rosidl_generator_c__visibility_control.h
[2.058s] -- Up-to-date: /home/wasp_mini/ros2_ws/install/nav2_msgs/include/nav2_msgs/msg/costmap.h
[2.059s] -- Up-to-date: /home/wasp_mini/ros2_ws/install/nav2_msgs/include/nav2_msgs/msg/particle_cloud.h
[2.059s] -- Up-to-date: /home/wasp_mini/ros2_ws/install/nav2_msgs/include/nav2_msgs/msg/costmap_filter_info.h
[2.060s] -- Up-to-date: /home/wasp_mini/ros2_ws/install/nav2_msgs/include/nav2_msgs/msg/behavior_tree_status_change.h
[2.060s] -- Up-to-date: /home/wasp_mini/ros2_ws/install/nav2_msgs/include/nav2_msgs/msg/behavior_tree_log.h
[2.060s] -- Up-to-date: /home/wasp_mini/ros2_ws/install/nav2_msgs/include/nav2_msgs/msg/detail
[2.061s] -- Up-to-date: /home/wasp_mini/ros2_ws/install/nav2_msgs/include/nav2_msgs/msg/detail/particle__struct.h
[2.061s] -- Up-to-date: /home/wasp_mini/ros2_ws/install/nav2_msgs/include/nav2_msgs/msg/detail/speed_limit__type_support.h
[2.061s] -- Up-to-date: /home/wasp_mini/ros2_ws/install/nav2_msgs/include/nav2_msgs/msg/detail/costmap__type_support.h
[2.061s] -- Up-to-date: /home/wasp_mini/ros2_ws/install/nav2_msgs/include/nav2_msgs/msg/detail/particle_cloud__functions.c
[2.062s] -- Up-to-date: /home/wasp_mini/ros2_ws/install/nav2_msgs/include/nav2_msgs/msg/detail/costmap_filter_info__type_support.h
[2.062s] -- Up-to-date: /home/wasp_mini/ros2_ws/install/nav2_msgs/include/nav2_msgs/msg/detail/particle__type_support.h
[2.063s] -- Up-to-date: /home/wasp_mini/ros2_ws/install/nav2_msgs/include/nav2_msgs/msg/detail/behavior_tree_status_change__functions.c
[2.063s] -- Up-to-date: /home/wasp_mini/ros2_ws/install/nav2_msgs/include/nav2_msgs/msg/detail/particle_cloud__struct.h
[2.063s] -- Up-to-date: /home/wasp_mini/ros2_ws/install/nav2_msgs/include/nav2_msgs/msg/detail/speed_limit__struct.h
[2.063s] -- Up-to-date: /home/wasp_mini/ros2_ws/install/nav2_msgs/include/nav2_msgs/msg/detail/costmap_filter_info__functions.h
[2.063s] -- Up-to-date: /home/wasp_mini/ros2_ws/install/nav2_msgs/include/nav2_msgs/msg/detail/particle_cloud__functions.h
[2.064s] -- Up-to-date: /home/wasp_mini/ros2_ws/install/nav2_msgs/include/nav2_msgs/msg/detail/behavior_tree_log__functions.h
[2.064s] -- Up-to-date: /home/wasp_mini/ros2_ws/install/nav2_msgs/include/nav2_msgs/msg/detail/voxel_grid__functions.c
[2.064s] -- Up-to-date: /home/wasp_mini/ros2_ws/install/nav2_msgs/include/nav2_msgs/msg/detail/behavior_tree_log__struct.h
[2.065s] -- Up-to-date: /home/wasp_mini/ros2_ws/install/nav2_msgs/include/nav2_msgs/msg/detail/speed_limit__functions.c
[2.066s] -- Up-to-date: /home/wasp_mini/ros2_ws/install/nav2_msgs/include/nav2_msgs/msg/detail/costmap_meta_data__functions.c
[2.066s] -- Up-to-date: /home/wasp_mini/ros2_ws/install/nav2_msgs/include/nav2_msgs/msg/detail/behavior_tree_status_change__struct.h
[2.067s] -- Up-to-date: /home/wasp_mini/ros2_ws/install/nav2_msgs/include/nav2_msgs/msg/detail/voxel_grid__functions.h
[2.068s] -- Up-to-date: /home/wasp_mini/ros2_ws/install/nav2_msgs/include/nav2_msgs/msg/detail/costmap__functions.c
[2.068s] -- Up-to-date: /home/wasp_mini/ros2_ws/install/nav2_msgs/include/nav2_msgs/msg/detail/costmap__functions.h
[2.069s] -- Up-to-date: /home/wasp_mini/ros2_ws/install/nav2_msgs/include/nav2_msgs/msg/detail/behavior_tree_status_change__type_support.h
[2.069s] -- Up-to-date: /home/wasp_mini/ros2_ws/install/nav2_msgs/include/nav2_msgs/msg/detail/particle_cloud__type_support.h
[2.069s] -- Up-to-date: /home/wasp_mini/ros2_ws/install/nav2_msgs/include/nav2_msgs/msg/detail/particle__functions.c
[2.069s] -- Up-to-date: /home/wasp_mini/ros2_ws/install/nav2_msgs/include/nav2_msgs/msg/detail/behavior_tree_log__functions.c
[2.070s] -- Up-to-date: /home/wasp_mini/ros2_ws/install/nav2_msgs/include/nav2_msgs/msg/detail/costmap_filter_info__functions.c
[2.070s] -- Up-to-date: /home/wasp_mini/ros2_ws/install/nav2_msgs/include/nav2_msgs/msg/detail/particle__functions.h
[2.071s] -- Up-to-date: /home/wasp_mini/ros2_ws/install/nav2_msgs/include/nav2_msgs/msg/detail/costmap_meta_data__type_support.h
[2.072s] -- Up-to-date: /home/wasp_mini/ros2_ws/install/nav2_msgs/include/nav2_msgs/msg/detail/costmap__struct.h
[2.072s] -- Up-to-date: /home/wasp_mini/ros2_ws/install/nav2_msgs/include/nav2_msgs/msg/detail/voxel_grid__struct.h
[2.073s] -- Up-to-date: /home/wasp_mini/ros2_ws/install/nav2_msgs/include/nav2_msgs/msg/detail/behavior_tree_status_change__functions.h
[2.074s] -- Up-to-date: /home/wasp_mini/ros2_ws/install/nav2_msgs/include/nav2_msgs/msg/detail/speed_limit__functions.h
[2.075s] -- Up-to-date: /home/wasp_mini/ros2_ws/install/nav2_msgs/include/nav2_msgs/msg/detail/costmap_filter_info__struct.h
[2.075s] -- Up-to-date: /home/wasp_mini/ros2_ws/install/nav2_msgs/include/nav2_msgs/msg/detail/voxel_grid__type_support.h
[2.075s] -- Up-to-date: /home/wasp_mini/ros2_ws/install/nav2_msgs/include/nav2_msgs/msg/detail/costmap_meta_data__struct.h
[2.076s] -- Up-to-date: /home/wasp_mini/ros2_ws/install/nav2_msgs/include/nav2_msgs/msg/detail/costmap_meta_data__functions.h
[2.076s] -- Up-to-date: /home/wasp_mini/ros2_ws/install/nav2_msgs/include/nav2_msgs/msg/detail/behavior_tree_log__type_support.h
[2.076s] -- Up-to-date: /home/wasp_mini/ros2_ws/install/nav2_msgs/include/nav2_msgs/msg/costmap_meta_data.h
[2.076s] -- Up-to-date: /home/wasp_mini/ros2_ws/install/nav2_msgs/include/nav2_msgs/msg/particle.h
[2.076s] -- Up-to-date: /home/wasp_mini/ros2_ws/install/nav2_msgs/include/nav2_msgs/action
[2.077s] -- Up-to-date: /home/wasp_mini/ros2_ws/install/nav2_msgs/include/nav2_msgs/action/spin.h
[2.077s] -- Up-to-date: /home/wasp_mini/ros2_ws/install/nav2_msgs/include/nav2_msgs/action/navigate_to_pose.h
[2.077s] -- Up-to-date: /home/wasp_mini/ros2_ws/install/nav2_msgs/include/nav2_msgs/action/navigate_through_poses.h
[2.077s] -- Up-to-date: /home/wasp_mini/ros2_ws/install/nav2_msgs/include/nav2_msgs/action/back_up.h
[2.078s] -- Up-to-date: /home/wasp_mini/ros2_ws/install/nav2_msgs/include/nav2_msgs/action/wait.h
[2.078s] -- Up-to-date: /home/wasp_mini/ros2_ws/install/nav2_msgs/include/nav2_msgs/action/detail
[2.078s] -- Up-to-date: /home/wasp_mini/ros2_ws/install/nav2_msgs/include/nav2_msgs/action/detail/wait__struct.h
[2.078s] -- Up-to-date: /home/wasp_mini/ros2_ws/install/nav2_msgs/include/nav2_msgs/action/detail/compute_path_through_poses__functions.h
[2.079s] -- Up-to-date: /home/wasp_mini/ros2_ws/install/nav2_msgs/include/nav2_msgs/action/detail/wait__functions.c
[2.079s] -- Up-to-date: /home/wasp_mini/ros2_ws/install/nav2_msgs/include/nav2_msgs/action/detail/navigate_through_poses__functions.c
[2.079s] -- Up-to-date: /home/wasp_mini/ros2_ws/install/nav2_msgs/include/nav2_msgs/action/detail/dummy_recovery__struct.h
[2.080s] -- Up-to-date: /home/wasp_mini/ros2_ws/install/nav2_msgs/include/nav2_msgs/action/detail/compute_path_to_pose__struct.h
[2.080s] -- Up-to-date: /home/wasp_mini/ros2_ws/install/nav2_msgs/include/nav2_msgs/action/detail/compute_path_to_pose__functions.c
[2.080s] -- Up-to-date: /home/wasp_mini/ros2_ws/install/nav2_msgs/include/nav2_msgs/action/detail/spin__struct.h
[2.080s] -- Up-to-date: /home/wasp_mini/ros2_ws/install/nav2_msgs/include/nav2_msgs/action/detail/navigate_to_pose__struct.h
[2.081s] -- Up-to-date: /home/wasp_mini/ros2_ws/install/nav2_msgs/include/nav2_msgs/action/detail/dummy_recovery__functions.c
[2.081s] -- Up-to-date: /home/wasp_mini/ros2_ws/install/nav2_msgs/include/nav2_msgs/action/detail/follow_path__functions.h
[2.081s] -- Up-to-date: /home/wasp_mini/ros2_ws/install/nav2_msgs/include/nav2_msgs/action/detail/wait__type_support.h
[2.081s] -- Up-to-date: /home/wasp_mini/ros2_ws/install/nav2_msgs/include/nav2_msgs/action/detail/follow_waypoints__type_support.h
[2.082s] -- Up-to-date: /home/wasp_mini/ros2_ws/install/nav2_msgs/include/nav2_msgs/action/detail/compute_path_to_pose__type_support.h
[2.082s] -- Up-to-date: /home/wasp_mini/ros2_ws/install/nav2_msgs/include/nav2_msgs/action/detail/follow_path__struct.h
[2.082s] -- Up-to-date: /home/wasp_mini/ros2_ws/install/nav2_msgs/include/nav2_msgs/action/detail/compute_path_to_pose__functions.h
[2.082s] -- Up-to-date: /home/wasp_mini/ros2_ws/install/nav2_msgs/include/nav2_msgs/action/detail/spin__functions.c
[2.082s] -- Up-to-date: /home/wasp_mini/ros2_ws/install/nav2_msgs/include/nav2_msgs/action/detail/compute_path_through_poses__functions.c
[2.083s] -- Up-to-date: /home/wasp_mini/ros2_ws/install/nav2_msgs/include/nav2_msgs/action/detail/compute_path_through_poses__type_support.h
[2.083s] -- Up-to-date: /home/wasp_mini/ros2_ws/install/nav2_msgs/include/nav2_msgs/action/detail/navigate_to_pose__type_support.h
[2.083s] -- Up-to-date: /home/wasp_mini/ros2_ws/install/nav2_msgs/include/nav2_msgs/action/detail/navigate_to_pose__functions.c
[2.083s] -- Up-to-date: /home/wasp_mini/ros2_ws/install/nav2_msgs/include/nav2_msgs/action/detail/back_up__functions.c
[2.084s] -- Up-to-date: /home/wasp_mini/ros2_ws/install/nav2_msgs/include/nav2_msgs/action/detail/dummy_recovery__type_support.h
[2.085s] -- Up-to-date: /home/wasp_mini/ros2_ws/install/nav2_msgs/include/nav2_msgs/action/detail/navigate_to_pose__functions.h
[2.085s] -- Up-to-date: /home/wasp_mini/ros2_ws/install/nav2_msgs/include/nav2_msgs/action/detail/spin__functions.h
[2.085s] -- Up-to-date: /home/wasp_mini/ros2_ws/install/nav2_msgs/include/nav2_msgs/action/detail/spin__type_support.h
[2.086s] -- Up-to-date: /home/wasp_mini/ros2_ws/install/nav2_msgs/include/nav2_msgs/action/detail/back_up__functions.h
[2.086s] -- Up-to-date: /home/wasp_mini/ros2_ws/install/nav2_msgs/include/nav2_msgs/action/detail/navigate_through_poses__type_support.h
[2.086s] -- Up-to-date: /home/wasp_mini/ros2_ws/install/nav2_msgs/include/nav2_msgs/action/detail/navigate_through_poses__struct.h
[2.087s] -- Up-to-date: /home/wasp_mini/ros2_ws/install/nav2_msgs/include/nav2_msgs/action/detail/dummy_recovery__functions.h
[2.087s] -- Up-to-date: /home/wasp_mini/ros2_ws/install/nav2_msgs/include/nav2_msgs/action/detail/wait__functions.h
[2.087s] -- Up-to-date: /home/wasp_mini/ros2_ws/install/nav2_msgs/include/nav2_msgs/action/detail/back_up__type_support.h
[2.088s] -- Up-to-date: /home/wasp_mini/ros2_ws/install/nav2_msgs/include/nav2_msgs/action/detail/follow_path__type_support.h
[2.088s] -- Up-to-date: /home/wasp_mini/ros2_ws/install/nav2_msgs/include/nav2_msgs/action/detail/compute_path_through_poses__struct.h
[2.088s] -- Up-to-date: /home/wasp_mini/ros2_ws/install/nav2_msgs/include/nav2_msgs/action/detail/navigate_through_poses__functions.h
[2.088s] -- Up-to-date: /home/wasp_mini/ros2_ws/install/nav2_msgs/include/nav2_msgs/action/detail/back_up__struct.h
[2.089s] -- Up-to-date: /home/wasp_mini/ros2_ws/install/nav2_msgs/include/nav2_msgs/action/detail/follow_waypoints__struct.h
[2.089s] -- Up-to-date: /home/wasp_mini/ros2_ws/install/nav2_msgs/include/nav2_msgs/action/detail/follow_path__functions.c
[2.089s] -- Up-to-date: /home/wasp_mini/ros2_ws/install/nav2_msgs/include/nav2_msgs/action/detail/follow_waypoints__functions.c
[2.089s] -- Up-to-date: /home/wasp_mini/ros2_ws/install/nav2_msgs/include/nav2_msgs/action/detail/follow_waypoints__functions.h
[2.090s] -- Up-to-date: /home/wasp_mini/ros2_ws/install/nav2_msgs/include/nav2_msgs/action/dummy_recovery.h
[2.090s] -- Up-to-date: /home/wasp_mini/ros2_ws/install/nav2_msgs/include/nav2_msgs/action/compute_path_to_pose.h
[2.090s] -- Up-to-date: /home/wasp_mini/ros2_ws/install/nav2_msgs/include/nav2_msgs/action/compute_path_through_poses.h
[2.090s] -- Up-to-date: /home/wasp_mini/ros2_ws/install/nav2_msgs/include/nav2_msgs/action/follow_path.h
[2.090s] -- Up-to-date: /home/wasp_mini/ros2_ws/install/nav2_msgs/include/nav2_msgs/action/follow_waypoints.h
[2.091s] -- Up-to-date: /home/wasp_mini/ros2_ws/install/nav2_msgs/share/nav2_msgs/environment/library_path.sh
[2.091s] -- Up-to-date: /home/wasp_mini/ros2_ws/install/nav2_msgs/share/nav2_msgs/environment/library_path.dsv
[2.091s] -- Up-to-date: /home/wasp_mini/ros2_ws/install/nav2_msgs/lib/libnav2_msgs__rosidl_generator_c.so
[2.091s] -- Up-to-date: /home/wasp_mini/ros2_ws/install/nav2_msgs/include/nav2_msgs
[2.092s] -- Up-to-date: /home/wasp_mini/ros2_ws/install/nav2_msgs/include/nav2_msgs/srv
[2.092s] -- Up-to-date: /home/wasp_mini/ros2_ws/install/nav2_msgs/include/nav2_msgs/srv/detail
[2.093s] -- Up-to-date: /home/wasp_mini/ros2_ws/install/nav2_msgs/include/nav2_msgs/srv/detail/manage_lifecycle_nodes__rosidl_typesupport_fastrtps_c.h
[2.094s] -- Up-to-date: /home/wasp_mini/ros2_ws/install/nav2_msgs/include/nav2_msgs/srv/detail/save_map__rosidl_typesupport_fastrtps_c.h
[2.095s] -- Up-to-date: /home/wasp_mini/ros2_ws/install/nav2_msgs/include/nav2_msgs/srv/detail/clear_costmap_except_region__rosidl_typesupport_fastrtps_c.h
[2.095s] -- Up-to-date: /home/wasp_mini/ros2_ws/install/nav2_msgs/include/nav2_msgs/srv/detail/get_costmap__rosidl_typesupport_fastrtps_c.h
[2.096s] -- Up-to-date: /home/wasp_mini/ros2_ws/install/nav2_msgs/include/nav2_msgs/srv/detail/clear_costmap_around_robot__rosidl_typesupport_fastrtps_c.h
[2.097s] -- Up-to-date: /home/wasp_mini/ros2_ws/install/nav2_msgs/include/nav2_msgs/srv/detail/clear_entire_costmap__rosidl_typesupport_fastrtps_c.h
[2.098s] -- Up-to-date: /home/wasp_mini/ros2_ws/install/nav2_msgs/include/nav2_msgs/srv/detail/load_map__rosidl_typesupport_fastrtps_c.h
[2.099s] -- Up-to-date: /home/wasp_mini/ros2_ws/install/nav2_msgs/include/nav2_msgs/msg
[2.099s] -- Up-to-date: /home/wasp_mini/ros2_ws/install/nav2_msgs/include/nav2_msgs/msg/rosidl_typesupport_fastrtps_c__visibility_control.h
[2.100s] -- Up-to-date: /home/wasp_mini/ros2_ws/install/nav2_msgs/include/nav2_msgs/msg/detail
[2.101s] -- Up-to-date: /home/wasp_mini/ros2_ws/install/nav2_msgs/include/nav2_msgs/msg/detail/costmap__rosidl_typesupport_fastrtps_c.h
[2.101s] -- Up-to-date: /home/wasp_mini/ros2_ws/install/nav2_msgs/include/nav2_msgs/msg/detail/behavior_tree_log__rosidl_typesupport_fastrtps_c.h
[2.103s] -- Up-to-date: /home/wasp_mini/ros2_ws/install/nav2_msgs/include/nav2_msgs/msg/detail/voxel_grid__rosidl_typesupport_fastrtps_c.h
[2.104s] -- Up-to-date: /home/wasp_mini/ros2_ws/install/nav2_msgs/include/nav2_msgs/msg/detail/speed_limit__rosidl_typesupport_fastrtps_c.h
[2.105s] -- Up-to-date: /home/wasp_mini/ros2_ws/install/nav2_msgs/include/nav2_msgs/msg/detail/costmap_meta_data__rosidl_typesupport_fastrtps_c.h
[2.106s] -- Up-to-date: /home/wasp_mini/ros2_ws/install/nav2_msgs/include/nav2_msgs/msg/detail/particle_cloud__rosidl_typesupport_fastrtps_c.h
[2.107s] -- Up-to-date: /home/wasp_mini/ros2_ws/install/nav2_msgs/include/nav2_msgs/msg/detail/behavior_tree_status_change__rosidl_typesupport_fastrtps_c.h
[2.108s] -- Up-to-date: /home/wasp_mini/ros2_ws/install/nav2_msgs/include/nav2_msgs/msg/detail/costmap_filter_info__rosidl_typesupport_fastrtps_c.h
[2.108s] -- Up-to-date: /home/wasp_mini/ros2_ws/install/nav2_msgs/include/nav2_msgs/msg/detail/particle__rosidl_typesupport_fastrtps_c.h
[2.111s] -- Up-to-date: /home/wasp_mini/ros2_ws/install/nav2_msgs/include/nav2_msgs/action
[2.112s] -- Up-to-date: /home/wasp_mini/ros2_ws/install/nav2_msgs/include/nav2_msgs/action/detail
[2.113s] -- Up-to-date: /home/wasp_mini/ros2_ws/install/nav2_msgs/include/nav2_msgs/action/detail/compute_path_through_poses__rosidl_typesupport_fastrtps_c.h
[2.114s] -- Up-to-date: /home/wasp_mini/ros2_ws/install/nav2_msgs/include/nav2_msgs/action/detail/follow_waypoints__rosidl_typesupport_fastrtps_c.h
[2.115s] -- Up-to-date: /home/wasp_mini/ros2_ws/install/nav2_msgs/include/nav2_msgs/action/detail/dummy_recovery__rosidl_typesupport_fastrtps_c.h
[2.118s] -- Up-to-date: /home/wasp_mini/ros2_ws/install/nav2_msgs/include/nav2_msgs/action/detail/back_up__rosidl_typesupport_fastrtps_c.h
[2.118s] -- Up-to-date: /home/wasp_mini/ros2_ws/install/nav2_msgs/include/nav2_msgs/action/detail/navigate_to_pose__rosidl_typesupport_fastrtps_c.h
[2.119s] -- Up-to-date: /home/wasp_mini/ros2_ws/install/nav2_msgs/include/nav2_msgs/action/detail/spin__rosidl_typesupport_fastrtps_c.h
[2.121s] -- Up-to-date: /home/wasp_mini/ros2_ws/install/nav2_msgs/include/nav2_msgs/action/detail/navigate_through_poses__rosidl_typesupport_fastrtps_c.h
[2.122s] -- Up-to-date: /home/wasp_mini/ros2_ws/install/nav2_msgs/include/nav2_msgs/action/detail/wait__rosidl_typesupport_fastrtps_c.h
[2.123s] -- Up-to-date: /home/wasp_mini/ros2_ws/install/nav2_msgs/include/nav2_msgs/action/detail/compute_path_to_pose__rosidl_typesupport_fastrtps_c.h
[2.124s] -- Up-to-date: /home/wasp_mini/ros2_ws/install/nav2_msgs/include/nav2_msgs/action/detail/follow_path__rosidl_typesupport_fastrtps_c.h
[2.124s] -- Up-to-date: /home/wasp_mini/ros2_ws/install/nav2_msgs/lib/libnav2_msgs__rosidl_typesupport_fastrtps_c.so
[2.126s] -- Up-to-date: /home/wasp_mini/ros2_ws/install/nav2_msgs/include/nav2_msgs
[2.127s] -- Up-to-date: /home/wasp_mini/ros2_ws/install/nav2_msgs/include/nav2_msgs/srv
[2.127s] -- Up-to-date: /home/wasp_mini/ros2_ws/install/nav2_msgs/include/nav2_msgs/srv/detail
[2.128s] -- Up-to-date: /home/wasp_mini/ros2_ws/install/nav2_msgs/include/nav2_msgs/srv/detail/clear_entire_costmap__rosidl_typesupport_fastrtps_cpp.hpp
[2.129s] -- Up-to-date: /home/wasp_mini/ros2_ws/install/nav2_msgs/include/nav2_msgs/srv/detail/clear_costmap_except_region__rosidl_typesupport_fastrtps_cpp.hpp
[2.130s] -- Up-to-date: /home/wasp_mini/ros2_ws/install/nav2_msgs/include/nav2_msgs/srv/detail/get_costmap__rosidl_typesupport_fastrtps_cpp.hpp
[2.132s] -- Up-to-date: /home/wasp_mini/ros2_ws/install/nav2_msgs/include/nav2_msgs/srv/detail/save_map__rosidl_typesupport_fastrtps_cpp.hpp
[2.132s] -- Up-to-date: /home/wasp_mini/ros2_ws/install/nav2_msgs/include/nav2_msgs/srv/detail/clear_costmap_around_robot__rosidl_typesupport_fastrtps_cpp.hpp
[2.133s] -- Up-to-date: /home/wasp_mini/ros2_ws/install/nav2_msgs/include/nav2_msgs/srv/detail/manage_lifecycle_nodes__rosidl_typesupport_fastrtps_cpp.hpp
[2.133s] -- Up-to-date: /home/wasp_mini/ros2_ws/install/nav2_msgs/include/nav2_msgs/srv/detail/dds_fastrtps
[2.134s] -- Up-to-date: /home/wasp_mini/ros2_ws/install/nav2_msgs/include/nav2_msgs/srv/detail/load_map__rosidl_typesupport_fastrtps_cpp.hpp
[2.134s] -- Up-to-date: /home/wasp_mini/ros2_ws/install/nav2_msgs/include/nav2_msgs/msg
[2.135s] -- Up-to-date: /home/wasp_mini/ros2_ws/install/nav2_msgs/include/nav2_msgs/msg/rosidl_typesupport_fastrtps_cpp__visibility_control.h
[2.136s] -- Up-to-date: /home/wasp_mini/ros2_ws/install/nav2_msgs/include/nav2_msgs/msg/detail
[2.138s] -- Up-to-date: /home/wasp_mini/ros2_ws/install/nav2_msgs/include/nav2_msgs/msg/detail/behavior_tree_log__rosidl_typesupport_fastrtps_cpp.hpp
[2.138s] -- Up-to-date: /home/wasp_mini/ros2_ws/install/nav2_msgs/include/nav2_msgs/msg/detail/particle__rosidl_typesupport_fastrtps_cpp.hpp
[2.139s] -- Up-to-date: /home/wasp_mini/ros2_ws/install/nav2_msgs/include/nav2_msgs/msg/detail/costmap__rosidl_typesupport_fastrtps_cpp.hpp
[2.140s] -- Up-to-date: /home/wasp_mini/ros2_ws/install/nav2_msgs/include/nav2_msgs/msg/detail/particle_cloud__rosidl_typesupport_fastrtps_cpp.hpp
[2.141s] -- Up-to-date: /home/wasp_mini/ros2_ws/install/nav2_msgs/include/nav2_msgs/msg/detail/costmap_meta_data__rosidl_typesupport_fastrtps_cpp.hpp
[2.142s] -- Up-to-date: /home/wasp_mini/ros2_ws/install/nav2_msgs/include/nav2_msgs/msg/detail/speed_limit__rosidl_typesupport_fastrtps_cpp.hpp
[2.142s] -- Up-to-date: /home/wasp_mini/ros2_ws/install/nav2_msgs/include/nav2_msgs/msg/detail/behavior_tree_status_change__rosidl_typesupport_fastrtps_cpp.hpp
[2.143s] -- Up-to-date: /home/wasp_mini/ros2_ws/install/nav2_msgs/include/nav2_msgs/msg/detail/dds_fastrtps
[2.143s] -- Up-to-date: /home/wasp_mini/ros2_ws/install/nav2_msgs/include/nav2_msgs/msg/detail/voxel_grid__rosidl_typesupport_fastrtps_cpp.hpp
[2.144s] -- Up-to-date: /home/wasp_mini/ros2_ws/install/nav2_msgs/include/nav2_msgs/msg/detail/costmap_filter_info__rosidl_typesupport_fastrtps_cpp.hpp
[2.145s] -- Up-to-date: /home/wasp_mini/ros2_ws/install/nav2_msgs/include/nav2_msgs/action
[2.145s] -- Up-to-date: /home/wasp_mini/ros2_ws/install/nav2_msgs/include/nav2_msgs/action/detail
[2.146s] -- Up-to-date: /home/wasp_mini/ros2_ws/install/nav2_msgs/include/nav2_msgs/action/detail/dummy_recovery__rosidl_typesupport_fastrtps_cpp.hpp
[2.146s] -- Up-to-date: /home/wasp_mini/ros2_ws/install/nav2_msgs/include/nav2_msgs/action/detail/follow_waypoints__rosidl_typesupport_fastrtps_cpp.hpp
[2.147s] -- Up-to-date: /home/wasp_mini/ros2_ws/install/nav2_msgs/include/nav2_msgs/action/detail/spin__rosidl_typesupport_fastrtps_cpp.hpp
[2.147s] -- Up-to-date: /home/wasp_mini/ros2_ws/install/nav2_msgs/include/nav2_msgs/action/detail/navigate_through_poses__rosidl_typesupport_fastrtps_cpp.hpp
[2.148s] -- Up-to-date: /home/wasp_mini/ros2_ws/install/nav2_msgs/include/nav2_msgs/action/detail/compute_path_to_pose__rosidl_typesupport_fastrtps_cpp.hpp
[2.148s] -- Up-to-date: /home/wasp_mini/ros2_ws/install/nav2_msgs/include/nav2_msgs/action/detail/wait__rosidl_typesupport_fastrtps_cpp.hpp
[2.149s] -- Up-to-date: /home/wasp_mini/ros2_ws/install/nav2_msgs/include/nav2_msgs/action/detail/navigate_to_pose__rosidl_typesupport_fastrtps_cpp.hpp
[2.149s] -- Up-to-date: /home/wasp_mini/ros2_ws/install/nav2_msgs/include/nav2_msgs/action/detail/back_up__rosidl_typesupport_fastrtps_cpp.hpp
[2.150s] -- Up-to-date: /home/wasp_mini/ros2_ws/install/nav2_msgs/include/nav2_msgs/action/detail/dds_fastrtps
[2.151s] -- Up-to-date: /home/wasp_mini/ros2_ws/install/nav2_msgs/include/nav2_msgs/action/detail/compute_path_through_poses__rosidl_typesupport_fastrtps_cpp.hpp
[2.151s] -- Up-to-date: /home/wasp_mini/ros2_ws/install/nav2_msgs/include/nav2_msgs/action/detail/follow_path__rosidl_typesupport_fastrtps_cpp.hpp
[2.153s] -- Up-to-date: /home/wasp_mini/ros2_ws/install/nav2_msgs/lib/libnav2_msgs__rosidl_typesupport_fastrtps_cpp.so
[2.153s] -- Up-to-date: /home/wasp_mini/ros2_ws/install/nav2_msgs/include/nav2_msgs
[2.154s] -- Up-to-date: /home/wasp_mini/ros2_ws/install/nav2_msgs/include/nav2_msgs/srv
[2.155s] -- Up-to-date: /home/wasp_mini/ros2_ws/install/nav2_msgs/include/nav2_msgs/srv/detail
[2.155s] -- Up-to-date: /home/wasp_mini/ros2_ws/install/nav2_msgs/include/nav2_msgs/srv/detail/get_costmap__rosidl_typesupport_introspection_c.h
[2.155s] -- Up-to-date: /home/wasp_mini/ros2_ws/install/nav2_msgs/include/nav2_msgs/srv/detail/load_map__type_support.c
[2.155s] -- Up-to-date: /home/wasp_mini/ros2_ws/install/nav2_msgs/include/nav2_msgs/srv/detail/manage_lifecycle_nodes__type_support.c
[2.156s] -- Up-to-date: /home/wasp_mini/ros2_ws/install/nav2_msgs/include/nav2_msgs/srv/detail/load_map__rosidl_typesupport_introspection_c.h
[2.156s] -- Up-to-date: /home/wasp_mini/ros2_ws/install/nav2_msgs/include/nav2_msgs/srv/detail/save_map__rosidl_typesupport_introspection_c.h
[2.156s] -- Up-to-date: /home/wasp_mini/ros2_ws/install/nav2_msgs/include/nav2_msgs/srv/detail/clear_costmap_except_region__type_support.c
[2.156s] -- Up-to-date: /home/wasp_mini/ros2_ws/install/nav2_msgs/include/nav2_msgs/srv/detail/clear_entire_costmap__type_support.c
[2.157s] -- Up-to-date: /home/wasp_mini/ros2_ws/install/nav2_msgs/include/nav2_msgs/srv/detail/clear_entire_costmap__rosidl_typesupport_introspection_c.h
[2.157s] -- Up-to-date: /home/wasp_mini/ros2_ws/install/nav2_msgs/include/nav2_msgs/srv/detail/clear_costmap_around_robot__rosidl_typesupport_introspection_c.h
[2.157s] -- Up-to-date: /home/wasp_mini/ros2_ws/install/nav2_msgs/include/nav2_msgs/srv/detail/clear_costmap_except_region__rosidl_typesupport_introspection_c.h
[2.157s] -- Up-to-date: /home/wasp_mini/ros2_ws/install/nav2_msgs/include/nav2_msgs/srv/detail/get_costmap__type_support.c
[2.158s] -- Up-to-date: /home/wasp_mini/ros2_ws/install/nav2_msgs/include/nav2_msgs/srv/detail/clear_costmap_around_robot__type_support.c
[2.158s] -- Up-to-date: /home/wasp_mini/ros2_ws/install/nav2_msgs/include/nav2_msgs/srv/detail/manage_lifecycle_nodes__rosidl_typesupport_introspection_c.h
[2.158s] -- Up-to-date: /home/wasp_mini/ros2_ws/install/nav2_msgs/include/nav2_msgs/srv/detail/save_map__type_support.c
[2.158s] -- Up-to-date: /home/wasp_mini/ros2_ws/install/nav2_msgs/include/nav2_msgs/msg
[2.159s] -- Up-to-date: /home/wasp_mini/ros2_ws/install/nav2_msgs/include/nav2_msgs/msg/rosidl_typesupport_introspection_c__visibility_control.h
[2.159s] -- Up-to-date: /home/wasp_mini/ros2_ws/install/nav2_msgs/include/nav2_msgs/msg/detail
[2.159s] -- Up-to-date: /home/wasp_mini/ros2_ws/install/nav2_msgs/include/nav2_msgs/msg/detail/particle_cloud__rosidl_typesupport_introspection_c.h
[2.159s] -- Up-to-date: /home/wasp_mini/ros2_ws/install/nav2_msgs/include/nav2_msgs/msg/detail/costmap_meta_data__rosidl_typesupport_introspection_c.h
[2.159s] -- Up-to-date: /home/wasp_mini/ros2_ws/install/nav2_msgs/include/nav2_msgs/msg/detail/particle__rosidl_typesupport_introspection_c.h
[2.160s] -- Up-to-date: /home/wasp_mini/ros2_ws/install/nav2_msgs/include/nav2_msgs/msg/detail/voxel_grid__type_support.c
[2.160s] -- Up-to-date: /home/wasp_mini/ros2_ws/install/nav2_msgs/include/nav2_msgs/msg/detail/costmap__rosidl_typesupport_introspection_c.h
[2.161s] -- Up-to-date: /home/wasp_mini/ros2_ws/install/nav2_msgs/include/nav2_msgs/msg/detail/costmap_filter_info__rosidl_typesupport_introspection_c.h
[2.161s] -- Up-to-date: /home/wasp_mini/ros2_ws/install/nav2_msgs/include/nav2_msgs/msg/detail/speed_limit__type_support.c
[2.162s] -- Up-to-date: /home/wasp_mini/ros2_ws/install/nav2_msgs/include/nav2_msgs/msg/detail/costmap_meta_data__type_support.c
[2.162s] -- Up-to-date: /home/wasp_mini/ros2_ws/install/nav2_msgs/include/nav2_msgs/msg/detail/behavior_tree_status_change__rosidl_typesupport_introspection_c.h
[2.163s] -- Up-to-date: /home/wasp_mini/ros2_ws/install/nav2_msgs/include/nav2_msgs/msg/detail/speed_limit__rosidl_typesupport_introspection_c.h
[2.163s] -- Up-to-date: /home/wasp_mini/ros2_ws/install/nav2_msgs/include/nav2_msgs/msg/detail/behavior_tree_log__type_support.c
[2.164s] -- Up-to-date: /home/wasp_mini/ros2_ws/install/nav2_msgs/include/nav2_msgs/msg/detail/behavior_tree_log__rosidl_typesupport_introspection_c.h
[2.165s] -- Up-to-date: /home/wasp_mini/ros2_ws/install/nav2_msgs/include/nav2_msgs/msg/detail/particle_cloud__type_support.c
[2.165s] -- Up-to-date: /home/wasp_mini/ros2_ws/install/nav2_msgs/include/nav2_msgs/msg/detail/particle__type_support.c
[2.166s] -- Up-to-date: /home/wasp_mini/ros2_ws/install/nav2_msgs/include/nav2_msgs/msg/detail/voxel_grid__rosidl_typesupport_introspection_c.h
[2.166s] -- Up-to-date: /home/wasp_mini/ros2_ws/install/nav2_msgs/include/nav2_msgs/msg/detail/behavior_tree_status_change__type_support.c
[2.167s] -- Up-to-date: /home/wasp_mini/ros2_ws/install/nav2_msgs/include/nav2_msgs/msg/detail/costmap__type_support.c
[2.167s] -- Up-to-date: /home/wasp_mini/ros2_ws/install/nav2_msgs/include/nav2_msgs/msg/detail/costmap_filter_info__type_support.c
[2.169s] -- Up-to-date: /home/wasp_mini/ros2_ws/install/nav2_msgs/include/nav2_msgs/action
[2.169s] -- Up-to-date: /home/wasp_mini/ros2_ws/install/nav2_msgs/include/nav2_msgs/action/detail
[2.170s] -- Up-to-date: /home/wasp_mini/ros2_ws/install/nav2_msgs/include/nav2_msgs/action/detail/navigate_through_poses__type_support.c
[2.170s] -- Up-to-date: /home/wasp_mini/ros2_ws/install/nav2_msgs/include/nav2_msgs/action/detail/wait__rosidl_typesupport_introspection_c.h
[2.171s] -- Up-to-date: /home/wasp_mini/ros2_ws/install/nav2_msgs/include/nav2_msgs/action/detail/navigate_to_pose__type_support.c
[2.172s] -- Up-to-date: /home/wasp_mini/ros2_ws/install/nav2_msgs/include/nav2_msgs/action/detail/follow_waypoints__type_support.c
[2.172s] -- Up-to-date: /home/wasp_mini/ros2_ws/install/nav2_msgs/include/nav2_msgs/action/detail/dummy_recovery__type_support.c
[2.173s] -- Up-to-date: /home/wasp_mini/ros2_ws/install/nav2_msgs/include/nav2_msgs/action/detail/back_up__type_support.c
[2.173s] -- Up-to-date: /home/wasp_mini/ros2_ws/install/nav2_msgs/include/nav2_msgs/action/detail/spin__rosidl_typesupport_introspection_c.h
[2.174s] -- Up-to-date: /home/wasp_mini/ros2_ws/install/nav2_msgs/include/nav2_msgs/action/detail/follow_waypoints__rosidl_typesupport_introspection_c.h
[2.174s] -- Up-to-date: /home/wasp_mini/ros2_ws/install/nav2_msgs/include/nav2_msgs/action/detail/follow_path__type_support.c
[2.175s] -- Up-to-date: /home/wasp_mini/ros2_ws/install/nav2_msgs/include/nav2_msgs/action/detail/navigate_through_poses__rosidl_typesupport_introspection_c.h
[2.175s] -- Up-to-date: /home/wasp_mini/ros2_ws/install/nav2_msgs/include/nav2_msgs/action/detail/compute_path_through_poses__type_support.c
[2.175s] -- Up-to-date: /home/wasp_mini/ros2_ws/install/nav2_msgs/include/nav2_msgs/action/detail/dummy_recovery__rosidl_typesupport_introspection_c.h
[2.176s] -- Up-to-date: /home/wasp_mini/ros2_ws/install/nav2_msgs/include/nav2_msgs/action/detail/compute_path_through_poses__rosidl_typesupport_introspection_c.h
[2.176s] -- Up-to-date: /home/wasp_mini/ros2_ws/install/nav2_msgs/include/nav2_msgs/action/detail/follow_path__rosidl_typesupport_introspection_c.h
[2.177s] -- Up-to-date: /home/wasp_mini/ros2_ws/install/nav2_msgs/include/nav2_msgs/action/detail/compute_path_to_pose__rosidl_typesupport_introspection_c.h
[2.177s] -- Up-to-date: /home/wasp_mini/ros2_ws/install/nav2_msgs/include/nav2_msgs/action/detail/wait__type_support.c
[2.178s] -- Up-to-date: /home/wasp_mini/ros2_ws/install/nav2_msgs/include/nav2_msgs/action/detail/compute_path_to_pose__type_support.c
[2.178s] -- Up-to-date: /home/wasp_mini/ros2_ws/install/nav2_msgs/include/nav2_msgs/action/detail/spin__type_support.c
[2.179s] -- Up-to-date: /home/wasp_mini/ros2_ws/install/nav2_msgs/include/nav2_msgs/action/detail/back_up__rosidl_typesupport_introspection_c.h
[2.179s] -- Up-to-date: /home/wasp_mini/ros2_ws/install/nav2_msgs/include/nav2_msgs/action/detail/navigate_to_pose__rosidl_typesupport_introspection_c.h
[2.180s] -- Up-to-date: /home/wasp_mini/ros2_ws/install/nav2_msgs/lib/libnav2_msgs__rosidl_typesupport_introspection_c.so
[2.180s] -- Up-to-date: /home/wasp_mini/ros2_ws/install/nav2_msgs/lib/libnav2_msgs__rosidl_typesupport_c.so
[2.181s] -- Up-to-date: /home/wasp_mini/ros2_ws/install/nav2_msgs/include/nav2_msgs
[2.181s] -- Up-to-date: /home/wasp_mini/ros2_ws/install/nav2_msgs/include/nav2_msgs/srv
[2.182s] -- Up-to-date: /home/wasp_mini/ros2_ws/install/nav2_msgs/include/nav2_msgs/srv/save_map.hpp
[2.182s] -- Up-to-date: /home/wasp_mini/ros2_ws/install/nav2_msgs/include/nav2_msgs/srv/manage_lifecycle_nodes.hpp
[2.183s] -- Up-to-date: /home/wasp_mini/ros2_ws/install/nav2_msgs/include/nav2_msgs/srv/clear_costmap_except_region.hpp
[2.183s] -- Up-to-date: /home/wasp_mini/ros2_ws/install/nav2_msgs/include/nav2_msgs/srv/clear_costmap_around_robot.hpp
[2.184s] -- Up-to-date: /home/wasp_mini/ros2_ws/install/nav2_msgs/include/nav2_msgs/srv/detail
[2.185s] -- Up-to-date: /home/wasp_mini/ros2_ws/install/nav2_msgs/include/nav2_msgs/srv/detail/clear_costmap_except_region__builder.hpp
[2.185s] -- Up-to-date: /home/wasp_mini/ros2_ws/install/nav2_msgs/include/nav2_msgs/srv/detail/get_costmap__traits.hpp
[2.186s] -- Up-to-date: /home/wasp_mini/ros2_ws/install/nav2_msgs/include/nav2_msgs/srv/detail/clear_costmap_around_robot__traits.hpp
[2.186s] -- Up-to-date: /home/wasp_mini/ros2_ws/install/nav2_msgs/include/nav2_msgs/srv/detail/clear_costmap_except_region__struct.hpp
[2.186s] -- Up-to-date: /home/wasp_mini/ros2_ws/install/nav2_msgs/include/nav2_msgs/srv/detail/clear_entire_costmap__builder.hpp
[2.186s] -- Up-to-date: /home/wasp_mini/ros2_ws/install/nav2_msgs/include/nav2_msgs/srv/detail/clear_costmap_around_robot__builder.hpp
[2.186s] -- Up-to-date: /home/wasp_mini/ros2_ws/install/nav2_msgs/include/nav2_msgs/srv/detail/clear_costmap_around_robot__struct.hpp
[2.187s] -- Up-to-date: /home/wasp_mini/ros2_ws/install/nav2_msgs/include/nav2_msgs/srv/detail/manage_lifecycle_nodes__traits.hpp
[2.187s] -- Up-to-date: /home/wasp_mini/ros2_ws/install/nav2_msgs/include/nav2_msgs/srv/detail/load_map__builder.hpp
[2.187s] -- Up-to-date: /home/wasp_mini/ros2_ws/install/nav2_msgs/include/nav2_msgs/srv/detail/save_map__traits.hpp
[2.187s] -- Up-to-date: /home/wasp_mini/ros2_ws/install/nav2_msgs/include/nav2_msgs/srv/detail/get_costmap__struct.hpp
[2.189s] -- Up-to-date: /home/wasp_mini/ros2_ws/install/nav2_msgs/include/nav2_msgs/srv/detail/load_map__traits.hpp
[2.191s] -- Up-to-date: /home/wasp_mini/ros2_ws/install/nav2_msgs/include/nav2_msgs/srv/detail/clear_entire_costmap__struct.hpp
[2.191s] -- Up-to-date: /home/wasp_mini/ros2_ws/install/nav2_msgs/include/nav2_msgs/srv/detail/clear_entire_costmap__traits.hpp
[2.192s] -- Up-to-date: /home/wasp_mini/ros2_ws/install/nav2_msgs/include/nav2_msgs/srv/detail/save_map__struct.hpp
[2.192s] -- Up-to-date: /home/wasp_mini/ros2_ws/install/nav2_msgs/include/nav2_msgs/srv/detail/manage_lifecycle_nodes__struct.hpp
[2.192s] -- Up-to-date: /home/wasp_mini/ros2_ws/install/nav2_msgs/include/nav2_msgs/srv/detail/load_map__struct.hpp
[2.193s] -- Up-to-date: /home/wasp_mini/ros2_ws/install/nav2_msgs/include/nav2_msgs/srv/detail/get_costmap__builder.hpp
[2.194s] -- Up-to-date: /home/wasp_mini/ros2_ws/install/nav2_msgs/include/nav2_msgs/srv/detail/manage_lifecycle_nodes__builder.hpp
[2.194s] -- Up-to-date: /home/wasp_mini/ros2_ws/install/nav2_msgs/include/nav2_msgs/srv/detail/clear_costmap_except_region__traits.hpp
[2.194s] -- Up-to-date: /home/wasp_mini/ros2_ws/install/nav2_msgs/include/nav2_msgs/srv/detail/save_map__builder.hpp
[2.195s] -- Up-to-date: /home/wasp_mini/ros2_ws/install/nav2_msgs/include/nav2_msgs/srv/load_map.hpp
[2.196s] -- Up-to-date: /home/wasp_mini/ros2_ws/install/nav2_msgs/include/nav2_msgs/srv/clear_entire_costmap.hpp
[2.196s] -- Up-to-date: /home/wasp_mini/ros2_ws/install/nav2_msgs/include/nav2_msgs/srv/get_costmap.hpp
[2.196s] -- Up-to-date: /home/wasp_mini/ros2_ws/install/nav2_msgs/include/nav2_msgs/msg
[2.197s] -- Up-to-date: /home/wasp_mini/ros2_ws/install/nav2_msgs/include/nav2_msgs/msg/particle_cloud.hpp
[2.197s] -- Up-to-date: /home/wasp_mini/ros2_ws/install/nav2_msgs/include/nav2_msgs/msg/voxel_grid.hpp
[2.198s] -- Up-to-date: /home/wasp_mini/ros2_ws/install/nav2_msgs/include/nav2_msgs/msg/behavior_tree_status_change.hpp
[2.198s] -- Up-to-date: /home/wasp_mini/ros2_ws/install/nav2_msgs/include/nav2_msgs/msg/costmap_filter_info.hpp
[2.199s] -- Up-to-date: /home/wasp_mini/ros2_ws/install/nav2_msgs/include/nav2_msgs/msg/speed_limit.hpp
[2.199s] -- Up-to-date: /home/wasp_mini/ros2_ws/install/nav2_msgs/include/nav2_msgs/msg/costmap_meta_data.hpp
[2.200s] -- Up-to-date: /home/wasp_mini/ros2_ws/install/nav2_msgs/include/nav2_msgs/msg/behavior_tree_log.hpp
[2.200s] -- Up-to-date: /home/wasp_mini/ros2_ws/install/nav2_msgs/include/nav2_msgs/msg/detail
[2.200s] -- Up-to-date: /home/wasp_mini/ros2_ws/install/nav2_msgs/include/nav2_msgs/msg/detail/speed_limit__struct.hpp
[2.201s] -- Up-to-date: /home/wasp_mini/ros2_ws/install/nav2_msgs/include/nav2_msgs/msg/detail/particle_cloud__traits.hpp
[2.201s] -- Up-to-date: /home/wasp_mini/ros2_ws/install/nav2_msgs/include/nav2_msgs/msg/detail/costmap_filter_info__struct.hpp
[2.202s] -- Up-to-date: /home/wasp_mini/ros2_ws/install/nav2_msgs/include/nav2_msgs/msg/detail/particle_cloud__builder.hpp
[2.202s] -- Up-to-date: /home/wasp_mini/ros2_ws/install/nav2_msgs/include/nav2_msgs/msg/detail/particle__traits.hpp
[2.202s] -- Up-to-date: /home/wasp_mini/ros2_ws/install/nav2_msgs/include/nav2_msgs/msg/detail/speed_limit__builder.hpp
[2.203s] -- Up-to-date: /home/wasp_mini/ros2_ws/install/nav2_msgs/include/nav2_msgs/msg/detail/costmap__traits.hpp
[2.203s] -- Up-to-date: /home/wasp_mini/ros2_ws/install/nav2_msgs/include/nav2_msgs/msg/detail/costmap__struct.hpp
[2.203s] -- Up-to-date: /home/wasp_mini/ros2_ws/install/nav2_msgs/include/nav2_msgs/msg/detail/voxel_grid__struct.hpp
[2.204s] -- Up-to-date: /home/wasp_mini/ros2_ws/install/nav2_msgs/include/nav2_msgs/msg/detail/speed_limit__traits.hpp
[2.204s] -- Up-to-date: /home/wasp_mini/ros2_ws/install/nav2_msgs/include/nav2_msgs/msg/detail/costmap_meta_data__traits.hpp
[2.204s] -- Up-to-date: /home/wasp_mini/ros2_ws/install/nav2_msgs/include/nav2_msgs/msg/detail/voxel_grid__traits.hpp
[2.205s] -- Up-to-date: /home/wasp_mini/ros2_ws/install/nav2_msgs/include/nav2_msgs/msg/detail/behavior_tree_log__builder.hpp
[2.205s] -- Up-to-date: /home/wasp_mini/ros2_ws/install/nav2_msgs/include/nav2_msgs/msg/detail/costmap_meta_data__struct.hpp
[2.205s] -- Up-to-date: /home/wasp_mini/ros2_ws/install/nav2_msgs/include/nav2_msgs/msg/detail/particle__builder.hpp
[2.205s] -- Up-to-date: /home/wasp_mini/ros2_ws/install/nav2_msgs/include/nav2_msgs/msg/detail/costmap_meta_data__builder.hpp
[2.205s] -- Up-to-date: /home/wasp_mini/ros2_ws/install/nav2_msgs/include/nav2_msgs/msg/detail/voxel_grid__builder.hpp
[2.206s] -- Up-to-date: /home/wasp_mini/ros2_ws/install/nav2_msgs/include/nav2_msgs/msg/detail/costmap__builder.hpp
[2.206s] -- Up-to-date: /home/wasp_mini/ros2_ws/install/nav2_msgs/include/nav2_msgs/msg/detail/behavior_tree_log__struct.hpp
[2.206s] -- Up-to-date: /home/wasp_mini/ros2_ws/install/nav2_msgs/include/nav2_msgs/msg/detail/behavior_tree_status_change__traits.hpp
[2.206s] -- Up-to-date: /home/wasp_mini/ros2_ws/install/nav2_msgs/include/nav2_msgs/msg/detail/costmap_filter_info__builder.hpp
[2.207s] -- Up-to-date: /home/wasp_mini/ros2_ws/install/nav2_msgs/include/nav2_msgs/msg/detail/behavior_tree_status_change__builder.hpp
[2.207s] -- Up-to-date: /home/wasp_mini/ros2_ws/install/nav2_msgs/include/nav2_msgs/msg/detail/costmap_filter_info__traits.hpp
[2.207s] -- Up-to-date: /home/wasp_mini/ros2_ws/install/nav2_msgs/include/nav2_msgs/msg/detail/behavior_tree_log__traits.hpp
[2.207s] -- Up-to-date: /home/wasp_mini/ros2_ws/install/nav2_msgs/include/nav2_msgs/msg/detail/particle__struct.hpp
[2.208s] -- Up-to-date: /home/wasp_mini/ros2_ws/install/nav2_msgs/include/nav2_msgs/msg/detail/behavior_tree_status_change__struct.hpp
[2.208s] -- Up-to-date: /home/wasp_mini/ros2_ws/install/nav2_msgs/include/nav2_msgs/msg/detail/particle_cloud__struct.hpp
[2.208s] -- Up-to-date: /home/wasp_mini/ros2_ws/install/nav2_msgs/include/nav2_msgs/msg/particle.hpp
[2.209s] -- Up-to-date: /home/wasp_mini/ros2_ws/install/nav2_msgs/include/nav2_msgs/msg/costmap.hpp
[2.209s] -- Up-to-date: /home/wasp_mini/ros2_ws/install/nav2_msgs/include/nav2_msgs/action
[2.209s] -- Up-to-date: /home/wasp_mini/ros2_ws/install/nav2_msgs/include/nav2_msgs/action/back_up.hpp
[2.210s] -- Up-to-date: /home/wasp_mini/ros2_ws/install/nav2_msgs/include/nav2_msgs/action/compute_path_through_poses.hpp
[2.211s] -- Up-to-date: /home/wasp_mini/ros2_ws/install/nav2_msgs/include/nav2_msgs/action/dummy_recovery.hpp
[2.211s] -- Up-to-date: /home/wasp_mini/ros2_ws/install/nav2_msgs/include/nav2_msgs/action/spin.hpp
[2.212s] -- Up-to-date: /home/wasp_mini/ros2_ws/install/nav2_msgs/include/nav2_msgs/action/compute_path_to_pose.hpp
[2.212s] -- Up-to-date: /home/wasp_mini/ros2_ws/install/nav2_msgs/include/nav2_msgs/action/detail
[2.212s] -- Up-to-date: /home/wasp_mini/ros2_ws/install/nav2_msgs/include/nav2_msgs/action/detail/compute_path_through_poses__builder.hpp
[2.212s] -- Up-to-date: /home/wasp_mini/ros2_ws/install/nav2_msgs/include/nav2_msgs/action/detail/compute_path_to_pose__traits.hpp
[2.213s] -- Up-to-date: /home/wasp_mini/ros2_ws/install/nav2_msgs/include/nav2_msgs/action/detail/follow_path__builder.hpp
[2.213s] -- Up-to-date: /home/wasp_mini/ros2_ws/install/nav2_msgs/include/nav2_msgs/action/detail/wait__builder.hpp
[2.213s] -- Up-to-date: /home/wasp_mini/ros2_ws/install/nav2_msgs/include/nav2_msgs/action/detail/navigate_through_poses__struct.hpp
[2.213s] -- Up-to-date: /home/wasp_mini/ros2_ws/install/nav2_msgs/include/nav2_msgs/action/detail/navigate_to_pose__traits.hpp
[2.214s] -- Up-to-date: /home/wasp_mini/ros2_ws/install/nav2_msgs/include/nav2_msgs/action/detail/back_up__struct.hpp
[2.214s] -- Up-to-date: /home/wasp_mini/ros2_ws/install/nav2_msgs/include/nav2_msgs/action/detail/navigate_through_poses__traits.hpp
[2.215s] -- Up-to-date: /home/wasp_mini/ros2_ws/install/nav2_msgs/include/nav2_msgs/action/detail/follow_waypoints__builder.hpp
[2.215s] -- Up-to-date: /home/wasp_mini/ros2_ws/install/nav2_msgs/include/nav2_msgs/action/detail/wait__traits.hpp
[2.216s] -- Up-to-date: /home/wasp_mini/ros2_ws/install/nav2_msgs/include/nav2_msgs/action/detail/compute_path_through_poses__struct.hpp
[2.216s] -- Up-to-date: /home/wasp_mini/ros2_ws/install/nav2_msgs/include/nav2_msgs/action/detail/back_up__traits.hpp
[2.216s] -- Up-to-date: /home/wasp_mini/ros2_ws/install/nav2_msgs/include/nav2_msgs/action/detail/wait__struct.hpp
[2.217s] -- Up-to-date: /home/wasp_mini/ros2_ws/install/nav2_msgs/include/nav2_msgs/action/detail/spin__builder.hpp
[2.217s] -- Up-to-date: /home/wasp_mini/ros2_ws/install/nav2_msgs/include/nav2_msgs/action/detail/navigate_through_poses__builder.hpp
[2.217s] -- Up-to-date: /home/wasp_mini/ros2_ws/install/nav2_msgs/include/nav2_msgs/action/detail/navigate_to_pose__struct.hpp
[2.217s] -- Up-to-date: /home/wasp_mini/ros2_ws/install/nav2_msgs/include/nav2_msgs/action/detail/navigate_to_pose__builder.hpp
[2.218s] -- Up-to-date: /home/wasp_mini/ros2_ws/install/nav2_msgs/include/nav2_msgs/action/detail/dummy_recovery__traits.hpp
[2.218s] -- Up-to-date: /home/wasp_mini/ros2_ws/install/nav2_msgs/include/nav2_msgs/action/detail/follow_waypoints__traits.hpp
[2.218s] -- Up-to-date: /home/wasp_mini/ros2_ws/install/nav2_msgs/include/nav2_msgs/action/detail/follow_waypoints__struct.hpp
[2.218s] -- Up-to-date: /home/wasp_mini/ros2_ws/install/nav2_msgs/include/nav2_msgs/action/detail/follow_path__struct.hpp
[2.218s] -- Up-to-date: /home/wasp_mini/ros2_ws/install/nav2_msgs/include/nav2_msgs/action/detail/follow_path__traits.hpp
[2.219s] -- Up-to-date: /home/wasp_mini/ros2_ws/install/nav2_msgs/include/nav2_msgs/action/detail/spin__traits.hpp
[2.219s] -- Up-to-date: /home/wasp_mini/ros2_ws/install/nav2_msgs/include/nav2_msgs/action/detail/dummy_recovery__builder.hpp
[2.219s] -- Up-to-date: /home/wasp_mini/ros2_ws/install/nav2_msgs/include/nav2_msgs/action/detail/dummy_recovery__struct.hpp
[2.219s] -- Up-to-date: /home/wasp_mini/ros2_ws/install/nav2_msgs/include/nav2_msgs/action/detail/spin__struct.hpp
[2.220s] -- Up-to-date: /home/wasp_mini/ros2_ws/install/nav2_msgs/include/nav2_msgs/action/detail/compute_path_to_pose__struct.hpp
[2.220s] -- Up-to-date: /home/wasp_mini/ros2_ws/install/nav2_msgs/include/nav2_msgs/action/detail/compute_path_through_poses__traits.hpp
[2.220s] -- Up-to-date: /home/wasp_mini/ros2_ws/install/nav2_msgs/include/nav2_msgs/action/detail/compute_path_to_pose__builder.hpp
[2.221s] -- Up-to-date: /home/wasp_mini/ros2_ws/install/nav2_msgs/include/nav2_msgs/action/detail/back_up__builder.hpp
[2.221s] -- Up-to-date: /home/wasp_mini/ros2_ws/install/nav2_msgs/include/nav2_msgs/action/follow_waypoints.hpp
[2.222s] -- Up-to-date: /home/wasp_mini/ros2_ws/install/nav2_msgs/include/nav2_msgs/action/navigate_to_pose.hpp
[2.222s] -- Up-to-date: /home/wasp_mini/ros2_ws/install/nav2_msgs/include/nav2_msgs/action/follow_path.hpp
[2.222s] -- Up-to-date: /home/wasp_mini/ros2_ws/install/nav2_msgs/include/nav2_msgs/action/navigate_through_poses.hpp
[2.223s] -- Up-to-date: /home/wasp_mini/ros2_ws/install/nav2_msgs/include/nav2_msgs/action/wait.hpp
[2.223s] -- Up-to-date: /home/wasp_mini/ros2_ws/install/nav2_msgs/include/nav2_msgs
[2.223s] -- Up-to-date: /home/wasp_mini/ros2_ws/install/nav2_msgs/include/nav2_msgs/srv
[2.223s] -- Up-to-date: /home/wasp_mini/ros2_ws/install/nav2_msgs/include/nav2_msgs/srv/detail
[2.223s] -- Up-to-date: /home/wasp_mini/ros2_ws/install/nav2_msgs/include/nav2_msgs/srv/detail/clear_costmap_except_region__rosidl_typesupport_introspection_cpp.hpp
[2.224s] -- Up-to-date: /home/wasp_mini/ros2_ws/install/nav2_msgs/include/nav2_msgs/srv/detail/save_map__rosidl_typesupport_introspection_cpp.hpp
[2.224s] -- Up-to-date: /home/wasp_mini/ros2_ws/install/nav2_msgs/include/nav2_msgs/srv/detail/get_costmap__type_support.cpp
[2.224s] -- Up-to-date: /home/wasp_mini/ros2_ws/install/nav2_msgs/include/nav2_msgs/srv/detail/clear_costmap_around_robot__type_support.cpp
[2.224s] -- Up-to-date: /home/wasp_mini/ros2_ws/install/nav2_msgs/include/nav2_msgs/srv/detail/get_costmap__rosidl_typesupport_introspection_cpp.hpp
[2.225s] -- Up-to-date: /home/wasp_mini/ros2_ws/install/nav2_msgs/include/nav2_msgs/srv/detail/save_map__type_support.cpp
[2.225s] -- Up-to-date: /home/wasp_mini/ros2_ws/install/nav2_msgs/include/nav2_msgs/srv/detail/clear_entire_costmap__rosidl_typesupport_introspection_cpp.hpp
[2.225s] -- Up-to-date: /home/wasp_mini/ros2_ws/install/nav2_msgs/include/nav2_msgs/srv/detail/clear_costmap_except_region__type_support.cpp
[2.225s] -- Up-to-date: /home/wasp_mini/ros2_ws/install/nav2_msgs/include/nav2_msgs/srv/detail/clear_entire_costmap__type_support.cpp
[2.226s] -- Up-to-date: /home/wasp_mini/ros2_ws/install/nav2_msgs/include/nav2_msgs/srv/detail/manage_lifecycle_nodes__type_support.cpp
[2.226s] -- Up-to-date: /home/wasp_mini/ros2_ws/install/nav2_msgs/include/nav2_msgs/srv/detail/manage_lifecycle_nodes__rosidl_typesupport_introspection_cpp.hpp
[2.226s] -- Up-to-date: /home/wasp_mini/ros2_ws/install/nav2_msgs/include/nav2_msgs/srv/detail/load_map__type_support.cpp
[2.227s] -- Up-to-date: /home/wasp_mini/ros2_ws/install/nav2_msgs/include/nav2_msgs/srv/detail/load_map__rosidl_typesupport_introspection_cpp.hpp
[2.227s] -- Up-to-date: /home/wasp_mini/ros2_ws/install/nav2_msgs/include/nav2_msgs/srv/detail/clear_costmap_around_robot__rosidl_typesupport_introspection_cpp.hpp
[2.227s] -- Up-to-date: /home/wasp_mini/ros2_ws/install/nav2_msgs/include/nav2_msgs/msg
[2.228s] -- Up-to-date: /home/wasp_mini/ros2_ws/install/nav2_msgs/include/nav2_msgs/msg/detail
[2.228s] -- Up-to-date: /home/wasp_mini/ros2_ws/install/nav2_msgs/include/nav2_msgs/msg/detail/behavior_tree_status_change__type_support.cpp
[2.228s] -- Up-to-date: /home/wasp_mini/ros2_ws/install/nav2_msgs/include/nav2_msgs/msg/detail/costmap_filter_info__type_support.cpp
[2.229s] -- Up-to-date: /home/wasp_mini/ros2_ws/install/nav2_msgs/include/nav2_msgs/msg/detail/speed_limit__rosidl_typesupport_introspection_cpp.hpp
[2.229s] -- Up-to-date: /home/wasp_mini/ros2_ws/install/nav2_msgs/include/nav2_msgs/msg/detail/costmap_filter_info__rosidl_typesupport_introspection_cpp.hpp
[2.230s] -- Up-to-date: /home/wasp_mini/ros2_ws/install/nav2_msgs/include/nav2_msgs/msg/detail/behavior_tree_log__rosidl_typesupport_introspection_cpp.hpp
[2.230s] -- Up-to-date: /home/wasp_mini/ros2_ws/install/nav2_msgs/include/nav2_msgs/msg/detail/voxel_grid__type_support.cpp
[2.230s] -- Up-to-date: /home/wasp_mini/ros2_ws/install/nav2_msgs/include/nav2_msgs/msg/detail/behavior_tree_status_change__rosidl_typesupport_introspection_cpp.hpp
[2.231s] -- Up-to-date: /home/wasp_mini/ros2_ws/install/nav2_msgs/include/nav2_msgs/msg/detail/particle__rosidl_typesupport_introspection_cpp.hpp
[2.231s] -- Up-to-date: /home/wasp_mini/ros2_ws/install/nav2_msgs/include/nav2_msgs/msg/detail/particle_cloud__rosidl_typesupport_introspection_cpp.hpp
[2.231s] -- Up-to-date: /home/wasp_mini/ros2_ws/install/nav2_msgs/include/nav2_msgs/msg/detail/behavior_tree_log__type_support.cpp
[2.231s] -- Up-to-date: /home/wasp_mini/ros2_ws/install/nav2_msgs/include/nav2_msgs/msg/detail/costmap_meta_data__type_support.cpp
[2.232s] -- Up-to-date: /home/wasp_mini/ros2_ws/install/nav2_msgs/include/nav2_msgs/msg/detail/particle_cloud__type_support.cpp
[2.232s] -- Up-to-date: /home/wasp_mini/ros2_ws/install/nav2_msgs/include/nav2_msgs/msg/detail/speed_limit__type_support.cpp
[2.232s] -- Up-to-date: /home/wasp_mini/ros2_ws/install/nav2_msgs/include/nav2_msgs/msg/detail/costmap_meta_data__rosidl_typesupport_introspection_cpp.hpp
[2.232s] -- Up-to-date: /home/wasp_mini/ros2_ws/install/nav2_msgs/include/nav2_msgs/msg/detail/costmap__rosidl_typesupport_introspection_cpp.hpp
[2.233s] -- Up-to-date: /home/wasp_mini/ros2_ws/install/nav2_msgs/include/nav2_msgs/msg/detail/particle__type_support.cpp
[2.233s] -- Up-to-date: /home/wasp_mini/ros2_ws/install/nav2_msgs/include/nav2_msgs/msg/detail/voxel_grid__rosidl_typesupport_introspection_cpp.hpp
[2.233s] -- Up-to-date: /home/wasp_mini/ros2_ws/install/nav2_msgs/include/nav2_msgs/msg/detail/costmap__type_support.cpp
[2.233s] -- Up-to-date: /home/wasp_mini/ros2_ws/install/nav2_msgs/include/nav2_msgs/action
[2.233s] -- Up-to-date: /home/wasp_mini/ros2_ws/install/nav2_msgs/include/nav2_msgs/action/detail
[2.234s] -- Up-to-date: /home/wasp_mini/ros2_ws/install/nav2_msgs/include/nav2_msgs/action/detail/dummy_recovery__type_support.cpp
[2.234s] -- Up-to-date: /home/wasp_mini/ros2_ws/install/nav2_msgs/include/nav2_msgs/action/detail/navigate_through_poses__rosidl_typesupport_introspection_cpp.hpp
[2.234s] -- Up-to-date: /home/wasp_mini/ros2_ws/install/nav2_msgs/include/nav2_msgs/action/detail/back_up__rosidl_typesupport_introspection_cpp.hpp
[2.234s] -- Up-to-date: /home/wasp_mini/ros2_ws/install/nav2_msgs/include/nav2_msgs/action/detail/compute_path_to_pose__rosidl_typesupport_introspection_cpp.hpp
[2.234s] -- Up-to-date: /home/wasp_mini/ros2_ws/install/nav2_msgs/include/nav2_msgs/action/detail/navigate_to_pose__type_support.cpp
[2.235s] -- Up-to-date: /home/wasp_mini/ros2_ws/install/nav2_msgs/include/nav2_msgs/action/detail/follow_path__rosidl_typesupport_introspection_cpp.hpp
[2.235s] -- Up-to-date: /home/wasp_mini/ros2_ws/install/nav2_msgs/include/nav2_msgs/action/detail/wait__type_support.cpp
[2.235s] -- Up-to-date: /home/wasp_mini/ros2_ws/install/nav2_msgs/include/nav2_msgs/action/detail/navigate_through_poses__type_support.cpp
[2.235s] -- Up-to-date: /home/wasp_mini/ros2_ws/install/nav2_msgs/include/nav2_msgs/action/detail/compute_path_through_poses__rosidl_typesupport_introspection_cpp.hpp
[2.236s] -- Up-to-date: /home/wasp_mini/ros2_ws/install/nav2_msgs/include/nav2_msgs/action/detail/follow_waypoints__rosidl_typesupport_introspection_cpp.hpp
[2.236s] -- Up-to-date: /home/wasp_mini/ros2_ws/install/nav2_msgs/include/nav2_msgs/action/detail/wait__rosidl_typesupport_introspection_cpp.hpp
[2.236s] -- Up-to-date: /home/wasp_mini/ros2_ws/install/nav2_msgs/include/nav2_msgs/action/detail/back_up__type_support.cpp
[2.237s] -- Up-to-date: /home/wasp_mini/ros2_ws/install/nav2_msgs/include/nav2_msgs/action/detail/compute_path_through_poses__type_support.cpp
[2.238s] -- Up-to-date: /home/wasp_mini/ros2_ws/install/nav2_msgs/include/nav2_msgs/action/detail/dummy_recovery__rosidl_typesupport_introspection_cpp.hpp
[2.238s] -- Up-to-date: /home/wasp_mini/ros2_ws/install/nav2_msgs/include/nav2_msgs/action/detail/spin__rosidl_typesupport_introspection_cpp.hpp
[2.239s] -- Up-to-date: /home/wasp_mini/ros2_ws/install/nav2_msgs/include/nav2_msgs/action/detail/spin__type_support.cpp
[2.239s] -- Up-to-date: /home/wasp_mini/ros2_ws/install/nav2_msgs/include/nav2_msgs/action/detail/follow_path__type_support.cpp
[2.244s] -- Up-to-date: /home/wasp_mini/ros2_ws/install/nav2_msgs/include/nav2_msgs/action/detail/navigate_to_pose__rosidl_typesupport_introspection_cpp.hpp
[2.245s] -- Up-to-date: /home/wasp_mini/ros2_ws/install/nav2_msgs/include/nav2_msgs/action/detail/compute_path_to_pose__type_support.cpp
[2.245s] -- Up-to-date: /home/wasp_mini/ros2_ws/install/nav2_msgs/include/nav2_msgs/action/detail/follow_waypoints__type_support.cpp
[2.245s] -- Up-to-date: /home/wasp_mini/ros2_ws/install/nav2_msgs/lib/libnav2_msgs__rosidl_typesupport_introspection_cpp.so
[2.245s] -- Up-to-date: /home/wasp_mini/ros2_ws/install/nav2_msgs/lib/libnav2_msgs__rosidl_typesupport_cpp.so
[2.246s] -- Up-to-date: /home/wasp_mini/ros2_ws/install/nav2_msgs/share/nav2_msgs/environment/pythonpath.sh
[2.246s] -- Up-to-date: /home/wasp_mini/ros2_ws/install/nav2_msgs/share/nav2_msgs/environment/pythonpath.dsv
[2.246s] -- Up-to-date: /home/wasp_mini/ros2_ws/install/nav2_msgs/lib/python3.8/site-packages/nav2_msgs/__init__.py
[2.247s] -- Up-to-date: /home/wasp_mini/ros2_ws/install/nav2_msgs/lib/python3.8/site-packages/nav2_msgs/msg
[2.247s] -- Up-to-date: /home/wasp_mini/ros2_ws/install/nav2_msgs/lib/python3.8/site-packages/nav2_msgs/msg/_particle_s.c
[2.247s] -- Up-to-date: /home/wasp_mini/ros2_ws/install/nav2_msgs/lib/python3.8/site-packages/nav2_msgs/msg/_voxel_grid.py
[2.248s] -- Up-to-date: /home/wasp_mini/ros2_ws/install/nav2_msgs/lib/python3.8/site-packages/nav2_msgs/msg/_behavior_tree_log_s.c
[2.248s] -- Up-to-date: /home/wasp_mini/ros2_ws/install/nav2_msgs/lib/python3.8/site-packages/nav2_msgs/msg/_particle_cloud.py
[2.248s] -- Up-to-date: /home/wasp_mini/ros2_ws/install/nav2_msgs/lib/python3.8/site-packages/nav2_msgs/msg/_speed_limit.py
[2.248s] -- Up-to-date: /home/wasp_mini/ros2_ws/install/nav2_msgs/lib/python3.8/site-packages/nav2_msgs/msg/_costmap_meta_data_s.c
[2.248s] -- Up-to-date: /home/wasp_mini/ros2_ws/install/nav2_msgs/lib/python3.8/site-packages/nav2_msgs/msg/_behavior_tree_log.py
[2.249s] -- Up-to-date: /home/wasp_mini/ros2_ws/install/nav2_msgs/lib/python3.8/site-packages/nav2_msgs/msg/_costmap_filter_info_s.c
[2.249s] -- Up-to-date: /home/wasp_mini/ros2_ws/install/nav2_msgs/lib/python3.8/site-packages/nav2_msgs/msg/_particle_cloud_s.c
[2.249s] -- Up-to-date: /home/wasp_mini/ros2_ws/install/nav2_msgs/lib/python3.8/site-packages/nav2_msgs/msg/_behavior_tree_status_change_s.c
[2.249s] -- Up-to-date: /home/wasp_mini/ros2_ws/install/nav2_msgs/lib/python3.8/site-packages/nav2_msgs/msg/__init__.py
[2.250s] -- Up-to-date: /home/wasp_mini/ros2_ws/install/nav2_msgs/lib/python3.8/site-packages/nav2_msgs/msg/_particle.py
[2.250s] -- Up-to-date: /home/wasp_mini/ros2_ws/install/nav2_msgs/lib/python3.8/site-packages/nav2_msgs/msg/_costmap_meta_data.py
[2.250s] -- Up-to-date: /home/wasp_mini/ros2_ws/install/nav2_msgs/lib/python3.8/site-packages/nav2_msgs/msg/_behavior_tree_status_change.py
[2.250s] -- Up-to-date: /home/wasp_mini/ros2_ws/install/nav2_msgs/lib/python3.8/site-packages/nav2_msgs/msg/_costmap_filter_info.py
[2.251s] -- Up-to-date: /home/wasp_mini/ros2_ws/install/nav2_msgs/lib/python3.8/site-packages/nav2_msgs/msg/_speed_limit_s.c
[2.251s] -- Up-to-date: /home/wasp_mini/ros2_ws/install/nav2_msgs/lib/python3.8/site-packages/nav2_msgs/msg/_costmap.py
[2.251s] -- Up-to-date: /home/wasp_mini/ros2_ws/install/nav2_msgs/lib/python3.8/site-packages/nav2_msgs/msg/_voxel_grid_s.c
[2.251s] -- Up-to-date: /home/wasp_mini/ros2_ws/install/nav2_msgs/lib/python3.8/site-packages/nav2_msgs/msg/_costmap_s.c
[2.252s] -- Up-to-date: /home/wasp_mini/ros2_ws/install/nav2_msgs/lib/python3.8/site-packages/nav2_msgs/srv
[2.257s] -- Up-to-date: /home/wasp_mini/ros2_ws/install/nav2_msgs/lib/python3.8/site-packages/nav2_msgs/srv/_clear_entire_costmap_s.c
[2.257s] -- Up-to-date: /home/wasp_mini/ros2_ws/install/nav2_msgs/lib/python3.8/site-packages/nav2_msgs/srv/_clear_entire_costmap.py
[2.257s] -- Up-to-date: /home/wasp_mini/ros2_ws/install/nav2_msgs/lib/python3.8/site-packages/nav2_msgs/srv/_clear_costmap_except_region.py
[2.258s] -- Up-to-date: /home/wasp_mini/ros2_ws/install/nav2_msgs/lib/python3.8/site-packages/nav2_msgs/srv/_clear_costmap_except_region_s.c
[2.258s] -- Up-to-date: /home/wasp_mini/ros2_ws/install/nav2_msgs/lib/python3.8/site-packages/nav2_msgs/srv/_save_map_s.c
[2.258s] -- Up-to-date: /home/wasp_mini/ros2_ws/install/nav2_msgs/lib/python3.8/site-packages/nav2_msgs/srv/_load_map_s.c
[2.258s] -- Up-to-date: /home/wasp_mini/ros2_ws/install/nav2_msgs/lib/python3.8/site-packages/nav2_msgs/srv/_load_map.py
[2.258s] -- Up-to-date: /home/wasp_mini/ros2_ws/install/nav2_msgs/lib/python3.8/site-packages/nav2_msgs/srv/_save_map.py
[2.259s] -- Up-to-date: /home/wasp_mini/ros2_ws/install/nav2_msgs/lib/python3.8/site-packages/nav2_msgs/srv/__init__.py
[2.259s] -- Up-to-date: /home/wasp_mini/ros2_ws/install/nav2_msgs/lib/python3.8/site-packages/nav2_msgs/srv/_get_costmap_s.c
[2.259s] -- Up-to-date: /home/wasp_mini/ros2_ws/install/nav2_msgs/lib/python3.8/site-packages/nav2_msgs/srv/_get_costmap.py
[2.259s] -- Up-to-date: /home/wasp_mini/ros2_ws/install/nav2_msgs/lib/python3.8/site-packages/nav2_msgs/srv/_manage_lifecycle_nodes.py
[2.264s] -- Up-to-date: /home/wasp_mini/ros2_ws/install/nav2_msgs/lib/python3.8/site-packages/nav2_msgs/srv/_manage_lifecycle_nodes_s.c
[2.264s] -- Up-to-date: /home/wasp_mini/ros2_ws/install/nav2_msgs/lib/python3.8/site-packages/nav2_msgs/srv/_clear_costmap_around_robot_s.c
[2.264s] -- Up-to-date: /home/wasp_mini/ros2_ws/install/nav2_msgs/lib/python3.8/site-packages/nav2_msgs/srv/_clear_costmap_around_robot.py
[2.264s] -- Up-to-date: /home/wasp_mini/ros2_ws/install/nav2_msgs/lib/python3.8/site-packages/nav2_msgs/action
[2.265s] -- Up-to-date: /home/wasp_mini/ros2_ws/install/nav2_msgs/lib/python3.8/site-packages/nav2_msgs/action/_back_up_s.c
[2.265s] -- Up-to-date: /home/wasp_mini/ros2_ws/install/nav2_msgs/lib/python3.8/site-packages/nav2_msgs/action/_follow_path_s.c
[2.265s] -- Up-to-date: /home/wasp_mini/ros2_ws/install/nav2_msgs/lib/python3.8/site-packages/nav2_msgs/action/_follow_waypoints.py
[2.265s] -- Up-to-date: /home/wasp_mini/ros2_ws/install/nav2_msgs/lib/python3.8/site-packages/nav2_msgs/action/_wait_s.c
[2.265s] -- Up-to-date: /home/wasp_mini/ros2_ws/install/nav2_msgs/lib/python3.8/site-packages/nav2_msgs/action/_compute_path_through_poses_s.c
[2.266s] -- Up-to-date: /home/wasp_mini/ros2_ws/install/nav2_msgs/lib/python3.8/site-packages/nav2_msgs/action/_navigate_through_poses.py
[2.266s] -- Up-to-date: /home/wasp_mini/ros2_ws/install/nav2_msgs/lib/python3.8/site-packages/nav2_msgs/action/_compute_path_to_pose_s.c
[2.266s] -- Up-to-date: /home/wasp_mini/ros2_ws/install/nav2_msgs/lib/python3.8/site-packages/nav2_msgs/action/_dummy_recovery_s.c
[2.266s] -- Up-to-date: /home/wasp_mini/ros2_ws/install/nav2_msgs/lib/python3.8/site-packages/nav2_msgs/action/_spin_s.c
[2.267s] -- Up-to-date: /home/wasp_mini/ros2_ws/install/nav2_msgs/lib/python3.8/site-packages/nav2_msgs/action/_compute_path_to_pose.py
[2.267s] -- Up-to-date: /home/wasp_mini/ros2_ws/install/nav2_msgs/lib/python3.8/site-packages/nav2_msgs/action/_dummy_recovery.py
[2.267s] -- Up-to-date: /home/wasp_mini/ros2_ws/install/nav2_msgs/lib/python3.8/site-packages/nav2_msgs/action/_wait.py
[2.267s] -- Up-to-date: /home/wasp_mini/ros2_ws/install/nav2_msgs/lib/python3.8/site-packages/nav2_msgs/action/__init__.py
[2.268s] -- Up-to-date: /home/wasp_mini/ros2_ws/install/nav2_msgs/lib/python3.8/site-packages/nav2_msgs/action/_spin.py
[2.268s] -- Up-to-date: /home/wasp_mini/ros2_ws/install/nav2_msgs/lib/python3.8/site-packages/nav2_msgs/action/_navigate_through_poses_s.c
[2.268s] -- Up-to-date: /home/wasp_mini/ros2_ws/install/nav2_msgs/lib/python3.8/site-packages/nav2_msgs/action/_navigate_to_pose.py
[2.268s] -- Up-to-date: /home/wasp_mini/ros2_ws/install/nav2_msgs/lib/python3.8/site-packages/nav2_msgs/action/_back_up.py
[2.269s] -- Up-to-date: /home/wasp_mini/ros2_ws/install/nav2_msgs/lib/python3.8/site-packages/nav2_msgs/action/_follow_waypoints_s.c
[2.269s] -- Up-to-date: /home/wasp_mini/ros2_ws/install/nav2_msgs/lib/python3.8/site-packages/nav2_msgs/action/_follow_path.py
[2.269s] -- Up-to-date: /home/wasp_mini/ros2_ws/install/nav2_msgs/lib/python3.8/site-packages/nav2_msgs/action/_compute_path_through_poses.py
[2.269s] -- Up-to-date: /home/wasp_mini/ros2_ws/install/nav2_msgs/lib/python3.8/site-packages/nav2_msgs/action/_navigate_to_pose_s.c
[2.269s] -- Up-to-date: /home/wasp_mini/ros2_ws/install/nav2_msgs/lib/python3.8/site-packages/nav2_msgs/nav2_msgs_s__rosidl_typesupport_fastrtps_c.cpython-38-x86_64-linux-gnu.so
[2.275s] -- Up-to-date: /home/wasp_mini/ros2_ws/install/nav2_msgs/lib/python3.8/site-packages/nav2_msgs/nav2_msgs_s__rosidl_typesupport_introspection_c.cpython-38-x86_64-linux-gnu.so
[2.275s] -- Up-to-date: /home/wasp_mini/ros2_ws/install/nav2_msgs/lib/python3.8/site-packages/nav2_msgs/nav2_msgs_s__rosidl_typesupport_c.cpython-38-x86_64-linux-gnu.so
[2.275s] -- Up-to-date: /home/wasp_mini/ros2_ws/install/nav2_msgs/lib/libnav2_msgs__python.so
[2.276s] -- Up-to-date: /home/wasp_mini/ros2_ws/install/nav2_msgs/share/nav2_msgs/msg/Costmap.idl
[2.276s] -- Up-to-date: /home/wasp_mini/ros2_ws/install/nav2_msgs/share/nav2_msgs/msg/CostmapMetaData.idl
[2.276s] -- Up-to-date: /home/wasp_mini/ros2_ws/install/nav2_msgs/share/nav2_msgs/msg/CostmapFilterInfo.idl
[2.276s] -- Up-to-date: /home/wasp_mini/ros2_ws/install/nav2_msgs/share/nav2_msgs/msg/SpeedLimit.idl
[2.277s] -- Up-to-date: /home/wasp_mini/ros2_ws/install/nav2_msgs/share/nav2_msgs/msg/VoxelGrid.idl
[2.277s] -- Up-to-date: /home/wasp_mini/ros2_ws/install/nav2_msgs/share/nav2_msgs/msg/BehaviorTreeStatusChange.idl
[2.277s] -- Up-to-date: /home/wasp_mini/ros2_ws/install/nav2_msgs/share/nav2_msgs/msg/BehaviorTreeLog.idl
[2.277s] -- Up-to-date: /home/wasp_mini/ros2_ws/install/nav2_msgs/share/nav2_msgs/msg/Particle.idl
[2.277s] -- Up-to-date: /home/wasp_mini/ros2_ws/install/nav2_msgs/share/nav2_msgs/msg/ParticleCloud.idl
[2.278s] -- Up-to-date: /home/wasp_mini/ros2_ws/install/nav2_msgs/share/nav2_msgs/srv/GetCostmap.idl
[2.278s] -- Up-to-date: /home/wasp_mini/ros2_ws/install/nav2_msgs/share/nav2_msgs/srv/ClearCostmapExceptRegion.idl
[2.278s] -- Up-to-date: /home/wasp_mini/ros2_ws/install/nav2_msgs/share/nav2_msgs/srv/ClearCostmapAroundRobot.idl
[2.278s] -- Up-to-date: /home/wasp_mini/ros2_ws/install/nav2_msgs/share/nav2_msgs/srv/ClearEntireCostmap.idl
[2.278s] -- Up-to-date: /home/wasp_mini/ros2_ws/install/nav2_msgs/share/nav2_msgs/srv/ManageLifecycleNodes.idl
[2.279s] -- Up-to-date: /home/wasp_mini/ros2_ws/install/nav2_msgs/share/nav2_msgs/srv/LoadMap.idl
[2.279s] -- Up-to-date: /home/wasp_mini/ros2_ws/install/nav2_msgs/share/nav2_msgs/srv/SaveMap.idl
[2.279s] -- Up-to-date: /home/wasp_mini/ros2_ws/install/nav2_msgs/share/nav2_msgs/action/BackUp.idl
[2.279s] -- Up-to-date: /home/wasp_mini/ros2_ws/install/nav2_msgs/share/nav2_msgs/action/ComputePathToPose.idl
[2.279s] -- Up-to-date: /home/wasp_mini/ros2_ws/install/nav2_msgs/share/nav2_msgs/action/ComputePathThroughPoses.idl
[2.286s] -- Up-to-date: /home/wasp_mini/ros2_ws/install/nav2_msgs/share/nav2_msgs/action/FollowPath.idl
[2.287s] -- Up-to-date: /home/wasp_mini/ros2_ws/install/nav2_msgs/share/nav2_msgs/action/NavigateToPose.idl
[2.287s] -- Up-to-date: /home/wasp_mini/ros2_ws/install/nav2_msgs/share/nav2_msgs/action/NavigateThroughPoses.idl
[2.287s] -- Up-to-date: /home/wasp_mini/ros2_ws/install/nav2_msgs/share/nav2_msgs/action/Wait.idl
[2.287s] -- Up-to-date: /home/wasp_mini/ros2_ws/install/nav2_msgs/share/nav2_msgs/action/Spin.idl
[2.288s] -- Up-to-date: /home/wasp_mini/ros2_ws/install/nav2_msgs/share/nav2_msgs/action/DummyRecovery.idl
[2.288s] -- Up-to-date: /home/wasp_mini/ros2_ws/install/nav2_msgs/share/nav2_msgs/action/FollowWaypoints.idl
[2.288s] -- Up-to-date: /home/wasp_mini/ros2_ws/install/nav2_msgs/share/nav2_msgs/msg/Costmap.msg
[2.289s] -- Up-to-date: /home/wasp_mini/ros2_ws/install/nav2_msgs/share/nav2_msgs/msg/CostmapMetaData.msg
[2.289s] -- Up-to-date: /home/wasp_mini/ros2_ws/install/nav2_msgs/share/nav2_msgs/msg/CostmapFilterInfo.msg
[2.289s] -- Up-to-date: /home/wasp_mini/ros2_ws/install/nav2_msgs/share/nav2_msgs/msg/SpeedLimit.msg
[2.289s] -- Up-to-date: /home/wasp_mini/ros2_ws/install/nav2_msgs/share/nav2_msgs/msg/VoxelGrid.msg
[2.290s] -- Up-to-date: /home/wasp_mini/ros2_ws/install/nav2_msgs/share/nav2_msgs/msg/BehaviorTreeStatusChange.msg
[2.292s] -- Up-to-date: /home/wasp_mini/ros2_ws/install/nav2_msgs/share/nav2_msgs/msg/BehaviorTreeLog.msg
[2.292s] -- Up-to-date: /home/wasp_mini/ros2_ws/install/nav2_msgs/share/nav2_msgs/msg/Particle.msg
[2.292s] -- Up-to-date: /home/wasp_mini/ros2_ws/install/nav2_msgs/share/nav2_msgs/msg/ParticleCloud.msg
[2.293s] -- Up-to-date: /home/wasp_mini/ros2_ws/install/nav2_msgs/share/nav2_msgs/srv/GetCostmap.srv
[2.293s] -- Up-to-date: /home/wasp_mini/ros2_ws/install/nav2_msgs/share/nav2_msgs/srv/GetCostmap_Request.msg
[2.297s] -- Up-to-date: /home/wasp_mini/ros2_ws/install/nav2_msgs/share/nav2_msgs/srv/GetCostmap_Response.msg
[2.297s] -- Up-to-date: /home/wasp_mini/ros2_ws/install/nav2_msgs/share/nav2_msgs/srv/ClearCostmapExceptRegion.srv
[2.298s] -- Up-to-date: /home/wasp_mini/ros2_ws/install/nav2_msgs/share/nav2_msgs/srv/ClearCostmapExceptRegion_Request.msg
[2.298s] -- Up-to-date: /home/wasp_mini/ros2_ws/install/nav2_msgs/share/nav2_msgs/srv/ClearCostmapExceptRegion_Response.msg
[2.298s] -- Up-to-date: /home/wasp_mini/ros2_ws/install/nav2_msgs/share/nav2_msgs/srv/ClearCostmapAroundRobot.srv
[2.298s] -- Up-to-date: /home/wasp_mini/ros2_ws/install/nav2_msgs/share/nav2_msgs/srv/ClearCostmapAroundRobot_Request.msg
[2.299s] -- Up-to-date: /home/wasp_mini/ros2_ws/install/nav2_msgs/share/nav2_msgs/srv/ClearCostmapAroundRobot_Response.msg
[2.299s] -- Up-to-date: /home/wasp_mini/ros2_ws/install/nav2_msgs/share/nav2_msgs/srv/ClearEntireCostmap.srv
[2.299s] -- Up-to-date: /home/wasp_mini/ros2_ws/install/nav2_msgs/share/nav2_msgs/srv/ClearEntireCostmap_Request.msg
[2.299s] -- Up-to-date: /home/wasp_mini/ros2_ws/install/nav2_msgs/share/nav2_msgs/srv/ClearEntireCostmap_Response.msg
[2.300s] -- Up-to-date: /home/wasp_mini/ros2_ws/install/nav2_msgs/share/nav2_msgs/srv/ManageLifecycleNodes.srv
[2.300s] -- Up-to-date: /home/wasp_mini/ros2_ws/install/nav2_msgs/share/nav2_msgs/srv/ManageLifecycleNodes_Request.msg
[2.300s] -- Up-to-date: /home/wasp_mini/ros2_ws/install/nav2_msgs/share/nav2_msgs/srv/ManageLifecycleNodes_Response.msg
[2.300s] -- Up-to-date: /home/wasp_mini/ros2_ws/install/nav2_msgs/share/nav2_msgs/srv/LoadMap.srv
[2.301s] -- Up-to-date: /home/wasp_mini/ros2_ws/install/nav2_msgs/share/nav2_msgs/srv/LoadMap_Request.msg
[2.301s] -- Up-to-date: /home/wasp_mini/ros2_ws/install/nav2_msgs/share/nav2_msgs/srv/LoadMap_Response.msg
[2.301s] -- Up-to-date: /home/wasp_mini/ros2_ws/install/nav2_msgs/share/nav2_msgs/srv/SaveMap.srv
[2.301s] -- Up-to-date: /home/wasp_mini/ros2_ws/install/nav2_msgs/share/nav2_msgs/srv/SaveMap_Request.msg
[2.302s] -- Up-to-date: /home/wasp_mini/ros2_ws/install/nav2_msgs/share/nav2_msgs/srv/SaveMap_Response.msg
[2.302s] -- Up-to-date: /home/wasp_mini/ros2_ws/install/nav2_msgs/share/nav2_msgs/action/BackUp.action
[2.302s] -- Up-to-date: /home/wasp_mini/ros2_ws/install/nav2_msgs/share/nav2_msgs/action/ComputePathToPose.action
[2.302s] -- Up-to-date: /home/wasp_mini/ros2_ws/install/nav2_msgs/share/nav2_msgs/action/ComputePathThroughPoses.action
[2.303s] -- Up-to-date: /home/wasp_mini/ros2_ws/install/nav2_msgs/share/nav2_msgs/action/FollowPath.action
[2.303s] -- Up-to-date: /home/wasp_mini/ros2_ws/install/nav2_msgs/share/nav2_msgs/action/NavigateToPose.action
[2.303s] -- Up-to-date: /home/wasp_mini/ros2_ws/install/nav2_msgs/share/nav2_msgs/action/NavigateThroughPoses.action
[2.303s] -- Up-to-date: /home/wasp_mini/ros2_ws/install/nav2_msgs/share/nav2_msgs/action/Wait.action
[2.308s] -- Up-to-date: /home/wasp_mini/ros2_ws/install/nav2_msgs/share/nav2_msgs/action/Spin.action
[2.308s] -- Up-to-date: /home/wasp_mini/ros2_ws/install/nav2_msgs/share/nav2_msgs/action/DummyRecovery.action
[2.308s] -- Up-to-date: /home/wasp_mini/ros2_ws/install/nav2_msgs/share/nav2_msgs/action/FollowWaypoints.action
[2.308s] -- Up-to-date: /home/wasp_mini/ros2_ws/install/nav2_msgs/share/ament_index/resource_index/package_run_dependencies/nav2_msgs
[2.309s] -- Up-to-date: /home/wasp_mini/ros2_ws/install/nav2_msgs/share/ament_index/resource_index/parent_prefix_path/nav2_msgs
[2.309s] -- Up-to-date: /home/wasp_mini/ros2_ws/install/nav2_msgs/share/nav2_msgs/environment/ament_prefix_path.sh
[2.309s] -- Up-to-date: /home/wasp_mini/ros2_ws/install/nav2_msgs/share/nav2_msgs/environment/ament_prefix_path.dsv
[2.309s] -- Up-to-date: /home/wasp_mini/ros2_ws/install/nav2_msgs/share/nav2_msgs/environment/path.sh
[2.310s] -- Up-to-date: /home/wasp_mini/ros2_ws/install/nav2_msgs/share/nav2_msgs/environment/path.dsv
[2.310s] -- Up-to-date: /home/wasp_mini/ros2_ws/install/nav2_msgs/share/nav2_msgs/local_setup.bash
[2.310s] -- Up-to-date: /home/wasp_mini/ros2_ws/install/nav2_msgs/share/nav2_msgs/local_setup.sh
[2.310s] -- Up-to-date: /home/wasp_mini/ros2_ws/install/nav2_msgs/share/nav2_msgs/local_setup.zsh
[2.311s] -- Up-to-date: /home/wasp_mini/ros2_ws/install/nav2_msgs/share/nav2_msgs/local_setup.dsv
[2.311s] -- Installing: /home/wasp_mini/ros2_ws/install/nav2_msgs/share/nav2_msgs/package.dsv
[2.311s] -- Up-to-date: /home/wasp_mini/ros2_ws/install/nav2_msgs/share/ament_index/resource_index/packages/nav2_msgs
[2.311s] -- Up-to-date: /home/wasp_mini/ros2_ws/install/nav2_msgs/share/nav2_msgs/cmake/nav2_msgs__rosidl_generator_cExport.cmake
[2.319s] -- Up-to-date: /home/wasp_mini/ros2_ws/install/nav2_msgs/share/nav2_msgs/cmake/nav2_msgs__rosidl_generator_cExport-release.cmake
[2.320s] -- Up-to-date: /home/wasp_mini/ros2_ws/install/nav2_msgs/share/nav2_msgs/cmake/nav2_msgs__rosidl_typesupport_introspection_cExport.cmake
[2.320s] -- Up-to-date: /home/wasp_mini/ros2_ws/install/nav2_msgs/share/nav2_msgs/cmake/nav2_msgs__rosidl_typesupport_introspection_cExport-release.cmake
[2.321s] -- Up-to-date: /home/wasp_mini/ros2_ws/install/nav2_msgs/share/nav2_msgs/cmake/nav2_msgs__rosidl_typesupport_cExport.cmake
[2.321s] -- Up-to-date: /home/wasp_mini/ros2_ws/install/nav2_msgs/share/nav2_msgs/cmake/nav2_msgs__rosidl_typesupport_cExport-release.cmake
[2.321s] -- Up-to-date: /home/wasp_mini/ros2_ws/install/nav2_msgs/share/nav2_msgs/cmake/nav2_msgs__rosidl_generator_cppExport.cmake
[2.321s] -- Up-to-date: /home/wasp_mini/ros2_ws/install/nav2_msgs/share/nav2_msgs/cmake/nav2_msgs__rosidl_typesupport_introspection_cppExport.cmake
[2.322s] -- Up-to-date: /home/wasp_mini/ros2_ws/install/nav2_msgs/share/nav2_msgs/cmake/nav2_msgs__rosidl_typesupport_introspection_cppExport-release.cmake
[2.322s] -- Up-to-date: /home/wasp_mini/ros2_ws/install/nav2_msgs/share/nav2_msgs/cmake/nav2_msgs__rosidl_typesupport_cppExport.cmake
[2.322s] -- Up-to-date: /home/wasp_mini/ros2_ws/install/nav2_msgs/share/nav2_msgs/cmake/nav2_msgs__rosidl_typesupport_cppExport-release.cmake
[2.322s] -- Up-to-date: /home/wasp_mini/ros2_ws/install/nav2_msgs/share/nav2_msgs/cmake/rosidl_cmake-extras.cmake
[2.323s] -- Up-to-date: /home/wasp_mini/ros2_ws/install/nav2_msgs/share/nav2_msgs/cmake/ament_cmake_export_dependencies-extras.cmake
[2.323s] -- Up-to-date: /home/wasp_mini/ros2_ws/install/nav2_msgs/share/nav2_msgs/cmake/ament_cmake_export_libraries-extras.cmake
[2.323s] -- Up-to-date: /home/wasp_mini/ros2_ws/install/nav2_msgs/share/nav2_msgs/cmake/ament_cmake_export_targets-extras.cmake
[2.323s] -- Up-to-date: /home/wasp_mini/ros2_ws/install/nav2_msgs/share/nav2_msgs/cmake/ament_cmake_export_include_directories-extras.cmake
[2.324s] -- Up-to-date: /home/wasp_mini/ros2_ws/install/nav2_msgs/share/nav2_msgs/cmake/rosidl_cmake_export_typesupport_libraries-extras.cmake
[2.324s] -- Up-to-date: /home/wasp_mini/ros2_ws/install/nav2_msgs/share/nav2_msgs/cmake/rosidl_cmake_export_typesupport_targets-extras.cmake
[2.324s] -- Up-to-date: /home/wasp_mini/ros2_ws/install/nav2_msgs/share/nav2_msgs/cmake/nav2_msgsConfig.cmake
[2.324s] -- Up-to-date: /home/wasp_mini/ros2_ws/install/nav2_msgs/share/nav2_msgs/cmake/nav2_msgsConfig-version.cmake
[2.325s] -- Up-to-date: /home/wasp_mini/ros2_ws/install/nav2_msgs/share/nav2_msgs/package.xml
[2.326s] Invoked command in '/home/wasp_mini/ros2_ws/build/nav2_msgs' returned '0': AMENT_PREFIX_PATH=/home/wasp_mini/ros2_ws/install/nav2_common:${AMENT_PREFIX_PATH} CMAKE_PREFIX_PATH=/home/wasp_mini/ros2_ws/install/nav2_common:/opt/ros/foxy PYTHONPATH=/home/wasp_mini/ros2_ws/install/nav2_common/lib/python3.8/site-packages:${PYTHONPATH} /usr/bin/cmake --install /home/wasp_mini/ros2_ws/build/nav2_msgs
