[0.472s] Invoking command in '/home/wasp_mini/ros2_ws/build/wasp_mini_joy': CMAKE_PREFIX_PATH=/opt/ros/foxy /usr/bin/cmake --build /home/wasp_mini/ros2_ws/build/wasp_mini_joy -- -j4 -l4
[0.558s] [35m[1mScanning dependencies of target joy_pub[0m
[0.605s] [ 50%] [32mBuilding CXX object CMakeFiles/joy_pub.dir/src/joy_pub.cpp.o[0m
[9.090s] [100%] [32m[1mLinking CXX executable joy_pub[0m
[9.722s] [100%] Built target joy_pub
[9.744s] Invoked command in '/home/wasp_mini/ros2_ws/build/wasp_mini_joy' returned '0': CMAKE_PREFIX_PATH=/opt/ros/foxy /usr/bin/cmake --build /home/wasp_mini/ros2_ws/build/wasp_mini_joy -- -j4 -l4
[9.795s] Invoking command in '/home/wasp_mini/ros2_ws/build/wasp_mini_joy': CMAKE_PREFIX_PATH=/opt/ros/foxy /usr/bin/cmake --install /home/wasp_mini/ros2_ws/build/wasp_mini_joy
[9.842s] -- Install configuration: ""
[9.844s] -- Installing: /home/wasp_mini/ros2_ws/install/wasp_mini_joy/lib/wasp_mini_joy/joy_pub
[9.848s] -- Set runtime path of "/home/wasp_mini/ros2_ws/install/wasp_mini_joy/lib/wasp_mini_joy/joy_pub" to ""
[9.849s] -- Installing: /home/wasp_mini/ros2_ws/install/wasp_mini_joy/share/ament_index/resource_index/package_run_dependencies/wasp_mini_joy
[9.850s] -- Installing: /home/wasp_mini/ros2_ws/install/wasp_mini_joy/share/ament_index/resource_index/parent_prefix_path/wasp_mini_joy
[9.850s] -- Up-to-date: /home/wasp_mini/ros2_ws/install/wasp_mini_joy/share/wasp_mini_joy/environment/ament_prefix_path.sh
[9.851s] -- Installing: /home/wasp_mini/ros2_ws/install/wasp_mini_joy/share/wasp_mini_joy/environment/ament_prefix_path.dsv
[9.851s] -- Up-to-date: /home/wasp_mini/ros2_ws/install/wasp_mini_joy/share/wasp_mini_joy/environment/path.sh
[9.851s] -- Installing: /home/wasp_mini/ros2_ws/install/wasp_mini_joy/share/wasp_mini_joy/environment/path.dsv
[9.852s] -- Up-to-date: /home/wasp_mini/ros2_ws/install/wasp_mini_joy/share/wasp_mini_joy/local_setup.bash
[9.852s] -- Up-to-date: /home/wasp_mini/ros2_ws/install/wasp_mini_joy/share/wasp_mini_joy/local_setup.sh
[9.852s] -- Up-to-date: /home/wasp_mini/ros2_ws/install/wasp_mini_joy/share/wasp_mini_joy/local_setup.zsh
[9.853s] -- Installing: /home/wasp_mini/ros2_ws/install/wasp_mini_joy/share/wasp_mini_joy/local_setup.dsv
[9.853s] -- Installing: /home/wasp_mini/ros2_ws/install/wasp_mini_joy/share/wasp_mini_joy/package.dsv
[9.854s] -- Up-to-date: /home/wasp_mini/ros2_ws/install/wasp_mini_joy/share/ament_index/resource_index/packages/wasp_mini_joy
[9.854s] -- Up-to-date: /home/wasp_mini/ros2_ws/install/wasp_mini_joy/share/wasp_mini_joy/cmake/wasp_mini_joyConfig.cmake
[9.854s] -- Up-to-date: /home/wasp_mini/ros2_ws/install/wasp_mini_joy/share/wasp_mini_joy/cmake/wasp_mini_joyConfig-version.cmake
[9.854s] -- Installing: /home/wasp_mini/ros2_ws/install/wasp_mini_joy/share/wasp_mini_joy/package.xml
[9.860s] Invoked command in '/home/wasp_mini/ros2_ws/build/wasp_mini_joy' returned '0': CMAKE_PREFIX_PATH=/opt/ros/foxy /usr/bin/cmake --install /home/wasp_mini/ros2_ws/build/wasp_mini_joy
