[0.058s] Invoking command in '/home/wasp_mini/ros2_ws/build/sick_scan2': CMAKE_PREFIX_PATH=${CMAKE_PREFIX_PATH}:/home/wasp_mini/ros2_ws/install/wasp_mini_controller:/opt/ros/foxy /usr/bin/cmake --build /home/wasp_mini/ros2_ws/build/sick_scan2 -- -j4 -l4
[0.340s] [ 90%] Built target sick_scan2_lib
[0.463s] [100%] Built target sick_generic_caller
[0.511s] Invoked command in '/home/wasp_mini/ros2_ws/build/sick_scan2' returned '0': CMAKE_PREFIX_PATH=${CMAKE_PREFIX_PATH}:/home/wasp_mini/ros2_ws/install/wasp_mini_controller:/opt/ros/foxy /usr/bin/cmake --build /home/wasp_mini/ros2_ws/build/sick_scan2 -- -j4 -l4
[0.761s] Invoking command in '/home/wasp_mini/ros2_ws/build/sick_scan2': CMAKE_PREFIX_PATH=${CMAKE_PREFIX_PATH}:/home/wasp_mini/ros2_ws/install/wasp_mini_controller:/opt/ros/foxy /usr/bin/cmake --install /home/wasp_mini/ros2_ws/build/sick_scan2
[0.794s] -- Install configuration: ""
[0.795s] -- Up-to-date: /home/wasp_mini/ros2_ws/install/sick_scan2/lib/sick_scan2/sick_generic_caller
[0.795s] -- Up-to-date: /home/wasp_mini/ros2_ws/install/sick_scan2/lib/libsick_scan2_lib.a
[0.795s] -- Up-to-date: /home/wasp_mini/ros2_ws/install/sick_scan2/share/sick_scan2/launch
[0.795s] -- Up-to-date: /home/wasp_mini/ros2_ws/install/sick_scan2/share/sick_scan2/launch/rviz
[0.795s] -- Up-to-date: /home/wasp_mini/ros2_ws/install/sick_scan2/share/sick_scan2/launch/rviz/tim_5xx.rviz
[0.795s] -- Up-to-date: /home/wasp_mini/ros2_ws/install/sick_scan2/share/sick_scan2/launch/rviz/sick_cola.rviz
[0.796s] -- Up-to-date: /home/wasp_mini/ros2_ws/install/sick_scan2/share/sick_scan2/launch/rviz/sick_ldmrs.rviz
[0.796s] -- Up-to-date: /home/wasp_mini/ros2_ws/install/sick_scan2/share/sick_scan2/launch/rviz/radar.rviz
[0.796s] -- Up-to-date: /home/wasp_mini/ros2_ws/install/sick_scan2/share/sick_scan2/launch/rviz/hector.rviz
[0.796s] -- Up-to-date: /home/wasp_mini/ros2_ws/install/sick_scan2/share/sick_scan2/launch/rviz/combi.rviz
[0.796s] -- Up-to-date: /home/wasp_mini/ros2_ws/install/sick_scan2/share/sick_scan2/launch/sick_lrs_4xxx.launch.py
[0.796s] -- Up-to-date: /home/wasp_mini/ros2_ws/install/sick_scan2/share/sick_scan2/launch/sick_lms_1xxx.launch.py
[0.796s] -- Up-to-date: /home/wasp_mini/ros2_ws/install/sick_scan2/share/sick_scan2/launch/sick_ldmrs.launch.py
[0.797s] -- Up-to-date: /home/wasp_mini/ros2_ws/install/sick_scan2/share/sick_scan2/launch/sick_lms_5xx.launch_old.py
[0.797s] -- Up-to-date: /home/wasp_mini/ros2_ws/install/sick_scan2/share/sick_scan2/launch/sick_lms_5xx.launch.py
[0.797s] -- Up-to-date: /home/wasp_mini/ros2_ws/install/sick_scan2/share/sick_scan2/launch/sick_tim_5xx.launch.pyOLD
[0.797s] -- Up-to-date: /home/wasp_mini/ros2_ws/install/sick_scan2/share/sick_scan2/launch/single_rrbot.urdf
[0.802s] -- Up-to-date: /home/wasp_mini/ros2_ws/install/sick_scan2/share/sick_scan2/launch/sick_tim_5xx.launch.py
[0.802s] -- Up-to-date: /home/wasp_mini/ros2_ws/install/sick_scan2/share/sick_scan2/launch/sick_tim_240.launch.py
[0.802s] -- Up-to-date: /home/wasp_mini/ros2_ws/install/sick_scan2/share/sick_scan2/launch/sick_tim_7xxS.launch.py
[0.803s] -- Up-to-date: /home/wasp_mini/ros2_ws/install/sick_scan2/share/sick_scan2/launch/sick_tim_7xx.launch.py
[0.804s] -- Up-to-date: /home/wasp_mini/ros2_ws/install/sick_scan2/share/sick_scan2/launch/sick_lms_1xx.launch.py
[0.804s] -- Up-to-date: /home/wasp_mini/ros2_ws/install/sick_scan2/share/sick_scan2/launch/sick_mrs_1xxx.launch.py
[0.804s] -- Up-to-date: /home/wasp_mini/ros2_ws/install/sick_scan2/share/sick_scan2/config
[0.804s] -- Up-to-date: /home/wasp_mini/ros2_ws/install/sick_scan2/share/sick_scan2/config/sick_mrs_1xxx.yaml
[0.804s] -- Up-to-date: /home/wasp_mini/ros2_ws/install/sick_scan2/share/sick_scan2/config/sick_lrs_4xxx.yaml
[0.804s] -- Up-to-date: /home/wasp_mini/ros2_ws/install/sick_scan2/share/sick_scan2/config/sick_tim_240.yaml
[0.805s] -- Up-to-date: /home/wasp_mini/ros2_ws/install/sick_scan2/share/sick_scan2/config/sick_lms_1xxx.yaml
[0.805s] -- Up-to-date: /home/wasp_mini/ros2_ws/install/sick_scan2/share/sick_scan2/config/sick_tim_7xx.yaml
[0.806s] -- Up-to-date: /home/wasp_mini/ros2_ws/install/sick_scan2/share/sick_scan2/config/sick_ldmrs_flexres.yaml
[0.806s] -- Up-to-date: /home/wasp_mini/ros2_ws/install/sick_scan2/share/sick_scan2/config/sick_tim_5xx.yaml
[0.806s] -- Up-to-date: /home/wasp_mini/ros2_ws/install/sick_scan2/share/sick_scan2/config/sick_lms_5xx.yaml
[0.806s] -- Up-to-date: /home/wasp_mini/ros2_ws/install/sick_scan2/share/sick_scan2/config/sick_tim_7xxS.yaml
[0.806s] -- Up-to-date: /home/wasp_mini/ros2_ws/install/sick_scan2/share/sick_scan2/config/sick_ldmrs.yaml
[0.806s] -- Up-to-date: /home/wasp_mini/ros2_ws/install/sick_scan2/share/sick_scan2/config/sick_lms_1xx.yaml
[0.807s] -- Up-to-date: /home/wasp_mini/ros2_ws/install/sick_scan2/share/ament_index/resource_index/package_run_dependencies/sick_scan2
[0.807s] -- Up-to-date: /home/wasp_mini/ros2_ws/install/sick_scan2/share/ament_index/resource_index/parent_prefix_path/sick_scan2
[0.807s] -- Up-to-date: /home/wasp_mini/ros2_ws/install/sick_scan2/share/sick_scan2/environment/ament_prefix_path.sh
[0.807s] -- Up-to-date: /home/wasp_mini/ros2_ws/install/sick_scan2/share/sick_scan2/environment/ament_prefix_path.dsv
[0.807s] -- Up-to-date: /home/wasp_mini/ros2_ws/install/sick_scan2/share/sick_scan2/environment/path.sh
[0.807s] -- Up-to-date: /home/wasp_mini/ros2_ws/install/sick_scan2/share/sick_scan2/environment/path.dsv
[0.807s] -- Up-to-date: /home/wasp_mini/ros2_ws/install/sick_scan2/share/sick_scan2/local_setup.bash
[0.807s] -- Up-to-date: /home/wasp_mini/ros2_ws/install/sick_scan2/share/sick_scan2/local_setup.sh
[0.807s] -- Up-to-date: /home/wasp_mini/ros2_ws/install/sick_scan2/share/sick_scan2/local_setup.zsh
[0.807s] -- Up-to-date: /home/wasp_mini/ros2_ws/install/sick_scan2/share/sick_scan2/local_setup.dsv
[0.809s] -- Installing: /home/wasp_mini/ros2_ws/install/sick_scan2/share/sick_scan2/package.dsv
[0.809s] -- Up-to-date: /home/wasp_mini/ros2_ws/install/sick_scan2/share/ament_index/resource_index/packages/sick_scan2
[0.809s] -- Up-to-date: /home/wasp_mini/ros2_ws/install/sick_scan2/share/sick_scan2/cmake/sick_scan2Config.cmake
[0.812s] -- Up-to-date: /home/wasp_mini/ros2_ws/install/sick_scan2/share/sick_scan2/cmake/sick_scan2Config-version.cmake
[0.812s] -- Up-to-date: /home/wasp_mini/ros2_ws/install/sick_scan2/share/sick_scan2/package.xml
[0.870s] Invoked command in '/home/wasp_mini/ros2_ws/build/sick_scan2' returned '0': CMAKE_PREFIX_PATH=${CMAKE_PREFIX_PATH}:/home/wasp_mini/ros2_ws/install/wasp_mini_controller:/opt/ros/foxy /usr/bin/cmake --install /home/wasp_mini/ros2_ws/build/sick_scan2
