[0.404s] Invoking command in '/home/wasp_mini/ros2_ws/build/wasp_mini_joy': CMAKE_PREFIX_PATH=${CMAKE_PREFIX_PATH}:/home/wasp_mini/ros2_ws/install/wasp_mini_controller:/opt/ros/foxy /usr/bin/cmake --build /home/wasp_mini/ros2_ws/build/wasp_mini_joy -- -j4 -l4
[0.548s] -- Found ament_cmake: 0.9.8 (/opt/ros/foxy/share/ament_cmake/cmake)
[0.604s] -- Using PYTHON_EXECUTABLE: /usr/bin/python3
[0.956s] -- Found rclcpp: 2.3.1 (/opt/ros/foxy/share/rclcpp/cmake)
[1.098s] -- Using all available rosidl_typesupport_c: rosidl_typesupport_fastrtps_c;rosidl_typesupport_introspection_c
[1.107s] -- Found rosidl_adapter: 1.2.1 (/opt/ros/foxy/share/rosidl_adapter/cmake)
[1.365s] -- Using all available rosidl_typesupport_cpp: rosidl_typesupport_fastrtps_cpp;rosidl_typesupport_introspection_cpp
[1.473s] -- Found rmw_implementation_cmake: 1.0.3 (/opt/ros/foxy/share/rmw_implementation_cmake/cmake)
[1.477s] -- Using RMW implementation 'rmw_fastrtps_cpp' as default
[1.870s] -- Configuring done
[1.893s] -- Generating done
[1.896s] -- Build files have been written to: /home/wasp_mini/ros2_ws/build/wasp_mini_joy
[1.934s] [35m[1mScanning dependencies of target joy_pub[0m
[2.116s] [ 50%] [32mBuilding CXX object CMakeFiles/joy_pub.dir/src/joy_pub.cpp.o[0m
[5.480s] [100%] [32m[1mLinking CXX executable joy_pub[0m
[5.790s] [100%] Built target joy_pub
[5.838s] Invoked command in '/home/wasp_mini/ros2_ws/build/wasp_mini_joy' returned '0': CMAKE_PREFIX_PATH=${CMAKE_PREFIX_PATH}:/home/wasp_mini/ros2_ws/install/wasp_mini_controller:/opt/ros/foxy /usr/bin/cmake --build /home/wasp_mini/ros2_ws/build/wasp_mini_joy -- -j4 -l4
[5.906s] Invoking command in '/home/wasp_mini/ros2_ws/build/wasp_mini_joy': CMAKE_PREFIX_PATH=${CMAKE_PREFIX_PATH}:/home/wasp_mini/ros2_ws/install/wasp_mini_controller:/opt/ros/foxy /usr/bin/cmake --install /home/wasp_mini/ros2_ws/build/wasp_mini_joy
[5.936s] -- Install configuration: ""
[5.937s] -- Installing: /home/wasp_mini/ros2_ws/install/wasp_mini_joy/lib/wasp_mini_joy/joy_pub
[5.939s] -- Set runtime path of "/home/wasp_mini/ros2_ws/install/wasp_mini_joy/lib/wasp_mini_joy/joy_pub" to ""
[5.940s] -- Up-to-date: /home/wasp_mini/ros2_ws/install/wasp_mini_joy/share/ament_index/resource_index/package_run_dependencies/wasp_mini_joy
[5.940s] -- Installing: /home/wasp_mini/ros2_ws/install/wasp_mini_joy/share/ament_index/resource_index/parent_prefix_path/wasp_mini_joy
[5.941s] -- Up-to-date: /home/wasp_mini/ros2_ws/install/wasp_mini_joy/share/wasp_mini_joy/environment/ament_prefix_path.sh
[5.941s] -- Installing: /home/wasp_mini/ros2_ws/install/wasp_mini_joy/share/wasp_mini_joy/environment/ament_prefix_path.dsv
[5.942s] -- Up-to-date: /home/wasp_mini/ros2_ws/install/wasp_mini_joy/share/wasp_mini_joy/environment/path.sh
[5.942s] -- Installing: /home/wasp_mini/ros2_ws/install/wasp_mini_joy/share/wasp_mini_joy/environment/path.dsv
[5.942s] -- Up-to-date: /home/wasp_mini/ros2_ws/install/wasp_mini_joy/share/wasp_mini_joy/local_setup.bash
[5.943s] -- Up-to-date: /home/wasp_mini/ros2_ws/install/wasp_mini_joy/share/wasp_mini_joy/local_setup.sh
[5.943s] -- Up-to-date: /home/wasp_mini/ros2_ws/install/wasp_mini_joy/share/wasp_mini_joy/local_setup.zsh
[5.943s] -- Installing: /home/wasp_mini/ros2_ws/install/wasp_mini_joy/share/wasp_mini_joy/local_setup.dsv
[5.943s] -- Installing: /home/wasp_mini/ros2_ws/install/wasp_mini_joy/share/wasp_mini_joy/package.dsv
[5.944s] -- Up-to-date: /home/wasp_mini/ros2_ws/install/wasp_mini_joy/share/ament_index/resource_index/packages/wasp_mini_joy
[5.944s] -- Up-to-date: /home/wasp_mini/ros2_ws/install/wasp_mini_joy/share/wasp_mini_joy/cmake/wasp_mini_joyConfig.cmake
[5.944s] -- Up-to-date: /home/wasp_mini/ros2_ws/install/wasp_mini_joy/share/wasp_mini_joy/cmake/wasp_mini_joyConfig-version.cmake
[5.944s] -- Up-to-date: /home/wasp_mini/ros2_ws/install/wasp_mini_joy/share/wasp_mini_joy/package.xml
[5.961s] Invoked command in '/home/wasp_mini/ros2_ws/build/wasp_mini_joy' returned '0': CMAKE_PREFIX_PATH=${CMAKE_PREFIX_PATH}:/home/wasp_mini/ros2_ws/install/wasp_mini_controller:/opt/ros/foxy /usr/bin/cmake --install /home/wasp_mini/ros2_ws/build/wasp_mini_joy
