[0.054s] Invoking command in '/home/wasp_mini/ros2_ws/build/main_waspmini': CMAKE_PREFIX_PATH=${CMAKE_PREFIX_PATH}:/home/wasp_mini/ros2_ws/install/wasp_mini_controller:/opt/ros/foxy /usr/bin/cmake --build /home/wasp_mini/ros2_ws/build/main_waspmini -- -j4 -l4
[0.228s] [100%] Built target joy_pub
[0.272s] Invoked command in '/home/wasp_mini/ros2_ws/build/main_waspmini' returned '0': CMAKE_PREFIX_PATH=${CMAKE_PREFIX_PATH}:/home/wasp_mini/ros2_ws/install/wasp_mini_controller:/opt/ros/foxy /usr/bin/cmake --build /home/wasp_mini/ros2_ws/build/main_waspmini -- -j4 -l4
[0.508s] Invoking command in '/home/wasp_mini/ros2_ws/build/main_waspmini': CMAKE_PREFIX_PATH=${CMAKE_PREFIX_PATH}:/home/wasp_mini/ros2_ws/install/wasp_mini_controller:/opt/ros/foxy /usr/bin/cmake --install /home/wasp_mini/ros2_ws/build/main_waspmini
[0.543s] -- Install configuration: ""
[0.544s] -- Up-to-date: /home/wasp_mini/ros2_ws/install/main_waspmini/share/main_waspmini/environment/pythonpath.sh
[0.544s] -- Up-to-date: /home/wasp_mini/ros2_ws/install/main_waspmini/share/main_waspmini/environment/pythonpath.dsv
[0.545s] -- Up-to-date: /home/wasp_mini/ros2_ws/install/main_waspmini/lib/python3.8/site-packages/main_waspmini
[0.545s] -- Up-to-date: /home/wasp_mini/ros2_ws/install/main_waspmini/lib/python3.8/site-packages/main_waspmini/__init__.py
[0.633s] Listing '/home/wasp_mini/ros2_ws/install/main_waspmini/lib/python3.8/site-packages/main_waspmini'...
[0.647s] -- Up-to-date: /home/wasp_mini/ros2_ws/install/main_waspmini/lib/main_waspmini/joy_pub
[0.647s] -- Up-to-date: /home/wasp_mini/ros2_ws/install/main_waspmini/share/main_waspmini//launch
[0.648s] -- Up-to-date: /home/wasp_mini/ros2_ws/install/main_waspmini/share/main_waspmini//launch/controller.launch.py
[0.648s] -- Up-to-date: /home/wasp_mini/ros2_ws/install/main_waspmini/lib/main_waspmini/motor_FR.py
[0.649s] -- Up-to-date: /home/wasp_mini/ros2_ws/install/main_waspmini/lib/main_waspmini/motor_FL.py
[0.650s] -- Up-to-date: /home/wasp_mini/ros2_ws/install/main_waspmini/lib/main_waspmini/actuator_fb.py
[0.650s] -- Installing: /home/wasp_mini/ros2_ws/install/main_waspmini/lib/main_waspmini/main.py
[0.651s] -- Up-to-date: /home/wasp_mini/ros2_ws/install/main_waspmini/share/ament_index/resource_index/package_run_dependencies/main_waspmini
[0.652s] -- Up-to-date: /home/wasp_mini/ros2_ws/install/main_waspmini/share/ament_index/resource_index/parent_prefix_path/main_waspmini
[0.652s] -- Up-to-date: /home/wasp_mini/ros2_ws/install/main_waspmini/share/main_waspmini/environment/ament_prefix_path.sh
[0.653s] -- Up-to-date: /home/wasp_mini/ros2_ws/install/main_waspmini/share/main_waspmini/environment/ament_prefix_path.dsv
[0.653s] -- Up-to-date: /home/wasp_mini/ros2_ws/install/main_waspmini/share/main_waspmini/environment/path.sh
[0.654s] -- Up-to-date: /home/wasp_mini/ros2_ws/install/main_waspmini/share/main_waspmini/environment/path.dsv
[0.654s] -- Up-to-date: /home/wasp_mini/ros2_ws/install/main_waspmini/share/main_waspmini/local_setup.bash
[0.655s] -- Up-to-date: /home/wasp_mini/ros2_ws/install/main_waspmini/share/main_waspmini/local_setup.sh
[0.656s] -- Up-to-date: /home/wasp_mini/ros2_ws/install/main_waspmini/share/main_waspmini/local_setup.zsh
[0.656s] -- Up-to-date: /home/wasp_mini/ros2_ws/install/main_waspmini/share/main_waspmini/local_setup.dsv
[0.658s] -- Installing: /home/wasp_mini/ros2_ws/install/main_waspmini/share/main_waspmini/package.dsv
[0.658s] -- Up-to-date: /home/wasp_mini/ros2_ws/install/main_waspmini/share/ament_index/resource_index/packages/main_waspmini
[0.658s] -- Up-to-date: /home/wasp_mini/ros2_ws/install/main_waspmini/share/main_waspmini/cmake/main_waspminiConfig.cmake
[0.659s] -- Up-to-date: /home/wasp_mini/ros2_ws/install/main_waspmini/share/main_waspmini/cmake/main_waspminiConfig-version.cmake
[0.665s] -- Up-to-date: /home/wasp_mini/ros2_ws/install/main_waspmini/share/main_waspmini/package.xml
[0.683s] Invoked command in '/home/wasp_mini/ros2_ws/build/main_waspmini' returned '0': CMAKE_PREFIX_PATH=${CMAKE_PREFIX_PATH}:/home/wasp_mini/ros2_ws/install/wasp_mini_controller:/opt/ros/foxy /usr/bin/cmake --install /home/wasp_mini/ros2_ws/build/main_waspmini
