[0.081s] Invoking command in '/home/wasp_mini/ros2_ws/build/vectornav_msgs': CMAKE_PREFIX_PATH=${CMAKE_PREFIX_PATH}:/home/wasp_mini/ros2_ws/install/wasp_mini_controller:/home/wasp_mini/ros2_ws/install/nav2_simple_commander:/home/wasp_mini/ros2_ws/install/nav2_gazebo_spawner:/opt/ros/foxy /usr/bin/cmake --build /home/wasp_mini/ros2_ws/build/vectornav_msgs -- -j4 -l4
[0.399s] [  0%] Built target vectornav_msgs__cpp
[0.457s] [ 12%] Built target vectornav_msgs__rosidl_generator_c
[0.596s] [ 24%] Built target vectornav_msgs__rosidl_typesupport_cpp
[0.598s] [ 36%] Built target vectornav_msgs__rosidl_typesupport_introspection_cpp
[0.650s] [ 47%] Built target vectornav_msgs__rosidl_typesupport_fastrtps_cpp
[0.663s] [ 59%] Built target vectornav_msgs__rosidl_typesupport_introspection_c
[0.724s] [ 71%] Built target vectornav_msgs__rosidl_typesupport_c
[0.774s] [ 83%] Built target vectornav_msgs__rosidl_typesupport_fastrtps_c
[0.872s] [ 83%] Built target vectornav_msgs
[0.951s] [ 84%] Built target vectornav_msgs__py
[1.074s] [ 95%] Built target vectornav_msgs__python
[1.243s] [ 97%] Built target vectornav_msgs__rosidl_typesupport_fastrtps_c__pyext
[1.258s] [ 99%] Built target vectornav_msgs__rosidl_typesupport_introspection_c__pyext
[1.274s] [100%] Built target vectornav_msgs__rosidl_typesupport_c__pyext
[2.074s] Invoked command in '/home/wasp_mini/ros2_ws/build/vectornav_msgs' returned '0': CMAKE_PREFIX_PATH=${CMAKE_PREFIX_PATH}:/home/wasp_mini/ros2_ws/install/wasp_mini_controller:/home/wasp_mini/ros2_ws/install/nav2_simple_commander:/home/wasp_mini/ros2_ws/install/nav2_gazebo_spawner:/opt/ros/foxy /usr/bin/cmake --build /home/wasp_mini/ros2_ws/build/vectornav_msgs -- -j4 -l4
[2.788s] Invoking command in '/home/wasp_mini/ros2_ws/build/vectornav_msgs': CMAKE_PREFIX_PATH=${CMAKE_PREFIX_PATH}:/home/wasp_mini/ros2_ws/install/wasp_mini_controller:/home/wasp_mini/ros2_ws/install/nav2_simple_commander:/home/wasp_mini/ros2_ws/install/nav2_gazebo_spawner:/opt/ros/foxy /usr/bin/cmake --install /home/wasp_mini/ros2_ws/build/vectornav_msgs
[2.810s] -- Install configuration: ""
[2.811s] -- Up-to-date: /home/wasp_mini/ros2_ws/install/vectornav_msgs/share/ament_index/resource_index/rosidl_interfaces/vectornav_msgs
[2.811s] -- Up-to-date: /home/wasp_mini/ros2_ws/install/vectornav_msgs/include/vectornav_msgs
[2.812s] -- Up-to-date: /home/wasp_mini/ros2_ws/install/vectornav_msgs/include/vectornav_msgs/msg
[2.813s] -- Up-to-date: /home/wasp_mini/ros2_ws/install/vectornav_msgs/include/vectornav_msgs/msg/ins_status.h
[2.813s] -- Up-to-date: /home/wasp_mini/ros2_ws/install/vectornav_msgs/include/vectornav_msgs/msg/time_group.h
[2.814s] -- Up-to-date: /home/wasp_mini/ros2_ws/install/vectornav_msgs/include/vectornav_msgs/msg/dop.h
[2.814s] -- Up-to-date: /home/wasp_mini/ros2_ws/install/vectornav_msgs/include/vectornav_msgs/msg/rosidl_generator_c__visibility_control.h
[2.814s] -- Up-to-date: /home/wasp_mini/ros2_ws/install/vectornav_msgs/include/vectornav_msgs/msg/time_utc.h
[2.814s] -- Up-to-date: /home/wasp_mini/ros2_ws/install/vectornav_msgs/include/vectornav_msgs/msg/gps_group.h
[2.814s] -- Up-to-date: /home/wasp_mini/ros2_ws/install/vectornav_msgs/include/vectornav_msgs/msg/common_group.h
[2.814s] -- Up-to-date: /home/wasp_mini/ros2_ws/install/vectornav_msgs/include/vectornav_msgs/msg/detail
[2.815s] -- Up-to-date: /home/wasp_mini/ros2_ws/install/vectornav_msgs/include/vectornav_msgs/msg/detail/imu_group__type_support.h
[2.815s] -- Up-to-date: /home/wasp_mini/ros2_ws/install/vectornav_msgs/include/vectornav_msgs/msg/detail/gps_group__type_support.h
[2.815s] -- Up-to-date: /home/wasp_mini/ros2_ws/install/vectornav_msgs/include/vectornav_msgs/msg/detail/attitude_group__functions.h
[2.815s] -- Up-to-date: /home/wasp_mini/ros2_ws/install/vectornav_msgs/include/vectornav_msgs/msg/detail/time_status__functions.h
[2.815s] -- Up-to-date: /home/wasp_mini/ros2_ws/install/vectornav_msgs/include/vectornav_msgs/msg/detail/imu_group__struct.h
[2.815s] -- Up-to-date: /home/wasp_mini/ros2_ws/install/vectornav_msgs/include/vectornav_msgs/msg/detail/attitude_group__struct.h
[2.816s] -- Up-to-date: /home/wasp_mini/ros2_ws/install/vectornav_msgs/include/vectornav_msgs/msg/detail/common_group__type_support.h
[2.816s] -- Up-to-date: /home/wasp_mini/ros2_ws/install/vectornav_msgs/include/vectornav_msgs/msg/detail/common_group__functions.c
[2.816s] -- Up-to-date: /home/wasp_mini/ros2_ws/install/vectornav_msgs/include/vectornav_msgs/msg/detail/attitude_group__type_support.h
[2.816s] -- Up-to-date: /home/wasp_mini/ros2_ws/install/vectornav_msgs/include/vectornav_msgs/msg/detail/dop__struct.h
[2.816s] -- Up-to-date: /home/wasp_mini/ros2_ws/install/vectornav_msgs/include/vectornav_msgs/msg/detail/gps_group__struct.h
[2.816s] -- Up-to-date: /home/wasp_mini/ros2_ws/install/vectornav_msgs/include/vectornav_msgs/msg/detail/time_status__functions.c
[2.817s] -- Up-to-date: /home/wasp_mini/ros2_ws/install/vectornav_msgs/include/vectornav_msgs/msg/detail/attitude_group__functions.c
[2.817s] -- Up-to-date: /home/wasp_mini/ros2_ws/install/vectornav_msgs/include/vectornav_msgs/msg/detail/vpe_status__functions.c
[2.817s] -- Up-to-date: /home/wasp_mini/ros2_ws/install/vectornav_msgs/include/vectornav_msgs/msg/detail/time_group__struct.h
[2.818s] -- Up-to-date: /home/wasp_mini/ros2_ws/install/vectornav_msgs/include/vectornav_msgs/msg/detail/gps_group__functions.h
[2.818s] -- Up-to-date: /home/wasp_mini/ros2_ws/install/vectornav_msgs/include/vectornav_msgs/msg/detail/vpe_status__functions.h
[2.818s] -- Up-to-date: /home/wasp_mini/ros2_ws/install/vectornav_msgs/include/vectornav_msgs/msg/detail/vpe_status__type_support.h
[2.818s] -- Up-to-date: /home/wasp_mini/ros2_ws/install/vectornav_msgs/include/vectornav_msgs/msg/detail/ins_group__type_support.h
[2.818s] -- Up-to-date: /home/wasp_mini/ros2_ws/install/vectornav_msgs/include/vectornav_msgs/msg/detail/ins_status__type_support.h
[2.819s] -- Up-to-date: /home/wasp_mini/ros2_ws/install/vectornav_msgs/include/vectornav_msgs/msg/detail/gps_group__functions.c
[2.819s] -- Up-to-date: /home/wasp_mini/ros2_ws/install/vectornav_msgs/include/vectornav_msgs/msg/detail/time_utc__type_support.h
[2.819s] -- Up-to-date: /home/wasp_mini/ros2_ws/install/vectornav_msgs/include/vectornav_msgs/msg/detail/imu_group__functions.c
[2.819s] -- Up-to-date: /home/wasp_mini/ros2_ws/install/vectornav_msgs/include/vectornav_msgs/msg/detail/ins_group__functions.h
[2.819s] -- Up-to-date: /home/wasp_mini/ros2_ws/install/vectornav_msgs/include/vectornav_msgs/msg/detail/vpe_status__struct.h
[2.820s] -- Up-to-date: /home/wasp_mini/ros2_ws/install/vectornav_msgs/include/vectornav_msgs/msg/detail/time_utc__functions.c
[2.820s] -- Up-to-date: /home/wasp_mini/ros2_ws/install/vectornav_msgs/include/vectornav_msgs/msg/detail/time_utc__functions.h
[2.820s] -- Up-to-date: /home/wasp_mini/ros2_ws/install/vectornav_msgs/include/vectornav_msgs/msg/detail/ins_group__functions.c
[2.820s] -- Up-to-date: /home/wasp_mini/ros2_ws/install/vectornav_msgs/include/vectornav_msgs/msg/detail/time_status__struct.h
[2.820s] -- Up-to-date: /home/wasp_mini/ros2_ws/install/vectornav_msgs/include/vectornav_msgs/msg/detail/dop__functions.c
[2.821s] -- Up-to-date: /home/wasp_mini/ros2_ws/install/vectornav_msgs/include/vectornav_msgs/msg/detail/ins_group__struct.h
[2.821s] -- Up-to-date: /home/wasp_mini/ros2_ws/install/vectornav_msgs/include/vectornav_msgs/msg/detail/time_group__functions.h
[2.821s] -- Up-to-date: /home/wasp_mini/ros2_ws/install/vectornav_msgs/include/vectornav_msgs/msg/detail/time_utc__struct.h
[2.821s] -- Up-to-date: /home/wasp_mini/ros2_ws/install/vectornav_msgs/include/vectornav_msgs/msg/detail/dop__functions.h
[2.821s] -- Up-to-date: /home/wasp_mini/ros2_ws/install/vectornav_msgs/include/vectornav_msgs/msg/detail/imu_group__functions.h
[2.821s] -- Up-to-date: /home/wasp_mini/ros2_ws/install/vectornav_msgs/include/vectornav_msgs/msg/detail/time_status__type_support.h
[2.822s] -- Up-to-date: /home/wasp_mini/ros2_ws/install/vectornav_msgs/include/vectornav_msgs/msg/detail/common_group__struct.h
[2.822s] -- Up-to-date: /home/wasp_mini/ros2_ws/install/vectornav_msgs/include/vectornav_msgs/msg/detail/ins_status__struct.h
[2.822s] -- Up-to-date: /home/wasp_mini/ros2_ws/install/vectornav_msgs/include/vectornav_msgs/msg/detail/ins_status__functions.h
[2.822s] -- Up-to-date: /home/wasp_mini/ros2_ws/install/vectornav_msgs/include/vectornav_msgs/msg/detail/common_group__functions.h
[2.822s] -- Up-to-date: /home/wasp_mini/ros2_ws/install/vectornav_msgs/include/vectornav_msgs/msg/detail/dop__type_support.h
[2.823s] -- Up-to-date: /home/wasp_mini/ros2_ws/install/vectornav_msgs/include/vectornav_msgs/msg/detail/time_group__functions.c
[2.823s] -- Up-to-date: /home/wasp_mini/ros2_ws/install/vectornav_msgs/include/vectornav_msgs/msg/detail/ins_status__functions.c
[2.823s] -- Up-to-date: /home/wasp_mini/ros2_ws/install/vectornav_msgs/include/vectornav_msgs/msg/detail/time_group__type_support.h
[2.823s] -- Up-to-date: /home/wasp_mini/ros2_ws/install/vectornav_msgs/include/vectornav_msgs/msg/vpe_status.h
[2.823s] -- Up-to-date: /home/wasp_mini/ros2_ws/install/vectornav_msgs/include/vectornav_msgs/msg/attitude_group.h
[2.824s] -- Up-to-date: /home/wasp_mini/ros2_ws/install/vectornav_msgs/include/vectornav_msgs/msg/ins_group.h
[2.824s] -- Up-to-date: /home/wasp_mini/ros2_ws/install/vectornav_msgs/include/vectornav_msgs/msg/time_status.h
[2.824s] -- Up-to-date: /home/wasp_mini/ros2_ws/install/vectornav_msgs/include/vectornav_msgs/msg/imu_group.h
[2.824s] -- Up-to-date: /home/wasp_mini/ros2_ws/install/vectornav_msgs/share/vectornav_msgs/environment/library_path.sh
[2.824s] -- Up-to-date: /home/wasp_mini/ros2_ws/install/vectornav_msgs/share/vectornav_msgs/environment/library_path.dsv
[2.825s] -- Up-to-date: /home/wasp_mini/ros2_ws/install/vectornav_msgs/lib/libvectornav_msgs__rosidl_generator_c.so
[2.826s] -- Up-to-date: /home/wasp_mini/ros2_ws/install/vectornav_msgs/include/vectornav_msgs
[2.826s] -- Up-to-date: /home/wasp_mini/ros2_ws/install/vectornav_msgs/include/vectornav_msgs/msg
[2.826s] -- Up-to-date: /home/wasp_mini/ros2_ws/install/vectornav_msgs/include/vectornav_msgs/msg/rosidl_typesupport_fastrtps_c__visibility_control.h
[2.826s] -- Up-to-date: /home/wasp_mini/ros2_ws/install/vectornav_msgs/include/vectornav_msgs/msg/detail
[2.826s] -- Up-to-date: /home/wasp_mini/ros2_ws/install/vectornav_msgs/include/vectornav_msgs/msg/detail/time_status__rosidl_typesupport_fastrtps_c.h
[2.827s] -- Up-to-date: /home/wasp_mini/ros2_ws/install/vectornav_msgs/include/vectornav_msgs/msg/detail/common_group__rosidl_typesupport_fastrtps_c.h
[2.827s] -- Up-to-date: /home/wasp_mini/ros2_ws/install/vectornav_msgs/include/vectornav_msgs/msg/detail/ins_status__rosidl_typesupport_fastrtps_c.h
[2.827s] -- Up-to-date: /home/wasp_mini/ros2_ws/install/vectornav_msgs/include/vectornav_msgs/msg/detail/imu_group__rosidl_typesupport_fastrtps_c.h
[2.827s] -- Up-to-date: /home/wasp_mini/ros2_ws/install/vectornav_msgs/include/vectornav_msgs/msg/detail/time_utc__rosidl_typesupport_fastrtps_c.h
[2.827s] -- Up-to-date: /home/wasp_mini/ros2_ws/install/vectornav_msgs/include/vectornav_msgs/msg/detail/dop__rosidl_typesupport_fastrtps_c.h
[2.827s] -- Up-to-date: /home/wasp_mini/ros2_ws/install/vectornav_msgs/include/vectornav_msgs/msg/detail/time_group__rosidl_typesupport_fastrtps_c.h
[2.828s] -- Up-to-date: /home/wasp_mini/ros2_ws/install/vectornav_msgs/include/vectornav_msgs/msg/detail/gps_group__rosidl_typesupport_fastrtps_c.h
[2.828s] -- Up-to-date: /home/wasp_mini/ros2_ws/install/vectornav_msgs/include/vectornav_msgs/msg/detail/ins_group__rosidl_typesupport_fastrtps_c.h
[2.828s] -- Up-to-date: /home/wasp_mini/ros2_ws/install/vectornav_msgs/include/vectornav_msgs/msg/detail/vpe_status__rosidl_typesupport_fastrtps_c.h
[2.828s] -- Up-to-date: /home/wasp_mini/ros2_ws/install/vectornav_msgs/include/vectornav_msgs/msg/detail/attitude_group__rosidl_typesupport_fastrtps_c.h
[2.830s] -- Up-to-date: /home/wasp_mini/ros2_ws/install/vectornav_msgs/lib/libvectornav_msgs__rosidl_typesupport_fastrtps_c.so
[2.830s] -- Up-to-date: /home/wasp_mini/ros2_ws/install/vectornav_msgs/include/vectornav_msgs
[2.830s] -- Up-to-date: /home/wasp_mini/ros2_ws/install/vectornav_msgs/include/vectornav_msgs/msg
[2.830s] -- Up-to-date: /home/wasp_mini/ros2_ws/install/vectornav_msgs/include/vectornav_msgs/msg/rosidl_typesupport_fastrtps_cpp__visibility_control.h
[2.831s] -- Up-to-date: /home/wasp_mini/ros2_ws/install/vectornav_msgs/include/vectornav_msgs/msg/detail
[2.831s] -- Up-to-date: /home/wasp_mini/ros2_ws/install/vectornav_msgs/include/vectornav_msgs/msg/detail/ins_status__rosidl_typesupport_fastrtps_cpp.hpp
[2.831s] -- Up-to-date: /home/wasp_mini/ros2_ws/install/vectornav_msgs/include/vectornav_msgs/msg/detail/time_status__rosidl_typesupport_fastrtps_cpp.hpp
[2.831s] -- Up-to-date: /home/wasp_mini/ros2_ws/install/vectornav_msgs/include/vectornav_msgs/msg/detail/common_group__rosidl_typesupport_fastrtps_cpp.hpp
[2.831s] -- Up-to-date: /home/wasp_mini/ros2_ws/install/vectornav_msgs/include/vectornav_msgs/msg/detail/time_group__rosidl_typesupport_fastrtps_cpp.hpp
[2.832s] -- Up-to-date: /home/wasp_mini/ros2_ws/install/vectornav_msgs/include/vectornav_msgs/msg/detail/time_utc__rosidl_typesupport_fastrtps_cpp.hpp
[2.832s] -- Up-to-date: /home/wasp_mini/ros2_ws/install/vectornav_msgs/include/vectornav_msgs/msg/detail/dop__rosidl_typesupport_fastrtps_cpp.hpp
[2.832s] -- Up-to-date: /home/wasp_mini/ros2_ws/install/vectornav_msgs/include/vectornav_msgs/msg/detail/gps_group__rosidl_typesupport_fastrtps_cpp.hpp
[2.832s] -- Up-to-date: /home/wasp_mini/ros2_ws/install/vectornav_msgs/include/vectornav_msgs/msg/detail/dds_fastrtps
[2.833s] -- Up-to-date: /home/wasp_mini/ros2_ws/install/vectornav_msgs/include/vectornav_msgs/msg/detail/ins_group__rosidl_typesupport_fastrtps_cpp.hpp
[2.833s] -- Up-to-date: /home/wasp_mini/ros2_ws/install/vectornav_msgs/include/vectornav_msgs/msg/detail/imu_group__rosidl_typesupport_fastrtps_cpp.hpp
[2.833s] -- Up-to-date: /home/wasp_mini/ros2_ws/install/vectornav_msgs/include/vectornav_msgs/msg/detail/attitude_group__rosidl_typesupport_fastrtps_cpp.hpp
[2.834s] -- Up-to-date: /home/wasp_mini/ros2_ws/install/vectornav_msgs/include/vectornav_msgs/msg/detail/vpe_status__rosidl_typesupport_fastrtps_cpp.hpp
[2.835s] -- Up-to-date: /home/wasp_mini/ros2_ws/install/vectornav_msgs/lib/libvectornav_msgs__rosidl_typesupport_fastrtps_cpp.so
[2.835s] -- Up-to-date: /home/wasp_mini/ros2_ws/install/vectornav_msgs/include/vectornav_msgs
[2.835s] -- Up-to-date: /home/wasp_mini/ros2_ws/install/vectornav_msgs/include/vectornav_msgs/msg
[2.835s] -- Up-to-date: /home/wasp_mini/ros2_ws/install/vectornav_msgs/include/vectornav_msgs/msg/rosidl_typesupport_introspection_c__visibility_control.h
[2.835s] -- Up-to-date: /home/wasp_mini/ros2_ws/install/vectornav_msgs/include/vectornav_msgs/msg/detail
[2.835s] -- Up-to-date: /home/wasp_mini/ros2_ws/install/vectornav_msgs/include/vectornav_msgs/msg/detail/dop__rosidl_typesupport_introspection_c.h
[2.835s] -- Up-to-date: /home/wasp_mini/ros2_ws/install/vectornav_msgs/include/vectornav_msgs/msg/detail/time_utc__type_support.c
[2.836s] -- Up-to-date: /home/wasp_mini/ros2_ws/install/vectornav_msgs/include/vectornav_msgs/msg/detail/ins_status__type_support.c
[2.836s] -- Up-to-date: /home/wasp_mini/ros2_ws/install/vectornav_msgs/include/vectornav_msgs/msg/detail/attitude_group__type_support.c
[2.836s] -- Up-to-date: /home/wasp_mini/ros2_ws/install/vectornav_msgs/include/vectornav_msgs/msg/detail/time_group__type_support.c
[2.836s] -- Up-to-date: /home/wasp_mini/ros2_ws/install/vectornav_msgs/include/vectornav_msgs/msg/detail/time_utc__rosidl_typesupport_introspection_c.h
[2.836s] -- Up-to-date: /home/wasp_mini/ros2_ws/install/vectornav_msgs/include/vectornav_msgs/msg/detail/common_group__type_support.c
[2.836s] -- Up-to-date: /home/wasp_mini/ros2_ws/install/vectornav_msgs/include/vectornav_msgs/msg/detail/common_group__rosidl_typesupport_introspection_c.h
[2.837s] -- Up-to-date: /home/wasp_mini/ros2_ws/install/vectornav_msgs/include/vectornav_msgs/msg/detail/imu_group__rosidl_typesupport_introspection_c.h
[2.837s] -- Up-to-date: /home/wasp_mini/ros2_ws/install/vectornav_msgs/include/vectornav_msgs/msg/detail/attitude_group__rosidl_typesupport_introspection_c.h
[2.837s] -- Up-to-date: /home/wasp_mini/ros2_ws/install/vectornav_msgs/include/vectornav_msgs/msg/detail/gps_group__rosidl_typesupport_introspection_c.h
[2.837s] -- Up-to-date: /home/wasp_mini/ros2_ws/install/vectornav_msgs/include/vectornav_msgs/msg/detail/dop__type_support.c
[2.837s] -- Up-to-date: /home/wasp_mini/ros2_ws/install/vectornav_msgs/include/vectornav_msgs/msg/detail/time_status__rosidl_typesupport_introspection_c.h
[2.837s] -- Up-to-date: /home/wasp_mini/ros2_ws/install/vectornav_msgs/include/vectornav_msgs/msg/detail/ins_status__rosidl_typesupport_introspection_c.h
[2.838s] -- Up-to-date: /home/wasp_mini/ros2_ws/install/vectornav_msgs/include/vectornav_msgs/msg/detail/vpe_status__type_support.c
[2.838s] -- Up-to-date: /home/wasp_mini/ros2_ws/install/vectornav_msgs/include/vectornav_msgs/msg/detail/imu_group__type_support.c
[2.838s] -- Up-to-date: /home/wasp_mini/ros2_ws/install/vectornav_msgs/include/vectornav_msgs/msg/detail/ins_group__type_support.c
[2.838s] -- Up-to-date: /home/wasp_mini/ros2_ws/install/vectornav_msgs/include/vectornav_msgs/msg/detail/vpe_status__rosidl_typesupport_introspection_c.h
[2.838s] -- Up-to-date: /home/wasp_mini/ros2_ws/install/vectornav_msgs/include/vectornav_msgs/msg/detail/time_group__rosidl_typesupport_introspection_c.h
[2.838s] -- Up-to-date: /home/wasp_mini/ros2_ws/install/vectornav_msgs/include/vectornav_msgs/msg/detail/time_status__type_support.c
[2.838s] -- Up-to-date: /home/wasp_mini/ros2_ws/install/vectornav_msgs/include/vectornav_msgs/msg/detail/gps_group__type_support.c
[2.838s] -- Up-to-date: /home/wasp_mini/ros2_ws/install/vectornav_msgs/include/vectornav_msgs/msg/detail/ins_group__rosidl_typesupport_introspection_c.h
[2.839s] -- Up-to-date: /home/wasp_mini/ros2_ws/install/vectornav_msgs/lib/libvectornav_msgs__rosidl_typesupport_introspection_c.so
[2.845s] -- Up-to-date: /home/wasp_mini/ros2_ws/install/vectornav_msgs/lib/libvectornav_msgs__rosidl_typesupport_c.so
[2.845s] -- Up-to-date: /home/wasp_mini/ros2_ws/install/vectornav_msgs/include/vectornav_msgs
[2.845s] -- Up-to-date: /home/wasp_mini/ros2_ws/install/vectornav_msgs/include/vectornav_msgs/msg
[2.845s] -- Up-to-date: /home/wasp_mini/ros2_ws/install/vectornav_msgs/include/vectornav_msgs/msg/dop.hpp
[2.846s] -- Up-to-date: /home/wasp_mini/ros2_ws/install/vectornav_msgs/include/vectornav_msgs/msg/time_group.hpp
[2.846s] -- Up-to-date: /home/wasp_mini/ros2_ws/install/vectornav_msgs/include/vectornav_msgs/msg/imu_group.hpp
[2.846s] -- Up-to-date: /home/wasp_mini/ros2_ws/install/vectornav_msgs/include/vectornav_msgs/msg/ins_group.hpp
[2.847s] -- Up-to-date: /home/wasp_mini/ros2_ws/install/vectornav_msgs/include/vectornav_msgs/msg/gps_group.hpp
[2.847s] -- Up-to-date: /home/wasp_mini/ros2_ws/install/vectornav_msgs/include/vectornav_msgs/msg/detail
[2.848s] -- Up-to-date: /home/wasp_mini/ros2_ws/install/vectornav_msgs/include/vectornav_msgs/msg/detail/imu_group__traits.hpp
[2.848s] -- Up-to-date: /home/wasp_mini/ros2_ws/install/vectornav_msgs/include/vectornav_msgs/msg/detail/time_utc__struct.hpp
[2.848s] -- Up-to-date: /home/wasp_mini/ros2_ws/install/vectornav_msgs/include/vectornav_msgs/msg/detail/attitude_group__builder.hpp
[2.848s] -- Up-to-date: /home/wasp_mini/ros2_ws/install/vectornav_msgs/include/vectornav_msgs/msg/detail/time_status__builder.hpp
[2.848s] -- Up-to-date: /home/wasp_mini/ros2_ws/install/vectornav_msgs/include/vectornav_msgs/msg/detail/time_group__traits.hpp
[2.849s] -- Up-to-date: /home/wasp_mini/ros2_ws/install/vectornav_msgs/include/vectornav_msgs/msg/detail/ins_status__builder.hpp
[2.849s] -- Up-to-date: /home/wasp_mini/ros2_ws/install/vectornav_msgs/include/vectornav_msgs/msg/detail/ins_group__builder.hpp
[2.849s] -- Up-to-date: /home/wasp_mini/ros2_ws/install/vectornav_msgs/include/vectornav_msgs/msg/detail/gps_group__builder.hpp
[2.849s] -- Up-to-date: /home/wasp_mini/ros2_ws/install/vectornav_msgs/include/vectornav_msgs/msg/detail/common_group__traits.hpp
[2.849s] -- Up-to-date: /home/wasp_mini/ros2_ws/install/vectornav_msgs/include/vectornav_msgs/msg/detail/time_group__builder.hpp
[2.849s] -- Up-to-date: /home/wasp_mini/ros2_ws/install/vectornav_msgs/include/vectornav_msgs/msg/detail/ins_status__struct.hpp
[2.850s] -- Up-to-date: /home/wasp_mini/ros2_ws/install/vectornav_msgs/include/vectornav_msgs/msg/detail/common_group__struct.hpp
[2.850s] -- Up-to-date: /home/wasp_mini/ros2_ws/install/vectornav_msgs/include/vectornav_msgs/msg/detail/vpe_status__struct.hpp
[2.850s] -- Up-to-date: /home/wasp_mini/ros2_ws/install/vectornav_msgs/include/vectornav_msgs/msg/detail/dop__builder.hpp
[2.850s] -- Up-to-date: /home/wasp_mini/ros2_ws/install/vectornav_msgs/include/vectornav_msgs/msg/detail/time_status__struct.hpp
[2.850s] -- Up-to-date: /home/wasp_mini/ros2_ws/install/vectornav_msgs/include/vectornav_msgs/msg/detail/attitude_group__struct.hpp
[2.851s] -- Up-to-date: /home/wasp_mini/ros2_ws/install/vectornav_msgs/include/vectornav_msgs/msg/detail/attitude_group__traits.hpp
[2.851s] -- Up-to-date: /home/wasp_mini/ros2_ws/install/vectornav_msgs/include/vectornav_msgs/msg/detail/vpe_status__builder.hpp
[2.851s] -- Up-to-date: /home/wasp_mini/ros2_ws/install/vectornav_msgs/include/vectornav_msgs/msg/detail/imu_group__struct.hpp
[2.851s] -- Up-to-date: /home/wasp_mini/ros2_ws/install/vectornav_msgs/include/vectornav_msgs/msg/detail/vpe_status__traits.hpp
[2.851s] -- Up-to-date: /home/wasp_mini/ros2_ws/install/vectornav_msgs/include/vectornav_msgs/msg/detail/gps_group__traits.hpp
[2.851s] -- Up-to-date: /home/wasp_mini/ros2_ws/install/vectornav_msgs/include/vectornav_msgs/msg/detail/dop__struct.hpp
[2.852s] -- Up-to-date: /home/wasp_mini/ros2_ws/install/vectornav_msgs/include/vectornav_msgs/msg/detail/time_utc__traits.hpp
[2.852s] -- Up-to-date: /home/wasp_mini/ros2_ws/install/vectornav_msgs/include/vectornav_msgs/msg/detail/dop__traits.hpp
[2.852s] -- Up-to-date: /home/wasp_mini/ros2_ws/install/vectornav_msgs/include/vectornav_msgs/msg/detail/ins_status__traits.hpp
[2.852s] -- Up-to-date: /home/wasp_mini/ros2_ws/install/vectornav_msgs/include/vectornav_msgs/msg/detail/ins_group__traits.hpp
[2.852s] -- Up-to-date: /home/wasp_mini/ros2_ws/install/vectornav_msgs/include/vectornav_msgs/msg/detail/time_group__struct.hpp
[2.853s] -- Up-to-date: /home/wasp_mini/ros2_ws/install/vectornav_msgs/include/vectornav_msgs/msg/detail/time_utc__builder.hpp
[2.853s] -- Up-to-date: /home/wasp_mini/ros2_ws/install/vectornav_msgs/include/vectornav_msgs/msg/detail/time_status__traits.hpp
[2.853s] -- Up-to-date: /home/wasp_mini/ros2_ws/install/vectornav_msgs/include/vectornav_msgs/msg/detail/common_group__builder.hpp
[2.853s] -- Up-to-date: /home/wasp_mini/ros2_ws/install/vectornav_msgs/include/vectornav_msgs/msg/detail/gps_group__struct.hpp
[2.853s] -- Up-to-date: /home/wasp_mini/ros2_ws/install/vectornav_msgs/include/vectornav_msgs/msg/detail/imu_group__builder.hpp
[2.853s] -- Up-to-date: /home/wasp_mini/ros2_ws/install/vectornav_msgs/include/vectornav_msgs/msg/detail/ins_group__struct.hpp
[2.854s] -- Up-to-date: /home/wasp_mini/ros2_ws/install/vectornav_msgs/include/vectornav_msgs/msg/ins_status.hpp
[2.854s] -- Up-to-date: /home/wasp_mini/ros2_ws/install/vectornav_msgs/include/vectornav_msgs/msg/common_group.hpp
[2.854s] -- Up-to-date: /home/wasp_mini/ros2_ws/install/vectornav_msgs/include/vectornav_msgs/msg/time_utc.hpp
[2.854s] -- Up-to-date: /home/wasp_mini/ros2_ws/install/vectornav_msgs/include/vectornav_msgs/msg/time_status.hpp
[2.854s] -- Up-to-date: /home/wasp_mini/ros2_ws/install/vectornav_msgs/include/vectornav_msgs/msg/vpe_status.hpp
[2.855s] -- Up-to-date: /home/wasp_mini/ros2_ws/install/vectornav_msgs/include/vectornav_msgs/msg/attitude_group.hpp
[2.855s] -- Up-to-date: /home/wasp_mini/ros2_ws/install/vectornav_msgs/include/vectornav_msgs
[2.855s] -- Up-to-date: /home/wasp_mini/ros2_ws/install/vectornav_msgs/include/vectornav_msgs/msg
[2.855s] -- Up-to-date: /home/wasp_mini/ros2_ws/install/vectornav_msgs/include/vectornav_msgs/msg/detail
[2.856s] -- Up-to-date: /home/wasp_mini/ros2_ws/install/vectornav_msgs/include/vectornav_msgs/msg/detail/gps_group__type_support.cpp
[2.856s] -- Up-to-date: /home/wasp_mini/ros2_ws/install/vectornav_msgs/include/vectornav_msgs/msg/detail/ins_group__rosidl_typesupport_introspection_cpp.hpp
[2.856s] -- Up-to-date: /home/wasp_mini/ros2_ws/install/vectornav_msgs/include/vectornav_msgs/msg/detail/time_utc__rosidl_typesupport_introspection_cpp.hpp
[2.856s] -- Up-to-date: /home/wasp_mini/ros2_ws/install/vectornav_msgs/include/vectornav_msgs/msg/detail/ins_status__rosidl_typesupport_introspection_cpp.hpp
[2.856s] -- Up-to-date: /home/wasp_mini/ros2_ws/install/vectornav_msgs/include/vectornav_msgs/msg/detail/gps_group__rosidl_typesupport_introspection_cpp.hpp
[2.857s] -- Up-to-date: /home/wasp_mini/ros2_ws/install/vectornav_msgs/include/vectornav_msgs/msg/detail/vpe_status__rosidl_typesupport_introspection_cpp.hpp
[2.857s] -- Up-to-date: /home/wasp_mini/ros2_ws/install/vectornav_msgs/include/vectornav_msgs/msg/detail/common_group__type_support.cpp
[2.857s] -- Up-to-date: /home/wasp_mini/ros2_ws/install/vectornav_msgs/include/vectornav_msgs/msg/detail/dop__type_support.cpp
[2.857s] -- Up-to-date: /home/wasp_mini/ros2_ws/install/vectornav_msgs/include/vectornav_msgs/msg/detail/imu_group__rosidl_typesupport_introspection_cpp.hpp
[2.857s] -- Up-to-date: /home/wasp_mini/ros2_ws/install/vectornav_msgs/include/vectornav_msgs/msg/detail/time_status__type_support.cpp
[2.857s] -- Up-to-date: /home/wasp_mini/ros2_ws/install/vectornav_msgs/include/vectornav_msgs/msg/detail/time_utc__type_support.cpp
[2.858s] -- Up-to-date: /home/wasp_mini/ros2_ws/install/vectornav_msgs/include/vectornav_msgs/msg/detail/vpe_status__type_support.cpp
[2.858s] -- Up-to-date: /home/wasp_mini/ros2_ws/install/vectornav_msgs/include/vectornav_msgs/msg/detail/attitude_group__type_support.cpp
[2.858s] -- Up-to-date: /home/wasp_mini/ros2_ws/install/vectornav_msgs/include/vectornav_msgs/msg/detail/ins_group__type_support.cpp
[2.858s] -- Up-to-date: /home/wasp_mini/ros2_ws/install/vectornav_msgs/include/vectornav_msgs/msg/detail/time_group__type_support.cpp
[2.858s] -- Up-to-date: /home/wasp_mini/ros2_ws/install/vectornav_msgs/include/vectornav_msgs/msg/detail/imu_group__type_support.cpp
[2.859s] -- Up-to-date: /home/wasp_mini/ros2_ws/install/vectornav_msgs/include/vectornav_msgs/msg/detail/ins_status__type_support.cpp
[2.859s] -- Up-to-date: /home/wasp_mini/ros2_ws/install/vectornav_msgs/include/vectornav_msgs/msg/detail/time_status__rosidl_typesupport_introspection_cpp.hpp
[2.859s] -- Up-to-date: /home/wasp_mini/ros2_ws/install/vectornav_msgs/include/vectornav_msgs/msg/detail/time_group__rosidl_typesupport_introspection_cpp.hpp
[2.859s] -- Up-to-date: /home/wasp_mini/ros2_ws/install/vectornav_msgs/include/vectornav_msgs/msg/detail/attitude_group__rosidl_typesupport_introspection_cpp.hpp
[2.859s] -- Up-to-date: /home/wasp_mini/ros2_ws/install/vectornav_msgs/include/vectornav_msgs/msg/detail/dop__rosidl_typesupport_introspection_cpp.hpp
[2.860s] -- Up-to-date: /home/wasp_mini/ros2_ws/install/vectornav_msgs/include/vectornav_msgs/msg/detail/common_group__rosidl_typesupport_introspection_cpp.hpp
[2.860s] -- Up-to-date: /home/wasp_mini/ros2_ws/install/vectornav_msgs/lib/libvectornav_msgs__rosidl_typesupport_introspection_cpp.so
[2.860s] -- Up-to-date: /home/wasp_mini/ros2_ws/install/vectornav_msgs/lib/libvectornav_msgs__rosidl_typesupport_cpp.so
[2.861s] -- Up-to-date: /home/wasp_mini/ros2_ws/install/vectornav_msgs/share/vectornav_msgs/environment/pythonpath.sh
[2.861s] -- Up-to-date: /home/wasp_mini/ros2_ws/install/vectornav_msgs/share/vectornav_msgs/environment/pythonpath.dsv
[2.861s] -- Up-to-date: /home/wasp_mini/ros2_ws/install/vectornav_msgs/lib/python3.8/site-packages/vectornav_msgs/__init__.py
[2.937s] -- Up-to-date: /home/wasp_mini/ros2_ws/install/vectornav_msgs/lib/python3.8/site-packages/vectornav_msgs/msg
[2.938s] -- Up-to-date: /home/wasp_mini/ros2_ws/install/vectornav_msgs/lib/python3.8/site-packages/vectornav_msgs/msg/_vpe_status.py
[2.938s] -- Up-to-date: /home/wasp_mini/ros2_ws/install/vectornav_msgs/lib/python3.8/site-packages/vectornav_msgs/msg/_common_group.py
[2.938s] -- Up-to-date: /home/wasp_mini/ros2_ws/install/vectornav_msgs/lib/python3.8/site-packages/vectornav_msgs/msg/_ins_status_s.c
[2.938s] -- Up-to-date: /home/wasp_mini/ros2_ws/install/vectornav_msgs/lib/python3.8/site-packages/vectornav_msgs/msg/_time_utc.py
[2.939s] -- Up-to-date: /home/wasp_mini/ros2_ws/install/vectornav_msgs/lib/python3.8/site-packages/vectornav_msgs/msg/_imu_group.py
[2.939s] -- Up-to-date: /home/wasp_mini/ros2_ws/install/vectornav_msgs/lib/python3.8/site-packages/vectornav_msgs/msg/_gps_group_s.c
[2.939s] -- Up-to-date: /home/wasp_mini/ros2_ws/install/vectornav_msgs/lib/python3.8/site-packages/vectornav_msgs/msg/_common_group_s.c
[2.939s] -- Up-to-date: /home/wasp_mini/ros2_ws/install/vectornav_msgs/lib/python3.8/site-packages/vectornav_msgs/msg/_ins_status.py
[2.942s] -- Up-to-date: /home/wasp_mini/ros2_ws/install/vectornav_msgs/lib/python3.8/site-packages/vectornav_msgs/msg/_time_group_s.c
[2.942s] -- Up-to-date: /home/wasp_mini/ros2_ws/install/vectornav_msgs/lib/python3.8/site-packages/vectornav_msgs/msg/_dop.py
[2.943s] -- Up-to-date: /home/wasp_mini/ros2_ws/install/vectornav_msgs/lib/python3.8/site-packages/vectornav_msgs/msg/_dop_s.c
[2.943s] -- Up-to-date: /home/wasp_mini/ros2_ws/install/vectornav_msgs/lib/python3.8/site-packages/vectornav_msgs/msg/_attitude_group_s.c
[2.943s] -- Up-to-date: /home/wasp_mini/ros2_ws/install/vectornav_msgs/lib/python3.8/site-packages/vectornav_msgs/msg/_vpe_status_s.c
[2.943s] -- Up-to-date: /home/wasp_mini/ros2_ws/install/vectornav_msgs/lib/python3.8/site-packages/vectornav_msgs/msg/_ins_group_s.c
[2.943s] -- Up-to-date: /home/wasp_mini/ros2_ws/install/vectornav_msgs/lib/python3.8/site-packages/vectornav_msgs/msg/_gps_group.py
[2.943s] -- Up-to-date: /home/wasp_mini/ros2_ws/install/vectornav_msgs/lib/python3.8/site-packages/vectornav_msgs/msg/__init__.py
[2.943s] -- Up-to-date: /home/wasp_mini/ros2_ws/install/vectornav_msgs/lib/python3.8/site-packages/vectornav_msgs/msg/_ins_group.py
[2.944s] -- Up-to-date: /home/wasp_mini/ros2_ws/install/vectornav_msgs/lib/python3.8/site-packages/vectornav_msgs/msg/_time_group.py
[2.944s] -- Up-to-date: /home/wasp_mini/ros2_ws/install/vectornav_msgs/lib/python3.8/site-packages/vectornav_msgs/msg/_imu_group_s.c
[2.944s] -- Up-to-date: /home/wasp_mini/ros2_ws/install/vectornav_msgs/lib/python3.8/site-packages/vectornav_msgs/msg/_time_utc_s.c
[2.944s] -- Up-to-date: /home/wasp_mini/ros2_ws/install/vectornav_msgs/lib/python3.8/site-packages/vectornav_msgs/msg/_attitude_group.py
[2.944s] -- Up-to-date: /home/wasp_mini/ros2_ws/install/vectornav_msgs/lib/python3.8/site-packages/vectornav_msgs/msg/_time_status.py
[2.944s] -- Up-to-date: /home/wasp_mini/ros2_ws/install/vectornav_msgs/lib/python3.8/site-packages/vectornav_msgs/msg/_time_status_s.c
[2.945s] -- Up-to-date: /home/wasp_mini/ros2_ws/install/vectornav_msgs/lib/python3.8/site-packages/vectornav_msgs/vectornav_msgs_s__rosidl_typesupport_fastrtps_c.cpython-38-x86_64-linux-gnu.so
[2.947s] -- Up-to-date: /home/wasp_mini/ros2_ws/install/vectornav_msgs/lib/python3.8/site-packages/vectornav_msgs/vectornav_msgs_s__rosidl_typesupport_introspection_c.cpython-38-x86_64-linux-gnu.so
[2.954s] -- Up-to-date: /home/wasp_mini/ros2_ws/install/vectornav_msgs/lib/python3.8/site-packages/vectornav_msgs/vectornav_msgs_s__rosidl_typesupport_c.cpython-38-x86_64-linux-gnu.so
[2.961s] -- Up-to-date: /home/wasp_mini/ros2_ws/install/vectornav_msgs/lib/libvectornav_msgs__python.so
[2.965s] -- Up-to-date: /home/wasp_mini/ros2_ws/install/vectornav_msgs/share/vectornav_msgs/msg/CommonGroup.idl
[2.966s] -- Up-to-date: /home/wasp_mini/ros2_ws/install/vectornav_msgs/share/vectornav_msgs/msg/TimeGroup.idl
[2.966s] -- Up-to-date: /home/wasp_mini/ros2_ws/install/vectornav_msgs/share/vectornav_msgs/msg/ImuGroup.idl
[2.966s] -- Up-to-date: /home/wasp_mini/ros2_ws/install/vectornav_msgs/share/vectornav_msgs/msg/GpsGroup.idl
[2.968s] -- Up-to-date: /home/wasp_mini/ros2_ws/install/vectornav_msgs/share/vectornav_msgs/msg/AttitudeGroup.idl
[2.970s] -- Up-to-date: /home/wasp_mini/ros2_ws/install/vectornav_msgs/share/vectornav_msgs/msg/InsGroup.idl
[2.970s] -- Up-to-date: /home/wasp_mini/ros2_ws/install/vectornav_msgs/share/vectornav_msgs/msg/TimeUTC.idl
[2.970s] -- Up-to-date: /home/wasp_mini/ros2_ws/install/vectornav_msgs/share/vectornav_msgs/msg/DOP.idl
[2.970s] -- Up-to-date: /home/wasp_mini/ros2_ws/install/vectornav_msgs/share/vectornav_msgs/msg/VpeStatus.idl
[2.971s] -- Up-to-date: /home/wasp_mini/ros2_ws/install/vectornav_msgs/share/vectornav_msgs/msg/TimeStatus.idl
[2.971s] -- Up-to-date: /home/wasp_mini/ros2_ws/install/vectornav_msgs/share/vectornav_msgs/msg/InsStatus.idl
[2.971s] -- Up-to-date: /home/wasp_mini/ros2_ws/install/vectornav_msgs/share/vectornav_msgs/msg/CommonGroup.msg
[2.972s] -- Up-to-date: /home/wasp_mini/ros2_ws/install/vectornav_msgs/share/vectornav_msgs/msg/TimeGroup.msg
[2.972s] -- Up-to-date: /home/wasp_mini/ros2_ws/install/vectornav_msgs/share/vectornav_msgs/msg/ImuGroup.msg
[2.972s] -- Up-to-date: /home/wasp_mini/ros2_ws/install/vectornav_msgs/share/vectornav_msgs/msg/GpsGroup.msg
[2.972s] -- Up-to-date: /home/wasp_mini/ros2_ws/install/vectornav_msgs/share/vectornav_msgs/msg/AttitudeGroup.msg
[2.973s] -- Up-to-date: /home/wasp_mini/ros2_ws/install/vectornav_msgs/share/vectornav_msgs/msg/InsGroup.msg
[2.973s] -- Up-to-date: /home/wasp_mini/ros2_ws/install/vectornav_msgs/share/vectornav_msgs/msg/TimeUTC.msg
[2.973s] -- Up-to-date: /home/wasp_mini/ros2_ws/install/vectornav_msgs/share/vectornav_msgs/msg/DOP.msg
[2.973s] -- Up-to-date: /home/wasp_mini/ros2_ws/install/vectornav_msgs/share/vectornav_msgs/msg/VpeStatus.msg
[2.973s] -- Up-to-date: /home/wasp_mini/ros2_ws/install/vectornav_msgs/share/vectornav_msgs/msg/TimeStatus.msg
[2.973s] -- Up-to-date: /home/wasp_mini/ros2_ws/install/vectornav_msgs/share/vectornav_msgs/msg/InsStatus.msg
[2.973s] -- Up-to-date: /home/wasp_mini/ros2_ws/install/vectornav_msgs/share/ament_index/resource_index/package_run_dependencies/vectornav_msgs
[2.973s] -- Up-to-date: /home/wasp_mini/ros2_ws/install/vectornav_msgs/share/ament_index/resource_index/parent_prefix_path/vectornav_msgs
[2.974s] -- Up-to-date: /home/wasp_mini/ros2_ws/install/vectornav_msgs/share/vectornav_msgs/environment/ament_prefix_path.sh
[2.974s] -- Up-to-date: /home/wasp_mini/ros2_ws/install/vectornav_msgs/share/vectornav_msgs/environment/ament_prefix_path.dsv
[2.974s] -- Up-to-date: /home/wasp_mini/ros2_ws/install/vectornav_msgs/share/vectornav_msgs/environment/path.sh
[2.974s] -- Up-to-date: /home/wasp_mini/ros2_ws/install/vectornav_msgs/share/vectornav_msgs/environment/path.dsv
[2.974s] -- Up-to-date: /home/wasp_mini/ros2_ws/install/vectornav_msgs/share/vectornav_msgs/local_setup.bash
[2.974s] -- Up-to-date: /home/wasp_mini/ros2_ws/install/vectornav_msgs/share/vectornav_msgs/local_setup.sh
[2.974s] -- Up-to-date: /home/wasp_mini/ros2_ws/install/vectornav_msgs/share/vectornav_msgs/local_setup.zsh
[2.975s] -- Up-to-date: /home/wasp_mini/ros2_ws/install/vectornav_msgs/share/vectornav_msgs/local_setup.dsv
[2.975s] -- Installing: /home/wasp_mini/ros2_ws/install/vectornav_msgs/share/vectornav_msgs/package.dsv
[2.975s] -- Up-to-date: /home/wasp_mini/ros2_ws/install/vectornav_msgs/share/ament_index/resource_index/packages/vectornav_msgs
[2.975s] -- Up-to-date: /home/wasp_mini/ros2_ws/install/vectornav_msgs/share/vectornav_msgs/cmake/vectornav_msgs__rosidl_generator_cExport.cmake
[2.975s] -- Up-to-date: /home/wasp_mini/ros2_ws/install/vectornav_msgs/share/vectornav_msgs/cmake/vectornav_msgs__rosidl_generator_cExport-noconfig.cmake
[2.976s] -- Up-to-date: /home/wasp_mini/ros2_ws/install/vectornav_msgs/share/vectornav_msgs/cmake/vectornav_msgs__rosidl_typesupport_introspection_cExport.cmake
[2.976s] -- Up-to-date: /home/wasp_mini/ros2_ws/install/vectornav_msgs/share/vectornav_msgs/cmake/vectornav_msgs__rosidl_typesupport_introspection_cExport-noconfig.cmake
[2.976s] -- Up-to-date: /home/wasp_mini/ros2_ws/install/vectornav_msgs/share/vectornav_msgs/cmake/vectornav_msgs__rosidl_typesupport_cExport.cmake
[2.977s] -- Up-to-date: /home/wasp_mini/ros2_ws/install/vectornav_msgs/share/vectornav_msgs/cmake/vectornav_msgs__rosidl_typesupport_cExport-noconfig.cmake
[2.977s] -- Up-to-date: /home/wasp_mini/ros2_ws/install/vectornav_msgs/share/vectornav_msgs/cmake/vectornav_msgs__rosidl_generator_cppExport.cmake
[2.979s] -- Up-to-date: /home/wasp_mini/ros2_ws/install/vectornav_msgs/share/vectornav_msgs/cmake/vectornav_msgs__rosidl_typesupport_introspection_cppExport.cmake
[2.982s] -- Up-to-date: /home/wasp_mini/ros2_ws/install/vectornav_msgs/share/vectornav_msgs/cmake/vectornav_msgs__rosidl_typesupport_introspection_cppExport-noconfig.cmake
[2.998s] -- Up-to-date: /home/wasp_mini/ros2_ws/install/vectornav_msgs/share/vectornav_msgs/cmake/vectornav_msgs__rosidl_typesupport_cppExport.cmake
[2.999s] -- Up-to-date: /home/wasp_mini/ros2_ws/install/vectornav_msgs/share/vectornav_msgs/cmake/vectornav_msgs__rosidl_typesupport_cppExport-noconfig.cmake
[2.999s] -- Up-to-date: /home/wasp_mini/ros2_ws/install/vectornav_msgs/share/vectornav_msgs/cmake/rosidl_cmake-extras.cmake
[3.000s] -- Up-to-date: /home/wasp_mini/ros2_ws/install/vectornav_msgs/share/vectornav_msgs/cmake/ament_cmake_export_dependencies-extras.cmake
[3.000s] -- Up-to-date: /home/wasp_mini/ros2_ws/install/vectornav_msgs/share/vectornav_msgs/cmake/ament_cmake_export_libraries-extras.cmake
[3.000s] -- Up-to-date: /home/wasp_mini/ros2_ws/install/vectornav_msgs/share/vectornav_msgs/cmake/ament_cmake_export_targets-extras.cmake
[3.004s] -- Up-to-date: /home/wasp_mini/ros2_ws/install/vectornav_msgs/share/vectornav_msgs/cmake/ament_cmake_export_include_directories-extras.cmake
[3.005s] -- Up-to-date: /home/wasp_mini/ros2_ws/install/vectornav_msgs/share/vectornav_msgs/cmake/rosidl_cmake_export_typesupport_libraries-extras.cmake
[3.005s] -- Up-to-date: /home/wasp_mini/ros2_ws/install/vectornav_msgs/share/vectornav_msgs/cmake/rosidl_cmake_export_typesupport_targets-extras.cmake
[3.005s] -- Up-to-date: /home/wasp_mini/ros2_ws/install/vectornav_msgs/share/vectornav_msgs/cmake/vectornav_msgsConfig.cmake
[3.006s] -- Up-to-date: /home/wasp_mini/ros2_ws/install/vectornav_msgs/share/vectornav_msgs/cmake/vectornav_msgsConfig-version.cmake
[3.006s] -- Up-to-date: /home/wasp_mini/ros2_ws/install/vectornav_msgs/share/vectornav_msgs/package.xml
[3.009s] Invoked command in '/home/wasp_mini/ros2_ws/build/vectornav_msgs' returned '0': CMAKE_PREFIX_PATH=${CMAKE_PREFIX_PATH}:/home/wasp_mini/ros2_ws/install/wasp_mini_controller:/home/wasp_mini/ros2_ws/install/nav2_simple_commander:/home/wasp_mini/ros2_ws/install/nav2_gazebo_spawner:/opt/ros/foxy /usr/bin/cmake --install /home/wasp_mini/ros2_ws/build/vectornav_msgs
