[0.516s] DEBUG:colcon:Command line arguments: ['/usr/bin/colcon', 'build']
[0.516s] DEBUG:colcon:Parsed command line arguments: Namespace(ament_cmake_args=None, base_paths=['.'], build_base='build', catkin_cmake_args=None, catkin_skip_building_tests=False, cmake_args=None, cmake_clean_cache=False, cmake_clean_first=False, cmake_force_configure=False, cmake_target=None, cmake_target_skip_unavailable=False, continue_on_error=False, event_handlers=None, executor='parallel', ignore_user_meta=False, install_base='install', log_base=None, log_level=None, main=<bound method BuildVerb.main of <colcon_core.verb.build.BuildVerb object at 0x7f8a4dcfbd60>>, merge_install=False, metas=['./colcon.meta'], packages_above=None, packages_above_and_dependencies=None, packages_above_depth=None, packages_end=None, packages_ignore=None, packages_ignore_regex=None, packages_select=None, packages_select_build_failed=False, packages_select_by_dep=None, packages_select_regex=None, packages_select_test_failures=False, packages_skip=None, packages_skip_build_finished=False, packages_skip_by_dep=None, packages_skip_regex=None, packages_skip_test_passed=False, packages_skip_up_to=None, packages_start=None, packages_up_to=None, packages_up_to_regex=None, parallel_workers=4, paths=None, symlink_install=False, test_result_base=None, verb_extension=<colcon_core.verb.build.BuildVerb object at 0x7f8a4dcfbd60>, verb_name='build', verb_parser=<colcon_defaults.argument_parser.defaults.DefaultArgumentsDecorator object at 0x7f8a4dd060a0>)
[0.524s] Level 1:colcon.colcon_core.package_discovery:discover_packages(colcon_meta) check parameters
[0.525s] Level 1:colcon.colcon_core.package_discovery:discover_packages(recursive) check parameters
[0.525s] Level 1:colcon.colcon_core.package_discovery:discover_packages(ignore) check parameters
[0.525s] Level 1:colcon.colcon_core.package_discovery:discover_packages(path) check parameters
[0.525s] Level 1:colcon.colcon_core.package_discovery:discover_packages(colcon_meta) discover
[0.525s] Level 1:colcon.colcon_core.package_discovery:discover_packages(recursive) discover
[0.525s] INFO:colcon.colcon_core.package_discovery:Crawling recursively for packages in '/home/wasp_mini/ros2_ws'
[0.525s] Level 1:colcon.colcon_core.package_identification:_identify(.) by extensions ['ignore', 'ignore_ament_install']
[0.525s] Level 1:colcon.colcon_core.package_identification:_identify(.) by extension 'ignore'
[0.526s] Level 1:colcon.colcon_core.package_identification:_identify(.) by extension 'ignore_ament_install'
[0.526s] Level 1:colcon.colcon_core.package_identification:_identify(.) by extensions ['colcon_pkg']
[0.526s] Level 1:colcon.colcon_core.package_identification:_identify(.) by extension 'colcon_pkg'
[0.526s] Level 1:colcon.colcon_core.package_identification:_identify(.) by extensions ['colcon_meta']
[0.526s] Level 1:colcon.colcon_core.package_identification:_identify(.) by extension 'colcon_meta'
[0.526s] Level 1:colcon.colcon_core.package_identification:_identify(.) by extensions ['ros']
[0.526s] Level 1:colcon.colcon_core.package_identification:_identify(.) by extension 'ros'
[0.546s] Level 1:colcon.colcon_core.package_identification:_identify(.) by extensions ['cmake', 'python']
[0.546s] Level 1:colcon.colcon_core.package_identification:_identify(.) by extension 'cmake'
[0.546s] Level 1:colcon.colcon_core.package_identification:_identify(.) by extension 'python'
[0.546s] Level 1:colcon.colcon_core.package_identification:_identify(.) by extensions ['python_setup_py']
[0.546s] Level 1:colcon.colcon_core.package_identification:_identify(.) by extension 'python_setup_py'
[0.546s] Level 1:colcon.colcon_core.package_identification:_identify(build) by extensions ['ignore', 'ignore_ament_install']
[0.547s] Level 1:colcon.colcon_core.package_identification:_identify(build) by extension 'ignore'
[0.547s] Level 1:colcon.colcon_core.package_identification:_identify(build) ignored
[0.547s] Level 1:colcon.colcon_core.package_identification:_identify(install) by extensions ['ignore', 'ignore_ament_install']
[0.547s] Level 1:colcon.colcon_core.package_identification:_identify(install) by extension 'ignore'
[0.547s] Level 1:colcon.colcon_core.package_identification:_identify(install) ignored
[0.548s] Level 1:colcon.colcon_core.package_identification:_identify(log) by extensions ['ignore', 'ignore_ament_install']
[0.548s] Level 1:colcon.colcon_core.package_identification:_identify(log) by extension 'ignore'
[0.548s] Level 1:colcon.colcon_core.package_identification:_identify(log) ignored
[0.548s] Level 1:colcon.colcon_core.package_identification:_identify(src) by extensions ['ignore', 'ignore_ament_install']
[0.548s] Level 1:colcon.colcon_core.package_identification:_identify(src) by extension 'ignore'
[0.548s] Level 1:colcon.colcon_core.package_identification:_identify(src) by extension 'ignore_ament_install'
[0.548s] Level 1:colcon.colcon_core.package_identification:_identify(src) by extensions ['colcon_pkg']
[0.548s] Level 1:colcon.colcon_core.package_identification:_identify(src) by extension 'colcon_pkg'
[0.549s] Level 1:colcon.colcon_core.package_identification:_identify(src) by extensions ['colcon_meta']
[0.549s] Level 1:colcon.colcon_core.package_identification:_identify(src) by extension 'colcon_meta'
[0.549s] Level 1:colcon.colcon_core.package_identification:_identify(src) by extensions ['ros']
[0.549s] Level 1:colcon.colcon_core.package_identification:_identify(src) by extension 'ros'
[0.549s] Level 1:colcon.colcon_core.package_identification:_identify(src) by extensions ['cmake', 'python']
[0.549s] Level 1:colcon.colcon_core.package_identification:_identify(src) by extension 'cmake'
[0.549s] Level 1:colcon.colcon_core.package_identification:_identify(src) by extension 'python'
[0.549s] Level 1:colcon.colcon_core.package_identification:_identify(src) by extensions ['python_setup_py']
[0.549s] Level 1:colcon.colcon_core.package_identification:_identify(src) by extension 'python_setup_py'
[0.549s] Level 1:colcon.colcon_core.package_identification:_identify(src/main_waspmini) by extensions ['ignore', 'ignore_ament_install']
[0.549s] Level 1:colcon.colcon_core.package_identification:_identify(src/main_waspmini) by extension 'ignore'
[0.550s] Level 1:colcon.colcon_core.package_identification:_identify(src/main_waspmini) by extension 'ignore_ament_install'
[0.550s] Level 1:colcon.colcon_core.package_identification:_identify(src/main_waspmini) by extensions ['colcon_pkg']
[0.550s] Level 1:colcon.colcon_core.package_identification:_identify(src/main_waspmini) by extension 'colcon_pkg'
[0.550s] Level 1:colcon.colcon_core.package_identification:_identify(src/main_waspmini) by extensions ['colcon_meta']
[0.550s] Level 1:colcon.colcon_core.package_identification:_identify(src/main_waspmini) by extension 'colcon_meta'
[0.550s] Level 1:colcon.colcon_core.package_identification:_identify(src/main_waspmini) by extensions ['ros']
[0.550s] Level 1:colcon.colcon_core.package_identification:_identify(src/main_waspmini) by extension 'ros'
[0.554s] DEBUG:colcon.colcon_core.package_identification:Package 'src/main_waspmini' with type 'ros.ament_cmake' and name 'main_waspmini'
[0.554s] Level 1:colcon.colcon_core.package_identification:_identify(src/robot_localization) by extensions ['ignore', 'ignore_ament_install']
[0.554s] Level 1:colcon.colcon_core.package_identification:_identify(src/robot_localization) by extension 'ignore'
[0.554s] Level 1:colcon.colcon_core.package_identification:_identify(src/robot_localization) by extension 'ignore_ament_install'
[0.554s] Level 1:colcon.colcon_core.package_identification:_identify(src/robot_localization) by extensions ['colcon_pkg']
[0.555s] Level 1:colcon.colcon_core.package_identification:_identify(src/robot_localization) by extension 'colcon_pkg'
[0.555s] Level 1:colcon.colcon_core.package_identification:_identify(src/robot_localization) by extensions ['colcon_meta']
[0.555s] Level 1:colcon.colcon_core.package_identification:_identify(src/robot_localization) by extension 'colcon_meta'
[0.555s] Level 1:colcon.colcon_core.package_identification:_identify(src/robot_localization) by extensions ['ros']
[0.555s] Level 1:colcon.colcon_core.package_identification:_identify(src/robot_localization) by extension 'ros'
[0.558s] DEBUG:colcon.colcon_core.package_identification:Package 'src/robot_localization' with type 'ros.ament_cmake' and name 'robot_localization'
[0.558s] Level 1:colcon.colcon_core.package_identification:_identify(src/sick_scan2) by extensions ['ignore', 'ignore_ament_install']
[0.559s] Level 1:colcon.colcon_core.package_identification:_identify(src/sick_scan2) by extension 'ignore'
[0.559s] Level 1:colcon.colcon_core.package_identification:_identify(src/sick_scan2) by extension 'ignore_ament_install'
[0.559s] Level 1:colcon.colcon_core.package_identification:_identify(src/sick_scan2) by extensions ['colcon_pkg']
[0.559s] Level 1:colcon.colcon_core.package_identification:_identify(src/sick_scan2) by extension 'colcon_pkg'
[0.559s] Level 1:colcon.colcon_core.package_identification:_identify(src/sick_scan2) by extensions ['colcon_meta']
[0.559s] Level 1:colcon.colcon_core.package_identification:_identify(src/sick_scan2) by extension 'colcon_meta'
[0.559s] Level 1:colcon.colcon_core.package_identification:_identify(src/sick_scan2) by extensions ['ros']
[0.559s] Level 1:colcon.colcon_core.package_identification:_identify(src/sick_scan2) by extension 'ros'
[0.567s] DEBUG:colcon.colcon_core.package_identification:Package 'src/sick_scan2' with type 'ros.ament_cmake' and name 'sick_scan2'
[0.567s] Level 1:colcon.colcon_core.package_identification:_identify(src/vectornav) by extensions ['ignore', 'ignore_ament_install']
[0.567s] Level 1:colcon.colcon_core.package_identification:_identify(src/vectornav) by extension 'ignore'
[0.567s] Level 1:colcon.colcon_core.package_identification:_identify(src/vectornav) by extension 'ignore_ament_install'
[0.567s] Level 1:colcon.colcon_core.package_identification:_identify(src/vectornav) by extensions ['colcon_pkg']
[0.567s] Level 1:colcon.colcon_core.package_identification:_identify(src/vectornav) by extension 'colcon_pkg'
[0.567s] Level 1:colcon.colcon_core.package_identification:_identify(src/vectornav) by extensions ['colcon_meta']
[0.567s] Level 1:colcon.colcon_core.package_identification:_identify(src/vectornav) by extension 'colcon_meta'
[0.567s] Level 1:colcon.colcon_core.package_identification:_identify(src/vectornav) by extensions ['ros']
[0.568s] Level 1:colcon.colcon_core.package_identification:_identify(src/vectornav) by extension 'ros'
[0.568s] Level 1:colcon.colcon_core.package_identification:_identify(src/vectornav) by extensions ['cmake', 'python']
[0.568s] Level 1:colcon.colcon_core.package_identification:_identify(src/vectornav) by extension 'cmake'
[0.568s] Level 1:colcon.colcon_core.package_identification:_identify(src/vectornav) by extension 'python'
[0.568s] Level 1:colcon.colcon_core.package_identification:_identify(src/vectornav) by extensions ['python_setup_py']
[0.568s] Level 1:colcon.colcon_core.package_identification:_identify(src/vectornav) by extension 'python_setup_py'
[0.568s] Level 1:colcon.colcon_core.package_identification:_identify(src/vectornav/vectornav) by extensions ['ignore', 'ignore_ament_install']
[0.568s] Level 1:colcon.colcon_core.package_identification:_identify(src/vectornav/vectornav) by extension 'ignore'
[0.568s] Level 1:colcon.colcon_core.package_identification:_identify(src/vectornav/vectornav) by extension 'ignore_ament_install'
[0.568s] Level 1:colcon.colcon_core.package_identification:_identify(src/vectornav/vectornav) by extensions ['colcon_pkg']
[0.568s] Level 1:colcon.colcon_core.package_identification:_identify(src/vectornav/vectornav) by extension 'colcon_pkg'
[0.568s] Level 1:colcon.colcon_core.package_identification:_identify(src/vectornav/vectornav) by extensions ['colcon_meta']
[0.569s] Level 1:colcon.colcon_core.package_identification:_identify(src/vectornav/vectornav) by extension 'colcon_meta'
[0.569s] Level 1:colcon.colcon_core.package_identification:_identify(src/vectornav/vectornav) by extensions ['ros']
[0.569s] Level 1:colcon.colcon_core.package_identification:_identify(src/vectornav/vectornav) by extension 'ros'
[0.570s] DEBUG:colcon.colcon_core.package_identification:Package 'src/vectornav/vectornav' with type 'ros.ament_cmake' and name 'vectornav'
[0.570s] Level 1:colcon.colcon_core.package_identification:_identify(src/vectornav/vectornav_msgs) by extensions ['ignore', 'ignore_ament_install']
[0.570s] Level 1:colcon.colcon_core.package_identification:_identify(src/vectornav/vectornav_msgs) by extension 'ignore'
[0.571s] Level 1:colcon.colcon_core.package_identification:_identify(src/vectornav/vectornav_msgs) by extension 'ignore_ament_install'
[0.571s] Level 1:colcon.colcon_core.package_identification:_identify(src/vectornav/vectornav_msgs) by extensions ['colcon_pkg']
[0.571s] Level 1:colcon.colcon_core.package_identification:_identify(src/vectornav/vectornav_msgs) by extension 'colcon_pkg'
[0.571s] Level 1:colcon.colcon_core.package_identification:_identify(src/vectornav/vectornav_msgs) by extensions ['colcon_meta']
[0.571s] Level 1:colcon.colcon_core.package_identification:_identify(src/vectornav/vectornav_msgs) by extension 'colcon_meta'
[0.571s] Level 1:colcon.colcon_core.package_identification:_identify(src/vectornav/vectornav_msgs) by extensions ['ros']
[0.571s] Level 1:colcon.colcon_core.package_identification:_identify(src/vectornav/vectornav_msgs) by extension 'ros'
[0.572s] DEBUG:colcon.colcon_core.package_identification:Package 'src/vectornav/vectornav_msgs' with type 'ros.ament_cmake' and name 'vectornav_msgs'
[0.572s] Level 1:colcon.colcon_core.package_identification:_identify(src/wasp_mini_controller) by extensions ['ignore', 'ignore_ament_install']
[0.572s] Level 1:colcon.colcon_core.package_identification:_identify(src/wasp_mini_controller) by extension 'ignore'
[0.572s] Level 1:colcon.colcon_core.package_identification:_identify(src/wasp_mini_controller) by extension 'ignore_ament_install'
[0.572s] Level 1:colcon.colcon_core.package_identification:_identify(src/wasp_mini_controller) by extensions ['colcon_pkg']
[0.572s] Level 1:colcon.colcon_core.package_identification:_identify(src/wasp_mini_controller) by extension 'colcon_pkg'
[0.572s] Level 1:colcon.colcon_core.package_identification:_identify(src/wasp_mini_controller) by extensions ['colcon_meta']
[0.573s] Level 1:colcon.colcon_core.package_identification:_identify(src/wasp_mini_controller) by extension 'colcon_meta'
[0.573s] Level 1:colcon.colcon_core.package_identification:_identify(src/wasp_mini_controller) by extensions ['ros']
[0.573s] Level 1:colcon.colcon_core.package_identification:_identify(src/wasp_mini_controller) by extension 'ros'
[0.574s] DEBUG:colcon.colcon_core.package_identification:Package 'src/wasp_mini_controller' with type 'ros.ament_python' and name 'wasp_mini_controller'
[0.574s] Level 1:colcon.colcon_core.package_identification:_identify(src/wasp_mini_joy) by extensions ['ignore', 'ignore_ament_install']
[0.574s] Level 1:colcon.colcon_core.package_identification:_identify(src/wasp_mini_joy) by extension 'ignore'
[0.574s] Level 1:colcon.colcon_core.package_identification:_identify(src/wasp_mini_joy) by extension 'ignore_ament_install'
[0.574s] Level 1:colcon.colcon_core.package_identification:_identify(src/wasp_mini_joy) by extensions ['colcon_pkg']
[0.574s] Level 1:colcon.colcon_core.package_identification:_identify(src/wasp_mini_joy) by extension 'colcon_pkg'
[0.574s] Level 1:colcon.colcon_core.package_identification:_identify(src/wasp_mini_joy) by extensions ['colcon_meta']
[0.574s] Level 1:colcon.colcon_core.package_identification:_identify(src/wasp_mini_joy) by extension 'colcon_meta'
[0.574s] Level 1:colcon.colcon_core.package_identification:_identify(src/wasp_mini_joy) by extensions ['ros']
[0.574s] Level 1:colcon.colcon_core.package_identification:_identify(src/wasp_mini_joy) by extension 'ros'
[0.576s] DEBUG:colcon.colcon_core.package_identification:Package 'src/wasp_mini_joy' with type 'ros.ament_cmake' and name 'wasp_mini_joy'
[0.576s] Level 1:colcon.colcon_core.package_discovery:discover_packages(recursive) using defaults
[0.576s] Level 1:colcon.colcon_core.package_discovery:discover_packages(ignore) discover
[0.576s] Level 1:colcon.colcon_core.package_discovery:discover_packages(ignore) using defaults
[0.576s] Level 1:colcon.colcon_core.package_discovery:discover_packages(path) discover
[0.576s] Level 1:colcon.colcon_core.package_discovery:discover_packages(path) using defaults
[0.609s] Level 5:colcon.colcon_core.verb:set package 'main_waspmini' build argument 'cmake_args' from command line to 'None'
[0.610s] Level 5:colcon.colcon_core.verb:set package 'main_waspmini' build argument 'cmake_target' from command line to 'None'
[0.610s] Level 5:colcon.colcon_core.verb:set package 'main_waspmini' build argument 'cmake_target_skip_unavailable' from command line to 'False'
[0.610s] Level 5:colcon.colcon_core.verb:set package 'main_waspmini' build argument 'cmake_clean_cache' from command line to 'False'
[0.610s] Level 5:colcon.colcon_core.verb:set package 'main_waspmini' build argument 'cmake_clean_first' from command line to 'False'
[0.610s] Level 5:colcon.colcon_core.verb:set package 'main_waspmini' build argument 'cmake_force_configure' from command line to 'False'
[0.610s] Level 5:colcon.colcon_core.verb:set package 'main_waspmini' build argument 'ament_cmake_args' from command line to 'None'
[0.610s] Level 5:colcon.colcon_core.verb:set package 'main_waspmini' build argument 'catkin_cmake_args' from command line to 'None'
[0.610s] Level 5:colcon.colcon_core.verb:set package 'main_waspmini' build argument 'catkin_skip_building_tests' from command line to 'False'
[0.610s] DEBUG:colcon.colcon_core.verb:Building package 'main_waspmini' with the following arguments: {'ament_cmake_args': None, 'build_base': '/home/wasp_mini/ros2_ws/build/main_waspmini', 'catkin_cmake_args': None, 'catkin_skip_building_tests': False, 'cmake_args': None, 'cmake_clean_cache': False, 'cmake_clean_first': False, 'cmake_force_configure': False, 'cmake_target': None, 'cmake_target_skip_unavailable': False, 'install_base': '/home/wasp_mini/ros2_ws/install/main_waspmini', 'merge_install': False, 'path': '/home/wasp_mini/ros2_ws/src/main_waspmini', 'symlink_install': False, 'test_result_base': None}
[0.614s] Level 5:colcon.colcon_core.verb:set package 'robot_localization' build argument 'cmake_args' from command line to 'None'
[0.614s] Level 5:colcon.colcon_core.verb:set package 'robot_localization' build argument 'cmake_target' from command line to 'None'
[0.614s] Level 5:colcon.colcon_core.verb:set package 'robot_localization' build argument 'cmake_target_skip_unavailable' from command line to 'False'
[0.614s] Level 5:colcon.colcon_core.verb:set package 'robot_localization' build argument 'cmake_clean_cache' from command line to 'False'
[0.614s] Level 5:colcon.colcon_core.verb:set package 'robot_localization' build argument 'cmake_clean_first' from command line to 'False'
[0.614s] Level 5:colcon.colcon_core.verb:set package 'robot_localization' build argument 'cmake_force_configure' from command line to 'False'
[0.614s] Level 5:colcon.colcon_core.verb:set package 'robot_localization' build argument 'ament_cmake_args' from command line to 'None'
[0.614s] Level 5:colcon.colcon_core.verb:set package 'robot_localization' build argument 'catkin_cmake_args' from command line to 'None'
[0.614s] Level 5:colcon.colcon_core.verb:set package 'robot_localization' build argument 'catkin_skip_building_tests' from command line to 'False'
[0.614s] DEBUG:colcon.colcon_core.verb:Building package 'robot_localization' with the following arguments: {'ament_cmake_args': None, 'build_base': '/home/wasp_mini/ros2_ws/build/robot_localization', 'catkin_cmake_args': None, 'catkin_skip_building_tests': False, 'cmake_args': None, 'cmake_clean_cache': False, 'cmake_clean_first': False, 'cmake_force_configure': False, 'cmake_target': None, 'cmake_target_skip_unavailable': False, 'install_base': '/home/wasp_mini/ros2_ws/install/robot_localization', 'merge_install': False, 'path': '/home/wasp_mini/ros2_ws/src/robot_localization', 'symlink_install': False, 'test_result_base': None}
[0.618s] Level 5:colcon.colcon_core.verb:set package 'sick_scan2' build argument 'cmake_args' from command line to 'None'
[0.618s] Level 5:colcon.colcon_core.verb:set package 'sick_scan2' build argument 'cmake_target' from command line to 'None'
[0.618s] Level 5:colcon.colcon_core.verb:set package 'sick_scan2' build argument 'cmake_target_skip_unavailable' from command line to 'False'
[0.618s] Level 5:colcon.colcon_core.verb:set package 'sick_scan2' build argument 'cmake_clean_cache' from command line to 'False'
[0.618s] Level 5:colcon.colcon_core.verb:set package 'sick_scan2' build argument 'cmake_clean_first' from command line to 'False'
[0.619s] Level 5:colcon.colcon_core.verb:set package 'sick_scan2' build argument 'cmake_force_configure' from command line to 'False'
[0.619s] Level 5:colcon.colcon_core.verb:set package 'sick_scan2' build argument 'ament_cmake_args' from command line to 'None'
[0.619s] Level 5:colcon.colcon_core.verb:set package 'sick_scan2' build argument 'catkin_cmake_args' from command line to 'None'
[0.619s] Level 5:colcon.colcon_core.verb:set package 'sick_scan2' build argument 'catkin_skip_building_tests' from command line to 'False'
[0.619s] DEBUG:colcon.colcon_core.verb:Building package 'sick_scan2' with the following arguments: {'ament_cmake_args': None, 'build_base': '/home/wasp_mini/ros2_ws/build/sick_scan2', 'catkin_cmake_args': None, 'catkin_skip_building_tests': False, 'cmake_args': None, 'cmake_clean_cache': False, 'cmake_clean_first': False, 'cmake_force_configure': False, 'cmake_target': None, 'cmake_target_skip_unavailable': False, 'install_base': '/home/wasp_mini/ros2_ws/install/sick_scan2', 'merge_install': False, 'path': '/home/wasp_mini/ros2_ws/src/sick_scan2', 'symlink_install': False, 'test_result_base': None}
[0.623s] Level 5:colcon.colcon_core.verb:set package 'vectornav_msgs' build argument 'cmake_args' from command line to 'None'
[0.623s] Level 5:colcon.colcon_core.verb:set package 'vectornav_msgs' build argument 'cmake_target' from command line to 'None'
[0.623s] Level 5:colcon.colcon_core.verb:set package 'vectornav_msgs' build argument 'cmake_target_skip_unavailable' from command line to 'False'
[0.623s] Level 5:colcon.colcon_core.verb:set package 'vectornav_msgs' build argument 'cmake_clean_cache' from command line to 'False'
[0.623s] Level 5:colcon.colcon_core.verb:set package 'vectornav_msgs' build argument 'cmake_clean_first' from command line to 'False'
[0.623s] Level 5:colcon.colcon_core.verb:set package 'vectornav_msgs' build argument 'cmake_force_configure' from command line to 'False'
[0.623s] Level 5:colcon.colcon_core.verb:set package 'vectornav_msgs' build argument 'ament_cmake_args' from command line to 'None'
[0.623s] Level 5:colcon.colcon_core.verb:set package 'vectornav_msgs' build argument 'catkin_cmake_args' from command line to 'None'
[0.623s] Level 5:colcon.colcon_core.verb:set package 'vectornav_msgs' build argument 'catkin_skip_building_tests' from command line to 'False'
[0.623s] DEBUG:colcon.colcon_core.verb:Building package 'vectornav_msgs' with the following arguments: {'ament_cmake_args': None, 'build_base': '/home/wasp_mini/ros2_ws/build/vectornav_msgs', 'catkin_cmake_args': None, 'catkin_skip_building_tests': False, 'cmake_args': None, 'cmake_clean_cache': False, 'cmake_clean_first': False, 'cmake_force_configure': False, 'cmake_target': None, 'cmake_target_skip_unavailable': False, 'install_base': '/home/wasp_mini/ros2_ws/install/vectornav_msgs', 'merge_install': False, 'path': '/home/wasp_mini/ros2_ws/src/vectornav/vectornav_msgs', 'symlink_install': False, 'test_result_base': None}
[0.627s] Level 5:colcon.colcon_core.verb:set package 'wasp_mini_controller' build argument 'cmake_args' from command line to 'None'
[0.627s] Level 5:colcon.colcon_core.verb:set package 'wasp_mini_controller' build argument 'cmake_target' from command line to 'None'
[0.627s] Level 5:colcon.colcon_core.verb:set package 'wasp_mini_controller' build argument 'cmake_target_skip_unavailable' from command line to 'False'
[0.627s] Level 5:colcon.colcon_core.verb:set package 'wasp_mini_controller' build argument 'cmake_clean_cache' from command line to 'False'
[0.627s] Level 5:colcon.colcon_core.verb:set package 'wasp_mini_controller' build argument 'cmake_clean_first' from command line to 'False'
[0.627s] Level 5:colcon.colcon_core.verb:set package 'wasp_mini_controller' build argument 'cmake_force_configure' from command line to 'False'
[0.627s] Level 5:colcon.colcon_core.verb:set package 'wasp_mini_controller' build argument 'ament_cmake_args' from command line to 'None'
[0.627s] Level 5:colcon.colcon_core.verb:set package 'wasp_mini_controller' build argument 'catkin_cmake_args' from command line to 'None'
[0.627s] Level 5:colcon.colcon_core.verb:set package 'wasp_mini_controller' build argument 'catkin_skip_building_tests' from command line to 'False'
[0.627s] DEBUG:colcon.colcon_core.verb:Building package 'wasp_mini_controller' with the following arguments: {'ament_cmake_args': None, 'build_base': '/home/wasp_mini/ros2_ws/build/wasp_mini_controller', 'catkin_cmake_args': None, 'catkin_skip_building_tests': False, 'cmake_args': None, 'cmake_clean_cache': False, 'cmake_clean_first': False, 'cmake_force_configure': False, 'cmake_target': None, 'cmake_target_skip_unavailable': False, 'install_base': '/home/wasp_mini/ros2_ws/install/wasp_mini_controller', 'merge_install': False, 'path': '/home/wasp_mini/ros2_ws/src/wasp_mini_controller', 'symlink_install': False, 'test_result_base': None}
[0.631s] Level 5:colcon.colcon_core.verb:set package 'wasp_mini_joy' build argument 'cmake_args' from command line to 'None'
[0.631s] Level 5:colcon.colcon_core.verb:set package 'wasp_mini_joy' build argument 'cmake_target' from command line to 'None'
[0.631s] Level 5:colcon.colcon_core.verb:set package 'wasp_mini_joy' build argument 'cmake_target_skip_unavailable' from command line to 'False'
[0.631s] Level 5:colcon.colcon_core.verb:set package 'wasp_mini_joy' build argument 'cmake_clean_cache' from command line to 'False'
[0.631s] Level 5:colcon.colcon_core.verb:set package 'wasp_mini_joy' build argument 'cmake_clean_first' from command line to 'False'
[0.631s] Level 5:colcon.colcon_core.verb:set package 'wasp_mini_joy' build argument 'cmake_force_configure' from command line to 'False'
[0.631s] Level 5:colcon.colcon_core.verb:set package 'wasp_mini_joy' build argument 'ament_cmake_args' from command line to 'None'
[0.631s] Level 5:colcon.colcon_core.verb:set package 'wasp_mini_joy' build argument 'catkin_cmake_args' from command line to 'None'
[0.632s] Level 5:colcon.colcon_core.verb:set package 'wasp_mini_joy' build argument 'catkin_skip_building_tests' from command line to 'False'
[0.632s] DEBUG:colcon.colcon_core.verb:Building package 'wasp_mini_joy' with the following arguments: {'ament_cmake_args': None, 'build_base': '/home/wasp_mini/ros2_ws/build/wasp_mini_joy', 'catkin_cmake_args': None, 'catkin_skip_building_tests': False, 'cmake_args': None, 'cmake_clean_cache': False, 'cmake_clean_first': False, 'cmake_force_configure': False, 'cmake_target': None, 'cmake_target_skip_unavailable': False, 'install_base': '/home/wasp_mini/ros2_ws/install/wasp_mini_joy', 'merge_install': False, 'path': '/home/wasp_mini/ros2_ws/src/wasp_mini_joy', 'symlink_install': False, 'test_result_base': None}
[0.635s] Level 5:colcon.colcon_core.verb:set package 'vectornav' build argument 'cmake_args' from command line to 'None'
[0.636s] Level 5:colcon.colcon_core.verb:set package 'vectornav' build argument 'cmake_target' from command line to 'None'
[0.636s] Level 5:colcon.colcon_core.verb:set package 'vectornav' build argument 'cmake_target_skip_unavailable' from command line to 'False'
[0.636s] Level 5:colcon.colcon_core.verb:set package 'vectornav' build argument 'cmake_clean_cache' from command line to 'False'
[0.636s] Level 5:colcon.colcon_core.verb:set package 'vectornav' build argument 'cmake_clean_first' from command line to 'False'
[0.636s] Level 5:colcon.colcon_core.verb:set package 'vectornav' build argument 'cmake_force_configure' from command line to 'False'
[0.636s] Level 5:colcon.colcon_core.verb:set package 'vectornav' build argument 'ament_cmake_args' from command line to 'None'
[0.636s] Level 5:colcon.colcon_core.verb:set package 'vectornav' build argument 'catkin_cmake_args' from command line to 'None'
[0.636s] Level 5:colcon.colcon_core.verb:set package 'vectornav' build argument 'catkin_skip_building_tests' from command line to 'False'
[0.636s] DEBUG:colcon.colcon_core.verb:Building package 'vectornav' with the following arguments: {'ament_cmake_args': None, 'build_base': '/home/wasp_mini/ros2_ws/build/vectornav', 'catkin_cmake_args': None, 'catkin_skip_building_tests': False, 'cmake_args': None, 'cmake_clean_cache': False, 'cmake_clean_first': False, 'cmake_force_configure': False, 'cmake_target': None, 'cmake_target_skip_unavailable': False, 'install_base': '/home/wasp_mini/ros2_ws/install/vectornav', 'merge_install': False, 'path': '/home/wasp_mini/ros2_ws/src/vectornav/vectornav', 'symlink_install': False, 'test_result_base': None}
[0.636s] INFO:colcon.colcon_core.executor:Executing jobs using 'parallel' executor
[0.639s] DEBUG:colcon.colcon_parallel_executor.executor.parallel:run_until_complete
[0.640s] INFO:colcon.colcon_ros.task.ament_cmake.build:Building ROS package in '/home/wasp_mini/ros2_ws/src/vectornav/vectornav_msgs' with build type 'ament_cmake'
[0.640s] INFO:colcon.colcon_cmake.task.cmake.build:Building CMake package in '/home/wasp_mini/ros2_ws/src/vectornav/vectornav_msgs'
[0.646s] INFO:colcon.colcon_core.plugin_system:Skipping extension 'colcon_core.shell.bat': Not used on non-Windows systems
[0.647s] INFO:colcon.colcon_core.shell:Skip shell extension 'powershell' for command environment: Not usable outside of PowerShell
[0.647s] DEBUG:colcon.colcon_core.shell:Skip shell extension 'dsv' for command environment
[0.652s] DEBUG:colcon.colcon_core.shell:Ignoring prefix path '/opt/ros/foxy'
[0.657s] INFO:colcon.colcon_ros.task.ament_cmake.build:Building ROS package in '/home/wasp_mini/ros2_ws/src/main_waspmini' with build type 'ament_cmake'
[0.658s] INFO:colcon.colcon_cmake.task.cmake.build:Building CMake package in '/home/wasp_mini/ros2_ws/src/main_waspmini'
[0.660s] INFO:colcon.colcon_core.shell:Skip shell extension 'powershell' for command environment: Not usable outside of PowerShell
[0.660s] DEBUG:colcon.colcon_core.shell:Skip shell extension 'dsv' for command environment
[0.666s] DEBUG:colcon.colcon_core.shell:Ignoring prefix path '/opt/ros/foxy'
[0.676s] INFO:colcon.colcon_ros.task.ament_cmake.build:Building ROS package in '/home/wasp_mini/ros2_ws/src/robot_localization' with build type 'ament_cmake'
[0.677s] INFO:colcon.colcon_cmake.task.cmake.build:Building CMake package in '/home/wasp_mini/ros2_ws/src/robot_localization'
[0.679s] INFO:colcon.colcon_core.shell:Skip shell extension 'powershell' for command environment: Not usable outside of PowerShell
[0.679s] DEBUG:colcon.colcon_core.shell:Skip shell extension 'dsv' for command environment
[0.685s] DEBUG:colcon.colcon_core.shell:Ignoring prefix path '/opt/ros/foxy'
[0.689s] INFO:colcon.colcon_ros.task.ament_cmake.build:Building ROS package in '/home/wasp_mini/ros2_ws/src/sick_scan2' with build type 'ament_cmake'
[0.690s] INFO:colcon.colcon_cmake.task.cmake.build:Building CMake package in '/home/wasp_mini/ros2_ws/src/sick_scan2'
[0.692s] INFO:colcon.colcon_core.shell:Skip shell extension 'powershell' for command environment: Not usable outside of PowerShell
[0.692s] DEBUG:colcon.colcon_core.shell:Skip shell extension 'dsv' for command environment
[0.698s] DEBUG:colcon.colcon_core.shell:Ignoring prefix path '/opt/ros/foxy'
[0.717s] DEBUG:colcon.colcon_core.event_handler.log_command:Invoking command in '/home/wasp_mini/ros2_ws/build/vectornav_msgs': CMAKE_PREFIX_PATH=${CMAKE_PREFIX_PATH}:/home/wasp_mini/ros2_ws/install/wasp_mini_controller:/home/wasp_mini/ros2_ws/install/nav2_simple_commander:/home/wasp_mini/ros2_ws/install/nav2_gazebo_spawner:/opt/ros/foxy /usr/bin/cmake --build /home/wasp_mini/ros2_ws/build/vectornav_msgs -- -j4 -l4
[0.732s] DEBUG:colcon.colcon_core.event_handler.log_command:Invoking command in '/home/wasp_mini/ros2_ws/build/main_waspmini': CMAKE_PREFIX_PATH=${CMAKE_PREFIX_PATH}:/home/wasp_mini/ros2_ws/install/wasp_mini_controller:/home/wasp_mini/ros2_ws/install/nav2_simple_commander:/home/wasp_mini/ros2_ws/install/nav2_gazebo_spawner:/opt/ros/foxy /usr/bin/cmake --build /home/wasp_mini/ros2_ws/build/main_waspmini -- -j4 -l4
[0.742s] DEBUG:colcon.colcon_core.event_handler.log_command:Invoking command in '/home/wasp_mini/ros2_ws/build/robot_localization': CMAKE_PREFIX_PATH=${CMAKE_PREFIX_PATH}:/home/wasp_mini/ros2_ws/install/wasp_mini_controller:/home/wasp_mini/ros2_ws/install/nav2_simple_commander:/home/wasp_mini/ros2_ws/install/nav2_gazebo_spawner:/opt/ros/foxy /usr/bin/cmake --build /home/wasp_mini/ros2_ws/build/robot_localization -- -j4 -l4
[0.797s] DEBUG:colcon.colcon_core.event_handler.log_command:Invoking command in '/home/wasp_mini/ros2_ws/build/sick_scan2': CMAKE_PREFIX_PATH=${CMAKE_PREFIX_PATH}:/home/wasp_mini/ros2_ws/install/wasp_mini_controller:/home/wasp_mini/ros2_ws/install/nav2_simple_commander:/home/wasp_mini/ros2_ws/install/nav2_gazebo_spawner:/opt/ros/foxy /usr/bin/cmake --build /home/wasp_mini/ros2_ws/build/sick_scan2 -- -j4 -l4
[1.002s] DEBUG:colcon.colcon_core.event_handler.log_command:Invoked command in '/home/wasp_mini/ros2_ws/build/main_waspmini' returned '0': CMAKE_PREFIX_PATH=${CMAKE_PREFIX_PATH}:/home/wasp_mini/ros2_ws/install/wasp_mini_controller:/home/wasp_mini/ros2_ws/install/nav2_simple_commander:/home/wasp_mini/ros2_ws/install/nav2_gazebo_spawner:/opt/ros/foxy /usr/bin/cmake --build /home/wasp_mini/ros2_ws/build/main_waspmini -- -j4 -l4
[1.347s] DEBUG:colcon.colcon_core.event_handler.log_command:Invoking command in '/home/wasp_mini/ros2_ws/build/main_waspmini': CMAKE_PREFIX_PATH=${CMAKE_PREFIX_PATH}:/home/wasp_mini/ros2_ws/install/wasp_mini_controller:/home/wasp_mini/ros2_ws/install/nav2_simple_commander:/home/wasp_mini/ros2_ws/install/nav2_gazebo_spawner:/opt/ros/foxy /usr/bin/cmake --install /home/wasp_mini/ros2_ws/build/main_waspmini
[1.463s] DEBUG:colcon.colcon_core.event_handler.log_command:Invoked command in '/home/wasp_mini/ros2_ws/build/sick_scan2' returned '0': CMAKE_PREFIX_PATH=${CMAKE_PREFIX_PATH}:/home/wasp_mini/ros2_ws/install/wasp_mini_controller:/home/wasp_mini/ros2_ws/install/nav2_simple_commander:/home/wasp_mini/ros2_ws/install/nav2_gazebo_spawner:/opt/ros/foxy /usr/bin/cmake --build /home/wasp_mini/ros2_ws/build/sick_scan2 -- -j4 -l4
[1.507s] Level 1:colcon.colcon_core.environment:create_environment_scripts_only(main_waspmini)
[1.513s] DEBUG:colcon.colcon_core.event_handler.log_command:Invoked command in '/home/wasp_mini/ros2_ws/build/main_waspmini' returned '0': CMAKE_PREFIX_PATH=${CMAKE_PREFIX_PATH}:/home/wasp_mini/ros2_ws/install/wasp_mini_controller:/home/wasp_mini/ros2_ws/install/nav2_simple_commander:/home/wasp_mini/ros2_ws/install/nav2_gazebo_spawner:/opt/ros/foxy /usr/bin/cmake --install /home/wasp_mini/ros2_ws/build/main_waspmini
[1.519s] Level 1:colcon.colcon_core.environment:checking '/home/wasp_mini/ros2_ws/install/main_waspmini' for CMake module files
[1.520s] Level 1:colcon.colcon_core.environment:checking '/home/wasp_mini/ros2_ws/install/main_waspmini' for CMake config files
[1.521s] Level 1:colcon.colcon_core.shell:create_environment_hook('main_waspmini', 'cmake_prefix_path')
[1.522s] INFO:colcon.colcon_core.shell:Creating environment hook '/home/wasp_mini/ros2_ws/install/main_waspmini/share/main_waspmini/hook/cmake_prefix_path.ps1'
[1.524s] INFO:colcon.colcon_core.shell:Creating environment descriptor '/home/wasp_mini/ros2_ws/install/main_waspmini/share/main_waspmini/hook/cmake_prefix_path.dsv'
[1.527s] INFO:colcon.colcon_core.shell:Creating environment hook '/home/wasp_mini/ros2_ws/install/main_waspmini/share/main_waspmini/hook/cmake_prefix_path.sh'
[1.531s] Level 1:colcon.colcon_core.environment:checking '/home/wasp_mini/ros2_ws/install/main_waspmini/lib'
[1.532s] Level 1:colcon.colcon_core.environment:checking '/home/wasp_mini/ros2_ws/install/main_waspmini/bin'
[1.532s] Level 1:colcon.colcon_core.environment:checking '/home/wasp_mini/ros2_ws/install/main_waspmini/lib/pkgconfig/main_waspmini.pc'
[1.532s] Level 1:colcon.colcon_core.environment:checking '/home/wasp_mini/ros2_ws/install/main_waspmini/lib/python3.8/site-packages'
[1.532s] Level 1:colcon.colcon_core.shell:create_environment_hook('main_waspmini', 'pythonpath')
[1.534s] INFO:colcon.colcon_core.shell:Creating environment hook '/home/wasp_mini/ros2_ws/install/main_waspmini/share/main_waspmini/hook/pythonpath.ps1'
[1.535s] INFO:colcon.colcon_core.shell:Creating environment descriptor '/home/wasp_mini/ros2_ws/install/main_waspmini/share/main_waspmini/hook/pythonpath.dsv'
[1.536s] INFO:colcon.colcon_core.shell:Creating environment hook '/home/wasp_mini/ros2_ws/install/main_waspmini/share/main_waspmini/hook/pythonpath.sh'
[1.538s] INFO:colcon.colcon_core.shell:Creating package script '/home/wasp_mini/ros2_ws/install/main_waspmini/share/main_waspmini/package.ps1'
[1.543s] INFO:colcon.colcon_core.shell:Creating package descriptor '/home/wasp_mini/ros2_ws/install/main_waspmini/share/main_waspmini/package.dsv'
[1.544s] INFO:colcon.colcon_core.shell:Creating package script '/home/wasp_mini/ros2_ws/install/main_waspmini/share/main_waspmini/package.sh'
[1.546s] INFO:colcon.colcon_core.shell:Creating package script '/home/wasp_mini/ros2_ws/install/main_waspmini/share/main_waspmini/package.bash'
[1.548s] INFO:colcon.colcon_core.shell:Creating package script '/home/wasp_mini/ros2_ws/install/main_waspmini/share/main_waspmini/package.zsh'
[1.549s] Level 1:colcon.colcon_core.environment:create_file_with_runtime_dependencies(/home/wasp_mini/ros2_ws/install/main_waspmini/share/colcon-core/packages/main_waspmini)
[1.730s] Level 1:colcon.colcon_core.environment:create_environment_scripts_only(main_waspmini)
[1.733s] Level 1:colcon.colcon_core.environment:checking '/home/wasp_mini/ros2_ws/install/main_waspmini' for CMake module files
[1.734s] Level 1:colcon.colcon_core.environment:checking '/home/wasp_mini/ros2_ws/install/main_waspmini' for CMake config files
[1.735s] Level 1:colcon.colcon_core.shell:create_environment_hook('main_waspmini', 'cmake_prefix_path')
[1.737s] INFO:colcon.colcon_core.shell:Creating environment hook '/home/wasp_mini/ros2_ws/install/main_waspmini/share/main_waspmini/hook/cmake_prefix_path.ps1'
[1.739s] INFO:colcon.colcon_core.shell:Creating environment descriptor '/home/wasp_mini/ros2_ws/install/main_waspmini/share/main_waspmini/hook/cmake_prefix_path.dsv'
[1.740s] INFO:colcon.colcon_core.shell:Creating environment hook '/home/wasp_mini/ros2_ws/install/main_waspmini/share/main_waspmini/hook/cmake_prefix_path.sh'
[1.741s] Level 1:colcon.colcon_core.environment:checking '/home/wasp_mini/ros2_ws/install/main_waspmini/lib'
[1.741s] Level 1:colcon.colcon_core.environment:checking '/home/wasp_mini/ros2_ws/install/main_waspmini/bin'
[1.741s] Level 1:colcon.colcon_core.environment:checking '/home/wasp_mini/ros2_ws/install/main_waspmini/lib/pkgconfig/main_waspmini.pc'
[1.741s] Level 1:colcon.colcon_core.environment:checking '/home/wasp_mini/ros2_ws/install/main_waspmini/lib/python3.8/site-packages'
[1.741s] Level 1:colcon.colcon_core.shell:create_environment_hook('main_waspmini', 'pythonpath')
[1.743s] INFO:colcon.colcon_core.shell:Creating environment hook '/home/wasp_mini/ros2_ws/install/main_waspmini/share/main_waspmini/hook/pythonpath.ps1'
[1.750s] INFO:colcon.colcon_core.shell:Creating environment descriptor '/home/wasp_mini/ros2_ws/install/main_waspmini/share/main_waspmini/hook/pythonpath.dsv'
[1.751s] INFO:colcon.colcon_core.shell:Creating environment hook '/home/wasp_mini/ros2_ws/install/main_waspmini/share/main_waspmini/hook/pythonpath.sh'
[1.758s] INFO:colcon.colcon_core.shell:Creating package script '/home/wasp_mini/ros2_ws/install/main_waspmini/share/main_waspmini/package.ps1'
[1.767s] INFO:colcon.colcon_core.shell:Creating package descriptor '/home/wasp_mini/ros2_ws/install/main_waspmini/share/main_waspmini/package.dsv'
[1.771s] INFO:colcon.colcon_core.shell:Creating package script '/home/wasp_mini/ros2_ws/install/main_waspmini/share/main_waspmini/package.sh'
[1.775s] INFO:colcon.colcon_core.shell:Creating package script '/home/wasp_mini/ros2_ws/install/main_waspmini/share/main_waspmini/package.bash'
[1.776s] INFO:colcon.colcon_core.shell:Creating package script '/home/wasp_mini/ros2_ws/install/main_waspmini/share/main_waspmini/package.zsh'
[1.777s] Level 1:colcon.colcon_core.environment:create_file_with_runtime_dependencies(/home/wasp_mini/ros2_ws/install/main_waspmini/share/colcon-core/packages/main_waspmini)
[1.780s] INFO:colcon.colcon_ros.task.ament_python.build:Building ROS package in '/home/wasp_mini/ros2_ws/src/wasp_mini_controller' with build type 'ament_python'
[1.781s] Level 1:colcon.colcon_core.shell:create_environment_hook('wasp_mini_controller', 'ament_prefix_path')
[1.783s] INFO:colcon.colcon_core.shell:Creating environment hook '/home/wasp_mini/ros2_ws/install/wasp_mini_controller/share/wasp_mini_controller/hook/ament_prefix_path.ps1'
[1.784s] INFO:colcon.colcon_core.shell:Creating environment descriptor '/home/wasp_mini/ros2_ws/install/wasp_mini_controller/share/wasp_mini_controller/hook/ament_prefix_path.dsv'
[1.785s] INFO:colcon.colcon_core.shell:Creating environment hook '/home/wasp_mini/ros2_ws/install/wasp_mini_controller/share/wasp_mini_controller/hook/ament_prefix_path.sh'
[1.787s] INFO:colcon.colcon_core.shell:Skip shell extension 'powershell' for command environment: Not usable outside of PowerShell
[1.788s] DEBUG:colcon.colcon_core.shell:Skip shell extension 'dsv' for command environment
[1.799s] DEBUG:colcon.colcon_core.shell:Ignoring prefix path '/opt/ros/foxy'
[2.688s] INFO:colcon.colcon_core.task.python.build:Building Python package in '/home/wasp_mini/ros2_ws/src/wasp_mini_controller'
[2.689s] INFO:colcon.colcon_core.shell:Skip shell extension 'powershell' for command environment: Not usable outside of PowerShell
[2.689s] DEBUG:colcon.colcon_core.shell:Skip shell extension 'dsv' for command environment
[2.693s] DEBUG:colcon.colcon_core.shell:Ignoring prefix path '/opt/ros/foxy'
[2.701s] DEBUG:colcon.colcon_core.event_handler.log_command:Invoked command in '/home/wasp_mini/ros2_ws/build/vectornav_msgs' returned '0': CMAKE_PREFIX_PATH=${CMAKE_PREFIX_PATH}:/home/wasp_mini/ros2_ws/install/wasp_mini_controller:/home/wasp_mini/ros2_ws/install/nav2_simple_commander:/home/wasp_mini/ros2_ws/install/nav2_gazebo_spawner:/opt/ros/foxy /usr/bin/cmake --build /home/wasp_mini/ros2_ws/build/vectornav_msgs -- -j4 -l4
[2.707s] DEBUG:colcon.colcon_core.event_handler.log_command:Invoked command in '/home/wasp_mini/ros2_ws/build/robot_localization' returned '0': CMAKE_PREFIX_PATH=${CMAKE_PREFIX_PATH}:/home/wasp_mini/ros2_ws/install/wasp_mini_controller:/home/wasp_mini/ros2_ws/install/nav2_simple_commander:/home/wasp_mini/ros2_ws/install/nav2_gazebo_spawner:/opt/ros/foxy /usr/bin/cmake --build /home/wasp_mini/ros2_ws/build/robot_localization -- -j4 -l4
[2.718s] DEBUG:colcon.colcon_core.event_handler.log_command:Invoking command in '/home/wasp_mini/ros2_ws/build/sick_scan2': CMAKE_PREFIX_PATH=${CMAKE_PREFIX_PATH}:/home/wasp_mini/ros2_ws/install/wasp_mini_controller:/home/wasp_mini/ros2_ws/install/nav2_simple_commander:/home/wasp_mini/ros2_ws/install/nav2_gazebo_spawner:/opt/ros/foxy /usr/bin/cmake --install /home/wasp_mini/ros2_ws/build/sick_scan2
[2.733s] DEBUG:colcon.colcon_core.event_handler.log_command:Invoking command in '/home/wasp_mini/ros2_ws/src/wasp_mini_controller': PYTHONPATH=/home/wasp_mini/ros2_ws/install/wasp_mini_controller/lib/python3.8/site-packages:${PYTHONPATH} /usr/bin/python3 setup.py egg_info --egg-base ../../build/wasp_mini_controller build --build-base /home/wasp_mini/ros2_ws/build/wasp_mini_controller/build install --prefix /home/wasp_mini/ros2_ws/install/wasp_mini_controller --record /home/wasp_mini/ros2_ws/build/wasp_mini_controller/install.log --single-version-externally-managed
[2.782s] Level 1:colcon.colcon_core.environment:create_environment_scripts_only(sick_scan2)
[2.785s] Level 1:colcon.colcon_core.environment:checking '/home/wasp_mini/ros2_ws/install/sick_scan2' for CMake module files
[2.787s] DEBUG:colcon.colcon_core.event_handler.log_command:Invoked command in '/home/wasp_mini/ros2_ws/build/sick_scan2' returned '0': CMAKE_PREFIX_PATH=${CMAKE_PREFIX_PATH}:/home/wasp_mini/ros2_ws/install/wasp_mini_controller:/home/wasp_mini/ros2_ws/install/nav2_simple_commander:/home/wasp_mini/ros2_ws/install/nav2_gazebo_spawner:/opt/ros/foxy /usr/bin/cmake --install /home/wasp_mini/ros2_ws/build/sick_scan2
[2.788s] Level 1:colcon.colcon_core.environment:checking '/home/wasp_mini/ros2_ws/install/sick_scan2' for CMake config files
[2.788s] Level 1:colcon.colcon_core.shell:create_environment_hook('sick_scan2', 'cmake_prefix_path')
[2.790s] INFO:colcon.colcon_core.shell:Creating environment hook '/home/wasp_mini/ros2_ws/install/sick_scan2/share/sick_scan2/hook/cmake_prefix_path.ps1'
[2.791s] INFO:colcon.colcon_core.shell:Creating environment descriptor '/home/wasp_mini/ros2_ws/install/sick_scan2/share/sick_scan2/hook/cmake_prefix_path.dsv'
[2.792s] INFO:colcon.colcon_core.shell:Creating environment hook '/home/wasp_mini/ros2_ws/install/sick_scan2/share/sick_scan2/hook/cmake_prefix_path.sh'
[2.793s] Level 1:colcon.colcon_core.environment:checking '/home/wasp_mini/ros2_ws/install/sick_scan2/lib'
[2.793s] Level 1:colcon.colcon_core.environment:checking '/home/wasp_mini/ros2_ws/install/sick_scan2/bin'
[2.794s] Level 1:colcon.colcon_core.environment:checking '/home/wasp_mini/ros2_ws/install/sick_scan2/lib/pkgconfig/sick_scan2.pc'
[2.794s] Level 1:colcon.colcon_core.environment:checking '/home/wasp_mini/ros2_ws/install/sick_scan2/lib/python3.8/site-packages'
[2.796s] INFO:colcon.colcon_core.shell:Creating package script '/home/wasp_mini/ros2_ws/install/sick_scan2/share/sick_scan2/package.ps1'
[2.797s] INFO:colcon.colcon_core.shell:Creating package descriptor '/home/wasp_mini/ros2_ws/install/sick_scan2/share/sick_scan2/package.dsv'
[2.797s] INFO:colcon.colcon_core.shell:Creating package script '/home/wasp_mini/ros2_ws/install/sick_scan2/share/sick_scan2/package.sh'
[2.798s] INFO:colcon.colcon_core.shell:Creating package script '/home/wasp_mini/ros2_ws/install/sick_scan2/share/sick_scan2/package.bash'
[2.799s] INFO:colcon.colcon_core.shell:Creating package script '/home/wasp_mini/ros2_ws/install/sick_scan2/share/sick_scan2/package.zsh'
[2.800s] Level 1:colcon.colcon_core.environment:create_file_with_runtime_dependencies(/home/wasp_mini/ros2_ws/install/sick_scan2/share/colcon-core/packages/sick_scan2)
[2.995s] Level 1:colcon.colcon_core.environment:create_environment_scripts_only(sick_scan2)
[2.998s] Level 1:colcon.colcon_core.environment:checking '/home/wasp_mini/ros2_ws/install/sick_scan2' for CMake module files
[2.999s] Level 1:colcon.colcon_core.environment:checking '/home/wasp_mini/ros2_ws/install/sick_scan2' for CMake config files
[3.000s] Level 1:colcon.colcon_core.shell:create_environment_hook('sick_scan2', 'cmake_prefix_path')
[3.001s] INFO:colcon.colcon_core.shell:Creating environment hook '/home/wasp_mini/ros2_ws/install/sick_scan2/share/sick_scan2/hook/cmake_prefix_path.ps1'
[3.003s] INFO:colcon.colcon_core.shell:Creating environment descriptor '/home/wasp_mini/ros2_ws/install/sick_scan2/share/sick_scan2/hook/cmake_prefix_path.dsv'
[3.003s] INFO:colcon.colcon_core.shell:Creating environment hook '/home/wasp_mini/ros2_ws/install/sick_scan2/share/sick_scan2/hook/cmake_prefix_path.sh'
[3.004s] Level 1:colcon.colcon_core.environment:checking '/home/wasp_mini/ros2_ws/install/sick_scan2/lib'
[3.005s] Level 1:colcon.colcon_core.environment:checking '/home/wasp_mini/ros2_ws/install/sick_scan2/bin'
[3.005s] Level 1:colcon.colcon_core.environment:checking '/home/wasp_mini/ros2_ws/install/sick_scan2/lib/pkgconfig/sick_scan2.pc'
[3.005s] Level 1:colcon.colcon_core.environment:checking '/home/wasp_mini/ros2_ws/install/sick_scan2/lib/python3.8/site-packages'
[3.006s] INFO:colcon.colcon_core.shell:Creating package script '/home/wasp_mini/ros2_ws/install/sick_scan2/share/sick_scan2/package.ps1'
[3.008s] INFO:colcon.colcon_core.shell:Creating package descriptor '/home/wasp_mini/ros2_ws/install/sick_scan2/share/sick_scan2/package.dsv'
[3.008s] INFO:colcon.colcon_core.shell:Creating package script '/home/wasp_mini/ros2_ws/install/sick_scan2/share/sick_scan2/package.sh'
[3.009s] INFO:colcon.colcon_core.shell:Creating package script '/home/wasp_mini/ros2_ws/install/sick_scan2/share/sick_scan2/package.bash'
[3.010s] INFO:colcon.colcon_core.shell:Creating package script '/home/wasp_mini/ros2_ws/install/sick_scan2/share/sick_scan2/package.zsh'
[3.011s] Level 1:colcon.colcon_core.environment:create_file_with_runtime_dependencies(/home/wasp_mini/ros2_ws/install/sick_scan2/share/colcon-core/packages/sick_scan2)
[3.016s] INFO:colcon.colcon_ros.task.ament_cmake.build:Building ROS package in '/home/wasp_mini/ros2_ws/src/wasp_mini_joy' with build type 'ament_cmake'
[3.017s] INFO:colcon.colcon_cmake.task.cmake.build:Building CMake package in '/home/wasp_mini/ros2_ws/src/wasp_mini_joy'
[3.018s] INFO:colcon.colcon_core.shell:Skip shell extension 'powershell' for command environment: Not usable outside of PowerShell
[3.018s] DEBUG:colcon.colcon_core.shell:Skip shell extension 'dsv' for command environment
[3.024s] DEBUG:colcon.colcon_core.shell:Ignoring prefix path '/opt/ros/foxy'
[3.053s] DEBUG:colcon.colcon_core.event_handler.log_command:Invoking command in '/home/wasp_mini/ros2_ws/build/wasp_mini_joy': CMAKE_PREFIX_PATH=${CMAKE_PREFIX_PATH}:/home/wasp_mini/ros2_ws/install/wasp_mini_controller:/home/wasp_mini/ros2_ws/install/nav2_simple_commander:/home/wasp_mini/ros2_ws/install/nav2_gazebo_spawner:/opt/ros/foxy /usr/bin/cmake --build /home/wasp_mini/ros2_ws/build/wasp_mini_joy -- -j4 -l4
[3.278s] DEBUG:colcon.colcon_core.event_handler.log_command:Invoked command in '/home/wasp_mini/ros2_ws/build/wasp_mini_joy' returned '0': CMAKE_PREFIX_PATH=${CMAKE_PREFIX_PATH}:/home/wasp_mini/ros2_ws/install/wasp_mini_controller:/home/wasp_mini/ros2_ws/install/nav2_simple_commander:/home/wasp_mini/ros2_ws/install/nav2_gazebo_spawner:/opt/ros/foxy /usr/bin/cmake --build /home/wasp_mini/ros2_ws/build/wasp_mini_joy -- -j4 -l4
[3.407s] DEBUG:colcon.colcon_core.event_handler.log_command:Invoking command in '/home/wasp_mini/ros2_ws/build/wasp_mini_joy': CMAKE_PREFIX_PATH=${CMAKE_PREFIX_PATH}:/home/wasp_mini/ros2_ws/install/wasp_mini_controller:/home/wasp_mini/ros2_ws/install/nav2_simple_commander:/home/wasp_mini/ros2_ws/install/nav2_gazebo_spawner:/opt/ros/foxy /usr/bin/cmake --install /home/wasp_mini/ros2_ws/build/wasp_mini_joy
[3.456s] Level 1:colcon.colcon_core.environment:create_environment_scripts_only(wasp_mini_joy)
[3.459s] Level 1:colcon.colcon_core.environment:checking '/home/wasp_mini/ros2_ws/install/wasp_mini_joy' for CMake module files
[3.460s] DEBUG:colcon.colcon_core.event_handler.log_command:Invoked command in '/home/wasp_mini/ros2_ws/build/wasp_mini_joy' returned '0': CMAKE_PREFIX_PATH=${CMAKE_PREFIX_PATH}:/home/wasp_mini/ros2_ws/install/wasp_mini_controller:/home/wasp_mini/ros2_ws/install/nav2_simple_commander:/home/wasp_mini/ros2_ws/install/nav2_gazebo_spawner:/opt/ros/foxy /usr/bin/cmake --install /home/wasp_mini/ros2_ws/build/wasp_mini_joy
[3.461s] Level 1:colcon.colcon_core.environment:checking '/home/wasp_mini/ros2_ws/install/wasp_mini_joy' for CMake config files
[3.462s] Level 1:colcon.colcon_core.shell:create_environment_hook('wasp_mini_joy', 'cmake_prefix_path')
[3.464s] INFO:colcon.colcon_core.shell:Creating environment hook '/home/wasp_mini/ros2_ws/install/wasp_mini_joy/share/wasp_mini_joy/hook/cmake_prefix_path.ps1'
[3.465s] INFO:colcon.colcon_core.shell:Creating environment descriptor '/home/wasp_mini/ros2_ws/install/wasp_mini_joy/share/wasp_mini_joy/hook/cmake_prefix_path.dsv'
[3.467s] INFO:colcon.colcon_core.shell:Creating environment hook '/home/wasp_mini/ros2_ws/install/wasp_mini_joy/share/wasp_mini_joy/hook/cmake_prefix_path.sh'
[3.469s] Level 1:colcon.colcon_core.environment:checking '/home/wasp_mini/ros2_ws/install/wasp_mini_joy/lib'
[3.469s] Level 1:colcon.colcon_core.environment:checking '/home/wasp_mini/ros2_ws/install/wasp_mini_joy/bin'
[3.469s] Level 1:colcon.colcon_core.environment:checking '/home/wasp_mini/ros2_ws/install/wasp_mini_joy/lib/pkgconfig/wasp_mini_joy.pc'
[3.470s] Level 1:colcon.colcon_core.environment:checking '/home/wasp_mini/ros2_ws/install/wasp_mini_joy/lib/python3.8/site-packages'
[3.471s] INFO:colcon.colcon_core.shell:Creating package script '/home/wasp_mini/ros2_ws/install/wasp_mini_joy/share/wasp_mini_joy/package.ps1'
[3.473s] INFO:colcon.colcon_core.shell:Creating package descriptor '/home/wasp_mini/ros2_ws/install/wasp_mini_joy/share/wasp_mini_joy/package.dsv'
[3.473s] INFO:colcon.colcon_core.shell:Creating package script '/home/wasp_mini/ros2_ws/install/wasp_mini_joy/share/wasp_mini_joy/package.sh'
[3.476s] INFO:colcon.colcon_core.shell:Creating package script '/home/wasp_mini/ros2_ws/install/wasp_mini_joy/share/wasp_mini_joy/package.bash'
[3.477s] INFO:colcon.colcon_core.shell:Creating package script '/home/wasp_mini/ros2_ws/install/wasp_mini_joy/share/wasp_mini_joy/package.zsh'
[3.479s] Level 1:colcon.colcon_core.environment:create_file_with_runtime_dependencies(/home/wasp_mini/ros2_ws/install/wasp_mini_joy/share/colcon-core/packages/wasp_mini_joy)
[3.518s] DEBUG:colcon.colcon_core.event_handler.log_command:Invoking command in '/home/wasp_mini/ros2_ws/build/robot_localization': CMAKE_PREFIX_PATH=${CMAKE_PREFIX_PATH}:/home/wasp_mini/ros2_ws/install/wasp_mini_controller:/home/wasp_mini/ros2_ws/install/nav2_simple_commander:/home/wasp_mini/ros2_ws/install/nav2_gazebo_spawner:/opt/ros/foxy /usr/bin/cmake --install /home/wasp_mini/ros2_ws/build/robot_localization
[3.601s] Level 1:colcon.colcon_core.environment:checking '/home/wasp_mini/ros2_ws/install/wasp_mini_controller' for CMake module files
[3.602s] Level 1:colcon.colcon_core.environment:checking '/home/wasp_mini/ros2_ws/install/wasp_mini_controller' for CMake config files
[3.603s] Level 1:colcon.colcon_core.environment:checking '/home/wasp_mini/ros2_ws/install/wasp_mini_controller/lib'
[3.603s] Level 1:colcon.colcon_core.environment:checking '/home/wasp_mini/ros2_ws/install/wasp_mini_controller/bin'
[3.603s] Level 1:colcon.colcon_core.environment:checking '/home/wasp_mini/ros2_ws/install/wasp_mini_controller/lib/pkgconfig/wasp_mini_controller.pc'
[3.604s] Level 1:colcon.colcon_core.environment:checking '/home/wasp_mini/ros2_ws/install/wasp_mini_controller/lib/python3.8/site-packages'
[3.604s] Level 1:colcon.colcon_core.shell:create_environment_hook('wasp_mini_controller', 'pythonpath')
[3.605s] INFO:colcon.colcon_core.shell:Creating environment hook '/home/wasp_mini/ros2_ws/install/wasp_mini_controller/share/wasp_mini_controller/hook/pythonpath.ps1'
[3.607s] DEBUG:colcon.colcon_core.event_handler.log_command:Invoked command in '/home/wasp_mini/ros2_ws/src/wasp_mini_controller' returned '0': PYTHONPATH=/home/wasp_mini/ros2_ws/install/wasp_mini_controller/lib/python3.8/site-packages:${PYTHONPATH} /usr/bin/python3 setup.py egg_info --egg-base ../../build/wasp_mini_controller build --build-base /home/wasp_mini/ros2_ws/build/wasp_mini_controller/build install --prefix /home/wasp_mini/ros2_ws/install/wasp_mini_controller --record /home/wasp_mini/ros2_ws/build/wasp_mini_controller/install.log --single-version-externally-managed
[3.607s] INFO:colcon.colcon_core.shell:Creating environment descriptor '/home/wasp_mini/ros2_ws/install/wasp_mini_controller/share/wasp_mini_controller/hook/pythonpath.dsv'
[3.608s] INFO:colcon.colcon_core.shell:Creating environment hook '/home/wasp_mini/ros2_ws/install/wasp_mini_controller/share/wasp_mini_controller/hook/pythonpath.sh'
[3.608s] Level 1:colcon.colcon_core.environment:create_environment_scripts_only(wasp_mini_controller)
[3.610s] INFO:colcon.colcon_core.shell:Creating package script '/home/wasp_mini/ros2_ws/install/wasp_mini_controller/share/wasp_mini_controller/package.ps1'
[3.611s] INFO:colcon.colcon_core.shell:Creating package descriptor '/home/wasp_mini/ros2_ws/install/wasp_mini_controller/share/wasp_mini_controller/package.dsv'
[3.612s] INFO:colcon.colcon_core.shell:Creating package script '/home/wasp_mini/ros2_ws/install/wasp_mini_controller/share/wasp_mini_controller/package.sh'
[3.613s] INFO:colcon.colcon_core.shell:Creating package script '/home/wasp_mini/ros2_ws/install/wasp_mini_controller/share/wasp_mini_controller/package.bash'
[3.614s] INFO:colcon.colcon_core.shell:Creating package script '/home/wasp_mini/ros2_ws/install/wasp_mini_controller/share/wasp_mini_controller/package.zsh'
[3.614s] Level 1:colcon.colcon_core.environment:create_file_with_runtime_dependencies(/home/wasp_mini/ros2_ws/install/wasp_mini_controller/share/colcon-core/packages/wasp_mini_controller)
[3.618s] Level 1:colcon.colcon_core.environment:create_environment_scripts_only(wasp_mini_joy)
[3.620s] Level 1:colcon.colcon_core.environment:checking '/home/wasp_mini/ros2_ws/install/wasp_mini_joy' for CMake module files
[3.621s] Level 1:colcon.colcon_core.environment:checking '/home/wasp_mini/ros2_ws/install/wasp_mini_joy' for CMake config files
[3.622s] Level 1:colcon.colcon_core.shell:create_environment_hook('wasp_mini_joy', 'cmake_prefix_path')
[3.623s] INFO:colcon.colcon_core.shell:Creating environment hook '/home/wasp_mini/ros2_ws/install/wasp_mini_joy/share/wasp_mini_joy/hook/cmake_prefix_path.ps1'
[3.624s] INFO:colcon.colcon_core.shell:Creating environment descriptor '/home/wasp_mini/ros2_ws/install/wasp_mini_joy/share/wasp_mini_joy/hook/cmake_prefix_path.dsv'
[3.624s] INFO:colcon.colcon_core.shell:Creating environment hook '/home/wasp_mini/ros2_ws/install/wasp_mini_joy/share/wasp_mini_joy/hook/cmake_prefix_path.sh'
[3.627s] Level 1:colcon.colcon_core.environment:checking '/home/wasp_mini/ros2_ws/install/wasp_mini_joy/lib'
[3.627s] Level 1:colcon.colcon_core.environment:checking '/home/wasp_mini/ros2_ws/install/wasp_mini_joy/bin'
[3.627s] Level 1:colcon.colcon_core.environment:checking '/home/wasp_mini/ros2_ws/install/wasp_mini_joy/lib/pkgconfig/wasp_mini_joy.pc'
[3.628s] Level 1:colcon.colcon_core.environment:checking '/home/wasp_mini/ros2_ws/install/wasp_mini_joy/lib/python3.8/site-packages'
[3.629s] INFO:colcon.colcon_core.shell:Creating package script '/home/wasp_mini/ros2_ws/install/wasp_mini_joy/share/wasp_mini_joy/package.ps1'
[3.630s] INFO:colcon.colcon_core.shell:Creating package descriptor '/home/wasp_mini/ros2_ws/install/wasp_mini_joy/share/wasp_mini_joy/package.dsv'
[3.632s] INFO:colcon.colcon_core.shell:Creating package script '/home/wasp_mini/ros2_ws/install/wasp_mini_joy/share/wasp_mini_joy/package.sh'
[3.633s] INFO:colcon.colcon_core.shell:Creating package script '/home/wasp_mini/ros2_ws/install/wasp_mini_joy/share/wasp_mini_joy/package.bash'
[3.634s] INFO:colcon.colcon_core.shell:Creating package script '/home/wasp_mini/ros2_ws/install/wasp_mini_joy/share/wasp_mini_joy/package.zsh'
[3.635s] Level 1:colcon.colcon_core.environment:create_file_with_runtime_dependencies(/home/wasp_mini/ros2_ws/install/wasp_mini_joy/share/colcon-core/packages/wasp_mini_joy)
[3.641s] DEBUG:colcon.colcon_core.event_handler.log_command:Invoking command in '/home/wasp_mini/ros2_ws/build/vectornav_msgs': CMAKE_PREFIX_PATH=${CMAKE_PREFIX_PATH}:/home/wasp_mini/ros2_ws/install/wasp_mini_controller:/home/wasp_mini/ros2_ws/install/nav2_simple_commander:/home/wasp_mini/ros2_ws/install/nav2_gazebo_spawner:/opt/ros/foxy /usr/bin/cmake --install /home/wasp_mini/ros2_ws/build/vectornav_msgs
[3.712s] Level 1:colcon.colcon_core.environment:create_environment_scripts_only(robot_localization)
[3.714s] Level 1:colcon.colcon_core.environment:checking '/home/wasp_mini/ros2_ws/install/robot_localization' for CMake module files
[3.718s] Level 1:colcon.colcon_core.environment:checking '/home/wasp_mini/ros2_ws/install/robot_localization' for CMake config files
[3.730s] Level 1:colcon.colcon_core.shell:create_environment_hook('robot_localization', 'cmake_prefix_path')
[3.731s] INFO:colcon.colcon_core.shell:Creating environment hook '/home/wasp_mini/ros2_ws/install/robot_localization/share/robot_localization/hook/cmake_prefix_path.ps1'
[3.736s] INFO:colcon.colcon_core.shell:Creating environment descriptor '/home/wasp_mini/ros2_ws/install/robot_localization/share/robot_localization/hook/cmake_prefix_path.dsv'
[3.737s] INFO:colcon.colcon_core.shell:Creating environment hook '/home/wasp_mini/ros2_ws/install/robot_localization/share/robot_localization/hook/cmake_prefix_path.sh'
[3.739s] Level 1:colcon.colcon_core.environment:checking '/home/wasp_mini/ros2_ws/install/robot_localization/lib'
[3.740s] Level 1:colcon.colcon_core.shell:create_environment_hook('robot_localization', 'ld_library_path_lib')
[3.741s] INFO:colcon.colcon_core.shell:Creating environment hook '/home/wasp_mini/ros2_ws/install/robot_localization/share/robot_localization/hook/ld_library_path_lib.ps1'
[3.742s] INFO:colcon.colcon_core.shell:Creating environment descriptor '/home/wasp_mini/ros2_ws/install/robot_localization/share/robot_localization/hook/ld_library_path_lib.dsv'
[3.744s] INFO:colcon.colcon_core.shell:Creating environment hook '/home/wasp_mini/ros2_ws/install/robot_localization/share/robot_localization/hook/ld_library_path_lib.sh'
[3.745s] Level 1:colcon.colcon_core.environment:checking '/home/wasp_mini/ros2_ws/install/robot_localization/bin'
[3.745s] Level 1:colcon.colcon_core.environment:checking '/home/wasp_mini/ros2_ws/install/robot_localization/lib/pkgconfig/robot_localization.pc'
[3.746s] Level 1:colcon.colcon_core.environment:checking '/home/wasp_mini/ros2_ws/install/robot_localization/lib/python3.8/site-packages'
[3.746s] Level 1:colcon.colcon_core.shell:create_environment_hook('robot_localization', 'pythonpath')
[3.747s] INFO:colcon.colcon_core.shell:Creating environment hook '/home/wasp_mini/ros2_ws/install/robot_localization/share/robot_localization/hook/pythonpath.ps1'
[3.748s] INFO:colcon.colcon_core.shell:Creating environment descriptor '/home/wasp_mini/ros2_ws/install/robot_localization/share/robot_localization/hook/pythonpath.dsv'
[3.750s] INFO:colcon.colcon_core.shell:Creating environment hook '/home/wasp_mini/ros2_ws/install/robot_localization/share/robot_localization/hook/pythonpath.sh'
[3.753s] INFO:colcon.colcon_core.shell:Creating package script '/home/wasp_mini/ros2_ws/install/robot_localization/share/robot_localization/package.ps1'
[3.754s] INFO:colcon.colcon_core.shell:Creating package descriptor '/home/wasp_mini/ros2_ws/install/robot_localization/share/robot_localization/package.dsv'
[3.756s] INFO:colcon.colcon_core.shell:Creating package script '/home/wasp_mini/ros2_ws/install/robot_localization/share/robot_localization/package.sh'
[3.757s] INFO:colcon.colcon_core.shell:Creating package script '/home/wasp_mini/ros2_ws/install/robot_localization/share/robot_localization/package.bash'
[3.759s] INFO:colcon.colcon_core.shell:Creating package script '/home/wasp_mini/ros2_ws/install/robot_localization/share/robot_localization/package.zsh'
[3.760s] Level 1:colcon.colcon_core.environment:create_file_with_runtime_dependencies(/home/wasp_mini/ros2_ws/install/robot_localization/share/colcon-core/packages/robot_localization)
[3.775s] DEBUG:colcon.colcon_core.event_handler.log_command:Invoked command in '/home/wasp_mini/ros2_ws/build/robot_localization' returned '0': CMAKE_PREFIX_PATH=${CMAKE_PREFIX_PATH}:/home/wasp_mini/ros2_ws/install/wasp_mini_controller:/home/wasp_mini/ros2_ws/install/nav2_simple_commander:/home/wasp_mini/ros2_ws/install/nav2_gazebo_spawner:/opt/ros/foxy /usr/bin/cmake --install /home/wasp_mini/ros2_ws/build/robot_localization
[3.800s] Level 1:colcon.colcon_core.environment:create_environment_scripts_only(vectornav_msgs)
[3.803s] Level 1:colcon.colcon_core.environment:checking '/home/wasp_mini/ros2_ws/install/vectornav_msgs' for CMake module files
[3.804s] DEBUG:colcon.colcon_core.event_handler.log_command:Invoked command in '/home/wasp_mini/ros2_ws/build/vectornav_msgs' returned '0': CMAKE_PREFIX_PATH=${CMAKE_PREFIX_PATH}:/home/wasp_mini/ros2_ws/install/wasp_mini_controller:/home/wasp_mini/ros2_ws/install/nav2_simple_commander:/home/wasp_mini/ros2_ws/install/nav2_gazebo_spawner:/opt/ros/foxy /usr/bin/cmake --install /home/wasp_mini/ros2_ws/build/vectornav_msgs
[3.805s] Level 1:colcon.colcon_core.environment:checking '/home/wasp_mini/ros2_ws/install/vectornav_msgs' for CMake config files
[3.807s] Level 1:colcon.colcon_core.shell:create_environment_hook('vectornav_msgs', 'cmake_prefix_path')
[3.809s] INFO:colcon.colcon_core.shell:Creating environment hook '/home/wasp_mini/ros2_ws/install/vectornav_msgs/share/vectornav_msgs/hook/cmake_prefix_path.ps1'
[3.810s] INFO:colcon.colcon_core.shell:Creating environment descriptor '/home/wasp_mini/ros2_ws/install/vectornav_msgs/share/vectornav_msgs/hook/cmake_prefix_path.dsv'
[3.811s] INFO:colcon.colcon_core.shell:Creating environment hook '/home/wasp_mini/ros2_ws/install/vectornav_msgs/share/vectornav_msgs/hook/cmake_prefix_path.sh'
[3.812s] Level 1:colcon.colcon_core.environment:checking '/home/wasp_mini/ros2_ws/install/vectornav_msgs/lib'
[3.812s] Level 1:colcon.colcon_core.shell:create_environment_hook('vectornav_msgs', 'ld_library_path_lib')
[3.813s] INFO:colcon.colcon_core.shell:Creating environment hook '/home/wasp_mini/ros2_ws/install/vectornav_msgs/share/vectornav_msgs/hook/ld_library_path_lib.ps1'
[3.814s] INFO:colcon.colcon_core.shell:Creating environment descriptor '/home/wasp_mini/ros2_ws/install/vectornav_msgs/share/vectornav_msgs/hook/ld_library_path_lib.dsv'
[3.815s] INFO:colcon.colcon_core.shell:Creating environment hook '/home/wasp_mini/ros2_ws/install/vectornav_msgs/share/vectornav_msgs/hook/ld_library_path_lib.sh'
[3.816s] Level 1:colcon.colcon_core.environment:checking '/home/wasp_mini/ros2_ws/install/vectornav_msgs/bin'
[3.816s] Level 1:colcon.colcon_core.environment:checking '/home/wasp_mini/ros2_ws/install/vectornav_msgs/lib/pkgconfig/vectornav_msgs.pc'
[3.816s] Level 1:colcon.colcon_core.environment:checking '/home/wasp_mini/ros2_ws/install/vectornav_msgs/lib/python3.8/site-packages'
[3.816s] Level 1:colcon.colcon_core.shell:create_environment_hook('vectornav_msgs', 'pythonpath')
[3.818s] INFO:colcon.colcon_core.shell:Creating environment hook '/home/wasp_mini/ros2_ws/install/vectornav_msgs/share/vectornav_msgs/hook/pythonpath.ps1'
[3.819s] INFO:colcon.colcon_core.shell:Creating environment descriptor '/home/wasp_mini/ros2_ws/install/vectornav_msgs/share/vectornav_msgs/hook/pythonpath.dsv'
[3.819s] INFO:colcon.colcon_core.shell:Creating environment hook '/home/wasp_mini/ros2_ws/install/vectornav_msgs/share/vectornav_msgs/hook/pythonpath.sh'
[3.822s] INFO:colcon.colcon_core.shell:Creating package script '/home/wasp_mini/ros2_ws/install/vectornav_msgs/share/vectornav_msgs/package.ps1'
[3.823s] INFO:colcon.colcon_core.shell:Creating package descriptor '/home/wasp_mini/ros2_ws/install/vectornav_msgs/share/vectornav_msgs/package.dsv'
[3.824s] INFO:colcon.colcon_core.shell:Creating package script '/home/wasp_mini/ros2_ws/install/vectornav_msgs/share/vectornav_msgs/package.sh'
[3.825s] INFO:colcon.colcon_core.shell:Creating package script '/home/wasp_mini/ros2_ws/install/vectornav_msgs/share/vectornav_msgs/package.bash'
[3.826s] INFO:colcon.colcon_core.shell:Creating package script '/home/wasp_mini/ros2_ws/install/vectornav_msgs/share/vectornav_msgs/package.zsh'
[3.826s] Level 1:colcon.colcon_core.environment:create_file_with_runtime_dependencies(/home/wasp_mini/ros2_ws/install/vectornav_msgs/share/colcon-core/packages/vectornav_msgs)
[4.176s] Level 1:colcon.colcon_core.environment:create_environment_scripts_only(robot_localization)
[4.178s] Level 1:colcon.colcon_core.environment:checking '/home/wasp_mini/ros2_ws/install/robot_localization' for CMake module files
[4.179s] Level 1:colcon.colcon_core.environment:checking '/home/wasp_mini/ros2_ws/install/robot_localization' for CMake config files
[4.182s] Level 1:colcon.colcon_core.shell:create_environment_hook('robot_localization', 'cmake_prefix_path')
[4.183s] INFO:colcon.colcon_core.shell:Creating environment hook '/home/wasp_mini/ros2_ws/install/robot_localization/share/robot_localization/hook/cmake_prefix_path.ps1'
[4.185s] INFO:colcon.colcon_core.shell:Creating environment descriptor '/home/wasp_mini/ros2_ws/install/robot_localization/share/robot_localization/hook/cmake_prefix_path.dsv'
[4.186s] INFO:colcon.colcon_core.shell:Creating environment hook '/home/wasp_mini/ros2_ws/install/robot_localization/share/robot_localization/hook/cmake_prefix_path.sh'
[4.187s] Level 1:colcon.colcon_core.environment:checking '/home/wasp_mini/ros2_ws/install/robot_localization/lib'
[4.187s] Level 1:colcon.colcon_core.shell:create_environment_hook('robot_localization', 'ld_library_path_lib')
[4.188s] INFO:colcon.colcon_core.shell:Creating environment hook '/home/wasp_mini/ros2_ws/install/robot_localization/share/robot_localization/hook/ld_library_path_lib.ps1'
[4.189s] INFO:colcon.colcon_core.shell:Creating environment descriptor '/home/wasp_mini/ros2_ws/install/robot_localization/share/robot_localization/hook/ld_library_path_lib.dsv'
[4.190s] INFO:colcon.colcon_core.shell:Creating environment hook '/home/wasp_mini/ros2_ws/install/robot_localization/share/robot_localization/hook/ld_library_path_lib.sh'
[4.191s] Level 1:colcon.colcon_core.environment:checking '/home/wasp_mini/ros2_ws/install/robot_localization/bin'
[4.191s] Level 1:colcon.colcon_core.environment:checking '/home/wasp_mini/ros2_ws/install/robot_localization/lib/pkgconfig/robot_localization.pc'
[4.191s] Level 1:colcon.colcon_core.environment:checking '/home/wasp_mini/ros2_ws/install/robot_localization/lib/python3.8/site-packages'
[4.191s] Level 1:colcon.colcon_core.shell:create_environment_hook('robot_localization', 'pythonpath')
[4.193s] INFO:colcon.colcon_core.shell:Creating environment hook '/home/wasp_mini/ros2_ws/install/robot_localization/share/robot_localization/hook/pythonpath.ps1'
[4.193s] INFO:colcon.colcon_core.shell:Creating environment descriptor '/home/wasp_mini/ros2_ws/install/robot_localization/share/robot_localization/hook/pythonpath.dsv'
[4.194s] INFO:colcon.colcon_core.shell:Creating environment hook '/home/wasp_mini/ros2_ws/install/robot_localization/share/robot_localization/hook/pythonpath.sh'
[4.197s] INFO:colcon.colcon_core.shell:Creating package script '/home/wasp_mini/ros2_ws/install/robot_localization/share/robot_localization/package.ps1'
[4.200s] INFO:colcon.colcon_core.shell:Creating package descriptor '/home/wasp_mini/ros2_ws/install/robot_localization/share/robot_localization/package.dsv'
[4.201s] INFO:colcon.colcon_core.shell:Creating package script '/home/wasp_mini/ros2_ws/install/robot_localization/share/robot_localization/package.sh'
[4.202s] INFO:colcon.colcon_core.shell:Creating package script '/home/wasp_mini/ros2_ws/install/robot_localization/share/robot_localization/package.bash'
[4.203s] INFO:colcon.colcon_core.shell:Creating package script '/home/wasp_mini/ros2_ws/install/robot_localization/share/robot_localization/package.zsh'
[4.203s] Level 1:colcon.colcon_core.environment:create_file_with_runtime_dependencies(/home/wasp_mini/ros2_ws/install/robot_localization/share/colcon-core/packages/robot_localization)
[4.252s] Level 1:colcon.colcon_core.environment:create_environment_scripts_only(vectornav_msgs)
[4.253s] Level 1:colcon.colcon_core.environment:checking '/home/wasp_mini/ros2_ws/install/vectornav_msgs' for CMake module files
[4.254s] Level 1:colcon.colcon_core.environment:checking '/home/wasp_mini/ros2_ws/install/vectornav_msgs' for CMake config files
[4.255s] Level 1:colcon.colcon_core.shell:create_environment_hook('vectornav_msgs', 'cmake_prefix_path')
[4.256s] INFO:colcon.colcon_core.shell:Creating environment hook '/home/wasp_mini/ros2_ws/install/vectornav_msgs/share/vectornav_msgs/hook/cmake_prefix_path.ps1'
[4.257s] INFO:colcon.colcon_core.shell:Creating environment descriptor '/home/wasp_mini/ros2_ws/install/vectornav_msgs/share/vectornav_msgs/hook/cmake_prefix_path.dsv'
[4.258s] INFO:colcon.colcon_core.shell:Creating environment hook '/home/wasp_mini/ros2_ws/install/vectornav_msgs/share/vectornav_msgs/hook/cmake_prefix_path.sh'
[4.258s] Level 1:colcon.colcon_core.environment:checking '/home/wasp_mini/ros2_ws/install/vectornav_msgs/lib'
[4.259s] Level 1:colcon.colcon_core.shell:create_environment_hook('vectornav_msgs', 'ld_library_path_lib')
[4.260s] INFO:colcon.colcon_core.shell:Creating environment hook '/home/wasp_mini/ros2_ws/install/vectornav_msgs/share/vectornav_msgs/hook/ld_library_path_lib.ps1'
[4.260s] INFO:colcon.colcon_core.shell:Creating environment descriptor '/home/wasp_mini/ros2_ws/install/vectornav_msgs/share/vectornav_msgs/hook/ld_library_path_lib.dsv'
[4.261s] INFO:colcon.colcon_core.shell:Creating environment hook '/home/wasp_mini/ros2_ws/install/vectornav_msgs/share/vectornav_msgs/hook/ld_library_path_lib.sh'
[4.261s] Level 1:colcon.colcon_core.environment:checking '/home/wasp_mini/ros2_ws/install/vectornav_msgs/bin'
[4.261s] Level 1:colcon.colcon_core.environment:checking '/home/wasp_mini/ros2_ws/install/vectornav_msgs/lib/pkgconfig/vectornav_msgs.pc'
[4.261s] Level 1:colcon.colcon_core.environment:checking '/home/wasp_mini/ros2_ws/install/vectornav_msgs/lib/python3.8/site-packages'
[4.262s] Level 1:colcon.colcon_core.shell:create_environment_hook('vectornav_msgs', 'pythonpath')
[4.262s] INFO:colcon.colcon_core.shell:Creating environment hook '/home/wasp_mini/ros2_ws/install/vectornav_msgs/share/vectornav_msgs/hook/pythonpath.ps1'
[4.263s] INFO:colcon.colcon_core.shell:Creating environment descriptor '/home/wasp_mini/ros2_ws/install/vectornav_msgs/share/vectornav_msgs/hook/pythonpath.dsv'
[4.264s] INFO:colcon.colcon_core.shell:Creating environment hook '/home/wasp_mini/ros2_ws/install/vectornav_msgs/share/vectornav_msgs/hook/pythonpath.sh'
[4.265s] INFO:colcon.colcon_core.shell:Creating package script '/home/wasp_mini/ros2_ws/install/vectornav_msgs/share/vectornav_msgs/package.ps1'
[4.266s] INFO:colcon.colcon_core.shell:Creating package descriptor '/home/wasp_mini/ros2_ws/install/vectornav_msgs/share/vectornav_msgs/package.dsv'
[4.267s] INFO:colcon.colcon_core.shell:Creating package script '/home/wasp_mini/ros2_ws/install/vectornav_msgs/share/vectornav_msgs/package.sh'
[4.268s] INFO:colcon.colcon_core.shell:Creating package script '/home/wasp_mini/ros2_ws/install/vectornav_msgs/share/vectornav_msgs/package.bash'
[4.269s] INFO:colcon.colcon_core.shell:Creating package script '/home/wasp_mini/ros2_ws/install/vectornav_msgs/share/vectornav_msgs/package.zsh'
[4.270s] Level 1:colcon.colcon_core.environment:create_file_with_runtime_dependencies(/home/wasp_mini/ros2_ws/install/vectornav_msgs/share/colcon-core/packages/vectornav_msgs)
[4.271s] INFO:colcon.colcon_ros.task.ament_cmake.build:Building ROS package in '/home/wasp_mini/ros2_ws/src/vectornav/vectornav' with build type 'ament_cmake'
[4.271s] INFO:colcon.colcon_cmake.task.cmake.build:Building CMake package in '/home/wasp_mini/ros2_ws/src/vectornav/vectornav'
[4.272s] INFO:colcon.colcon_core.shell:Skip shell extension 'powershell' for command environment: Not usable outside of PowerShell
[4.273s] DEBUG:colcon.colcon_core.shell:Skip shell extension 'dsv' for command environment
[4.278s] DEBUG:colcon.colcon_core.shell:Ignoring prefix path '/opt/ros/foxy'
[4.297s] DEBUG:colcon.colcon_core.event_handler.log_command:Invoking command in '/home/wasp_mini/ros2_ws/build/vectornav': CMAKE_PREFIX_PATH=/home/wasp_mini/ros2_ws/install/vectornav_msgs:/home/wasp_mini/ros2_ws/install/wasp_mini_joy:/home/wasp_mini/ros2_ws/install/vectornav:/home/wasp_mini/ros2_ws/install/sick_scan2:/home/wasp_mini/ros2_ws/install/robot_localization:/home/wasp_mini/ros2_ws/install/dwb_msgs:/home/wasp_mini/ros2_ws/install/nav_2d_msgs:/home/wasp_mini/ros2_ws/install/nav2_voxel_grid:/home/wasp_mini/ros2_ws/install/nav2_msgs:/home/wasp_mini/ros2_ws/install/nav2_common:/home/wasp_mini/ros2_ws/install/main_waspmini:/home/wasp_mini/ros2_ws/install/wasp_mini_controller:/home/wasp_mini/ros2_ws/install/nav2_simple_commander:/home/wasp_mini/ros2_ws/install/nav2_gazebo_spawner:/opt/ros/foxy LD_LIBRARY_PATH=/home/wasp_mini/ros2_ws/install/vectornav_msgs/lib:/home/wasp_mini/ros2_ws/install/vectornav/lib:/home/wasp_mini/ros2_ws/install/robot_localization/lib:/home/wasp_mini/ros2_ws/install/dwb_msgs/lib:/home/wasp_mini/ros2_ws/install/nav_2d_msgs/lib:/home/wasp_mini/ros2_ws/install/nav2_voxel_grid/lib:/home/wasp_mini/ros2_ws/install/nav2_msgs/lib:/usr/lib/x86_64-linux-gnu/gazebo-11/plugins:/opt/ros/foxy/opt/yaml_cpp_vendor/lib:/opt/ros/foxy/opt/rviz_ogre_vendor/lib:/opt/ros/foxy/lib/x86_64-linux-gnu:/opt/ros/foxy/lib PYTHONPATH=/home/wasp_mini/ros2_ws/install/vectornav_msgs/lib/python3.8/site-packages:/home/wasp_mini/ros2_ws/install/wasp_mini_controller/lib/python3.8/site-packages:/home/wasp_mini/ros2_ws/install/robot_localization/lib/python3.8/site-packages:/home/wasp_mini/ros2_ws/install/dwb_msgs/lib/python3.8/site-packages:/home/wasp_mini/ros2_ws/install/nav_2d_msgs/lib/python3.8/site-packages:/home/wasp_mini/ros2_ws/install/nav2_simple_commander/lib/python3.8/site-packages:/home/wasp_mini/ros2_ws/install/nav2_msgs/lib/python3.8/site-packages:/home/wasp_mini/ros2_ws/install/nav2_gazebo_spawner/lib/python3.8/site-packages:/home/wasp_mini/ros2_ws/install/nav2_common/lib/python3.8/site-packages:/home/wasp_mini/ros2_ws/install/main_waspmini/lib/python3.8/site-packages:/opt/ros/foxy/lib/python3.8/site-packages /usr/bin/cmake --build /home/wasp_mini/ros2_ws/build/vectornav -- -j4 -l4
[4.485s] DEBUG:colcon.colcon_core.event_handler.log_command:Invoked command in '/home/wasp_mini/ros2_ws/build/vectornav' returned '0': CMAKE_PREFIX_PATH=/home/wasp_mini/ros2_ws/install/vectornav_msgs:/home/wasp_mini/ros2_ws/install/wasp_mini_joy:/home/wasp_mini/ros2_ws/install/vectornav:/home/wasp_mini/ros2_ws/install/sick_scan2:/home/wasp_mini/ros2_ws/install/robot_localization:/home/wasp_mini/ros2_ws/install/dwb_msgs:/home/wasp_mini/ros2_ws/install/nav_2d_msgs:/home/wasp_mini/ros2_ws/install/nav2_voxel_grid:/home/wasp_mini/ros2_ws/install/nav2_msgs:/home/wasp_mini/ros2_ws/install/nav2_common:/home/wasp_mini/ros2_ws/install/main_waspmini:/home/wasp_mini/ros2_ws/install/wasp_mini_controller:/home/wasp_mini/ros2_ws/install/nav2_simple_commander:/home/wasp_mini/ros2_ws/install/nav2_gazebo_spawner:/opt/ros/foxy LD_LIBRARY_PATH=/home/wasp_mini/ros2_ws/install/vectornav_msgs/lib:/home/wasp_mini/ros2_ws/install/vectornav/lib:/home/wasp_mini/ros2_ws/install/robot_localization/lib:/home/wasp_mini/ros2_ws/install/dwb_msgs/lib:/home/wasp_mini/ros2_ws/install/nav_2d_msgs/lib:/home/wasp_mini/ros2_ws/install/nav2_voxel_grid/lib:/home/wasp_mini/ros2_ws/install/nav2_msgs/lib:/usr/lib/x86_64-linux-gnu/gazebo-11/plugins:/opt/ros/foxy/opt/yaml_cpp_vendor/lib:/opt/ros/foxy/opt/rviz_ogre_vendor/lib:/opt/ros/foxy/lib/x86_64-linux-gnu:/opt/ros/foxy/lib PYTHONPATH=/home/wasp_mini/ros2_ws/install/vectornav_msgs/lib/python3.8/site-packages:/home/wasp_mini/ros2_ws/install/wasp_mini_controller/lib/python3.8/site-packages:/home/wasp_mini/ros2_ws/install/robot_localization/lib/python3.8/site-packages:/home/wasp_mini/ros2_ws/install/dwb_msgs/lib/python3.8/site-packages:/home/wasp_mini/ros2_ws/install/nav_2d_msgs/lib/python3.8/site-packages:/home/wasp_mini/ros2_ws/install/nav2_simple_commander/lib/python3.8/site-packages:/home/wasp_mini/ros2_ws/install/nav2_msgs/lib/python3.8/site-packages:/home/wasp_mini/ros2_ws/install/nav2_gazebo_spawner/lib/python3.8/site-packages:/home/wasp_mini/ros2_ws/install/nav2_common/lib/python3.8/site-packages:/home/wasp_mini/ros2_ws/install/main_waspmini/lib/python3.8/site-packages:/opt/ros/foxy/lib/python3.8/site-packages /usr/bin/cmake --build /home/wasp_mini/ros2_ws/build/vectornav -- -j4 -l4
[4.536s] DEBUG:colcon.colcon_core.event_handler.log_command:Invoking command in '/home/wasp_mini/ros2_ws/build/vectornav': CMAKE_PREFIX_PATH=/home/wasp_mini/ros2_ws/install/vectornav_msgs:/home/wasp_mini/ros2_ws/install/wasp_mini_joy:/home/wasp_mini/ros2_ws/install/vectornav:/home/wasp_mini/ros2_ws/install/sick_scan2:/home/wasp_mini/ros2_ws/install/robot_localization:/home/wasp_mini/ros2_ws/install/dwb_msgs:/home/wasp_mini/ros2_ws/install/nav_2d_msgs:/home/wasp_mini/ros2_ws/install/nav2_voxel_grid:/home/wasp_mini/ros2_ws/install/nav2_msgs:/home/wasp_mini/ros2_ws/install/nav2_common:/home/wasp_mini/ros2_ws/install/main_waspmini:/home/wasp_mini/ros2_ws/install/wasp_mini_controller:/home/wasp_mini/ros2_ws/install/nav2_simple_commander:/home/wasp_mini/ros2_ws/install/nav2_gazebo_spawner:/opt/ros/foxy LD_LIBRARY_PATH=/home/wasp_mini/ros2_ws/install/vectornav_msgs/lib:/home/wasp_mini/ros2_ws/install/vectornav/lib:/home/wasp_mini/ros2_ws/install/robot_localization/lib:/home/wasp_mini/ros2_ws/install/dwb_msgs/lib:/home/wasp_mini/ros2_ws/install/nav_2d_msgs/lib:/home/wasp_mini/ros2_ws/install/nav2_voxel_grid/lib:/home/wasp_mini/ros2_ws/install/nav2_msgs/lib:/usr/lib/x86_64-linux-gnu/gazebo-11/plugins:/opt/ros/foxy/opt/yaml_cpp_vendor/lib:/opt/ros/foxy/opt/rviz_ogre_vendor/lib:/opt/ros/foxy/lib/x86_64-linux-gnu:/opt/ros/foxy/lib PYTHONPATH=/home/wasp_mini/ros2_ws/install/vectornav_msgs/lib/python3.8/site-packages:/home/wasp_mini/ros2_ws/install/wasp_mini_controller/lib/python3.8/site-packages:/home/wasp_mini/ros2_ws/install/robot_localization/lib/python3.8/site-packages:/home/wasp_mini/ros2_ws/install/dwb_msgs/lib/python3.8/site-packages:/home/wasp_mini/ros2_ws/install/nav_2d_msgs/lib/python3.8/site-packages:/home/wasp_mini/ros2_ws/install/nav2_simple_commander/lib/python3.8/site-packages:/home/wasp_mini/ros2_ws/install/nav2_msgs/lib/python3.8/site-packages:/home/wasp_mini/ros2_ws/install/nav2_gazebo_spawner/lib/python3.8/site-packages:/home/wasp_mini/ros2_ws/install/nav2_common/lib/python3.8/site-packages:/home/wasp_mini/ros2_ws/install/main_waspmini/lib/python3.8/site-packages:/opt/ros/foxy/lib/python3.8/site-packages /usr/bin/cmake --install /home/wasp_mini/ros2_ws/build/vectornav
[4.560s] Level 1:colcon.colcon_core.environment:create_environment_scripts_only(vectornav)
[4.562s] Level 1:colcon.colcon_core.environment:checking '/home/wasp_mini/ros2_ws/install/vectornav' for CMake module files
[4.564s] Level 1:colcon.colcon_core.environment:checking '/home/wasp_mini/ros2_ws/install/vectornav' for CMake config files
[4.564s] Level 1:colcon.colcon_core.shell:create_environment_hook('vectornav', 'cmake_prefix_path')
[4.565s] INFO:colcon.colcon_core.shell:Creating environment hook '/home/wasp_mini/ros2_ws/install/vectornav/share/vectornav/hook/cmake_prefix_path.ps1'
[4.567s] INFO:colcon.colcon_core.shell:Creating environment descriptor '/home/wasp_mini/ros2_ws/install/vectornav/share/vectornav/hook/cmake_prefix_path.dsv'
[4.568s] INFO:colcon.colcon_core.shell:Creating environment hook '/home/wasp_mini/ros2_ws/install/vectornav/share/vectornav/hook/cmake_prefix_path.sh'
[4.570s] Level 1:colcon.colcon_core.environment:checking '/home/wasp_mini/ros2_ws/install/vectornav/lib'
[4.570s] Level 1:colcon.colcon_core.shell:create_environment_hook('vectornav', 'ld_library_path_lib')
[4.571s] INFO:colcon.colcon_core.shell:Creating environment hook '/home/wasp_mini/ros2_ws/install/vectornav/share/vectornav/hook/ld_library_path_lib.ps1'
[4.572s] INFO:colcon.colcon_core.shell:Creating environment descriptor '/home/wasp_mini/ros2_ws/install/vectornav/share/vectornav/hook/ld_library_path_lib.dsv'
[4.573s] INFO:colcon.colcon_core.shell:Creating environment hook '/home/wasp_mini/ros2_ws/install/vectornav/share/vectornav/hook/ld_library_path_lib.sh'
[4.573s] Level 1:colcon.colcon_core.environment:checking '/home/wasp_mini/ros2_ws/install/vectornav/bin'
[4.573s] Level 1:colcon.colcon_core.environment:checking '/home/wasp_mini/ros2_ws/install/vectornav/lib/pkgconfig/vectornav.pc'
[4.574s] Level 1:colcon.colcon_core.environment:checking '/home/wasp_mini/ros2_ws/install/vectornav/lib/python3.8/site-packages'
[4.575s] INFO:colcon.colcon_core.shell:Creating package script '/home/wasp_mini/ros2_ws/install/vectornav/share/vectornav/package.ps1'
[4.576s] INFO:colcon.colcon_core.shell:Creating package descriptor '/home/wasp_mini/ros2_ws/install/vectornav/share/vectornav/package.dsv'
[4.577s] INFO:colcon.colcon_core.shell:Creating package script '/home/wasp_mini/ros2_ws/install/vectornav/share/vectornav/package.sh'
[4.579s] DEBUG:colcon.colcon_core.event_handler.log_command:Invoked command in '/home/wasp_mini/ros2_ws/build/vectornav' returned '0': CMAKE_PREFIX_PATH=/home/wasp_mini/ros2_ws/install/vectornav_msgs:/home/wasp_mini/ros2_ws/install/wasp_mini_joy:/home/wasp_mini/ros2_ws/install/vectornav:/home/wasp_mini/ros2_ws/install/sick_scan2:/home/wasp_mini/ros2_ws/install/robot_localization:/home/wasp_mini/ros2_ws/install/dwb_msgs:/home/wasp_mini/ros2_ws/install/nav_2d_msgs:/home/wasp_mini/ros2_ws/install/nav2_voxel_grid:/home/wasp_mini/ros2_ws/install/nav2_msgs:/home/wasp_mini/ros2_ws/install/nav2_common:/home/wasp_mini/ros2_ws/install/main_waspmini:/home/wasp_mini/ros2_ws/install/wasp_mini_controller:/home/wasp_mini/ros2_ws/install/nav2_simple_commander:/home/wasp_mini/ros2_ws/install/nav2_gazebo_spawner:/opt/ros/foxy LD_LIBRARY_PATH=/home/wasp_mini/ros2_ws/install/vectornav_msgs/lib:/home/wasp_mini/ros2_ws/install/vectornav/lib:/home/wasp_mini/ros2_ws/install/robot_localization/lib:/home/wasp_mini/ros2_ws/install/dwb_msgs/lib:/home/wasp_mini/ros2_ws/install/nav_2d_msgs/lib:/home/wasp_mini/ros2_ws/install/nav2_voxel_grid/lib:/home/wasp_mini/ros2_ws/install/nav2_msgs/lib:/usr/lib/x86_64-linux-gnu/gazebo-11/plugins:/opt/ros/foxy/opt/yaml_cpp_vendor/lib:/opt/ros/foxy/opt/rviz_ogre_vendor/lib:/opt/ros/foxy/lib/x86_64-linux-gnu:/opt/ros/foxy/lib PYTHONPATH=/home/wasp_mini/ros2_ws/install/vectornav_msgs/lib/python3.8/site-packages:/home/wasp_mini/ros2_ws/install/wasp_mini_controller/lib/python3.8/site-packages:/home/wasp_mini/ros2_ws/install/robot_localization/lib/python3.8/site-packages:/home/wasp_mini/ros2_ws/install/dwb_msgs/lib/python3.8/site-packages:/home/wasp_mini/ros2_ws/install/nav_2d_msgs/lib/python3.8/site-packages:/home/wasp_mini/ros2_ws/install/nav2_simple_commander/lib/python3.8/site-packages:/home/wasp_mini/ros2_ws/install/nav2_msgs/lib/python3.8/site-packages:/home/wasp_mini/ros2_ws/install/nav2_gazebo_spawner/lib/python3.8/site-packages:/home/wasp_mini/ros2_ws/install/nav2_common/lib/python3.8/site-packages:/home/wasp_mini/ros2_ws/install/main_waspmini/lib/python3.8/site-packages:/opt/ros/foxy/lib/python3.8/site-packages /usr/bin/cmake --install /home/wasp_mini/ros2_ws/build/vectornav
[4.579s] INFO:colcon.colcon_core.shell:Creating package script '/home/wasp_mini/ros2_ws/install/vectornav/share/vectornav/package.bash'
[4.579s] INFO:colcon.colcon_core.shell:Creating package script '/home/wasp_mini/ros2_ws/install/vectornav/share/vectornav/package.zsh'
[4.580s] Level 1:colcon.colcon_core.environment:create_file_with_runtime_dependencies(/home/wasp_mini/ros2_ws/install/vectornav/share/colcon-core/packages/vectornav)
[4.628s] Level 1:colcon.colcon_core.environment:create_environment_scripts_only(vectornav)
[4.630s] Level 1:colcon.colcon_core.environment:checking '/home/wasp_mini/ros2_ws/install/vectornav' for CMake module files
[4.631s] Level 1:colcon.colcon_core.environment:checking '/home/wasp_mini/ros2_ws/install/vectornav' for CMake config files
[4.631s] Level 1:colcon.colcon_core.shell:create_environment_hook('vectornav', 'cmake_prefix_path')
[4.632s] INFO:colcon.colcon_core.shell:Creating environment hook '/home/wasp_mini/ros2_ws/install/vectornav/share/vectornav/hook/cmake_prefix_path.ps1'
[4.633s] INFO:colcon.colcon_core.shell:Creating environment descriptor '/home/wasp_mini/ros2_ws/install/vectornav/share/vectornav/hook/cmake_prefix_path.dsv'
[4.634s] INFO:colcon.colcon_core.shell:Creating environment hook '/home/wasp_mini/ros2_ws/install/vectornav/share/vectornav/hook/cmake_prefix_path.sh'
[4.635s] Level 1:colcon.colcon_core.environment:checking '/home/wasp_mini/ros2_ws/install/vectornav/lib'
[4.635s] Level 1:colcon.colcon_core.shell:create_environment_hook('vectornav', 'ld_library_path_lib')
[4.636s] INFO:colcon.colcon_core.shell:Creating environment hook '/home/wasp_mini/ros2_ws/install/vectornav/share/vectornav/hook/ld_library_path_lib.ps1'
[4.636s] INFO:colcon.colcon_core.shell:Creating environment descriptor '/home/wasp_mini/ros2_ws/install/vectornav/share/vectornav/hook/ld_library_path_lib.dsv'
[4.637s] INFO:colcon.colcon_core.shell:Creating environment hook '/home/wasp_mini/ros2_ws/install/vectornav/share/vectornav/hook/ld_library_path_lib.sh'
[4.637s] Level 1:colcon.colcon_core.environment:checking '/home/wasp_mini/ros2_ws/install/vectornav/bin'
[4.638s] Level 1:colcon.colcon_core.environment:checking '/home/wasp_mini/ros2_ws/install/vectornav/lib/pkgconfig/vectornav.pc'
[4.638s] Level 1:colcon.colcon_core.environment:checking '/home/wasp_mini/ros2_ws/install/vectornav/lib/python3.8/site-packages'
[4.639s] INFO:colcon.colcon_core.shell:Creating package script '/home/wasp_mini/ros2_ws/install/vectornav/share/vectornav/package.ps1'
[4.640s] INFO:colcon.colcon_core.shell:Creating package descriptor '/home/wasp_mini/ros2_ws/install/vectornav/share/vectornav/package.dsv'
[4.640s] INFO:colcon.colcon_core.shell:Creating package script '/home/wasp_mini/ros2_ws/install/vectornav/share/vectornav/package.sh'
[4.641s] INFO:colcon.colcon_core.shell:Creating package script '/home/wasp_mini/ros2_ws/install/vectornav/share/vectornav/package.bash'
[4.642s] INFO:colcon.colcon_core.shell:Creating package script '/home/wasp_mini/ros2_ws/install/vectornav/share/vectornav/package.zsh'
[4.642s] Level 1:colcon.colcon_core.environment:create_file_with_runtime_dependencies(/home/wasp_mini/ros2_ws/install/vectornav/share/colcon-core/packages/vectornav)
[4.643s] DEBUG:colcon.colcon_parallel_executor.executor.parallel:closing loop
[4.644s] DEBUG:colcon.colcon_parallel_executor.executor.parallel:loop closed
[4.644s] DEBUG:colcon.colcon_parallel_executor.executor.parallel:run_until_complete finished with '0'
[4.645s] DEBUG:colcon.colcon_core.event_reactor:joining thread
[4.655s] INFO:colcon.colcon_core.plugin_system:Skipping extension 'colcon_notification.desktop_notification.terminal_notifier': Not used on non-Darwin systems
[4.655s] INFO:colcon.colcon_core.plugin_system:Skipping extension 'colcon_notification.desktop_notification.win32': Not used on non-Windows systems
[4.655s] INFO:colcon.colcon_notification.desktop_notification:Sending desktop notification using 'notify2'
[4.680s] DEBUG:colcon.colcon_core.event_reactor:joined thread
[4.681s] INFO:colcon.colcon_core.shell:Creating prefix script '/home/wasp_mini/ros2_ws/install/local_setup.ps1'
[4.684s] INFO:colcon.colcon_core.shell:Creating prefix util module '/home/wasp_mini/ros2_ws/install/_local_setup_util_ps1.py'
[4.686s] INFO:colcon.colcon_core.shell:Creating prefix chain script '/home/wasp_mini/ros2_ws/install/setup.ps1'
[4.690s] INFO:colcon.colcon_core.shell:Creating prefix script '/home/wasp_mini/ros2_ws/install/local_setup.sh'
[4.691s] INFO:colcon.colcon_core.shell:Creating prefix util module '/home/wasp_mini/ros2_ws/install/_local_setup_util_sh.py'
[4.692s] INFO:colcon.colcon_core.shell:Creating prefix chain script '/home/wasp_mini/ros2_ws/install/setup.sh'
[4.698s] INFO:colcon.colcon_core.shell:Creating prefix script '/home/wasp_mini/ros2_ws/install/local_setup.bash'
[4.698s] INFO:colcon.colcon_core.shell:Creating prefix chain script '/home/wasp_mini/ros2_ws/install/setup.bash'
[4.703s] INFO:colcon.colcon_core.shell:Creating prefix script '/home/wasp_mini/ros2_ws/install/local_setup.zsh'
[4.703s] INFO:colcon.colcon_core.shell:Creating prefix chain script '/home/wasp_mini/ros2_ws/install/setup.zsh'
