[0.057s] Invoking command in '/home/wasp_mini/ros2_ws/build/main_waspmini': CMAKE_PREFIX_PATH=/home/wasp_mini/ros2_ws/install/vectornav:/home/wasp_mini/ros2_ws/install/vectornav_msgs:/home/wasp_mini/ros2_ws/install/sick_scan2:/home/wasp_mini/ros2_ws/install/wasp_mini_controller:/opt/ros/foxy:/opt/ros/noetic:/home/wasp_mini/ros2_ws/install/wasp_mini_joy:/home/wasp_mini/ros2_ws/install/main_waspmini /usr/bin/cmake --build /home/wasp_mini/ros2_ws/build/main_waspmini -- -j4 -l4
[0.235s] [100%] Built target joy_pub
[0.735s] Invoked command in '/home/wasp_mini/ros2_ws/build/main_waspmini' returned '0': CMAKE_PREFIX_PATH=/home/wasp_mini/ros2_ws/install/vectornav:/home/wasp_mini/ros2_ws/install/vectornav_msgs:/home/wasp_mini/ros2_ws/install/sick_scan2:/home/wasp_mini/ros2_ws/install/wasp_mini_controller:/opt/ros/foxy:/opt/ros/noetic:/home/wasp_mini/ros2_ws/install/wasp_mini_joy:/home/wasp_mini/ros2_ws/install/main_waspmini /usr/bin/cmake --build /home/wasp_mini/ros2_ws/build/main_waspmini -- -j4 -l4
[0.840s] Invoking command in '/home/wasp_mini/ros2_ws/build/main_waspmini': CMAKE_PREFIX_PATH=/home/wasp_mini/ros2_ws/install/vectornav:/home/wasp_mini/ros2_ws/install/vectornav_msgs:/home/wasp_mini/ros2_ws/install/sick_scan2:/home/wasp_mini/ros2_ws/install/wasp_mini_controller:/opt/ros/foxy:/opt/ros/noetic:/home/wasp_mini/ros2_ws/install/wasp_mini_joy:/home/wasp_mini/ros2_ws/install/main_waspmini /usr/bin/cmake --install /home/wasp_mini/ros2_ws/build/main_waspmini
[0.879s] -- Install configuration: ""
[0.879s] -- Up-to-date: /home/wasp_mini/ros2_ws/install/main_waspmini/share/main_waspmini/environment/pythonpath.sh
[0.880s] -- Up-to-date: /home/wasp_mini/ros2_ws/install/main_waspmini/share/main_waspmini/environment/pythonpath.dsv
[0.881s] -- Up-to-date: /home/wasp_mini/ros2_ws/install/main_waspmini/lib/python3.8/site-packages/main_waspmini
[0.882s] -- Up-to-date: /home/wasp_mini/ros2_ws/install/main_waspmini/lib/python3.8/site-packages/main_waspmini/__init__.py
[0.981s] Listing '/home/wasp_mini/ros2_ws/install/main_waspmini/lib/python3.8/site-packages/main_waspmini'...
[0.995s] -- Up-to-date: /home/wasp_mini/ros2_ws/install/main_waspmini/lib/main_waspmini/joy_pub
[0.996s] -- Up-to-date: /home/wasp_mini/ros2_ws/install/main_waspmini/share/main_waspmini//launch
[0.996s] -- Up-to-date: /home/wasp_mini/ros2_ws/install/main_waspmini/share/main_waspmini//launch/controller.launch.py
[0.996s] -- Up-to-date: /home/wasp_mini/ros2_ws/install/main_waspmini/lib/main_waspmini/motor_FR.py
[0.999s] -- Up-to-date: /home/wasp_mini/ros2_ws/install/main_waspmini/lib/main_waspmini/motor_FL.py
[0.999s] -- Up-to-date: /home/wasp_mini/ros2_ws/install/main_waspmini/lib/main_waspmini/actuator_fb.py
[1.000s] -- Up-to-date: /home/wasp_mini/ros2_ws/install/main_waspmini/lib/main_waspmini/main.py
[1.000s] -- Up-to-date: /home/wasp_mini/ros2_ws/install/main_waspmini/share/ament_index/resource_index/package_run_dependencies/main_waspmini
[1.001s] -- Up-to-date: /home/wasp_mini/ros2_ws/install/main_waspmini/share/ament_index/resource_index/parent_prefix_path/main_waspmini
[1.007s] -- Up-to-date: /home/wasp_mini/ros2_ws/install/main_waspmini/share/main_waspmini/environment/ament_prefix_path.sh
[1.007s] -- Up-to-date: /home/wasp_mini/ros2_ws/install/main_waspmini/share/main_waspmini/environment/ament_prefix_path.dsv
[1.007s] -- Up-to-date: /home/wasp_mini/ros2_ws/install/main_waspmini/share/main_waspmini/environment/path.sh
[1.008s] -- Up-to-date: /home/wasp_mini/ros2_ws/install/main_waspmini/share/main_waspmini/environment/path.dsv
[1.008s] -- Up-to-date: /home/wasp_mini/ros2_ws/install/main_waspmini/share/main_waspmini/local_setup.bash
[1.008s] -- Up-to-date: /home/wasp_mini/ros2_ws/install/main_waspmini/share/main_waspmini/local_setup.sh
[1.008s] -- Up-to-date: /home/wasp_mini/ros2_ws/install/main_waspmini/share/main_waspmini/local_setup.zsh
[1.008s] -- Up-to-date: /home/wasp_mini/ros2_ws/install/main_waspmini/share/main_waspmini/local_setup.dsv
[1.009s] -- Installing: /home/wasp_mini/ros2_ws/install/main_waspmini/share/main_waspmini/package.dsv
[1.009s] -- Up-to-date: /home/wasp_mini/ros2_ws/install/main_waspmini/share/ament_index/resource_index/packages/main_waspmini
[1.009s] -- Up-to-date: /home/wasp_mini/ros2_ws/install/main_waspmini/share/main_waspmini/cmake/main_waspminiConfig.cmake
[1.009s] -- Up-to-date: /home/wasp_mini/ros2_ws/install/main_waspmini/share/main_waspmini/cmake/main_waspminiConfig-version.cmake
[1.009s] -- Up-to-date: /home/wasp_mini/ros2_ws/install/main_waspmini/share/main_waspmini/package.xml
[1.010s] Invoked command in '/home/wasp_mini/ros2_ws/build/main_waspmini' returned '0': CMAKE_PREFIX_PATH=/home/wasp_mini/ros2_ws/install/vectornav:/home/wasp_mini/ros2_ws/install/vectornav_msgs:/home/wasp_mini/ros2_ws/install/sick_scan2:/home/wasp_mini/ros2_ws/install/wasp_mini_controller:/opt/ros/foxy:/opt/ros/noetic:/home/wasp_mini/ros2_ws/install/wasp_mini_joy:/home/wasp_mini/ros2_ws/install/main_waspmini /usr/bin/cmake --install /home/wasp_mini/ros2_ws/build/main_waspmini
