[0.494s] DEBUG:colcon:Command line arguments: ['/usr/bin/colcon', 'build']
[0.494s] DEBUG:colcon:Parsed command line arguments: Namespace(ament_cmake_args=None, base_paths=['.'], build_base='build', catkin_cmake_args=None, catkin_skip_building_tests=False, cmake_args=None, cmake_clean_cache=False, cmake_clean_first=False, cmake_force_configure=False, cmake_target=None, cmake_target_skip_unavailable=False, continue_on_error=False, event_handlers=None, executor='parallel', ignore_user_meta=False, install_base='install', log_base=None, log_level=None, main=<bound method BuildVerb.main of <colcon_core.verb.build.BuildVerb object at 0x7f43b87ac310>>, merge_install=False, metas=['./colcon.meta'], packages_above=None, packages_above_and_dependencies=None, packages_above_depth=None, packages_end=None, packages_ignore=None, packages_ignore_regex=None, packages_select=None, packages_select_build_failed=False, packages_select_by_dep=None, packages_select_regex=None, packages_select_test_failures=False, packages_skip=None, packages_skip_build_finished=False, packages_skip_by_dep=None, packages_skip_regex=None, packages_skip_test_passed=False, packages_skip_up_to=None, packages_start=None, packages_up_to=None, packages_up_to_regex=None, parallel_workers=4, paths=None, symlink_install=False, test_result_base=None, verb_extension=<colcon_core.verb.build.BuildVerb object at 0x7f43b87ac310>, verb_name='build', verb_parser=<colcon_defaults.argument_parser.defaults.DefaultArgumentsDecorator object at 0x7f43b88f61f0>)
[0.501s] Level 1:colcon.colcon_core.package_discovery:discover_packages(colcon_meta) check parameters
[0.501s] Level 1:colcon.colcon_core.package_discovery:discover_packages(recursive) check parameters
[0.501s] Level 1:colcon.colcon_core.package_discovery:discover_packages(ignore) check parameters
[0.501s] Level 1:colcon.colcon_core.package_discovery:discover_packages(path) check parameters
[0.501s] Level 1:colcon.colcon_core.package_discovery:discover_packages(colcon_meta) discover
[0.502s] Level 1:colcon.colcon_core.package_discovery:discover_packages(recursive) discover
[0.502s] INFO:colcon.colcon_core.package_discovery:Crawling recursively for packages in '/home/wasp_mini/ros2_ws'
[0.502s] Level 1:colcon.colcon_core.package_identification:_identify(.) by extensions ['ignore', 'ignore_ament_install']
[0.502s] Level 1:colcon.colcon_core.package_identification:_identify(.) by extension 'ignore'
[0.502s] Level 1:colcon.colcon_core.package_identification:_identify(.) by extension 'ignore_ament_install'
[0.502s] Level 1:colcon.colcon_core.package_identification:_identify(.) by extensions ['colcon_pkg']
[0.502s] Level 1:colcon.colcon_core.package_identification:_identify(.) by extension 'colcon_pkg'
[0.502s] Level 1:colcon.colcon_core.package_identification:_identify(.) by extensions ['colcon_meta']
[0.502s] Level 1:colcon.colcon_core.package_identification:_identify(.) by extension 'colcon_meta'
[0.502s] Level 1:colcon.colcon_core.package_identification:_identify(.) by extensions ['ros']
[0.502s] Level 1:colcon.colcon_core.package_identification:_identify(.) by extension 'ros'
[0.520s] Level 1:colcon.colcon_core.package_identification:_identify(.) by extensions ['cmake', 'python']
[0.520s] Level 1:colcon.colcon_core.package_identification:_identify(.) by extension 'cmake'
[0.520s] Level 1:colcon.colcon_core.package_identification:_identify(.) by extension 'python'
[0.520s] Level 1:colcon.colcon_core.package_identification:_identify(.) by extensions ['python_setup_py']
[0.520s] Level 1:colcon.colcon_core.package_identification:_identify(.) by extension 'python_setup_py'
[0.520s] Level 1:colcon.colcon_core.package_identification:_identify(build) by extensions ['ignore', 'ignore_ament_install']
[0.520s] Level 1:colcon.colcon_core.package_identification:_identify(build) by extension 'ignore'
[0.521s] Level 1:colcon.colcon_core.package_identification:_identify(build) ignored
[0.521s] Level 1:colcon.colcon_core.package_identification:_identify(install) by extensions ['ignore', 'ignore_ament_install']
[0.521s] Level 1:colcon.colcon_core.package_identification:_identify(install) by extension 'ignore'
[0.521s] Level 1:colcon.colcon_core.package_identification:_identify(install) ignored
[0.521s] Level 1:colcon.colcon_core.package_identification:_identify(log) by extensions ['ignore', 'ignore_ament_install']
[0.522s] Level 1:colcon.colcon_core.package_identification:_identify(log) by extension 'ignore'
[0.522s] Level 1:colcon.colcon_core.package_identification:_identify(log) ignored
[0.522s] Level 1:colcon.colcon_core.package_identification:_identify(src) by extensions ['ignore', 'ignore_ament_install']
[0.522s] Level 1:colcon.colcon_core.package_identification:_identify(src) by extension 'ignore'
[0.522s] Level 1:colcon.colcon_core.package_identification:_identify(src) by extension 'ignore_ament_install'
[0.522s] Level 1:colcon.colcon_core.package_identification:_identify(src) by extensions ['colcon_pkg']
[0.522s] Level 1:colcon.colcon_core.package_identification:_identify(src) by extension 'colcon_pkg'
[0.522s] Level 1:colcon.colcon_core.package_identification:_identify(src) by extensions ['colcon_meta']
[0.522s] Level 1:colcon.colcon_core.package_identification:_identify(src) by extension 'colcon_meta'
[0.522s] Level 1:colcon.colcon_core.package_identification:_identify(src) by extensions ['ros']
[0.522s] Level 1:colcon.colcon_core.package_identification:_identify(src) by extension 'ros'
[0.522s] Level 1:colcon.colcon_core.package_identification:_identify(src) by extensions ['cmake', 'python']
[0.522s] Level 1:colcon.colcon_core.package_identification:_identify(src) by extension 'cmake'
[0.523s] Level 1:colcon.colcon_core.package_identification:_identify(src) by extension 'python'
[0.523s] Level 1:colcon.colcon_core.package_identification:_identify(src) by extensions ['python_setup_py']
[0.523s] Level 1:colcon.colcon_core.package_identification:_identify(src) by extension 'python_setup_py'
[0.523s] Level 1:colcon.colcon_core.package_identification:_identify(src/main_waspmini) by extensions ['ignore', 'ignore_ament_install']
[0.523s] Level 1:colcon.colcon_core.package_identification:_identify(src/main_waspmini) by extension 'ignore'
[0.523s] Level 1:colcon.colcon_core.package_identification:_identify(src/main_waspmini) by extension 'ignore_ament_install'
[0.523s] Level 1:colcon.colcon_core.package_identification:_identify(src/main_waspmini) by extensions ['colcon_pkg']
[0.523s] Level 1:colcon.colcon_core.package_identification:_identify(src/main_waspmini) by extension 'colcon_pkg'
[0.523s] Level 1:colcon.colcon_core.package_identification:_identify(src/main_waspmini) by extensions ['colcon_meta']
[0.523s] Level 1:colcon.colcon_core.package_identification:_identify(src/main_waspmini) by extension 'colcon_meta'
[0.523s] Level 1:colcon.colcon_core.package_identification:_identify(src/main_waspmini) by extensions ['ros']
[0.523s] Level 1:colcon.colcon_core.package_identification:_identify(src/main_waspmini) by extension 'ros'
[0.527s] DEBUG:colcon.colcon_core.package_identification:Package 'src/main_waspmini' with type 'ros.ament_cmake' and name 'main_waspmini'
[0.527s] Level 1:colcon.colcon_core.package_identification:_identify(src/robot_localization) by extensions ['ignore', 'ignore_ament_install']
[0.527s] Level 1:colcon.colcon_core.package_identification:_identify(src/robot_localization) by extension 'ignore'
[0.527s] Level 1:colcon.colcon_core.package_identification:_identify(src/robot_localization) by extension 'ignore_ament_install'
[0.528s] Level 1:colcon.colcon_core.package_identification:_identify(src/robot_localization) by extensions ['colcon_pkg']
[0.528s] Level 1:colcon.colcon_core.package_identification:_identify(src/robot_localization) by extension 'colcon_pkg'
[0.528s] Level 1:colcon.colcon_core.package_identification:_identify(src/robot_localization) by extensions ['colcon_meta']
[0.528s] Level 1:colcon.colcon_core.package_identification:_identify(src/robot_localization) by extension 'colcon_meta'
[0.528s] Level 1:colcon.colcon_core.package_identification:_identify(src/robot_localization) by extensions ['ros']
[0.528s] Level 1:colcon.colcon_core.package_identification:_identify(src/robot_localization) by extension 'ros'
[0.531s] DEBUG:colcon.colcon_core.package_identification:Package 'src/robot_localization' with type 'ros.ament_cmake' and name 'robot_localization'
[0.531s] Level 1:colcon.colcon_core.package_identification:_identify(src/sick_scan2) by extensions ['ignore', 'ignore_ament_install']
[0.531s] Level 1:colcon.colcon_core.package_identification:_identify(src/sick_scan2) by extension 'ignore'
[0.531s] Level 1:colcon.colcon_core.package_identification:_identify(src/sick_scan2) by extension 'ignore_ament_install'
[0.531s] Level 1:colcon.colcon_core.package_identification:_identify(src/sick_scan2) by extensions ['colcon_pkg']
[0.531s] Level 1:colcon.colcon_core.package_identification:_identify(src/sick_scan2) by extension 'colcon_pkg'
[0.531s] Level 1:colcon.colcon_core.package_identification:_identify(src/sick_scan2) by extensions ['colcon_meta']
[0.531s] Level 1:colcon.colcon_core.package_identification:_identify(src/sick_scan2) by extension 'colcon_meta'
[0.532s] Level 1:colcon.colcon_core.package_identification:_identify(src/sick_scan2) by extensions ['ros']
[0.532s] Level 1:colcon.colcon_core.package_identification:_identify(src/sick_scan2) by extension 'ros'
[0.538s] DEBUG:colcon.colcon_core.package_identification:Package 'src/sick_scan2' with type 'ros.ament_cmake' and name 'sick_scan2'
[0.538s] Level 1:colcon.colcon_core.package_identification:_identify(src/vectornav) by extensions ['ignore', 'ignore_ament_install']
[0.539s] Level 1:colcon.colcon_core.package_identification:_identify(src/vectornav) by extension 'ignore'
[0.539s] Level 1:colcon.colcon_core.package_identification:_identify(src/vectornav) by extension 'ignore_ament_install'
[0.539s] Level 1:colcon.colcon_core.package_identification:_identify(src/vectornav) by extensions ['colcon_pkg']
[0.539s] Level 1:colcon.colcon_core.package_identification:_identify(src/vectornav) by extension 'colcon_pkg'
[0.539s] Level 1:colcon.colcon_core.package_identification:_identify(src/vectornav) by extensions ['colcon_meta']
[0.539s] Level 1:colcon.colcon_core.package_identification:_identify(src/vectornav) by extension 'colcon_meta'
[0.539s] Level 1:colcon.colcon_core.package_identification:_identify(src/vectornav) by extensions ['ros']
[0.539s] Level 1:colcon.colcon_core.package_identification:_identify(src/vectornav) by extension 'ros'
[0.539s] Level 1:colcon.colcon_core.package_identification:_identify(src/vectornav) by extensions ['cmake', 'python']
[0.539s] Level 1:colcon.colcon_core.package_identification:_identify(src/vectornav) by extension 'cmake'
[0.539s] Level 1:colcon.colcon_core.package_identification:_identify(src/vectornav) by extension 'python'
[0.539s] Level 1:colcon.colcon_core.package_identification:_identify(src/vectornav) by extensions ['python_setup_py']
[0.539s] Level 1:colcon.colcon_core.package_identification:_identify(src/vectornav) by extension 'python_setup_py'
[0.540s] Level 1:colcon.colcon_core.package_identification:_identify(src/vectornav/vectornav) by extensions ['ignore', 'ignore_ament_install']
[0.540s] Level 1:colcon.colcon_core.package_identification:_identify(src/vectornav/vectornav) by extension 'ignore'
[0.540s] Level 1:colcon.colcon_core.package_identification:_identify(src/vectornav/vectornav) by extension 'ignore_ament_install'
[0.540s] Level 1:colcon.colcon_core.package_identification:_identify(src/vectornav/vectornav) by extensions ['colcon_pkg']
[0.540s] Level 1:colcon.colcon_core.package_identification:_identify(src/vectornav/vectornav) by extension 'colcon_pkg'
[0.540s] Level 1:colcon.colcon_core.package_identification:_identify(src/vectornav/vectornav) by extensions ['colcon_meta']
[0.540s] Level 1:colcon.colcon_core.package_identification:_identify(src/vectornav/vectornav) by extension 'colcon_meta'
[0.540s] Level 1:colcon.colcon_core.package_identification:_identify(src/vectornav/vectornav) by extensions ['ros']
[0.540s] Level 1:colcon.colcon_core.package_identification:_identify(src/vectornav/vectornav) by extension 'ros'
[0.542s] DEBUG:colcon.colcon_core.package_identification:Package 'src/vectornav/vectornav' with type 'ros.ament_cmake' and name 'vectornav'
[0.542s] Level 1:colcon.colcon_core.package_identification:_identify(src/vectornav/vectornav_msgs) by extensions ['ignore', 'ignore_ament_install']
[0.542s] Level 1:colcon.colcon_core.package_identification:_identify(src/vectornav/vectornav_msgs) by extension 'ignore'
[0.542s] Level 1:colcon.colcon_core.package_identification:_identify(src/vectornav/vectornav_msgs) by extension 'ignore_ament_install'
[0.542s] Level 1:colcon.colcon_core.package_identification:_identify(src/vectornav/vectornav_msgs) by extensions ['colcon_pkg']
[0.542s] Level 1:colcon.colcon_core.package_identification:_identify(src/vectornav/vectornav_msgs) by extension 'colcon_pkg'
[0.542s] Level 1:colcon.colcon_core.package_identification:_identify(src/vectornav/vectornav_msgs) by extensions ['colcon_meta']
[0.542s] Level 1:colcon.colcon_core.package_identification:_identify(src/vectornav/vectornav_msgs) by extension 'colcon_meta'
[0.542s] Level 1:colcon.colcon_core.package_identification:_identify(src/vectornav/vectornav_msgs) by extensions ['ros']
[0.543s] Level 1:colcon.colcon_core.package_identification:_identify(src/vectornav/vectornav_msgs) by extension 'ros'
[0.543s] DEBUG:colcon.colcon_core.package_identification:Package 'src/vectornav/vectornav_msgs' with type 'ros.ament_cmake' and name 'vectornav_msgs'
[0.544s] Level 1:colcon.colcon_core.package_identification:_identify(src/wasp_mini_controller) by extensions ['ignore', 'ignore_ament_install']
[0.544s] Level 1:colcon.colcon_core.package_identification:_identify(src/wasp_mini_controller) by extension 'ignore'
[0.544s] Level 1:colcon.colcon_core.package_identification:_identify(src/wasp_mini_controller) by extension 'ignore_ament_install'
[0.544s] Level 1:colcon.colcon_core.package_identification:_identify(src/wasp_mini_controller) by extensions ['colcon_pkg']
[0.544s] Level 1:colcon.colcon_core.package_identification:_identify(src/wasp_mini_controller) by extension 'colcon_pkg'
[0.544s] Level 1:colcon.colcon_core.package_identification:_identify(src/wasp_mini_controller) by extensions ['colcon_meta']
[0.544s] Level 1:colcon.colcon_core.package_identification:_identify(src/wasp_mini_controller) by extension 'colcon_meta'
[0.545s] Level 1:colcon.colcon_core.package_identification:_identify(src/wasp_mini_controller) by extensions ['ros']
[0.545s] Level 1:colcon.colcon_core.package_identification:_identify(src/wasp_mini_controller) by extension 'ros'
[0.546s] DEBUG:colcon.colcon_core.package_identification:Package 'src/wasp_mini_controller' with type 'ros.ament_python' and name 'wasp_mini_controller'
[0.547s] Level 1:colcon.colcon_core.package_identification:_identify(src/wasp_mini_joy) by extensions ['ignore', 'ignore_ament_install']
[0.547s] Level 1:colcon.colcon_core.package_identification:_identify(src/wasp_mini_joy) by extension 'ignore'
[0.547s] Level 1:colcon.colcon_core.package_identification:_identify(src/wasp_mini_joy) by extension 'ignore_ament_install'
[0.547s] Level 1:colcon.colcon_core.package_identification:_identify(src/wasp_mini_joy) by extensions ['colcon_pkg']
[0.547s] Level 1:colcon.colcon_core.package_identification:_identify(src/wasp_mini_joy) by extension 'colcon_pkg'
[0.547s] Level 1:colcon.colcon_core.package_identification:_identify(src/wasp_mini_joy) by extensions ['colcon_meta']
[0.547s] Level 1:colcon.colcon_core.package_identification:_identify(src/wasp_mini_joy) by extension 'colcon_meta'
[0.547s] Level 1:colcon.colcon_core.package_identification:_identify(src/wasp_mini_joy) by extensions ['ros']
[0.547s] Level 1:colcon.colcon_core.package_identification:_identify(src/wasp_mini_joy) by extension 'ros'
[0.548s] DEBUG:colcon.colcon_core.package_identification:Package 'src/wasp_mini_joy' with type 'ros.ament_cmake' and name 'wasp_mini_joy'
[0.548s] Level 1:colcon.colcon_core.package_discovery:discover_packages(recursive) using defaults
[0.548s] Level 1:colcon.colcon_core.package_discovery:discover_packages(ignore) discover
[0.548s] Level 1:colcon.colcon_core.package_discovery:discover_packages(ignore) using defaults
[0.548s] Level 1:colcon.colcon_core.package_discovery:discover_packages(path) discover
[0.548s] Level 1:colcon.colcon_core.package_discovery:discover_packages(path) using defaults
[0.579s] Level 5:colcon.colcon_core.verb:set package 'main_waspmini' build argument 'cmake_args' from command line to 'None'
[0.579s] Level 5:colcon.colcon_core.verb:set package 'main_waspmini' build argument 'cmake_target' from command line to 'None'
[0.579s] Level 5:colcon.colcon_core.verb:set package 'main_waspmini' build argument 'cmake_target_skip_unavailable' from command line to 'False'
[0.579s] Level 5:colcon.colcon_core.verb:set package 'main_waspmini' build argument 'cmake_clean_cache' from command line to 'False'
[0.579s] Level 5:colcon.colcon_core.verb:set package 'main_waspmini' build argument 'cmake_clean_first' from command line to 'False'
[0.579s] Level 5:colcon.colcon_core.verb:set package 'main_waspmini' build argument 'cmake_force_configure' from command line to 'False'
[0.580s] Level 5:colcon.colcon_core.verb:set package 'main_waspmini' build argument 'ament_cmake_args' from command line to 'None'
[0.580s] Level 5:colcon.colcon_core.verb:set package 'main_waspmini' build argument 'catkin_cmake_args' from command line to 'None'
[0.580s] Level 5:colcon.colcon_core.verb:set package 'main_waspmini' build argument 'catkin_skip_building_tests' from command line to 'False'
[0.580s] DEBUG:colcon.colcon_core.verb:Building package 'main_waspmini' with the following arguments: {'ament_cmake_args': None, 'build_base': '/home/wasp_mini/ros2_ws/build/main_waspmini', 'catkin_cmake_args': None, 'catkin_skip_building_tests': False, 'cmake_args': None, 'cmake_clean_cache': False, 'cmake_clean_first': False, 'cmake_force_configure': False, 'cmake_target': None, 'cmake_target_skip_unavailable': False, 'install_base': '/home/wasp_mini/ros2_ws/install/main_waspmini', 'merge_install': False, 'path': '/home/wasp_mini/ros2_ws/src/main_waspmini', 'symlink_install': False, 'test_result_base': None}
[0.583s] Level 5:colcon.colcon_core.verb:set package 'robot_localization' build argument 'cmake_args' from command line to 'None'
[0.583s] Level 5:colcon.colcon_core.verb:set package 'robot_localization' build argument 'cmake_target' from command line to 'None'
[0.583s] Level 5:colcon.colcon_core.verb:set package 'robot_localization' build argument 'cmake_target_skip_unavailable' from command line to 'False'
[0.583s] Level 5:colcon.colcon_core.verb:set package 'robot_localization' build argument 'cmake_clean_cache' from command line to 'False'
[0.583s] Level 5:colcon.colcon_core.verb:set package 'robot_localization' build argument 'cmake_clean_first' from command line to 'False'
[0.584s] Level 5:colcon.colcon_core.verb:set package 'robot_localization' build argument 'cmake_force_configure' from command line to 'False'
[0.584s] Level 5:colcon.colcon_core.verb:set package 'robot_localization' build argument 'ament_cmake_args' from command line to 'None'
[0.584s] Level 5:colcon.colcon_core.verb:set package 'robot_localization' build argument 'catkin_cmake_args' from command line to 'None'
[0.584s] Level 5:colcon.colcon_core.verb:set package 'robot_localization' build argument 'catkin_skip_building_tests' from command line to 'False'
[0.584s] DEBUG:colcon.colcon_core.verb:Building package 'robot_localization' with the following arguments: {'ament_cmake_args': None, 'build_base': '/home/wasp_mini/ros2_ws/build/robot_localization', 'catkin_cmake_args': None, 'catkin_skip_building_tests': False, 'cmake_args': None, 'cmake_clean_cache': False, 'cmake_clean_first': False, 'cmake_force_configure': False, 'cmake_target': None, 'cmake_target_skip_unavailable': False, 'install_base': '/home/wasp_mini/ros2_ws/install/robot_localization', 'merge_install': False, 'path': '/home/wasp_mini/ros2_ws/src/robot_localization', 'symlink_install': False, 'test_result_base': None}
[0.587s] Level 5:colcon.colcon_core.verb:set package 'sick_scan2' build argument 'cmake_args' from command line to 'None'
[0.587s] Level 5:colcon.colcon_core.verb:set package 'sick_scan2' build argument 'cmake_target' from command line to 'None'
[0.587s] Level 5:colcon.colcon_core.verb:set package 'sick_scan2' build argument 'cmake_target_skip_unavailable' from command line to 'False'
[0.587s] Level 5:colcon.colcon_core.verb:set package 'sick_scan2' build argument 'cmake_clean_cache' from command line to 'False'
[0.587s] Level 5:colcon.colcon_core.verb:set package 'sick_scan2' build argument 'cmake_clean_first' from command line to 'False'
[0.587s] Level 5:colcon.colcon_core.verb:set package 'sick_scan2' build argument 'cmake_force_configure' from command line to 'False'
[0.587s] Level 5:colcon.colcon_core.verb:set package 'sick_scan2' build argument 'ament_cmake_args' from command line to 'None'
[0.587s] Level 5:colcon.colcon_core.verb:set package 'sick_scan2' build argument 'catkin_cmake_args' from command line to 'None'
[0.587s] Level 5:colcon.colcon_core.verb:set package 'sick_scan2' build argument 'catkin_skip_building_tests' from command line to 'False'
[0.587s] DEBUG:colcon.colcon_core.verb:Building package 'sick_scan2' with the following arguments: {'ament_cmake_args': None, 'build_base': '/home/wasp_mini/ros2_ws/build/sick_scan2', 'catkin_cmake_args': None, 'catkin_skip_building_tests': False, 'cmake_args': None, 'cmake_clean_cache': False, 'cmake_clean_first': False, 'cmake_force_configure': False, 'cmake_target': None, 'cmake_target_skip_unavailable': False, 'install_base': '/home/wasp_mini/ros2_ws/install/sick_scan2', 'merge_install': False, 'path': '/home/wasp_mini/ros2_ws/src/sick_scan2', 'symlink_install': False, 'test_result_base': None}
[0.591s] Level 5:colcon.colcon_core.verb:set package 'vectornav_msgs' build argument 'cmake_args' from command line to 'None'
[0.591s] Level 5:colcon.colcon_core.verb:set package 'vectornav_msgs' build argument 'cmake_target' from command line to 'None'
[0.591s] Level 5:colcon.colcon_core.verb:set package 'vectornav_msgs' build argument 'cmake_target_skip_unavailable' from command line to 'False'
[0.591s] Level 5:colcon.colcon_core.verb:set package 'vectornav_msgs' build argument 'cmake_clean_cache' from command line to 'False'
[0.591s] Level 5:colcon.colcon_core.verb:set package 'vectornav_msgs' build argument 'cmake_clean_first' from command line to 'False'
[0.591s] Level 5:colcon.colcon_core.verb:set package 'vectornav_msgs' build argument 'cmake_force_configure' from command line to 'False'
[0.591s] Level 5:colcon.colcon_core.verb:set package 'vectornav_msgs' build argument 'ament_cmake_args' from command line to 'None'
[0.591s] Level 5:colcon.colcon_core.verb:set package 'vectornav_msgs' build argument 'catkin_cmake_args' from command line to 'None'
[0.591s] Level 5:colcon.colcon_core.verb:set package 'vectornav_msgs' build argument 'catkin_skip_building_tests' from command line to 'False'
[0.591s] DEBUG:colcon.colcon_core.verb:Building package 'vectornav_msgs' with the following arguments: {'ament_cmake_args': None, 'build_base': '/home/wasp_mini/ros2_ws/build/vectornav_msgs', 'catkin_cmake_args': None, 'catkin_skip_building_tests': False, 'cmake_args': None, 'cmake_clean_cache': False, 'cmake_clean_first': False, 'cmake_force_configure': False, 'cmake_target': None, 'cmake_target_skip_unavailable': False, 'install_base': '/home/wasp_mini/ros2_ws/install/vectornav_msgs', 'merge_install': False, 'path': '/home/wasp_mini/ros2_ws/src/vectornav/vectornav_msgs', 'symlink_install': False, 'test_result_base': None}
[0.595s] Level 5:colcon.colcon_core.verb:set package 'wasp_mini_controller' build argument 'cmake_args' from command line to 'None'
[0.595s] Level 5:colcon.colcon_core.verb:set package 'wasp_mini_controller' build argument 'cmake_target' from command line to 'None'
[0.595s] Level 5:colcon.colcon_core.verb:set package 'wasp_mini_controller' build argument 'cmake_target_skip_unavailable' from command line to 'False'
[0.595s] Level 5:colcon.colcon_core.verb:set package 'wasp_mini_controller' build argument 'cmake_clean_cache' from command line to 'False'
[0.595s] Level 5:colcon.colcon_core.verb:set package 'wasp_mini_controller' build argument 'cmake_clean_first' from command line to 'False'
[0.595s] Level 5:colcon.colcon_core.verb:set package 'wasp_mini_controller' build argument 'cmake_force_configure' from command line to 'False'
[0.595s] Level 5:colcon.colcon_core.verb:set package 'wasp_mini_controller' build argument 'ament_cmake_args' from command line to 'None'
[0.595s] Level 5:colcon.colcon_core.verb:set package 'wasp_mini_controller' build argument 'catkin_cmake_args' from command line to 'None'
[0.595s] Level 5:colcon.colcon_core.verb:set package 'wasp_mini_controller' build argument 'catkin_skip_building_tests' from command line to 'False'
[0.595s] DEBUG:colcon.colcon_core.verb:Building package 'wasp_mini_controller' with the following arguments: {'ament_cmake_args': None, 'build_base': '/home/wasp_mini/ros2_ws/build/wasp_mini_controller', 'catkin_cmake_args': None, 'catkin_skip_building_tests': False, 'cmake_args': None, 'cmake_clean_cache': False, 'cmake_clean_first': False, 'cmake_force_configure': False, 'cmake_target': None, 'cmake_target_skip_unavailable': False, 'install_base': '/home/wasp_mini/ros2_ws/install/wasp_mini_controller', 'merge_install': False, 'path': '/home/wasp_mini/ros2_ws/src/wasp_mini_controller', 'symlink_install': False, 'test_result_base': None}
[0.599s] Level 5:colcon.colcon_core.verb:set package 'wasp_mini_joy' build argument 'cmake_args' from command line to 'None'
[0.599s] Level 5:colcon.colcon_core.verb:set package 'wasp_mini_joy' build argument 'cmake_target' from command line to 'None'
[0.599s] Level 5:colcon.colcon_core.verb:set package 'wasp_mini_joy' build argument 'cmake_target_skip_unavailable' from command line to 'False'
[0.599s] Level 5:colcon.colcon_core.verb:set package 'wasp_mini_joy' build argument 'cmake_clean_cache' from command line to 'False'
[0.599s] Level 5:colcon.colcon_core.verb:set package 'wasp_mini_joy' build argument 'cmake_clean_first' from command line to 'False'
[0.599s] Level 5:colcon.colcon_core.verb:set package 'wasp_mini_joy' build argument 'cmake_force_configure' from command line to 'False'
[0.599s] Level 5:colcon.colcon_core.verb:set package 'wasp_mini_joy' build argument 'ament_cmake_args' from command line to 'None'
[0.599s] Level 5:colcon.colcon_core.verb:set package 'wasp_mini_joy' build argument 'catkin_cmake_args' from command line to 'None'
[0.599s] Level 5:colcon.colcon_core.verb:set package 'wasp_mini_joy' build argument 'catkin_skip_building_tests' from command line to 'False'
[0.599s] DEBUG:colcon.colcon_core.verb:Building package 'wasp_mini_joy' with the following arguments: {'ament_cmake_args': None, 'build_base': '/home/wasp_mini/ros2_ws/build/wasp_mini_joy', 'catkin_cmake_args': None, 'catkin_skip_building_tests': False, 'cmake_args': None, 'cmake_clean_cache': False, 'cmake_clean_first': False, 'cmake_force_configure': False, 'cmake_target': None, 'cmake_target_skip_unavailable': False, 'install_base': '/home/wasp_mini/ros2_ws/install/wasp_mini_joy', 'merge_install': False, 'path': '/home/wasp_mini/ros2_ws/src/wasp_mini_joy', 'symlink_install': False, 'test_result_base': None}
[0.602s] Level 5:colcon.colcon_core.verb:set package 'vectornav' build argument 'cmake_args' from command line to 'None'
[0.602s] Level 5:colcon.colcon_core.verb:set package 'vectornav' build argument 'cmake_target' from command line to 'None'
[0.602s] Level 5:colcon.colcon_core.verb:set package 'vectornav' build argument 'cmake_target_skip_unavailable' from command line to 'False'
[0.602s] Level 5:colcon.colcon_core.verb:set package 'vectornav' build argument 'cmake_clean_cache' from command line to 'False'
[0.602s] Level 5:colcon.colcon_core.verb:set package 'vectornav' build argument 'cmake_clean_first' from command line to 'False'
[0.603s] Level 5:colcon.colcon_core.verb:set package 'vectornav' build argument 'cmake_force_configure' from command line to 'False'
[0.603s] Level 5:colcon.colcon_core.verb:set package 'vectornav' build argument 'ament_cmake_args' from command line to 'None'
[0.603s] Level 5:colcon.colcon_core.verb:set package 'vectornav' build argument 'catkin_cmake_args' from command line to 'None'
[0.603s] Level 5:colcon.colcon_core.verb:set package 'vectornav' build argument 'catkin_skip_building_tests' from command line to 'False'
[0.603s] DEBUG:colcon.colcon_core.verb:Building package 'vectornav' with the following arguments: {'ament_cmake_args': None, 'build_base': '/home/wasp_mini/ros2_ws/build/vectornav', 'catkin_cmake_args': None, 'catkin_skip_building_tests': False, 'cmake_args': None, 'cmake_clean_cache': False, 'cmake_clean_first': False, 'cmake_force_configure': False, 'cmake_target': None, 'cmake_target_skip_unavailable': False, 'install_base': '/home/wasp_mini/ros2_ws/install/vectornav', 'merge_install': False, 'path': '/home/wasp_mini/ros2_ws/src/vectornav/vectornav', 'symlink_install': False, 'test_result_base': None}
[0.603s] INFO:colcon.colcon_core.executor:Executing jobs using 'parallel' executor
[0.606s] DEBUG:colcon.colcon_parallel_executor.executor.parallel:run_until_complete
[0.607s] INFO:colcon.colcon_ros.task.ament_cmake.build:Building ROS package in '/home/wasp_mini/ros2_ws/src/vectornav/vectornav_msgs' with build type 'ament_cmake'
[0.607s] INFO:colcon.colcon_cmake.task.cmake.build:Building CMake package in '/home/wasp_mini/ros2_ws/src/vectornav/vectornav_msgs'
[0.613s] INFO:colcon.colcon_core.plugin_system:Skipping extension 'colcon_core.shell.bat': Not used on non-Windows systems
[0.613s] INFO:colcon.colcon_core.shell:Skip shell extension 'powershell' for command environment: Not usable outside of PowerShell
[0.613s] DEBUG:colcon.colcon_core.shell:Skip shell extension 'dsv' for command environment
[0.616s] DEBUG:colcon.colcon_core.shell:Ignoring prefix path '/opt/ros/foxy'
[0.621s] INFO:colcon.colcon_ros.task.ament_cmake.build:Building ROS package in '/home/wasp_mini/ros2_ws/src/main_waspmini' with build type 'ament_cmake'
[0.622s] INFO:colcon.colcon_cmake.task.cmake.build:Building CMake package in '/home/wasp_mini/ros2_ws/src/main_waspmini'
[0.623s] INFO:colcon.colcon_core.shell:Skip shell extension 'powershell' for command environment: Not usable outside of PowerShell
[0.623s] DEBUG:colcon.colcon_core.shell:Skip shell extension 'dsv' for command environment
[0.626s] DEBUG:colcon.colcon_core.shell:Ignoring prefix path '/opt/ros/foxy'
[0.630s] INFO:colcon.colcon_ros.task.ament_cmake.build:Building ROS package in '/home/wasp_mini/ros2_ws/src/robot_localization' with build type 'ament_cmake'
[0.631s] INFO:colcon.colcon_cmake.task.cmake.build:Building CMake package in '/home/wasp_mini/ros2_ws/src/robot_localization'
[0.633s] INFO:colcon.colcon_core.shell:Skip shell extension 'powershell' for command environment: Not usable outside of PowerShell
[0.633s] DEBUG:colcon.colcon_core.shell:Skip shell extension 'dsv' for command environment
[0.637s] DEBUG:colcon.colcon_core.shell:Ignoring prefix path '/opt/ros/foxy'
[0.642s] INFO:colcon.colcon_ros.task.ament_cmake.build:Building ROS package in '/home/wasp_mini/ros2_ws/src/sick_scan2' with build type 'ament_cmake'
[0.643s] INFO:colcon.colcon_cmake.task.cmake.build:Building CMake package in '/home/wasp_mini/ros2_ws/src/sick_scan2'
[0.644s] INFO:colcon.colcon_core.shell:Skip shell extension 'powershell' for command environment: Not usable outside of PowerShell
[0.645s] DEBUG:colcon.colcon_core.shell:Skip shell extension 'dsv' for command environment
[0.647s] DEBUG:colcon.colcon_core.shell:Ignoring prefix path '/opt/ros/foxy'
[0.659s] DEBUG:colcon.colcon_core.event_handler.log_command:Invoking command in '/home/wasp_mini/ros2_ws/build/vectornav_msgs': CMAKE_PREFIX_PATH=/opt/ros/foxy /usr/bin/cmake --build /home/wasp_mini/ros2_ws/build/vectornav_msgs -- -j4 -l4
[0.668s] DEBUG:colcon.colcon_core.event_handler.log_command:Invoking command in '/home/wasp_mini/ros2_ws/build/main_waspmini': CMAKE_PREFIX_PATH=/opt/ros/foxy /usr/bin/cmake --build /home/wasp_mini/ros2_ws/build/main_waspmini -- -j4 -l4
[0.679s] DEBUG:colcon.colcon_core.event_handler.log_command:Invoking command in '/home/wasp_mini/ros2_ws/build/robot_localization': CMAKE_PREFIX_PATH=/opt/ros/foxy /usr/bin/cmake /home/wasp_mini/ros2_ws/src/robot_localization -DCMAKE_INSTALL_PREFIX=/home/wasp_mini/ros2_ws/install/robot_localization
[0.692s] DEBUG:colcon.colcon_core.event_handler.log_command:Invoking command in '/home/wasp_mini/ros2_ws/build/sick_scan2': CMAKE_PREFIX_PATH=/opt/ros/foxy /usr/bin/cmake --build /home/wasp_mini/ros2_ws/build/sick_scan2 -- -j4 -l4
[0.861s] DEBUG:colcon.colcon_core.event_handler.log_command:Invoked command in '/home/wasp_mini/ros2_ws/build/main_waspmini' returned '0': CMAKE_PREFIX_PATH=/opt/ros/foxy /usr/bin/cmake --build /home/wasp_mini/ros2_ws/build/main_waspmini -- -j4 -l4
[1.041s] DEBUG:colcon.colcon_core.event_handler.log_command:Invoking command in '/home/wasp_mini/ros2_ws/build/main_waspmini': CMAKE_PREFIX_PATH=/opt/ros/foxy /usr/bin/cmake --install /home/wasp_mini/ros2_ws/build/main_waspmini
[1.081s] DEBUG:colcon.colcon_core.event_handler.log_command:Invoked command in '/home/wasp_mini/ros2_ws/build/sick_scan2' returned '0': CMAKE_PREFIX_PATH=/opt/ros/foxy /usr/bin/cmake --build /home/wasp_mini/ros2_ws/build/sick_scan2 -- -j4 -l4
[1.162s] Level 1:colcon.colcon_core.environment:create_environment_scripts_only(main_waspmini)
[1.169s] DEBUG:colcon.colcon_core.event_handler.log_command:Invoked command in '/home/wasp_mini/ros2_ws/build/main_waspmini' returned '0': CMAKE_PREFIX_PATH=/opt/ros/foxy /usr/bin/cmake --install /home/wasp_mini/ros2_ws/build/main_waspmini
[1.172s] Level 1:colcon.colcon_core.environment:checking '/home/wasp_mini/ros2_ws/install/main_waspmini' for CMake module files
[1.173s] Level 1:colcon.colcon_core.environment:checking '/home/wasp_mini/ros2_ws/install/main_waspmini' for CMake config files
[1.174s] Level 1:colcon.colcon_core.shell:create_environment_hook('main_waspmini', 'cmake_prefix_path')
[1.176s] INFO:colcon.colcon_core.shell:Creating environment hook '/home/wasp_mini/ros2_ws/install/main_waspmini/share/main_waspmini/hook/cmake_prefix_path.ps1'
[1.177s] INFO:colcon.colcon_core.shell:Creating environment descriptor '/home/wasp_mini/ros2_ws/install/main_waspmini/share/main_waspmini/hook/cmake_prefix_path.dsv'
[1.178s] INFO:colcon.colcon_core.shell:Creating environment hook '/home/wasp_mini/ros2_ws/install/main_waspmini/share/main_waspmini/hook/cmake_prefix_path.sh'
[1.181s] Level 1:colcon.colcon_core.environment:checking '/home/wasp_mini/ros2_ws/install/main_waspmini/lib'
[1.181s] Level 1:colcon.colcon_core.environment:checking '/home/wasp_mini/ros2_ws/install/main_waspmini/bin'
[1.181s] Level 1:colcon.colcon_core.environment:checking '/home/wasp_mini/ros2_ws/install/main_waspmini/lib/pkgconfig/main_waspmini.pc'
[1.181s] Level 1:colcon.colcon_core.environment:checking '/home/wasp_mini/ros2_ws/install/main_waspmini/lib/python3.8/site-packages'
[1.182s] Level 1:colcon.colcon_core.shell:create_environment_hook('main_waspmini', 'pythonpath')
[1.183s] INFO:colcon.colcon_core.shell:Creating environment hook '/home/wasp_mini/ros2_ws/install/main_waspmini/share/main_waspmini/hook/pythonpath.ps1'
[1.184s] INFO:colcon.colcon_core.shell:Creating environment descriptor '/home/wasp_mini/ros2_ws/install/main_waspmini/share/main_waspmini/hook/pythonpath.dsv'
[1.185s] INFO:colcon.colcon_core.shell:Creating environment hook '/home/wasp_mini/ros2_ws/install/main_waspmini/share/main_waspmini/hook/pythonpath.sh'
[1.187s] INFO:colcon.colcon_core.shell:Creating package script '/home/wasp_mini/ros2_ws/install/main_waspmini/share/main_waspmini/package.ps1'
[1.190s] INFO:colcon.colcon_core.shell:Creating package descriptor '/home/wasp_mini/ros2_ws/install/main_waspmini/share/main_waspmini/package.dsv'
[1.191s] INFO:colcon.colcon_core.shell:Creating package script '/home/wasp_mini/ros2_ws/install/main_waspmini/share/main_waspmini/package.sh'
[1.193s] INFO:colcon.colcon_core.shell:Creating package script '/home/wasp_mini/ros2_ws/install/main_waspmini/share/main_waspmini/package.bash'
[1.195s] INFO:colcon.colcon_core.shell:Creating package script '/home/wasp_mini/ros2_ws/install/main_waspmini/share/main_waspmini/package.zsh'
[1.196s] Level 1:colcon.colcon_core.environment:create_file_with_runtime_dependencies(/home/wasp_mini/ros2_ws/install/main_waspmini/share/colcon-core/packages/main_waspmini)
[1.221s] DEBUG:colcon.colcon_core.event_handler.log_command:Invoking command in '/home/wasp_mini/ros2_ws/build/sick_scan2': CMAKE_PREFIX_PATH=/opt/ros/foxy /usr/bin/cmake --install /home/wasp_mini/ros2_ws/build/sick_scan2
[1.261s] Level 1:colcon.colcon_core.environment:create_environment_scripts_only(main_waspmini)
[1.262s] Level 1:colcon.colcon_core.environment:checking '/home/wasp_mini/ros2_ws/install/main_waspmini' for CMake module files
[1.268s] Level 1:colcon.colcon_core.environment:checking '/home/wasp_mini/ros2_ws/install/main_waspmini' for CMake config files
[1.269s] Level 1:colcon.colcon_core.shell:create_environment_hook('main_waspmini', 'cmake_prefix_path')
[1.270s] INFO:colcon.colcon_core.shell:Creating environment hook '/home/wasp_mini/ros2_ws/install/main_waspmini/share/main_waspmini/hook/cmake_prefix_path.ps1'
[1.271s] INFO:colcon.colcon_core.shell:Creating environment descriptor '/home/wasp_mini/ros2_ws/install/main_waspmini/share/main_waspmini/hook/cmake_prefix_path.dsv'
[1.272s] INFO:colcon.colcon_core.shell:Creating environment hook '/home/wasp_mini/ros2_ws/install/main_waspmini/share/main_waspmini/hook/cmake_prefix_path.sh'
[1.273s] Level 1:colcon.colcon_core.environment:checking '/home/wasp_mini/ros2_ws/install/main_waspmini/lib'
[1.274s] Level 1:colcon.colcon_core.environment:checking '/home/wasp_mini/ros2_ws/install/main_waspmini/bin'
[1.274s] Level 1:colcon.colcon_core.environment:checking '/home/wasp_mini/ros2_ws/install/main_waspmini/lib/pkgconfig/main_waspmini.pc'
[1.274s] Level 1:colcon.colcon_core.environment:checking '/home/wasp_mini/ros2_ws/install/main_waspmini/lib/python3.8/site-packages'
[1.274s] Level 1:colcon.colcon_core.shell:create_environment_hook('main_waspmini', 'pythonpath')
[1.276s] INFO:colcon.colcon_core.shell:Creating environment hook '/home/wasp_mini/ros2_ws/install/main_waspmini/share/main_waspmini/hook/pythonpath.ps1'
[1.278s] INFO:colcon.colcon_core.shell:Creating environment descriptor '/home/wasp_mini/ros2_ws/install/main_waspmini/share/main_waspmini/hook/pythonpath.dsv'
[1.279s] INFO:colcon.colcon_core.shell:Creating environment hook '/home/wasp_mini/ros2_ws/install/main_waspmini/share/main_waspmini/hook/pythonpath.sh'
[1.282s] INFO:colcon.colcon_core.shell:Creating package script '/home/wasp_mini/ros2_ws/install/main_waspmini/share/main_waspmini/package.ps1'
[1.283s] INFO:colcon.colcon_core.shell:Creating package descriptor '/home/wasp_mini/ros2_ws/install/main_waspmini/share/main_waspmini/package.dsv'
[1.284s] INFO:colcon.colcon_core.shell:Creating package script '/home/wasp_mini/ros2_ws/install/main_waspmini/share/main_waspmini/package.sh'
[1.285s] INFO:colcon.colcon_core.shell:Creating package script '/home/wasp_mini/ros2_ws/install/main_waspmini/share/main_waspmini/package.bash'
[1.286s] INFO:colcon.colcon_core.shell:Creating package script '/home/wasp_mini/ros2_ws/install/main_waspmini/share/main_waspmini/package.zsh'
[1.287s] Level 1:colcon.colcon_core.environment:create_file_with_runtime_dependencies(/home/wasp_mini/ros2_ws/install/main_waspmini/share/colcon-core/packages/main_waspmini)
[1.290s] INFO:colcon.colcon_ros.task.ament_python.build:Building ROS package in '/home/wasp_mini/ros2_ws/src/wasp_mini_controller' with build type 'ament_python'
[1.291s] Level 1:colcon.colcon_core.shell:create_environment_hook('wasp_mini_controller', 'ament_prefix_path')
[1.292s] INFO:colcon.colcon_core.shell:Creating environment hook '/home/wasp_mini/ros2_ws/install/wasp_mini_controller/share/wasp_mini_controller/hook/ament_prefix_path.ps1'
[1.293s] INFO:colcon.colcon_core.shell:Creating environment descriptor '/home/wasp_mini/ros2_ws/install/wasp_mini_controller/share/wasp_mini_controller/hook/ament_prefix_path.dsv'
[1.294s] INFO:colcon.colcon_core.shell:Creating environment hook '/home/wasp_mini/ros2_ws/install/wasp_mini_controller/share/wasp_mini_controller/hook/ament_prefix_path.sh'
[1.296s] INFO:colcon.colcon_core.shell:Skip shell extension 'powershell' for command environment: Not usable outside of PowerShell
[1.296s] DEBUG:colcon.colcon_core.shell:Skip shell extension 'dsv' for command environment
[1.312s] DEBUG:colcon.colcon_core.shell:Ignoring prefix path '/opt/ros/foxy'
[1.322s] Level 1:colcon.colcon_core.environment:create_environment_scripts_only(sick_scan2)
[1.326s] Level 1:colcon.colcon_core.environment:checking '/home/wasp_mini/ros2_ws/install/sick_scan2' for CMake module files
[1.328s] Level 1:colcon.colcon_core.environment:checking '/home/wasp_mini/ros2_ws/install/sick_scan2' for CMake config files
[1.329s] Level 1:colcon.colcon_core.shell:create_environment_hook('sick_scan2', 'cmake_prefix_path')
[1.326s] DEBUG:colcon.colcon_core.event_handler.log_command:Invoked command in '/home/wasp_mini/ros2_ws/build/sick_scan2' returned '0': CMAKE_PREFIX_PATH=/opt/ros/foxy /usr/bin/cmake --install /home/wasp_mini/ros2_ws/build/sick_scan2
[1.330s] INFO:colcon.colcon_core.shell:Creating environment hook '/home/wasp_mini/ros2_ws/install/sick_scan2/share/sick_scan2/hook/cmake_prefix_path.ps1'
[1.342s] INFO:colcon.colcon_core.shell:Creating environment descriptor '/home/wasp_mini/ros2_ws/install/sick_scan2/share/sick_scan2/hook/cmake_prefix_path.dsv'
[1.342s] INFO:colcon.colcon_core.shell:Creating environment hook '/home/wasp_mini/ros2_ws/install/sick_scan2/share/sick_scan2/hook/cmake_prefix_path.sh'
[1.343s] Level 1:colcon.colcon_core.environment:checking '/home/wasp_mini/ros2_ws/install/sick_scan2/lib'
[1.343s] Level 1:colcon.colcon_core.environment:checking '/home/wasp_mini/ros2_ws/install/sick_scan2/bin'
[1.343s] Level 1:colcon.colcon_core.environment:checking '/home/wasp_mini/ros2_ws/install/sick_scan2/lib/pkgconfig/sick_scan2.pc'
[1.343s] Level 1:colcon.colcon_core.environment:checking '/home/wasp_mini/ros2_ws/install/sick_scan2/lib/python3.8/site-packages'
[1.344s] INFO:colcon.colcon_core.shell:Creating package script '/home/wasp_mini/ros2_ws/install/sick_scan2/share/sick_scan2/package.ps1'
[1.345s] INFO:colcon.colcon_core.shell:Creating package descriptor '/home/wasp_mini/ros2_ws/install/sick_scan2/share/sick_scan2/package.dsv'
[1.346s] INFO:colcon.colcon_core.shell:Creating package script '/home/wasp_mini/ros2_ws/install/sick_scan2/share/sick_scan2/package.sh'
[1.346s] INFO:colcon.colcon_core.shell:Creating package script '/home/wasp_mini/ros2_ws/install/sick_scan2/share/sick_scan2/package.bash'
[1.347s] INFO:colcon.colcon_core.shell:Creating package script '/home/wasp_mini/ros2_ws/install/sick_scan2/share/sick_scan2/package.zsh'
[1.347s] Level 1:colcon.colcon_core.environment:create_file_with_runtime_dependencies(/home/wasp_mini/ros2_ws/install/sick_scan2/share/colcon-core/packages/sick_scan2)
[1.766s] INFO:colcon.colcon_core.task.python.build:Building Python package in '/home/wasp_mini/ros2_ws/src/wasp_mini_controller'
[1.767s] INFO:colcon.colcon_core.shell:Skip shell extension 'powershell' for command environment: Not usable outside of PowerShell
[1.767s] DEBUG:colcon.colcon_core.shell:Skip shell extension 'dsv' for command environment
[1.769s] DEBUG:colcon.colcon_core.shell:Ignoring prefix path '/opt/ros/foxy'
[1.779s] Level 1:colcon.colcon_core.environment:create_environment_scripts_only(sick_scan2)
[1.781s] Level 1:colcon.colcon_core.environment:checking '/home/wasp_mini/ros2_ws/install/sick_scan2' for CMake module files
[1.783s] Level 1:colcon.colcon_core.environment:checking '/home/wasp_mini/ros2_ws/install/sick_scan2' for CMake config files
[1.784s] Level 1:colcon.colcon_core.shell:create_environment_hook('sick_scan2', 'cmake_prefix_path')
[1.786s] INFO:colcon.colcon_core.shell:Creating environment hook '/home/wasp_mini/ros2_ws/install/sick_scan2/share/sick_scan2/hook/cmake_prefix_path.ps1'
[1.787s] INFO:colcon.colcon_core.shell:Creating environment descriptor '/home/wasp_mini/ros2_ws/install/sick_scan2/share/sick_scan2/hook/cmake_prefix_path.dsv'
[1.788s] INFO:colcon.colcon_core.shell:Creating environment hook '/home/wasp_mini/ros2_ws/install/sick_scan2/share/sick_scan2/hook/cmake_prefix_path.sh'
[1.789s] Level 1:colcon.colcon_core.environment:checking '/home/wasp_mini/ros2_ws/install/sick_scan2/lib'
[1.789s] Level 1:colcon.colcon_core.environment:checking '/home/wasp_mini/ros2_ws/install/sick_scan2/bin'
[1.789s] Level 1:colcon.colcon_core.environment:checking '/home/wasp_mini/ros2_ws/install/sick_scan2/lib/pkgconfig/sick_scan2.pc'
[1.790s] Level 1:colcon.colcon_core.environment:checking '/home/wasp_mini/ros2_ws/install/sick_scan2/lib/python3.8/site-packages'
[1.791s] INFO:colcon.colcon_core.shell:Creating package script '/home/wasp_mini/ros2_ws/install/sick_scan2/share/sick_scan2/package.ps1'
[1.792s] INFO:colcon.colcon_core.shell:Creating package descriptor '/home/wasp_mini/ros2_ws/install/sick_scan2/share/sick_scan2/package.dsv'
[1.793s] INFO:colcon.colcon_core.shell:Creating package script '/home/wasp_mini/ros2_ws/install/sick_scan2/share/sick_scan2/package.sh'
[1.794s] INFO:colcon.colcon_core.shell:Creating package script '/home/wasp_mini/ros2_ws/install/sick_scan2/share/sick_scan2/package.bash'
[1.795s] INFO:colcon.colcon_core.shell:Creating package script '/home/wasp_mini/ros2_ws/install/sick_scan2/share/sick_scan2/package.zsh'
[1.796s] Level 1:colcon.colcon_core.environment:create_file_with_runtime_dependencies(/home/wasp_mini/ros2_ws/install/sick_scan2/share/colcon-core/packages/sick_scan2)
[1.802s] DEBUG:colcon.colcon_core.event_handler.log_command:Invoked command in '/home/wasp_mini/ros2_ws/build/vectornav_msgs' returned '0': CMAKE_PREFIX_PATH=/opt/ros/foxy /usr/bin/cmake --build /home/wasp_mini/ros2_ws/build/vectornav_msgs -- -j4 -l4
[1.809s] DEBUG:colcon.colcon_core.event_handler.log_command:Invoking command in '/home/wasp_mini/ros2_ws/src/wasp_mini_controller': PYTHONPATH=/home/wasp_mini/ros2_ws/install/wasp_mini_controller/lib/python3.8/site-packages:${PYTHONPATH} /usr/bin/python3 setup.py egg_info --egg-base ../../build/wasp_mini_controller build --build-base /home/wasp_mini/ros2_ws/build/wasp_mini_controller/build install --prefix /home/wasp_mini/ros2_ws/install/wasp_mini_controller --record /home/wasp_mini/ros2_ws/build/wasp_mini_controller/install.log --single-version-externally-managed
[1.815s] INFO:colcon.colcon_ros.task.ament_cmake.build:Building ROS package in '/home/wasp_mini/ros2_ws/src/wasp_mini_joy' with build type 'ament_cmake'
[1.816s] INFO:colcon.colcon_cmake.task.cmake.build:Building CMake package in '/home/wasp_mini/ros2_ws/src/wasp_mini_joy'
[1.818s] INFO:colcon.colcon_core.shell:Skip shell extension 'powershell' for command environment: Not usable outside of PowerShell
[1.819s] DEBUG:colcon.colcon_core.shell:Skip shell extension 'dsv' for command environment
[1.823s] DEBUG:colcon.colcon_core.shell:Ignoring prefix path '/opt/ros/foxy'
[1.853s] DEBUG:colcon.colcon_core.event_handler.log_command:Invoking command in '/home/wasp_mini/ros2_ws/build/wasp_mini_joy': CMAKE_PREFIX_PATH=/opt/ros/foxy /usr/bin/cmake --build /home/wasp_mini/ros2_ws/build/wasp_mini_joy -- -j4 -l4
[2.048s] DEBUG:colcon.colcon_core.event_handler.log_command:Invoked command in '/home/wasp_mini/ros2_ws/build/wasp_mini_joy' returned '0': CMAKE_PREFIX_PATH=/opt/ros/foxy /usr/bin/cmake --build /home/wasp_mini/ros2_ws/build/wasp_mini_joy -- -j4 -l4
[2.105s] DEBUG:colcon.colcon_core.event_handler.log_command:Invoking command in '/home/wasp_mini/ros2_ws/build/wasp_mini_joy': CMAKE_PREFIX_PATH=/opt/ros/foxy /usr/bin/cmake --install /home/wasp_mini/ros2_ws/build/wasp_mini_joy
[2.136s] Level 1:colcon.colcon_core.environment:create_environment_scripts_only(wasp_mini_joy)
[2.139s] Level 1:colcon.colcon_core.environment:checking '/home/wasp_mini/ros2_ws/install/wasp_mini_joy' for CMake module files
[2.141s] Level 1:colcon.colcon_core.environment:checking '/home/wasp_mini/ros2_ws/install/wasp_mini_joy' for CMake config files
[2.141s] Level 1:colcon.colcon_core.shell:create_environment_hook('wasp_mini_joy', 'cmake_prefix_path')
[2.143s] INFO:colcon.colcon_core.shell:Creating environment hook '/home/wasp_mini/ros2_ws/install/wasp_mini_joy/share/wasp_mini_joy/hook/cmake_prefix_path.ps1'
[2.144s] INFO:colcon.colcon_core.shell:Creating environment descriptor '/home/wasp_mini/ros2_ws/install/wasp_mini_joy/share/wasp_mini_joy/hook/cmake_prefix_path.dsv'
[2.145s] DEBUG:colcon.colcon_core.event_handler.log_command:Invoked command in '/home/wasp_mini/ros2_ws/build/wasp_mini_joy' returned '0': CMAKE_PREFIX_PATH=/opt/ros/foxy /usr/bin/cmake --install /home/wasp_mini/ros2_ws/build/wasp_mini_joy
[2.146s] INFO:colcon.colcon_core.shell:Creating environment hook '/home/wasp_mini/ros2_ws/install/wasp_mini_joy/share/wasp_mini_joy/hook/cmake_prefix_path.sh'
[2.148s] Level 1:colcon.colcon_core.environment:checking '/home/wasp_mini/ros2_ws/install/wasp_mini_joy/lib'
[2.148s] Level 1:colcon.colcon_core.environment:checking '/home/wasp_mini/ros2_ws/install/wasp_mini_joy/bin'
[2.148s] Level 1:colcon.colcon_core.environment:checking '/home/wasp_mini/ros2_ws/install/wasp_mini_joy/lib/pkgconfig/wasp_mini_joy.pc'
[2.148s] Level 1:colcon.colcon_core.environment:checking '/home/wasp_mini/ros2_ws/install/wasp_mini_joy/lib/python3.8/site-packages'
[2.150s] INFO:colcon.colcon_core.shell:Creating package script '/home/wasp_mini/ros2_ws/install/wasp_mini_joy/share/wasp_mini_joy/package.ps1'
[2.152s] INFO:colcon.colcon_core.shell:Creating package descriptor '/home/wasp_mini/ros2_ws/install/wasp_mini_joy/share/wasp_mini_joy/package.dsv'
[2.152s] INFO:colcon.colcon_core.shell:Creating package script '/home/wasp_mini/ros2_ws/install/wasp_mini_joy/share/wasp_mini_joy/package.sh'
[2.153s] INFO:colcon.colcon_core.shell:Creating package script '/home/wasp_mini/ros2_ws/install/wasp_mini_joy/share/wasp_mini_joy/package.bash'
[2.154s] INFO:colcon.colcon_core.shell:Creating package script '/home/wasp_mini/ros2_ws/install/wasp_mini_joy/share/wasp_mini_joy/package.zsh'
[2.155s] Level 1:colcon.colcon_core.environment:create_file_with_runtime_dependencies(/home/wasp_mini/ros2_ws/install/wasp_mini_joy/share/colcon-core/packages/wasp_mini_joy)
[2.217s] Level 1:colcon.colcon_core.environment:create_environment_scripts_only(wasp_mini_joy)
[2.219s] Level 1:colcon.colcon_core.environment:checking '/home/wasp_mini/ros2_ws/install/wasp_mini_joy' for CMake module files
[2.221s] Level 1:colcon.colcon_core.environment:checking '/home/wasp_mini/ros2_ws/install/wasp_mini_joy' for CMake config files
[2.222s] Level 1:colcon.colcon_core.shell:create_environment_hook('wasp_mini_joy', 'cmake_prefix_path')
[2.223s] INFO:colcon.colcon_core.shell:Creating environment hook '/home/wasp_mini/ros2_ws/install/wasp_mini_joy/share/wasp_mini_joy/hook/cmake_prefix_path.ps1'
[2.224s] INFO:colcon.colcon_core.shell:Creating environment descriptor '/home/wasp_mini/ros2_ws/install/wasp_mini_joy/share/wasp_mini_joy/hook/cmake_prefix_path.dsv'
[2.225s] INFO:colcon.colcon_core.shell:Creating environment hook '/home/wasp_mini/ros2_ws/install/wasp_mini_joy/share/wasp_mini_joy/hook/cmake_prefix_path.sh'
[2.226s] Level 1:colcon.colcon_core.environment:checking '/home/wasp_mini/ros2_ws/install/wasp_mini_joy/lib'
[2.227s] Level 1:colcon.colcon_core.environment:checking '/home/wasp_mini/ros2_ws/install/wasp_mini_joy/bin'
[2.227s] Level 1:colcon.colcon_core.environment:checking '/home/wasp_mini/ros2_ws/install/wasp_mini_joy/lib/pkgconfig/wasp_mini_joy.pc'
[2.227s] Level 1:colcon.colcon_core.environment:checking '/home/wasp_mini/ros2_ws/install/wasp_mini_joy/lib/python3.8/site-packages'
[2.229s] INFO:colcon.colcon_core.shell:Creating package script '/home/wasp_mini/ros2_ws/install/wasp_mini_joy/share/wasp_mini_joy/package.ps1'
[2.231s] INFO:colcon.colcon_core.shell:Creating package descriptor '/home/wasp_mini/ros2_ws/install/wasp_mini_joy/share/wasp_mini_joy/package.dsv'
[2.232s] INFO:colcon.colcon_core.shell:Creating package script '/home/wasp_mini/ros2_ws/install/wasp_mini_joy/share/wasp_mini_joy/package.sh'
[2.234s] INFO:colcon.colcon_core.shell:Creating package script '/home/wasp_mini/ros2_ws/install/wasp_mini_joy/share/wasp_mini_joy/package.bash'
[2.235s] INFO:colcon.colcon_core.shell:Creating package script '/home/wasp_mini/ros2_ws/install/wasp_mini_joy/share/wasp_mini_joy/package.zsh'
[2.235s] Level 1:colcon.colcon_core.environment:create_file_with_runtime_dependencies(/home/wasp_mini/ros2_ws/install/wasp_mini_joy/share/colcon-core/packages/wasp_mini_joy)
[2.278s] DEBUG:colcon.colcon_core.event_handler.log_command:Invoking command in '/home/wasp_mini/ros2_ws/build/vectornav_msgs': CMAKE_PREFIX_PATH=/opt/ros/foxy /usr/bin/cmake --install /home/wasp_mini/ros2_ws/build/vectornav_msgs
[2.418s] Level 1:colcon.colcon_core.environment:create_environment_scripts_only(vectornav_msgs)
[2.420s] Level 1:colcon.colcon_core.environment:checking '/home/wasp_mini/ros2_ws/install/vectornav_msgs' for CMake module files
[2.423s] DEBUG:colcon.colcon_core.event_handler.log_command:Invoked command in '/home/wasp_mini/ros2_ws/build/vectornav_msgs' returned '0': CMAKE_PREFIX_PATH=/opt/ros/foxy /usr/bin/cmake --install /home/wasp_mini/ros2_ws/build/vectornav_msgs
[2.423s] Level 1:colcon.colcon_core.environment:checking '/home/wasp_mini/ros2_ws/install/vectornav_msgs' for CMake config files
[2.425s] Level 1:colcon.colcon_core.shell:create_environment_hook('vectornav_msgs', 'cmake_prefix_path')
[2.426s] INFO:colcon.colcon_core.shell:Creating environment hook '/home/wasp_mini/ros2_ws/install/vectornav_msgs/share/vectornav_msgs/hook/cmake_prefix_path.ps1'
[2.426s] INFO:colcon.colcon_core.shell:Creating environment descriptor '/home/wasp_mini/ros2_ws/install/vectornav_msgs/share/vectornav_msgs/hook/cmake_prefix_path.dsv'
[2.427s] INFO:colcon.colcon_core.shell:Creating environment hook '/home/wasp_mini/ros2_ws/install/vectornav_msgs/share/vectornav_msgs/hook/cmake_prefix_path.sh'
[2.428s] Level 1:colcon.colcon_core.environment:checking '/home/wasp_mini/ros2_ws/install/vectornav_msgs/lib'
[2.428s] Level 1:colcon.colcon_core.shell:create_environment_hook('vectornav_msgs', 'ld_library_path_lib')
[2.429s] INFO:colcon.colcon_core.shell:Creating environment hook '/home/wasp_mini/ros2_ws/install/vectornav_msgs/share/vectornav_msgs/hook/ld_library_path_lib.ps1'
[2.429s] INFO:colcon.colcon_core.shell:Creating environment descriptor '/home/wasp_mini/ros2_ws/install/vectornav_msgs/share/vectornav_msgs/hook/ld_library_path_lib.dsv'
[2.430s] INFO:colcon.colcon_core.shell:Creating environment hook '/home/wasp_mini/ros2_ws/install/vectornav_msgs/share/vectornav_msgs/hook/ld_library_path_lib.sh'
[2.430s] Level 1:colcon.colcon_core.environment:checking '/home/wasp_mini/ros2_ws/install/vectornav_msgs/bin'
[2.431s] Level 1:colcon.colcon_core.environment:checking '/home/wasp_mini/ros2_ws/install/vectornav_msgs/lib/pkgconfig/vectornav_msgs.pc'
[2.431s] Level 1:colcon.colcon_core.environment:checking '/home/wasp_mini/ros2_ws/install/vectornav_msgs/lib/python3.8/site-packages'
[2.431s] Level 1:colcon.colcon_core.shell:create_environment_hook('vectornav_msgs', 'pythonpath')
[2.432s] INFO:colcon.colcon_core.shell:Creating environment hook '/home/wasp_mini/ros2_ws/install/vectornav_msgs/share/vectornav_msgs/hook/pythonpath.ps1'
[2.433s] INFO:colcon.colcon_core.shell:Creating environment descriptor '/home/wasp_mini/ros2_ws/install/vectornav_msgs/share/vectornav_msgs/hook/pythonpath.dsv'
[2.433s] INFO:colcon.colcon_core.shell:Creating environment hook '/home/wasp_mini/ros2_ws/install/vectornav_msgs/share/vectornav_msgs/hook/pythonpath.sh'
[2.435s] INFO:colcon.colcon_core.shell:Creating package script '/home/wasp_mini/ros2_ws/install/vectornav_msgs/share/vectornav_msgs/package.ps1'
[2.436s] INFO:colcon.colcon_core.shell:Creating package descriptor '/home/wasp_mini/ros2_ws/install/vectornav_msgs/share/vectornav_msgs/package.dsv'
[2.437s] INFO:colcon.colcon_core.shell:Creating package script '/home/wasp_mini/ros2_ws/install/vectornav_msgs/share/vectornav_msgs/package.sh'
[2.438s] INFO:colcon.colcon_core.shell:Creating package script '/home/wasp_mini/ros2_ws/install/vectornav_msgs/share/vectornav_msgs/package.bash'
[2.439s] INFO:colcon.colcon_core.shell:Creating package script '/home/wasp_mini/ros2_ws/install/vectornav_msgs/share/vectornav_msgs/package.zsh'
[2.440s] Level 1:colcon.colcon_core.environment:create_file_with_runtime_dependencies(/home/wasp_mini/ros2_ws/install/vectornav_msgs/share/colcon-core/packages/vectornav_msgs)
[2.567s] Level 1:colcon.colcon_core.environment:checking '/home/wasp_mini/ros2_ws/install/wasp_mini_controller' for CMake module files
[2.569s] DEBUG:colcon.colcon_core.event_handler.log_command:Invoked command in '/home/wasp_mini/ros2_ws/src/wasp_mini_controller' returned '0': PYTHONPATH=/home/wasp_mini/ros2_ws/install/wasp_mini_controller/lib/python3.8/site-packages:${PYTHONPATH} /usr/bin/python3 setup.py egg_info --egg-base ../../build/wasp_mini_controller build --build-base /home/wasp_mini/ros2_ws/build/wasp_mini_controller/build install --prefix /home/wasp_mini/ros2_ws/install/wasp_mini_controller --record /home/wasp_mini/ros2_ws/build/wasp_mini_controller/install.log --single-version-externally-managed
[2.569s] Level 1:colcon.colcon_core.environment:checking '/home/wasp_mini/ros2_ws/install/wasp_mini_controller' for CMake config files
[2.570s] Level 1:colcon.colcon_core.environment:checking '/home/wasp_mini/ros2_ws/install/wasp_mini_controller/lib'
[2.570s] Level 1:colcon.colcon_core.environment:checking '/home/wasp_mini/ros2_ws/install/wasp_mini_controller/bin'
[2.570s] Level 1:colcon.colcon_core.environment:checking '/home/wasp_mini/ros2_ws/install/wasp_mini_controller/lib/pkgconfig/wasp_mini_controller.pc'
[2.570s] Level 1:colcon.colcon_core.environment:checking '/home/wasp_mini/ros2_ws/install/wasp_mini_controller/lib/python3.8/site-packages'
[2.570s] Level 1:colcon.colcon_core.shell:create_environment_hook('wasp_mini_controller', 'pythonpath')
[2.571s] INFO:colcon.colcon_core.shell:Creating environment hook '/home/wasp_mini/ros2_ws/install/wasp_mini_controller/share/wasp_mini_controller/hook/pythonpath.ps1'
[2.572s] INFO:colcon.colcon_core.shell:Creating environment descriptor '/home/wasp_mini/ros2_ws/install/wasp_mini_controller/share/wasp_mini_controller/hook/pythonpath.dsv'
[2.573s] INFO:colcon.colcon_core.shell:Creating environment hook '/home/wasp_mini/ros2_ws/install/wasp_mini_controller/share/wasp_mini_controller/hook/pythonpath.sh'
[2.573s] Level 1:colcon.colcon_core.environment:create_environment_scripts_only(wasp_mini_controller)
[2.575s] INFO:colcon.colcon_core.shell:Creating package script '/home/wasp_mini/ros2_ws/install/wasp_mini_controller/share/wasp_mini_controller/package.ps1'
[2.576s] INFO:colcon.colcon_core.shell:Creating package descriptor '/home/wasp_mini/ros2_ws/install/wasp_mini_controller/share/wasp_mini_controller/package.dsv'
[2.576s] INFO:colcon.colcon_core.shell:Creating package script '/home/wasp_mini/ros2_ws/install/wasp_mini_controller/share/wasp_mini_controller/package.sh'
[2.577s] INFO:colcon.colcon_core.shell:Creating package script '/home/wasp_mini/ros2_ws/install/wasp_mini_controller/share/wasp_mini_controller/package.bash'
[2.578s] INFO:colcon.colcon_core.shell:Creating package script '/home/wasp_mini/ros2_ws/install/wasp_mini_controller/share/wasp_mini_controller/package.zsh'
[2.578s] Level 1:colcon.colcon_core.environment:create_file_with_runtime_dependencies(/home/wasp_mini/ros2_ws/install/wasp_mini_controller/share/colcon-core/packages/wasp_mini_controller)
[2.767s] Level 1:colcon.colcon_core.environment:create_environment_scripts_only(vectornav_msgs)
[2.769s] Level 1:colcon.colcon_core.environment:checking '/home/wasp_mini/ros2_ws/install/vectornav_msgs' for CMake module files
[2.771s] Level 1:colcon.colcon_core.environment:checking '/home/wasp_mini/ros2_ws/install/vectornav_msgs' for CMake config files
[2.772s] Level 1:colcon.colcon_core.shell:create_environment_hook('vectornav_msgs', 'cmake_prefix_path')
[2.774s] INFO:colcon.colcon_core.shell:Creating environment hook '/home/wasp_mini/ros2_ws/install/vectornav_msgs/share/vectornav_msgs/hook/cmake_prefix_path.ps1'
[2.775s] INFO:colcon.colcon_core.shell:Creating environment descriptor '/home/wasp_mini/ros2_ws/install/vectornav_msgs/share/vectornav_msgs/hook/cmake_prefix_path.dsv'
[2.775s] INFO:colcon.colcon_core.shell:Creating environment hook '/home/wasp_mini/ros2_ws/install/vectornav_msgs/share/vectornav_msgs/hook/cmake_prefix_path.sh'
[2.776s] Level 1:colcon.colcon_core.environment:checking '/home/wasp_mini/ros2_ws/install/vectornav_msgs/lib'
[2.777s] Level 1:colcon.colcon_core.shell:create_environment_hook('vectornav_msgs', 'ld_library_path_lib')
[2.778s] INFO:colcon.colcon_core.shell:Creating environment hook '/home/wasp_mini/ros2_ws/install/vectornav_msgs/share/vectornav_msgs/hook/ld_library_path_lib.ps1'
[2.779s] INFO:colcon.colcon_core.shell:Creating environment descriptor '/home/wasp_mini/ros2_ws/install/vectornav_msgs/share/vectornav_msgs/hook/ld_library_path_lib.dsv'
[2.779s] INFO:colcon.colcon_core.shell:Creating environment hook '/home/wasp_mini/ros2_ws/install/vectornav_msgs/share/vectornav_msgs/hook/ld_library_path_lib.sh'
[2.780s] Level 1:colcon.colcon_core.environment:checking '/home/wasp_mini/ros2_ws/install/vectornav_msgs/bin'
[2.780s] Level 1:colcon.colcon_core.environment:checking '/home/wasp_mini/ros2_ws/install/vectornav_msgs/lib/pkgconfig/vectornav_msgs.pc'
[2.780s] Level 1:colcon.colcon_core.environment:checking '/home/wasp_mini/ros2_ws/install/vectornav_msgs/lib/python3.8/site-packages'
[2.780s] Level 1:colcon.colcon_core.shell:create_environment_hook('vectornav_msgs', 'pythonpath')
[2.782s] INFO:colcon.colcon_core.shell:Creating environment hook '/home/wasp_mini/ros2_ws/install/vectornav_msgs/share/vectornav_msgs/hook/pythonpath.ps1'
[2.783s] INFO:colcon.colcon_core.shell:Creating environment descriptor '/home/wasp_mini/ros2_ws/install/vectornav_msgs/share/vectornav_msgs/hook/pythonpath.dsv'
[2.784s] INFO:colcon.colcon_core.shell:Creating environment hook '/home/wasp_mini/ros2_ws/install/vectornav_msgs/share/vectornav_msgs/hook/pythonpath.sh'
[2.786s] INFO:colcon.colcon_core.shell:Creating package script '/home/wasp_mini/ros2_ws/install/vectornav_msgs/share/vectornav_msgs/package.ps1'
[2.787s] INFO:colcon.colcon_core.shell:Creating package descriptor '/home/wasp_mini/ros2_ws/install/vectornav_msgs/share/vectornav_msgs/package.dsv'
[2.788s] INFO:colcon.colcon_core.shell:Creating package script '/home/wasp_mini/ros2_ws/install/vectornav_msgs/share/vectornav_msgs/package.sh'
[2.789s] INFO:colcon.colcon_core.shell:Creating package script '/home/wasp_mini/ros2_ws/install/vectornav_msgs/share/vectornav_msgs/package.bash'
[2.790s] INFO:colcon.colcon_core.shell:Creating package script '/home/wasp_mini/ros2_ws/install/vectornav_msgs/share/vectornav_msgs/package.zsh'
[2.791s] Level 1:colcon.colcon_core.environment:create_file_with_runtime_dependencies(/home/wasp_mini/ros2_ws/install/vectornav_msgs/share/colcon-core/packages/vectornav_msgs)
[2.791s] INFO:colcon.colcon_ros.task.ament_cmake.build:Building ROS package in '/home/wasp_mini/ros2_ws/src/vectornav/vectornav' with build type 'ament_cmake'
[2.792s] INFO:colcon.colcon_cmake.task.cmake.build:Building CMake package in '/home/wasp_mini/ros2_ws/src/vectornav/vectornav'
[2.794s] INFO:colcon.colcon_core.shell:Skip shell extension 'powershell' for command environment: Not usable outside of PowerShell
[2.794s] DEBUG:colcon.colcon_core.shell:Skip shell extension 'dsv' for command environment
[2.797s] DEBUG:colcon.colcon_core.shell:Ignoring prefix path '/opt/ros/foxy'
[2.817s] DEBUG:colcon.colcon_core.event_handler.log_command:Invoking command in '/home/wasp_mini/ros2_ws/build/vectornav': AMENT_PREFIX_PATH=/home/wasp_mini/ros2_ws/install/vectornav_msgs:${AMENT_PREFIX_PATH} CMAKE_PREFIX_PATH=/home/wasp_mini/ros2_ws/install/vectornav_msgs:/opt/ros/foxy LD_LIBRARY_PATH=/home/wasp_mini/ros2_ws/install/vectornav_msgs/lib:${LD_LIBRARY_PATH} PYTHONPATH=/home/wasp_mini/ros2_ws/install/vectornav_msgs/lib/python3.8/site-packages:${PYTHONPATH} /usr/bin/cmake --build /home/wasp_mini/ros2_ws/build/vectornav -- -j4 -l4
[2.978s] DEBUG:colcon.colcon_core.event_handler.log_command:Invoked command in '/home/wasp_mini/ros2_ws/build/vectornav' returned '0': AMENT_PREFIX_PATH=/home/wasp_mini/ros2_ws/install/vectornav_msgs:${AMENT_PREFIX_PATH} CMAKE_PREFIX_PATH=/home/wasp_mini/ros2_ws/install/vectornav_msgs:/opt/ros/foxy LD_LIBRARY_PATH=/home/wasp_mini/ros2_ws/install/vectornav_msgs/lib:${LD_LIBRARY_PATH} PYTHONPATH=/home/wasp_mini/ros2_ws/install/vectornav_msgs/lib/python3.8/site-packages:${PYTHONPATH} /usr/bin/cmake --build /home/wasp_mini/ros2_ws/build/vectornav -- -j4 -l4
[3.022s] DEBUG:colcon.colcon_core.event_handler.log_command:Invoking command in '/home/wasp_mini/ros2_ws/build/vectornav': AMENT_PREFIX_PATH=/home/wasp_mini/ros2_ws/install/vectornav_msgs:${AMENT_PREFIX_PATH} CMAKE_PREFIX_PATH=/home/wasp_mini/ros2_ws/install/vectornav_msgs:/opt/ros/foxy LD_LIBRARY_PATH=/home/wasp_mini/ros2_ws/install/vectornav_msgs/lib:${LD_LIBRARY_PATH} PYTHONPATH=/home/wasp_mini/ros2_ws/install/vectornav_msgs/lib/python3.8/site-packages:${PYTHONPATH} /usr/bin/cmake --install /home/wasp_mini/ros2_ws/build/vectornav
[3.044s] Level 1:colcon.colcon_core.environment:create_environment_scripts_only(vectornav)
[3.046s] Level 1:colcon.colcon_core.environment:checking '/home/wasp_mini/ros2_ws/install/vectornav' for CMake module files
[3.049s] Level 1:colcon.colcon_core.environment:checking '/home/wasp_mini/ros2_ws/install/vectornav' for CMake config files
[3.052s] DEBUG:colcon.colcon_core.event_handler.log_command:Invoked command in '/home/wasp_mini/ros2_ws/build/vectornav' returned '0': AMENT_PREFIX_PATH=/home/wasp_mini/ros2_ws/install/vectornav_msgs:${AMENT_PREFIX_PATH} CMAKE_PREFIX_PATH=/home/wasp_mini/ros2_ws/install/vectornav_msgs:/opt/ros/foxy LD_LIBRARY_PATH=/home/wasp_mini/ros2_ws/install/vectornav_msgs/lib:${LD_LIBRARY_PATH} PYTHONPATH=/home/wasp_mini/ros2_ws/install/vectornav_msgs/lib/python3.8/site-packages:${PYTHONPATH} /usr/bin/cmake --install /home/wasp_mini/ros2_ws/build/vectornav
[3.052s] Level 1:colcon.colcon_core.shell:create_environment_hook('vectornav', 'cmake_prefix_path')
[3.053s] INFO:colcon.colcon_core.shell:Creating environment hook '/home/wasp_mini/ros2_ws/install/vectornav/share/vectornav/hook/cmake_prefix_path.ps1'
[3.054s] INFO:colcon.colcon_core.shell:Creating environment descriptor '/home/wasp_mini/ros2_ws/install/vectornav/share/vectornav/hook/cmake_prefix_path.dsv'
[3.054s] INFO:colcon.colcon_core.shell:Creating environment hook '/home/wasp_mini/ros2_ws/install/vectornav/share/vectornav/hook/cmake_prefix_path.sh'
[3.055s] Level 1:colcon.colcon_core.environment:checking '/home/wasp_mini/ros2_ws/install/vectornav/lib'
[3.056s] Level 1:colcon.colcon_core.shell:create_environment_hook('vectornav', 'ld_library_path_lib')
[3.057s] INFO:colcon.colcon_core.shell:Creating environment hook '/home/wasp_mini/ros2_ws/install/vectornav/share/vectornav/hook/ld_library_path_lib.ps1'
[3.057s] INFO:colcon.colcon_core.shell:Creating environment descriptor '/home/wasp_mini/ros2_ws/install/vectornav/share/vectornav/hook/ld_library_path_lib.dsv'
[3.058s] INFO:colcon.colcon_core.shell:Creating environment hook '/home/wasp_mini/ros2_ws/install/vectornav/share/vectornav/hook/ld_library_path_lib.sh'
[3.058s] Level 1:colcon.colcon_core.environment:checking '/home/wasp_mini/ros2_ws/install/vectornav/bin'
[3.058s] Level 1:colcon.colcon_core.environment:checking '/home/wasp_mini/ros2_ws/install/vectornav/lib/pkgconfig/vectornav.pc'
[3.059s] Level 1:colcon.colcon_core.environment:checking '/home/wasp_mini/ros2_ws/install/vectornav/lib/python3.8/site-packages'
[3.061s] INFO:colcon.colcon_core.shell:Creating package script '/home/wasp_mini/ros2_ws/install/vectornav/share/vectornav/package.ps1'
[3.062s] INFO:colcon.colcon_core.shell:Creating package descriptor '/home/wasp_mini/ros2_ws/install/vectornav/share/vectornav/package.dsv'
[3.063s] INFO:colcon.colcon_core.shell:Creating package script '/home/wasp_mini/ros2_ws/install/vectornav/share/vectornav/package.sh'
[3.064s] INFO:colcon.colcon_core.shell:Creating package script '/home/wasp_mini/ros2_ws/install/vectornav/share/vectornav/package.bash'
[3.064s] INFO:colcon.colcon_core.shell:Creating package script '/home/wasp_mini/ros2_ws/install/vectornav/share/vectornav/package.zsh'
[3.065s] Level 1:colcon.colcon_core.environment:create_file_with_runtime_dependencies(/home/wasp_mini/ros2_ws/install/vectornav/share/colcon-core/packages/vectornav)
[3.108s] Level 1:colcon.colcon_core.environment:create_environment_scripts_only(vectornav)
[3.110s] Level 1:colcon.colcon_core.environment:checking '/home/wasp_mini/ros2_ws/install/vectornav' for CMake module files
[3.112s] Level 1:colcon.colcon_core.environment:checking '/home/wasp_mini/ros2_ws/install/vectornav' for CMake config files
[3.112s] Level 1:colcon.colcon_core.shell:create_environment_hook('vectornav', 'cmake_prefix_path')
[3.114s] INFO:colcon.colcon_core.shell:Creating environment hook '/home/wasp_mini/ros2_ws/install/vectornav/share/vectornav/hook/cmake_prefix_path.ps1'
[3.115s] INFO:colcon.colcon_core.shell:Creating environment descriptor '/home/wasp_mini/ros2_ws/install/vectornav/share/vectornav/hook/cmake_prefix_path.dsv'
[3.116s] INFO:colcon.colcon_core.shell:Creating environment hook '/home/wasp_mini/ros2_ws/install/vectornav/share/vectornav/hook/cmake_prefix_path.sh'
[3.117s] Level 1:colcon.colcon_core.environment:checking '/home/wasp_mini/ros2_ws/install/vectornav/lib'
[3.117s] Level 1:colcon.colcon_core.shell:create_environment_hook('vectornav', 'ld_library_path_lib')
[3.119s] INFO:colcon.colcon_core.shell:Creating environment hook '/home/wasp_mini/ros2_ws/install/vectornav/share/vectornav/hook/ld_library_path_lib.ps1'
[3.120s] INFO:colcon.colcon_core.shell:Creating environment descriptor '/home/wasp_mini/ros2_ws/install/vectornav/share/vectornav/hook/ld_library_path_lib.dsv'
[3.120s] INFO:colcon.colcon_core.shell:Creating environment hook '/home/wasp_mini/ros2_ws/install/vectornav/share/vectornav/hook/ld_library_path_lib.sh'
[3.121s] Level 1:colcon.colcon_core.environment:checking '/home/wasp_mini/ros2_ws/install/vectornav/bin'
[3.121s] Level 1:colcon.colcon_core.environment:checking '/home/wasp_mini/ros2_ws/install/vectornav/lib/pkgconfig/vectornav.pc'
[3.121s] Level 1:colcon.colcon_core.environment:checking '/home/wasp_mini/ros2_ws/install/vectornav/lib/python3.8/site-packages'
[3.123s] INFO:colcon.colcon_core.shell:Creating package script '/home/wasp_mini/ros2_ws/install/vectornav/share/vectornav/package.ps1'
[3.125s] INFO:colcon.colcon_core.shell:Creating package descriptor '/home/wasp_mini/ros2_ws/install/vectornav/share/vectornav/package.dsv'
[3.126s] INFO:colcon.colcon_core.shell:Creating package script '/home/wasp_mini/ros2_ws/install/vectornav/share/vectornav/package.sh'
[3.127s] INFO:colcon.colcon_core.shell:Creating package script '/home/wasp_mini/ros2_ws/install/vectornav/share/vectornav/package.bash'
[3.128s] INFO:colcon.colcon_core.shell:Creating package script '/home/wasp_mini/ros2_ws/install/vectornav/share/vectornav/package.zsh'
[3.129s] Level 1:colcon.colcon_core.environment:create_file_with_runtime_dependencies(/home/wasp_mini/ros2_ws/install/vectornav/share/colcon-core/packages/vectornav)
[3.872s] DEBUG:colcon.colcon_core.event_handler.log_command:Invoked command in '/home/wasp_mini/ros2_ws/build/robot_localization' returned '1': CMAKE_PREFIX_PATH=/opt/ros/foxy /usr/bin/cmake /home/wasp_mini/ros2_ws/src/robot_localization -DCMAKE_INSTALL_PREFIX=/home/wasp_mini/ros2_ws/install/robot_localization
[3.892s] Level 1:colcon.colcon_core.environment:create_environment_scripts_only(robot_localization)
[3.894s] Level 1:colcon.colcon_core.environment:checking '/home/wasp_mini/ros2_ws/install/robot_localization' for CMake module files
[3.894s] Level 1:colcon.colcon_core.environment:checking '/home/wasp_mini/ros2_ws/install/robot_localization' for CMake config files
[3.895s] Level 1:colcon.colcon_core.environment:checking '/home/wasp_mini/ros2_ws/install/robot_localization/bin'
[3.895s] Level 1:colcon.colcon_core.environment:checking '/home/wasp_mini/ros2_ws/install/robot_localization/lib/pkgconfig/robot_localization.pc'
[3.895s] Level 1:colcon.colcon_core.environment:checking '/home/wasp_mini/ros2_ws/install/robot_localization/lib/python3.8/site-packages'
[3.896s] INFO:colcon.colcon_core.shell:Creating package script '/home/wasp_mini/ros2_ws/install/robot_localization/share/robot_localization/package.ps1'
[3.897s] INFO:colcon.colcon_core.shell:Creating package descriptor '/home/wasp_mini/ros2_ws/install/robot_localization/share/robot_localization/package.dsv'
[3.897s] INFO:colcon.colcon_core.shell:Creating package script '/home/wasp_mini/ros2_ws/install/robot_localization/share/robot_localization/package.sh'
[3.898s] INFO:colcon.colcon_core.shell:Creating package script '/home/wasp_mini/ros2_ws/install/robot_localization/share/robot_localization/package.bash'
[3.898s] INFO:colcon.colcon_core.shell:Creating package script '/home/wasp_mini/ros2_ws/install/robot_localization/share/robot_localization/package.zsh'
[3.899s] Level 1:colcon.colcon_core.environment:create_file_with_runtime_dependencies(/home/wasp_mini/ros2_ws/install/robot_localization/share/colcon-core/packages/robot_localization)
[3.900s] DEBUG:colcon.colcon_parallel_executor.executor.parallel:closing loop
[3.900s] DEBUG:colcon.colcon_parallel_executor.executor.parallel:loop closed
[3.900s] DEBUG:colcon.colcon_parallel_executor.executor.parallel:run_until_complete finished with '1'
[3.901s] DEBUG:colcon.colcon_core.event_reactor:joining thread
[3.910s] INFO:colcon.colcon_core.plugin_system:Skipping extension 'colcon_notification.desktop_notification.terminal_notifier': Not used on non-Darwin systems
[3.910s] INFO:colcon.colcon_core.plugin_system:Skipping extension 'colcon_notification.desktop_notification.win32': Not used on non-Windows systems
[3.911s] INFO:colcon.colcon_notification.desktop_notification:Sending desktop notification using 'notify2'
[3.933s] DEBUG:colcon.colcon_core.event_reactor:joined thread
[3.934s] INFO:colcon.colcon_core.shell:Creating prefix script '/home/wasp_mini/ros2_ws/install/local_setup.ps1'
[3.935s] INFO:colcon.colcon_core.shell:Creating prefix util module '/home/wasp_mini/ros2_ws/install/_local_setup_util_ps1.py'
[3.937s] INFO:colcon.colcon_core.shell:Creating prefix chain script '/home/wasp_mini/ros2_ws/install/setup.ps1'
[3.942s] INFO:colcon.colcon_core.shell:Creating prefix script '/home/wasp_mini/ros2_ws/install/local_setup.sh'
[3.943s] INFO:colcon.colcon_core.shell:Creating prefix util module '/home/wasp_mini/ros2_ws/install/_local_setup_util_sh.py'
[3.944s] INFO:colcon.colcon_core.shell:Creating prefix chain script '/home/wasp_mini/ros2_ws/install/setup.sh'
[3.947s] INFO:colcon.colcon_core.shell:Creating prefix script '/home/wasp_mini/ros2_ws/install/local_setup.bash'
[3.948s] INFO:colcon.colcon_core.shell:Creating prefix chain script '/home/wasp_mini/ros2_ws/install/setup.bash'
[3.950s] INFO:colcon.colcon_core.shell:Creating prefix script '/home/wasp_mini/ros2_ws/install/local_setup.zsh'
[3.951s] INFO:colcon.colcon_core.shell:Creating prefix chain script '/home/wasp_mini/ros2_ws/install/setup.zsh'
