[0.537s] DEBUG:colcon:Command line arguments: ['/usr/bin/colcon', 'build']
[0.537s] DEBUG:colcon:Parsed command line arguments: Namespace(ament_cmake_args=None, base_paths=['.'], build_base='build', catkin_cmake_args=None, catkin_skip_building_tests=False, cmake_args=None, cmake_clean_cache=False, cmake_clean_first=False, cmake_force_configure=False, cmake_target=None, cmake_target_skip_unavailable=False, continue_on_error=False, event_handlers=None, executor='parallel', ignore_user_meta=False, install_base='install', log_base=None, log_level=None, main=<bound method BuildVerb.main of <colcon_core.verb.build.BuildVerb object at 0x7fe4334a5460>>, merge_install=False, metas=['./colcon.meta'], packages_above=None, packages_above_and_dependencies=None, packages_above_depth=None, packages_end=None, packages_ignore=None, packages_ignore_regex=None, packages_select=None, packages_select_build_failed=False, packages_select_by_dep=None, packages_select_regex=None, packages_select_test_failures=False, packages_skip=None, packages_skip_build_finished=False, packages_skip_by_dep=None, packages_skip_regex=None, packages_skip_test_passed=False, packages_skip_up_to=None, packages_start=None, packages_up_to=None, packages_up_to_regex=None, parallel_workers=4, paths=None, symlink_install=False, test_result_base=None, verb_extension=<colcon_core.verb.build.BuildVerb object at 0x7fe4334a5460>, verb_name='build', verb_parser=<colcon_defaults.argument_parser.defaults.DefaultArgumentsDecorator object at 0x7fe433613400>)
[0.552s] Level 1:colcon.colcon_core.package_discovery:discover_packages(colcon_meta) check parameters
[0.553s] Level 1:colcon.colcon_core.package_discovery:discover_packages(recursive) check parameters
[0.553s] Level 1:colcon.colcon_core.package_discovery:discover_packages(ignore) check parameters
[0.553s] Level 1:colcon.colcon_core.package_discovery:discover_packages(path) check parameters
[0.553s] Level 1:colcon.colcon_core.package_discovery:discover_packages(colcon_meta) discover
[0.553s] Level 1:colcon.colcon_core.package_discovery:discover_packages(recursive) discover
[0.553s] INFO:colcon.colcon_core.package_discovery:Crawling recursively for packages in '/home/wasp_mini/ros2_ws'
[0.553s] Level 1:colcon.colcon_core.package_identification:_identify(.) by extensions ['ignore', 'ignore_ament_install']
[0.553s] Level 1:colcon.colcon_core.package_identification:_identify(.) by extension 'ignore'
[0.553s] Level 1:colcon.colcon_core.package_identification:_identify(.) by extension 'ignore_ament_install'
[0.553s] Level 1:colcon.colcon_core.package_identification:_identify(.) by extensions ['colcon_pkg']
[0.553s] Level 1:colcon.colcon_core.package_identification:_identify(.) by extension 'colcon_pkg'
[0.554s] Level 1:colcon.colcon_core.package_identification:_identify(.) by extensions ['colcon_meta']
[0.554s] Level 1:colcon.colcon_core.package_identification:_identify(.) by extension 'colcon_meta'
[0.554s] Level 1:colcon.colcon_core.package_identification:_identify(.) by extensions ['ros']
[0.554s] Level 1:colcon.colcon_core.package_identification:_identify(.) by extension 'ros'
[0.576s] Level 1:colcon.colcon_core.package_identification:_identify(.) by extensions ['cmake', 'python']
[0.576s] Level 1:colcon.colcon_core.package_identification:_identify(.) by extension 'cmake'
[0.576s] Level 1:colcon.colcon_core.package_identification:_identify(.) by extension 'python'
[0.576s] Level 1:colcon.colcon_core.package_identification:_identify(.) by extensions ['python_setup_py']
[0.576s] Level 1:colcon.colcon_core.package_identification:_identify(.) by extension 'python_setup_py'
[0.576s] Level 1:colcon.colcon_core.package_identification:_identify(build) by extensions ['ignore', 'ignore_ament_install']
[0.576s] Level 1:colcon.colcon_core.package_identification:_identify(build) by extension 'ignore'
[0.576s] Level 1:colcon.colcon_core.package_identification:_identify(build) ignored
[0.577s] Level 1:colcon.colcon_core.package_identification:_identify(install) by extensions ['ignore', 'ignore_ament_install']
[0.577s] Level 1:colcon.colcon_core.package_identification:_identify(install) by extension 'ignore'
[0.577s] Level 1:colcon.colcon_core.package_identification:_identify(install) ignored
[0.577s] Level 1:colcon.colcon_core.package_identification:_identify(log) by extensions ['ignore', 'ignore_ament_install']
[0.577s] Level 1:colcon.colcon_core.package_identification:_identify(log) by extension 'ignore'
[0.578s] Level 1:colcon.colcon_core.package_identification:_identify(log) ignored
[0.578s] Level 1:colcon.colcon_core.package_identification:_identify(src) by extensions ['ignore', 'ignore_ament_install']
[0.578s] Level 1:colcon.colcon_core.package_identification:_identify(src) by extension 'ignore'
[0.578s] Level 1:colcon.colcon_core.package_identification:_identify(src) by extension 'ignore_ament_install'
[0.578s] Level 1:colcon.colcon_core.package_identification:_identify(src) by extensions ['colcon_pkg']
[0.578s] Level 1:colcon.colcon_core.package_identification:_identify(src) by extension 'colcon_pkg'
[0.578s] Level 1:colcon.colcon_core.package_identification:_identify(src) by extensions ['colcon_meta']
[0.578s] Level 1:colcon.colcon_core.package_identification:_identify(src) by extension 'colcon_meta'
[0.578s] Level 1:colcon.colcon_core.package_identification:_identify(src) by extensions ['ros']
[0.578s] Level 1:colcon.colcon_core.package_identification:_identify(src) by extension 'ros'
[0.578s] Level 1:colcon.colcon_core.package_identification:_identify(src) by extensions ['cmake', 'python']
[0.578s] Level 1:colcon.colcon_core.package_identification:_identify(src) by extension 'cmake'
[0.578s] Level 1:colcon.colcon_core.package_identification:_identify(src) by extension 'python'
[0.579s] Level 1:colcon.colcon_core.package_identification:_identify(src) by extensions ['python_setup_py']
[0.579s] Level 1:colcon.colcon_core.package_identification:_identify(src) by extension 'python_setup_py'
[0.579s] Level 1:colcon.colcon_core.package_identification:_identify(src/main_waspmini) by extensions ['ignore', 'ignore_ament_install']
[0.579s] Level 1:colcon.colcon_core.package_identification:_identify(src/main_waspmini) by extension 'ignore'
[0.579s] Level 1:colcon.colcon_core.package_identification:_identify(src/main_waspmini) by extension 'ignore_ament_install'
[0.579s] Level 1:colcon.colcon_core.package_identification:_identify(src/main_waspmini) by extensions ['colcon_pkg']
[0.579s] Level 1:colcon.colcon_core.package_identification:_identify(src/main_waspmini) by extension 'colcon_pkg'
[0.579s] Level 1:colcon.colcon_core.package_identification:_identify(src/main_waspmini) by extensions ['colcon_meta']
[0.579s] Level 1:colcon.colcon_core.package_identification:_identify(src/main_waspmini) by extension 'colcon_meta'
[0.579s] Level 1:colcon.colcon_core.package_identification:_identify(src/main_waspmini) by extensions ['ros']
[0.579s] Level 1:colcon.colcon_core.package_identification:_identify(src/main_waspmini) by extension 'ros'
[0.585s] DEBUG:colcon.colcon_core.package_identification:Package 'src/main_waspmini' with type 'ros.ament_cmake' and name 'main_waspmini'
[0.585s] Level 1:colcon.colcon_core.package_identification:_identify(src/robot_localization) by extensions ['ignore', 'ignore_ament_install']
[0.585s] Level 1:colcon.colcon_core.package_identification:_identify(src/robot_localization) by extension 'ignore'
[0.585s] Level 1:colcon.colcon_core.package_identification:_identify(src/robot_localization) by extension 'ignore_ament_install'
[0.585s] Level 1:colcon.colcon_core.package_identification:_identify(src/robot_localization) by extensions ['colcon_pkg']
[0.585s] Level 1:colcon.colcon_core.package_identification:_identify(src/robot_localization) by extension 'colcon_pkg'
[0.586s] Level 1:colcon.colcon_core.package_identification:_identify(src/robot_localization) by extensions ['colcon_meta']
[0.586s] Level 1:colcon.colcon_core.package_identification:_identify(src/robot_localization) by extension 'colcon_meta'
[0.586s] Level 1:colcon.colcon_core.package_identification:_identify(src/robot_localization) by extensions ['ros']
[0.586s] Level 1:colcon.colcon_core.package_identification:_identify(src/robot_localization) by extension 'ros'
[0.589s] DEBUG:colcon.colcon_core.package_identification:Package 'src/robot_localization' with type 'ros.ament_cmake' and name 'robot_localization'
[0.589s] Level 1:colcon.colcon_core.package_identification:_identify(src/sick_scan2) by extensions ['ignore', 'ignore_ament_install']
[0.589s] Level 1:colcon.colcon_core.package_identification:_identify(src/sick_scan2) by extension 'ignore'
[0.590s] Level 1:colcon.colcon_core.package_identification:_identify(src/sick_scan2) by extension 'ignore_ament_install'
[0.590s] Level 1:colcon.colcon_core.package_identification:_identify(src/sick_scan2) by extensions ['colcon_pkg']
[0.590s] Level 1:colcon.colcon_core.package_identification:_identify(src/sick_scan2) by extension 'colcon_pkg'
[0.590s] Level 1:colcon.colcon_core.package_identification:_identify(src/sick_scan2) by extensions ['colcon_meta']
[0.590s] Level 1:colcon.colcon_core.package_identification:_identify(src/sick_scan2) by extension 'colcon_meta'
[0.590s] Level 1:colcon.colcon_core.package_identification:_identify(src/sick_scan2) by extensions ['ros']
[0.590s] Level 1:colcon.colcon_core.package_identification:_identify(src/sick_scan2) by extension 'ros'
[0.596s] DEBUG:colcon.colcon_core.package_identification:Package 'src/sick_scan2' with type 'ros.ament_cmake' and name 'sick_scan2'
[0.597s] Level 1:colcon.colcon_core.package_identification:_identify(src/vectornav) by extensions ['ignore', 'ignore_ament_install']
[0.597s] Level 1:colcon.colcon_core.package_identification:_identify(src/vectornav) by extension 'ignore'
[0.597s] Level 1:colcon.colcon_core.package_identification:_identify(src/vectornav) by extension 'ignore_ament_install'
[0.597s] Level 1:colcon.colcon_core.package_identification:_identify(src/vectornav) by extensions ['colcon_pkg']
[0.597s] Level 1:colcon.colcon_core.package_identification:_identify(src/vectornav) by extension 'colcon_pkg'
[0.597s] Level 1:colcon.colcon_core.package_identification:_identify(src/vectornav) by extensions ['colcon_meta']
[0.597s] Level 1:colcon.colcon_core.package_identification:_identify(src/vectornav) by extension 'colcon_meta'
[0.597s] Level 1:colcon.colcon_core.package_identification:_identify(src/vectornav) by extensions ['ros']
[0.597s] Level 1:colcon.colcon_core.package_identification:_identify(src/vectornav) by extension 'ros'
[0.597s] Level 1:colcon.colcon_core.package_identification:_identify(src/vectornav) by extensions ['cmake', 'python']
[0.598s] Level 1:colcon.colcon_core.package_identification:_identify(src/vectornav) by extension 'cmake'
[0.598s] Level 1:colcon.colcon_core.package_identification:_identify(src/vectornav) by extension 'python'
[0.598s] Level 1:colcon.colcon_core.package_identification:_identify(src/vectornav) by extensions ['python_setup_py']
[0.598s] Level 1:colcon.colcon_core.package_identification:_identify(src/vectornav) by extension 'python_setup_py'
[0.598s] Level 1:colcon.colcon_core.package_identification:_identify(src/vectornav/vectornav) by extensions ['ignore', 'ignore_ament_install']
[0.598s] Level 1:colcon.colcon_core.package_identification:_identify(src/vectornav/vectornav) by extension 'ignore'
[0.598s] Level 1:colcon.colcon_core.package_identification:_identify(src/vectornav/vectornav) by extension 'ignore_ament_install'
[0.598s] Level 1:colcon.colcon_core.package_identification:_identify(src/vectornav/vectornav) by extensions ['colcon_pkg']
[0.599s] Level 1:colcon.colcon_core.package_identification:_identify(src/vectornav/vectornav) by extension 'colcon_pkg'
[0.599s] Level 1:colcon.colcon_core.package_identification:_identify(src/vectornav/vectornav) by extensions ['colcon_meta']
[0.599s] Level 1:colcon.colcon_core.package_identification:_identify(src/vectornav/vectornav) by extension 'colcon_meta'
[0.599s] Level 1:colcon.colcon_core.package_identification:_identify(src/vectornav/vectornav) by extensions ['ros']
[0.599s] Level 1:colcon.colcon_core.package_identification:_identify(src/vectornav/vectornav) by extension 'ros'
[0.601s] DEBUG:colcon.colcon_core.package_identification:Package 'src/vectornav/vectornav' with type 'ros.ament_cmake' and name 'vectornav'
[0.601s] Level 1:colcon.colcon_core.package_identification:_identify(src/vectornav/vectornav_msgs) by extensions ['ignore', 'ignore_ament_install']
[0.601s] Level 1:colcon.colcon_core.package_identification:_identify(src/vectornav/vectornav_msgs) by extension 'ignore'
[0.601s] Level 1:colcon.colcon_core.package_identification:_identify(src/vectornav/vectornav_msgs) by extension 'ignore_ament_install'
[0.601s] Level 1:colcon.colcon_core.package_identification:_identify(src/vectornav/vectornav_msgs) by extensions ['colcon_pkg']
[0.601s] Level 1:colcon.colcon_core.package_identification:_identify(src/vectornav/vectornav_msgs) by extension 'colcon_pkg'
[0.602s] Level 1:colcon.colcon_core.package_identification:_identify(src/vectornav/vectornav_msgs) by extensions ['colcon_meta']
[0.602s] Level 1:colcon.colcon_core.package_identification:_identify(src/vectornav/vectornav_msgs) by extension 'colcon_meta'
[0.602s] Level 1:colcon.colcon_core.package_identification:_identify(src/vectornav/vectornav_msgs) by extensions ['ros']
[0.602s] Level 1:colcon.colcon_core.package_identification:_identify(src/vectornav/vectornav_msgs) by extension 'ros'
[0.603s] DEBUG:colcon.colcon_core.package_identification:Package 'src/vectornav/vectornav_msgs' with type 'ros.ament_cmake' and name 'vectornav_msgs'
[0.603s] Level 1:colcon.colcon_core.package_identification:_identify(src/wasp_mini_controller) by extensions ['ignore', 'ignore_ament_install']
[0.603s] Level 1:colcon.colcon_core.package_identification:_identify(src/wasp_mini_controller) by extension 'ignore'
[0.603s] Level 1:colcon.colcon_core.package_identification:_identify(src/wasp_mini_controller) by extension 'ignore_ament_install'
[0.603s] Level 1:colcon.colcon_core.package_identification:_identify(src/wasp_mini_controller) by extensions ['colcon_pkg']
[0.603s] Level 1:colcon.colcon_core.package_identification:_identify(src/wasp_mini_controller) by extension 'colcon_pkg'
[0.603s] Level 1:colcon.colcon_core.package_identification:_identify(src/wasp_mini_controller) by extensions ['colcon_meta']
[0.603s] Level 1:colcon.colcon_core.package_identification:_identify(src/wasp_mini_controller) by extension 'colcon_meta'
[0.604s] Level 1:colcon.colcon_core.package_identification:_identify(src/wasp_mini_controller) by extensions ['ros']
[0.604s] Level 1:colcon.colcon_core.package_identification:_identify(src/wasp_mini_controller) by extension 'ros'
[0.605s] DEBUG:colcon.colcon_core.package_identification:Package 'src/wasp_mini_controller' with type 'ros.ament_python' and name 'wasp_mini_controller'
[0.605s] Level 1:colcon.colcon_core.package_identification:_identify(src/wasp_mini_joy) by extensions ['ignore', 'ignore_ament_install']
[0.605s] Level 1:colcon.colcon_core.package_identification:_identify(src/wasp_mini_joy) by extension 'ignore'
[0.605s] Level 1:colcon.colcon_core.package_identification:_identify(src/wasp_mini_joy) by extension 'ignore_ament_install'
[0.605s] Level 1:colcon.colcon_core.package_identification:_identify(src/wasp_mini_joy) by extensions ['colcon_pkg']
[0.605s] Level 1:colcon.colcon_core.package_identification:_identify(src/wasp_mini_joy) by extension 'colcon_pkg'
[0.605s] Level 1:colcon.colcon_core.package_identification:_identify(src/wasp_mini_joy) by extensions ['colcon_meta']
[0.605s] Level 1:colcon.colcon_core.package_identification:_identify(src/wasp_mini_joy) by extension 'colcon_meta'
[0.606s] Level 1:colcon.colcon_core.package_identification:_identify(src/wasp_mini_joy) by extensions ['ros']
[0.606s] Level 1:colcon.colcon_core.package_identification:_identify(src/wasp_mini_joy) by extension 'ros'
[0.607s] DEBUG:colcon.colcon_core.package_identification:Package 'src/wasp_mini_joy' with type 'ros.ament_cmake' and name 'wasp_mini_joy'
[0.607s] Level 1:colcon.colcon_core.package_discovery:discover_packages(recursive) using defaults
[0.607s] Level 1:colcon.colcon_core.package_discovery:discover_packages(ignore) discover
[0.607s] Level 1:colcon.colcon_core.package_discovery:discover_packages(ignore) using defaults
[0.607s] Level 1:colcon.colcon_core.package_discovery:discover_packages(path) discover
[0.607s] Level 1:colcon.colcon_core.package_discovery:discover_packages(path) using defaults
[0.645s] Level 5:colcon.colcon_core.verb:set package 'main_waspmini' build argument 'cmake_args' from command line to 'None'
[0.645s] Level 5:colcon.colcon_core.verb:set package 'main_waspmini' build argument 'cmake_target' from command line to 'None'
[0.645s] Level 5:colcon.colcon_core.verb:set package 'main_waspmini' build argument 'cmake_target_skip_unavailable' from command line to 'False'
[0.645s] Level 5:colcon.colcon_core.verb:set package 'main_waspmini' build argument 'cmake_clean_cache' from command line to 'False'
[0.645s] Level 5:colcon.colcon_core.verb:set package 'main_waspmini' build argument 'cmake_clean_first' from command line to 'False'
[0.645s] Level 5:colcon.colcon_core.verb:set package 'main_waspmini' build argument 'cmake_force_configure' from command line to 'False'
[0.645s] Level 5:colcon.colcon_core.verb:set package 'main_waspmini' build argument 'ament_cmake_args' from command line to 'None'
[0.645s] Level 5:colcon.colcon_core.verb:set package 'main_waspmini' build argument 'catkin_cmake_args' from command line to 'None'
[0.645s] Level 5:colcon.colcon_core.verb:set package 'main_waspmini' build argument 'catkin_skip_building_tests' from command line to 'False'
[0.645s] DEBUG:colcon.colcon_core.verb:Building package 'main_waspmini' with the following arguments: {'ament_cmake_args': None, 'build_base': '/home/wasp_mini/ros2_ws/build/main_waspmini', 'catkin_cmake_args': None, 'catkin_skip_building_tests': False, 'cmake_args': None, 'cmake_clean_cache': False, 'cmake_clean_first': False, 'cmake_force_configure': False, 'cmake_target': None, 'cmake_target_skip_unavailable': False, 'install_base': '/home/wasp_mini/ros2_ws/install/main_waspmini', 'merge_install': False, 'path': '/home/wasp_mini/ros2_ws/src/main_waspmini', 'symlink_install': False, 'test_result_base': None}
[0.649s] Level 5:colcon.colcon_core.verb:set package 'robot_localization' build argument 'cmake_args' from command line to 'None'
[0.649s] Level 5:colcon.colcon_core.verb:set package 'robot_localization' build argument 'cmake_target' from command line to 'None'
[0.649s] Level 5:colcon.colcon_core.verb:set package 'robot_localization' build argument 'cmake_target_skip_unavailable' from command line to 'False'
[0.649s] Level 5:colcon.colcon_core.verb:set package 'robot_localization' build argument 'cmake_clean_cache' from command line to 'False'
[0.649s] Level 5:colcon.colcon_core.verb:set package 'robot_localization' build argument 'cmake_clean_first' from command line to 'False'
[0.649s] Level 5:colcon.colcon_core.verb:set package 'robot_localization' build argument 'cmake_force_configure' from command line to 'False'
[0.649s] Level 5:colcon.colcon_core.verb:set package 'robot_localization' build argument 'ament_cmake_args' from command line to 'None'
[0.649s] Level 5:colcon.colcon_core.verb:set package 'robot_localization' build argument 'catkin_cmake_args' from command line to 'None'
[0.649s] Level 5:colcon.colcon_core.verb:set package 'robot_localization' build argument 'catkin_skip_building_tests' from command line to 'False'
[0.649s] DEBUG:colcon.colcon_core.verb:Building package 'robot_localization' with the following arguments: {'ament_cmake_args': None, 'build_base': '/home/wasp_mini/ros2_ws/build/robot_localization', 'catkin_cmake_args': None, 'catkin_skip_building_tests': False, 'cmake_args': None, 'cmake_clean_cache': False, 'cmake_clean_first': False, 'cmake_force_configure': False, 'cmake_target': None, 'cmake_target_skip_unavailable': False, 'install_base': '/home/wasp_mini/ros2_ws/install/robot_localization', 'merge_install': False, 'path': '/home/wasp_mini/ros2_ws/src/robot_localization', 'symlink_install': False, 'test_result_base': None}
[0.653s] Level 5:colcon.colcon_core.verb:set package 'sick_scan2' build argument 'cmake_args' from command line to 'None'
[0.653s] Level 5:colcon.colcon_core.verb:set package 'sick_scan2' build argument 'cmake_target' from command line to 'None'
[0.653s] Level 5:colcon.colcon_core.verb:set package 'sick_scan2' build argument 'cmake_target_skip_unavailable' from command line to 'False'
[0.653s] Level 5:colcon.colcon_core.verb:set package 'sick_scan2' build argument 'cmake_clean_cache' from command line to 'False'
[0.653s] Level 5:colcon.colcon_core.verb:set package 'sick_scan2' build argument 'cmake_clean_first' from command line to 'False'
[0.653s] Level 5:colcon.colcon_core.verb:set package 'sick_scan2' build argument 'cmake_force_configure' from command line to 'False'
[0.653s] Level 5:colcon.colcon_core.verb:set package 'sick_scan2' build argument 'ament_cmake_args' from command line to 'None'
[0.653s] Level 5:colcon.colcon_core.verb:set package 'sick_scan2' build argument 'catkin_cmake_args' from command line to 'None'
[0.653s] Level 5:colcon.colcon_core.verb:set package 'sick_scan2' build argument 'catkin_skip_building_tests' from command line to 'False'
[0.653s] DEBUG:colcon.colcon_core.verb:Building package 'sick_scan2' with the following arguments: {'ament_cmake_args': None, 'build_base': '/home/wasp_mini/ros2_ws/build/sick_scan2', 'catkin_cmake_args': None, 'catkin_skip_building_tests': False, 'cmake_args': None, 'cmake_clean_cache': False, 'cmake_clean_first': False, 'cmake_force_configure': False, 'cmake_target': None, 'cmake_target_skip_unavailable': False, 'install_base': '/home/wasp_mini/ros2_ws/install/sick_scan2', 'merge_install': False, 'path': '/home/wasp_mini/ros2_ws/src/sick_scan2', 'symlink_install': False, 'test_result_base': None}
[0.657s] Level 5:colcon.colcon_core.verb:set package 'vectornav_msgs' build argument 'cmake_args' from command line to 'None'
[0.657s] Level 5:colcon.colcon_core.verb:set package 'vectornav_msgs' build argument 'cmake_target' from command line to 'None'
[0.657s] Level 5:colcon.colcon_core.verb:set package 'vectornav_msgs' build argument 'cmake_target_skip_unavailable' from command line to 'False'
[0.657s] Level 5:colcon.colcon_core.verb:set package 'vectornav_msgs' build argument 'cmake_clean_cache' from command line to 'False'
[0.657s] Level 5:colcon.colcon_core.verb:set package 'vectornav_msgs' build argument 'cmake_clean_first' from command line to 'False'
[0.657s] Level 5:colcon.colcon_core.verb:set package 'vectornav_msgs' build argument 'cmake_force_configure' from command line to 'False'
[0.657s] Level 5:colcon.colcon_core.verb:set package 'vectornav_msgs' build argument 'ament_cmake_args' from command line to 'None'
[0.657s] Level 5:colcon.colcon_core.verb:set package 'vectornav_msgs' build argument 'catkin_cmake_args' from command line to 'None'
[0.657s] Level 5:colcon.colcon_core.verb:set package 'vectornav_msgs' build argument 'catkin_skip_building_tests' from command line to 'False'
[0.657s] DEBUG:colcon.colcon_core.verb:Building package 'vectornav_msgs' with the following arguments: {'ament_cmake_args': None, 'build_base': '/home/wasp_mini/ros2_ws/build/vectornav_msgs', 'catkin_cmake_args': None, 'catkin_skip_building_tests': False, 'cmake_args': None, 'cmake_clean_cache': False, 'cmake_clean_first': False, 'cmake_force_configure': False, 'cmake_target': None, 'cmake_target_skip_unavailable': False, 'install_base': '/home/wasp_mini/ros2_ws/install/vectornav_msgs', 'merge_install': False, 'path': '/home/wasp_mini/ros2_ws/src/vectornav/vectornav_msgs', 'symlink_install': False, 'test_result_base': None}
[0.660s] Level 5:colcon.colcon_core.verb:set package 'wasp_mini_controller' build argument 'cmake_args' from command line to 'None'
[0.660s] Level 5:colcon.colcon_core.verb:set package 'wasp_mini_controller' build argument 'cmake_target' from command line to 'None'
[0.661s] Level 5:colcon.colcon_core.verb:set package 'wasp_mini_controller' build argument 'cmake_target_skip_unavailable' from command line to 'False'
[0.661s] Level 5:colcon.colcon_core.verb:set package 'wasp_mini_controller' build argument 'cmake_clean_cache' from command line to 'False'
[0.661s] Level 5:colcon.colcon_core.verb:set package 'wasp_mini_controller' build argument 'cmake_clean_first' from command line to 'False'
[0.661s] Level 5:colcon.colcon_core.verb:set package 'wasp_mini_controller' build argument 'cmake_force_configure' from command line to 'False'
[0.661s] Level 5:colcon.colcon_core.verb:set package 'wasp_mini_controller' build argument 'ament_cmake_args' from command line to 'None'
[0.661s] Level 5:colcon.colcon_core.verb:set package 'wasp_mini_controller' build argument 'catkin_cmake_args' from command line to 'None'
[0.661s] Level 5:colcon.colcon_core.verb:set package 'wasp_mini_controller' build argument 'catkin_skip_building_tests' from command line to 'False'
[0.661s] DEBUG:colcon.colcon_core.verb:Building package 'wasp_mini_controller' with the following arguments: {'ament_cmake_args': None, 'build_base': '/home/wasp_mini/ros2_ws/build/wasp_mini_controller', 'catkin_cmake_args': None, 'catkin_skip_building_tests': False, 'cmake_args': None, 'cmake_clean_cache': False, 'cmake_clean_first': False, 'cmake_force_configure': False, 'cmake_target': None, 'cmake_target_skip_unavailable': False, 'install_base': '/home/wasp_mini/ros2_ws/install/wasp_mini_controller', 'merge_install': False, 'path': '/home/wasp_mini/ros2_ws/src/wasp_mini_controller', 'symlink_install': False, 'test_result_base': None}
[0.664s] Level 5:colcon.colcon_core.verb:set package 'wasp_mini_joy' build argument 'cmake_args' from command line to 'None'
[0.664s] Level 5:colcon.colcon_core.verb:set package 'wasp_mini_joy' build argument 'cmake_target' from command line to 'None'
[0.664s] Level 5:colcon.colcon_core.verb:set package 'wasp_mini_joy' build argument 'cmake_target_skip_unavailable' from command line to 'False'
[0.664s] Level 5:colcon.colcon_core.verb:set package 'wasp_mini_joy' build argument 'cmake_clean_cache' from command line to 'False'
[0.664s] Level 5:colcon.colcon_core.verb:set package 'wasp_mini_joy' build argument 'cmake_clean_first' from command line to 'False'
[0.665s] Level 5:colcon.colcon_core.verb:set package 'wasp_mini_joy' build argument 'cmake_force_configure' from command line to 'False'
[0.665s] Level 5:colcon.colcon_core.verb:set package 'wasp_mini_joy' build argument 'ament_cmake_args' from command line to 'None'
[0.665s] Level 5:colcon.colcon_core.verb:set package 'wasp_mini_joy' build argument 'catkin_cmake_args' from command line to 'None'
[0.665s] Level 5:colcon.colcon_core.verb:set package 'wasp_mini_joy' build argument 'catkin_skip_building_tests' from command line to 'False'
[0.665s] DEBUG:colcon.colcon_core.verb:Building package 'wasp_mini_joy' with the following arguments: {'ament_cmake_args': None, 'build_base': '/home/wasp_mini/ros2_ws/build/wasp_mini_joy', 'catkin_cmake_args': None, 'catkin_skip_building_tests': False, 'cmake_args': None, 'cmake_clean_cache': False, 'cmake_clean_first': False, 'cmake_force_configure': False, 'cmake_target': None, 'cmake_target_skip_unavailable': False, 'install_base': '/home/wasp_mini/ros2_ws/install/wasp_mini_joy', 'merge_install': False, 'path': '/home/wasp_mini/ros2_ws/src/wasp_mini_joy', 'symlink_install': False, 'test_result_base': None}
[0.668s] Level 5:colcon.colcon_core.verb:set package 'vectornav' build argument 'cmake_args' from command line to 'None'
[0.668s] Level 5:colcon.colcon_core.verb:set package 'vectornav' build argument 'cmake_target' from command line to 'None'
[0.668s] Level 5:colcon.colcon_core.verb:set package 'vectornav' build argument 'cmake_target_skip_unavailable' from command line to 'False'
[0.668s] Level 5:colcon.colcon_core.verb:set package 'vectornav' build argument 'cmake_clean_cache' from command line to 'False'
[0.668s] Level 5:colcon.colcon_core.verb:set package 'vectornav' build argument 'cmake_clean_first' from command line to 'False'
[0.668s] Level 5:colcon.colcon_core.verb:set package 'vectornav' build argument 'cmake_force_configure' from command line to 'False'
[0.668s] Level 5:colcon.colcon_core.verb:set package 'vectornav' build argument 'ament_cmake_args' from command line to 'None'
[0.668s] Level 5:colcon.colcon_core.verb:set package 'vectornav' build argument 'catkin_cmake_args' from command line to 'None'
[0.669s] Level 5:colcon.colcon_core.verb:set package 'vectornav' build argument 'catkin_skip_building_tests' from command line to 'False'
[0.669s] DEBUG:colcon.colcon_core.verb:Building package 'vectornav' with the following arguments: {'ament_cmake_args': None, 'build_base': '/home/wasp_mini/ros2_ws/build/vectornav', 'catkin_cmake_args': None, 'catkin_skip_building_tests': False, 'cmake_args': None, 'cmake_clean_cache': False, 'cmake_clean_first': False, 'cmake_force_configure': False, 'cmake_target': None, 'cmake_target_skip_unavailable': False, 'install_base': '/home/wasp_mini/ros2_ws/install/vectornav', 'merge_install': False, 'path': '/home/wasp_mini/ros2_ws/src/vectornav/vectornav', 'symlink_install': False, 'test_result_base': None}
[0.669s] INFO:colcon.colcon_core.executor:Executing jobs using 'parallel' executor
[0.672s] DEBUG:colcon.colcon_parallel_executor.executor.parallel:run_until_complete
[0.672s] INFO:colcon.colcon_ros.task.ament_cmake.build:Building ROS package in '/home/wasp_mini/ros2_ws/src/vectornav/vectornav_msgs' with build type 'ament_cmake'
[0.673s] INFO:colcon.colcon_cmake.task.cmake.build:Building CMake package in '/home/wasp_mini/ros2_ws/src/vectornav/vectornav_msgs'
[0.683s] INFO:colcon.colcon_core.plugin_system:Skipping extension 'colcon_core.shell.bat': Not used on non-Windows systems
[0.684s] INFO:colcon.colcon_core.shell:Skip shell extension 'powershell' for command environment: Not usable outside of PowerShell
[0.684s] DEBUG:colcon.colcon_core.shell:Skip shell extension 'dsv' for command environment
[0.690s] DEBUG:colcon.colcon_core.shell:Ignoring prefix path '/opt/ros/foxy'
[0.695s] INFO:colcon.colcon_ros.task.ament_cmake.build:Building ROS package in '/home/wasp_mini/ros2_ws/src/main_waspmini' with build type 'ament_cmake'
[0.696s] INFO:colcon.colcon_cmake.task.cmake.build:Building CMake package in '/home/wasp_mini/ros2_ws/src/main_waspmini'
[0.697s] INFO:colcon.colcon_core.shell:Skip shell extension 'powershell' for command environment: Not usable outside of PowerShell
[0.698s] DEBUG:colcon.colcon_core.shell:Skip shell extension 'dsv' for command environment
[0.702s] DEBUG:colcon.colcon_core.shell:Ignoring prefix path '/opt/ros/foxy'
[0.707s] INFO:colcon.colcon_ros.task.ament_cmake.build:Building ROS package in '/home/wasp_mini/ros2_ws/src/robot_localization' with build type 'ament_cmake'
[0.708s] INFO:colcon.colcon_cmake.task.cmake.build:Building CMake package in '/home/wasp_mini/ros2_ws/src/robot_localization'
[0.710s] INFO:colcon.colcon_core.shell:Skip shell extension 'powershell' for command environment: Not usable outside of PowerShell
[0.711s] DEBUG:colcon.colcon_core.shell:Skip shell extension 'dsv' for command environment
[0.714s] DEBUG:colcon.colcon_core.shell:Ignoring prefix path '/opt/ros/foxy'
[0.718s] INFO:colcon.colcon_ros.task.ament_cmake.build:Building ROS package in '/home/wasp_mini/ros2_ws/src/sick_scan2' with build type 'ament_cmake'
[0.719s] INFO:colcon.colcon_cmake.task.cmake.build:Building CMake package in '/home/wasp_mini/ros2_ws/src/sick_scan2'
[0.720s] INFO:colcon.colcon_core.shell:Skip shell extension 'powershell' for command environment: Not usable outside of PowerShell
[0.721s] DEBUG:colcon.colcon_core.shell:Skip shell extension 'dsv' for command environment
[0.724s] DEBUG:colcon.colcon_core.shell:Ignoring prefix path '/opt/ros/foxy'
[0.740s] DEBUG:colcon.colcon_core.event_handler.log_command:Invoking command in '/home/wasp_mini/ros2_ws/build/vectornav_msgs': CMAKE_PREFIX_PATH=${CMAKE_PREFIX_PATH}:/home/wasp_mini/ros2_ws/install/wasp_mini_controller:/opt/ros/foxy /usr/bin/cmake --build /home/wasp_mini/ros2_ws/build/vectornav_msgs -- -j4 -l4
[0.764s] DEBUG:colcon.colcon_core.event_handler.log_command:Invoking command in '/home/wasp_mini/ros2_ws/build/main_waspmini': CMAKE_PREFIX_PATH=${CMAKE_PREFIX_PATH}:/home/wasp_mini/ros2_ws/install/wasp_mini_controller:/opt/ros/foxy /usr/bin/cmake --build /home/wasp_mini/ros2_ws/build/main_waspmini -- -j4 -l4
[0.772s] DEBUG:colcon.colcon_core.event_handler.log_command:Invoking command in '/home/wasp_mini/ros2_ws/build/robot_localization': CMAKE_PREFIX_PATH=${CMAKE_PREFIX_PATH}:/home/wasp_mini/ros2_ws/install/wasp_mini_controller:/opt/ros/foxy /usr/bin/cmake --build /home/wasp_mini/ros2_ws/build/robot_localization -- -j4 -l4
[0.792s] DEBUG:colcon.colcon_core.event_handler.log_command:Invoking command in '/home/wasp_mini/ros2_ws/build/sick_scan2': CMAKE_PREFIX_PATH=${CMAKE_PREFIX_PATH}:/home/wasp_mini/ros2_ws/install/wasp_mini_controller:/opt/ros/foxy /usr/bin/cmake --build /home/wasp_mini/ros2_ws/build/sick_scan2 -- -j4 -l4
[1.187s] DEBUG:colcon.colcon_core.event_handler.log_command:Invoked command in '/home/wasp_mini/ros2_ws/build/main_waspmini' returned '0': CMAKE_PREFIX_PATH=${CMAKE_PREFIX_PATH}:/home/wasp_mini/ros2_ws/install/wasp_mini_controller:/opt/ros/foxy /usr/bin/cmake --build /home/wasp_mini/ros2_ws/build/main_waspmini -- -j4 -l4
[1.368s] DEBUG:colcon.colcon_core.event_handler.log_command:Invoking command in '/home/wasp_mini/ros2_ws/build/main_waspmini': CMAKE_PREFIX_PATH=${CMAKE_PREFIX_PATH}:/home/wasp_mini/ros2_ws/install/wasp_mini_controller:/opt/ros/foxy /usr/bin/cmake --install /home/wasp_mini/ros2_ws/build/main_waspmini
[1.386s] DEBUG:colcon.colcon_core.event_handler.log_command:Invoked command in '/home/wasp_mini/ros2_ws/build/sick_scan2' returned '0': CMAKE_PREFIX_PATH=${CMAKE_PREFIX_PATH}:/home/wasp_mini/ros2_ws/install/wasp_mini_controller:/opt/ros/foxy /usr/bin/cmake --build /home/wasp_mini/ros2_ws/build/sick_scan2 -- -j4 -l4
[1.500s] Level 1:colcon.colcon_core.environment:create_environment_scripts_only(main_waspmini)
[1.502s] DEBUG:colcon.colcon_core.event_handler.log_command:Invoked command in '/home/wasp_mini/ros2_ws/build/main_waspmini' returned '0': CMAKE_PREFIX_PATH=${CMAKE_PREFIX_PATH}:/home/wasp_mini/ros2_ws/install/wasp_mini_controller:/opt/ros/foxy /usr/bin/cmake --install /home/wasp_mini/ros2_ws/build/main_waspmini
[1.517s] Level 1:colcon.colcon_core.environment:checking '/home/wasp_mini/ros2_ws/install/main_waspmini' for CMake module files
[1.519s] Level 1:colcon.colcon_core.environment:checking '/home/wasp_mini/ros2_ws/install/main_waspmini' for CMake config files
[1.520s] Level 1:colcon.colcon_core.shell:create_environment_hook('main_waspmini', 'cmake_prefix_path')
[1.522s] INFO:colcon.colcon_core.shell:Creating environment hook '/home/wasp_mini/ros2_ws/install/main_waspmini/share/main_waspmini/hook/cmake_prefix_path.ps1'
[1.525s] INFO:colcon.colcon_core.shell:Creating environment descriptor '/home/wasp_mini/ros2_ws/install/main_waspmini/share/main_waspmini/hook/cmake_prefix_path.dsv'
[1.529s] INFO:colcon.colcon_core.shell:Creating environment hook '/home/wasp_mini/ros2_ws/install/main_waspmini/share/main_waspmini/hook/cmake_prefix_path.sh'
[1.532s] Level 1:colcon.colcon_core.environment:checking '/home/wasp_mini/ros2_ws/install/main_waspmini/lib'
[1.533s] Level 1:colcon.colcon_core.environment:checking '/home/wasp_mini/ros2_ws/install/main_waspmini/bin'
[1.533s] Level 1:colcon.colcon_core.environment:checking '/home/wasp_mini/ros2_ws/install/main_waspmini/lib/pkgconfig/main_waspmini.pc'
[1.533s] Level 1:colcon.colcon_core.environment:checking '/home/wasp_mini/ros2_ws/install/main_waspmini/lib/python3.8/site-packages'
[1.533s] Level 1:colcon.colcon_core.shell:create_environment_hook('main_waspmini', 'pythonpath')
[1.535s] INFO:colcon.colcon_core.shell:Creating environment hook '/home/wasp_mini/ros2_ws/install/main_waspmini/share/main_waspmini/hook/pythonpath.ps1'
[1.536s] INFO:colcon.colcon_core.shell:Creating environment descriptor '/home/wasp_mini/ros2_ws/install/main_waspmini/share/main_waspmini/hook/pythonpath.dsv'
[1.537s] INFO:colcon.colcon_core.shell:Creating environment hook '/home/wasp_mini/ros2_ws/install/main_waspmini/share/main_waspmini/hook/pythonpath.sh'
[1.539s] INFO:colcon.colcon_core.shell:Creating package script '/home/wasp_mini/ros2_ws/install/main_waspmini/share/main_waspmini/package.ps1'
[1.546s] INFO:colcon.colcon_core.shell:Creating package descriptor '/home/wasp_mini/ros2_ws/install/main_waspmini/share/main_waspmini/package.dsv'
[1.549s] INFO:colcon.colcon_core.shell:Creating package script '/home/wasp_mini/ros2_ws/install/main_waspmini/share/main_waspmini/package.sh'
[1.553s] INFO:colcon.colcon_core.shell:Creating package script '/home/wasp_mini/ros2_ws/install/main_waspmini/share/main_waspmini/package.bash'
[1.557s] INFO:colcon.colcon_core.shell:Creating package script '/home/wasp_mini/ros2_ws/install/main_waspmini/share/main_waspmini/package.zsh'
[1.562s] Level 1:colcon.colcon_core.environment:create_file_with_runtime_dependencies(/home/wasp_mini/ros2_ws/install/main_waspmini/share/colcon-core/packages/main_waspmini)
[1.574s] DEBUG:colcon.colcon_core.event_handler.log_command:Invoking command in '/home/wasp_mini/ros2_ws/build/sick_scan2': CMAKE_PREFIX_PATH=${CMAKE_PREFIX_PATH}:/home/wasp_mini/ros2_ws/install/wasp_mini_controller:/opt/ros/foxy /usr/bin/cmake --install /home/wasp_mini/ros2_ws/build/sick_scan2
[1.614s] Level 1:colcon.colcon_core.environment:create_environment_scripts_only(sick_scan2)
[1.617s] Level 1:colcon.colcon_core.environment:checking '/home/wasp_mini/ros2_ws/install/sick_scan2' for CMake module files
[1.619s] DEBUG:colcon.colcon_core.event_handler.log_command:Invoked command in '/home/wasp_mini/ros2_ws/build/sick_scan2' returned '0': CMAKE_PREFIX_PATH=${CMAKE_PREFIX_PATH}:/home/wasp_mini/ros2_ws/install/wasp_mini_controller:/opt/ros/foxy /usr/bin/cmake --install /home/wasp_mini/ros2_ws/build/sick_scan2
[1.620s] Level 1:colcon.colcon_core.environment:checking '/home/wasp_mini/ros2_ws/install/sick_scan2' for CMake config files
[1.621s] Level 1:colcon.colcon_core.shell:create_environment_hook('sick_scan2', 'cmake_prefix_path')
[1.623s] INFO:colcon.colcon_core.shell:Creating environment hook '/home/wasp_mini/ros2_ws/install/sick_scan2/share/sick_scan2/hook/cmake_prefix_path.ps1'
[1.624s] INFO:colcon.colcon_core.shell:Creating environment descriptor '/home/wasp_mini/ros2_ws/install/sick_scan2/share/sick_scan2/hook/cmake_prefix_path.dsv'
[1.625s] INFO:colcon.colcon_core.shell:Creating environment hook '/home/wasp_mini/ros2_ws/install/sick_scan2/share/sick_scan2/hook/cmake_prefix_path.sh'
[1.626s] Level 1:colcon.colcon_core.environment:checking '/home/wasp_mini/ros2_ws/install/sick_scan2/lib'
[1.627s] Level 1:colcon.colcon_core.environment:checking '/home/wasp_mini/ros2_ws/install/sick_scan2/bin'
[1.627s] Level 1:colcon.colcon_core.environment:checking '/home/wasp_mini/ros2_ws/install/sick_scan2/lib/pkgconfig/sick_scan2.pc'
[1.627s] Level 1:colcon.colcon_core.environment:checking '/home/wasp_mini/ros2_ws/install/sick_scan2/lib/python3.8/site-packages'
[1.629s] INFO:colcon.colcon_core.shell:Creating package script '/home/wasp_mini/ros2_ws/install/sick_scan2/share/sick_scan2/package.ps1'
[1.630s] INFO:colcon.colcon_core.shell:Creating package descriptor '/home/wasp_mini/ros2_ws/install/sick_scan2/share/sick_scan2/package.dsv'
[1.631s] INFO:colcon.colcon_core.shell:Creating package script '/home/wasp_mini/ros2_ws/install/sick_scan2/share/sick_scan2/package.sh'
[1.632s] INFO:colcon.colcon_core.shell:Creating package script '/home/wasp_mini/ros2_ws/install/sick_scan2/share/sick_scan2/package.bash'
[1.633s] INFO:colcon.colcon_core.shell:Creating package script '/home/wasp_mini/ros2_ws/install/sick_scan2/share/sick_scan2/package.zsh'
[1.633s] Level 1:colcon.colcon_core.environment:create_file_with_runtime_dependencies(/home/wasp_mini/ros2_ws/install/sick_scan2/share/colcon-core/packages/sick_scan2)
[1.670s] Level 1:colcon.colcon_core.environment:create_environment_scripts_only(main_waspmini)
[1.673s] Level 1:colcon.colcon_core.environment:checking '/home/wasp_mini/ros2_ws/install/main_waspmini' for CMake module files
[1.674s] Level 1:colcon.colcon_core.environment:checking '/home/wasp_mini/ros2_ws/install/main_waspmini' for CMake config files
[1.676s] Level 1:colcon.colcon_core.shell:create_environment_hook('main_waspmini', 'cmake_prefix_path')
[1.677s] INFO:colcon.colcon_core.shell:Creating environment hook '/home/wasp_mini/ros2_ws/install/main_waspmini/share/main_waspmini/hook/cmake_prefix_path.ps1'
[1.679s] INFO:colcon.colcon_core.shell:Creating environment descriptor '/home/wasp_mini/ros2_ws/install/main_waspmini/share/main_waspmini/hook/cmake_prefix_path.dsv'
[1.679s] INFO:colcon.colcon_core.shell:Creating environment hook '/home/wasp_mini/ros2_ws/install/main_waspmini/share/main_waspmini/hook/cmake_prefix_path.sh'
[1.681s] Level 1:colcon.colcon_core.environment:checking '/home/wasp_mini/ros2_ws/install/main_waspmini/lib'
[1.681s] Level 1:colcon.colcon_core.environment:checking '/home/wasp_mini/ros2_ws/install/main_waspmini/bin'
[1.681s] Level 1:colcon.colcon_core.environment:checking '/home/wasp_mini/ros2_ws/install/main_waspmini/lib/pkgconfig/main_waspmini.pc'
[1.682s] Level 1:colcon.colcon_core.environment:checking '/home/wasp_mini/ros2_ws/install/main_waspmini/lib/python3.8/site-packages'
[1.682s] Level 1:colcon.colcon_core.shell:create_environment_hook('main_waspmini', 'pythonpath')
[1.685s] INFO:colcon.colcon_core.shell:Creating environment hook '/home/wasp_mini/ros2_ws/install/main_waspmini/share/main_waspmini/hook/pythonpath.ps1'
[1.687s] INFO:colcon.colcon_core.shell:Creating environment descriptor '/home/wasp_mini/ros2_ws/install/main_waspmini/share/main_waspmini/hook/pythonpath.dsv'
[1.688s] INFO:colcon.colcon_core.shell:Creating environment hook '/home/wasp_mini/ros2_ws/install/main_waspmini/share/main_waspmini/hook/pythonpath.sh'
[1.691s] INFO:colcon.colcon_core.shell:Creating package script '/home/wasp_mini/ros2_ws/install/main_waspmini/share/main_waspmini/package.ps1'
[1.693s] INFO:colcon.colcon_core.shell:Creating package descriptor '/home/wasp_mini/ros2_ws/install/main_waspmini/share/main_waspmini/package.dsv'
[1.694s] INFO:colcon.colcon_core.shell:Creating package script '/home/wasp_mini/ros2_ws/install/main_waspmini/share/main_waspmini/package.sh'
[1.695s] INFO:colcon.colcon_core.shell:Creating package script '/home/wasp_mini/ros2_ws/install/main_waspmini/share/main_waspmini/package.bash'
[1.697s] INFO:colcon.colcon_core.shell:Creating package script '/home/wasp_mini/ros2_ws/install/main_waspmini/share/main_waspmini/package.zsh'
[1.698s] Level 1:colcon.colcon_core.environment:create_file_with_runtime_dependencies(/home/wasp_mini/ros2_ws/install/main_waspmini/share/colcon-core/packages/main_waspmini)
[1.699s] INFO:colcon.colcon_ros.task.ament_python.build:Building ROS package in '/home/wasp_mini/ros2_ws/src/wasp_mini_controller' with build type 'ament_python'
[1.699s] Level 1:colcon.colcon_core.shell:create_environment_hook('wasp_mini_controller', 'ament_prefix_path')
[1.701s] INFO:colcon.colcon_core.shell:Creating environment hook '/home/wasp_mini/ros2_ws/install/wasp_mini_controller/share/wasp_mini_controller/hook/ament_prefix_path.ps1'
[1.705s] INFO:colcon.colcon_core.shell:Creating environment descriptor '/home/wasp_mini/ros2_ws/install/wasp_mini_controller/share/wasp_mini_controller/hook/ament_prefix_path.dsv'
[1.706s] INFO:colcon.colcon_core.shell:Creating environment hook '/home/wasp_mini/ros2_ws/install/wasp_mini_controller/share/wasp_mini_controller/hook/ament_prefix_path.sh'
[1.709s] INFO:colcon.colcon_core.shell:Skip shell extension 'powershell' for command environment: Not usable outside of PowerShell
[1.709s] DEBUG:colcon.colcon_core.shell:Skip shell extension 'dsv' for command environment
[1.715s] DEBUG:colcon.colcon_core.shell:Ignoring prefix path '/opt/ros/foxy'
[2.394s] INFO:colcon.colcon_core.task.python.build:Building Python package in '/home/wasp_mini/ros2_ws/src/wasp_mini_controller'
[2.395s] INFO:colcon.colcon_core.shell:Skip shell extension 'powershell' for command environment: Not usable outside of PowerShell
[2.395s] DEBUG:colcon.colcon_core.shell:Skip shell extension 'dsv' for command environment
[2.398s] DEBUG:colcon.colcon_core.shell:Ignoring prefix path '/opt/ros/foxy'
[2.406s] DEBUG:colcon.colcon_core.event_handler.log_command:Invoked command in '/home/wasp_mini/ros2_ws/build/vectornav_msgs' returned '0': CMAKE_PREFIX_PATH=${CMAKE_PREFIX_PATH}:/home/wasp_mini/ros2_ws/install/wasp_mini_controller:/opt/ros/foxy /usr/bin/cmake --build /home/wasp_mini/ros2_ws/build/vectornav_msgs -- -j4 -l4
[2.410s] DEBUG:colcon.colcon_core.event_handler.log_command:Invoked command in '/home/wasp_mini/ros2_ws/build/robot_localization' returned '0': CMAKE_PREFIX_PATH=${CMAKE_PREFIX_PATH}:/home/wasp_mini/ros2_ws/install/wasp_mini_controller:/opt/ros/foxy /usr/bin/cmake --build /home/wasp_mini/ros2_ws/build/robot_localization -- -j4 -l4
[2.418s] Level 1:colcon.colcon_core.environment:create_environment_scripts_only(sick_scan2)
[2.420s] Level 1:colcon.colcon_core.environment:checking '/home/wasp_mini/ros2_ws/install/sick_scan2' for CMake module files
[2.422s] Level 1:colcon.colcon_core.environment:checking '/home/wasp_mini/ros2_ws/install/sick_scan2' for CMake config files
[2.423s] Level 1:colcon.colcon_core.shell:create_environment_hook('sick_scan2', 'cmake_prefix_path')
[2.424s] INFO:colcon.colcon_core.shell:Creating environment hook '/home/wasp_mini/ros2_ws/install/sick_scan2/share/sick_scan2/hook/cmake_prefix_path.ps1'
[2.426s] INFO:colcon.colcon_core.shell:Creating environment descriptor '/home/wasp_mini/ros2_ws/install/sick_scan2/share/sick_scan2/hook/cmake_prefix_path.dsv'
[2.426s] INFO:colcon.colcon_core.shell:Creating environment hook '/home/wasp_mini/ros2_ws/install/sick_scan2/share/sick_scan2/hook/cmake_prefix_path.sh'
[2.428s] Level 1:colcon.colcon_core.environment:checking '/home/wasp_mini/ros2_ws/install/sick_scan2/lib'
[2.428s] Level 1:colcon.colcon_core.environment:checking '/home/wasp_mini/ros2_ws/install/sick_scan2/bin'
[2.428s] Level 1:colcon.colcon_core.environment:checking '/home/wasp_mini/ros2_ws/install/sick_scan2/lib/pkgconfig/sick_scan2.pc'
[2.428s] Level 1:colcon.colcon_core.environment:checking '/home/wasp_mini/ros2_ws/install/sick_scan2/lib/python3.8/site-packages'
[2.430s] INFO:colcon.colcon_core.shell:Creating package script '/home/wasp_mini/ros2_ws/install/sick_scan2/share/sick_scan2/package.ps1'
[2.431s] INFO:colcon.colcon_core.shell:Creating package descriptor '/home/wasp_mini/ros2_ws/install/sick_scan2/share/sick_scan2/package.dsv'
[2.432s] INFO:colcon.colcon_core.shell:Creating package script '/home/wasp_mini/ros2_ws/install/sick_scan2/share/sick_scan2/package.sh'
[2.433s] INFO:colcon.colcon_core.shell:Creating package script '/home/wasp_mini/ros2_ws/install/sick_scan2/share/sick_scan2/package.bash'
[2.434s] INFO:colcon.colcon_core.shell:Creating package script '/home/wasp_mini/ros2_ws/install/sick_scan2/share/sick_scan2/package.zsh'
[2.435s] Level 1:colcon.colcon_core.environment:create_file_with_runtime_dependencies(/home/wasp_mini/ros2_ws/install/sick_scan2/share/colcon-core/packages/sick_scan2)
[2.443s] INFO:colcon.colcon_ros.task.ament_cmake.build:Building ROS package in '/home/wasp_mini/ros2_ws/src/wasp_mini_joy' with build type 'ament_cmake'
[2.443s] INFO:colcon.colcon_cmake.task.cmake.build:Building CMake package in '/home/wasp_mini/ros2_ws/src/wasp_mini_joy'
[2.444s] DEBUG:colcon.colcon_core.event_handler.log_command:Invoking command in '/home/wasp_mini/ros2_ws/src/wasp_mini_controller': PYTHONPATH=/home/wasp_mini/ros2_ws/install/wasp_mini_controller/lib/python3.8/site-packages:${PYTHONPATH} /usr/bin/python3 setup.py egg_info --egg-base ../../build/wasp_mini_controller build --build-base /home/wasp_mini/ros2_ws/build/wasp_mini_controller/build install --prefix /home/wasp_mini/ros2_ws/install/wasp_mini_controller --record /home/wasp_mini/ros2_ws/build/wasp_mini_controller/install.log --single-version-externally-managed
[2.447s] INFO:colcon.colcon_core.shell:Skip shell extension 'powershell' for command environment: Not usable outside of PowerShell
[2.450s] DEBUG:colcon.colcon_core.shell:Skip shell extension 'dsv' for command environment
[2.455s] DEBUG:colcon.colcon_core.shell:Ignoring prefix path '/opt/ros/foxy'
[2.491s] DEBUG:colcon.colcon_core.event_handler.log_command:Invoking command in '/home/wasp_mini/ros2_ws/build/wasp_mini_joy': CMAKE_PREFIX_PATH=${CMAKE_PREFIX_PATH}:/home/wasp_mini/ros2_ws/install/wasp_mini_controller:/opt/ros/foxy /usr/bin/cmake --build /home/wasp_mini/ros2_ws/build/wasp_mini_joy -- -j4 -l4
[2.682s] DEBUG:colcon.colcon_core.event_handler.log_command:Invoked command in '/home/wasp_mini/ros2_ws/build/wasp_mini_joy' returned '0': CMAKE_PREFIX_PATH=${CMAKE_PREFIX_PATH}:/home/wasp_mini/ros2_ws/install/wasp_mini_controller:/opt/ros/foxy /usr/bin/cmake --build /home/wasp_mini/ros2_ws/build/wasp_mini_joy -- -j4 -l4
[2.748s] DEBUG:colcon.colcon_core.event_handler.log_command:Invoking command in '/home/wasp_mini/ros2_ws/build/wasp_mini_joy': CMAKE_PREFIX_PATH=${CMAKE_PREFIX_PATH}:/home/wasp_mini/ros2_ws/install/wasp_mini_controller:/opt/ros/foxy /usr/bin/cmake --install /home/wasp_mini/ros2_ws/build/wasp_mini_joy
[2.801s] Level 1:colcon.colcon_core.environment:create_environment_scripts_only(wasp_mini_joy)
[2.804s] Level 1:colcon.colcon_core.environment:checking '/home/wasp_mini/ros2_ws/install/wasp_mini_joy' for CMake module files
[2.806s] Level 1:colcon.colcon_core.environment:checking '/home/wasp_mini/ros2_ws/install/wasp_mini_joy' for CMake config files
[2.806s] Level 1:colcon.colcon_core.shell:create_environment_hook('wasp_mini_joy', 'cmake_prefix_path')
[2.808s] INFO:colcon.colcon_core.shell:Creating environment hook '/home/wasp_mini/ros2_ws/install/wasp_mini_joy/share/wasp_mini_joy/hook/cmake_prefix_path.ps1'
[2.808s] DEBUG:colcon.colcon_core.event_handler.log_command:Invoked command in '/home/wasp_mini/ros2_ws/build/wasp_mini_joy' returned '0': CMAKE_PREFIX_PATH=${CMAKE_PREFIX_PATH}:/home/wasp_mini/ros2_ws/install/wasp_mini_controller:/opt/ros/foxy /usr/bin/cmake --install /home/wasp_mini/ros2_ws/build/wasp_mini_joy
[2.810s] INFO:colcon.colcon_core.shell:Creating environment descriptor '/home/wasp_mini/ros2_ws/install/wasp_mini_joy/share/wasp_mini_joy/hook/cmake_prefix_path.dsv'
[2.811s] INFO:colcon.colcon_core.shell:Creating environment hook '/home/wasp_mini/ros2_ws/install/wasp_mini_joy/share/wasp_mini_joy/hook/cmake_prefix_path.sh'
[2.813s] Level 1:colcon.colcon_core.environment:checking '/home/wasp_mini/ros2_ws/install/wasp_mini_joy/lib'
[2.813s] Level 1:colcon.colcon_core.environment:checking '/home/wasp_mini/ros2_ws/install/wasp_mini_joy/bin'
[2.814s] Level 1:colcon.colcon_core.environment:checking '/home/wasp_mini/ros2_ws/install/wasp_mini_joy/lib/pkgconfig/wasp_mini_joy.pc'
[2.814s] Level 1:colcon.colcon_core.environment:checking '/home/wasp_mini/ros2_ws/install/wasp_mini_joy/lib/python3.8/site-packages'
[2.815s] INFO:colcon.colcon_core.shell:Creating package script '/home/wasp_mini/ros2_ws/install/wasp_mini_joy/share/wasp_mini_joy/package.ps1'
[2.816s] INFO:colcon.colcon_core.shell:Creating package descriptor '/home/wasp_mini/ros2_ws/install/wasp_mini_joy/share/wasp_mini_joy/package.dsv'
[2.817s] INFO:colcon.colcon_core.shell:Creating package script '/home/wasp_mini/ros2_ws/install/wasp_mini_joy/share/wasp_mini_joy/package.sh'
[2.818s] INFO:colcon.colcon_core.shell:Creating package script '/home/wasp_mini/ros2_ws/install/wasp_mini_joy/share/wasp_mini_joy/package.bash'
[2.819s] INFO:colcon.colcon_core.shell:Creating package script '/home/wasp_mini/ros2_ws/install/wasp_mini_joy/share/wasp_mini_joy/package.zsh'
[2.820s] Level 1:colcon.colcon_core.environment:create_file_with_runtime_dependencies(/home/wasp_mini/ros2_ws/install/wasp_mini_joy/share/colcon-core/packages/wasp_mini_joy)
[2.879s] DEBUG:colcon.colcon_core.event_handler.log_command:Invoking command in '/home/wasp_mini/ros2_ws/build/robot_localization': CMAKE_PREFIX_PATH=${CMAKE_PREFIX_PATH}:/home/wasp_mini/ros2_ws/install/wasp_mini_controller:/opt/ros/foxy /usr/bin/cmake --install /home/wasp_mini/ros2_ws/build/robot_localization
[2.884s] Level 1:colcon.colcon_core.environment:create_environment_scripts_only(wasp_mini_joy)
[2.887s] Level 1:colcon.colcon_core.environment:checking '/home/wasp_mini/ros2_ws/install/wasp_mini_joy' for CMake module files
[2.888s] Level 1:colcon.colcon_core.environment:checking '/home/wasp_mini/ros2_ws/install/wasp_mini_joy' for CMake config files
[2.889s] Level 1:colcon.colcon_core.shell:create_environment_hook('wasp_mini_joy', 'cmake_prefix_path')
[2.890s] INFO:colcon.colcon_core.shell:Creating environment hook '/home/wasp_mini/ros2_ws/install/wasp_mini_joy/share/wasp_mini_joy/hook/cmake_prefix_path.ps1'
[2.891s] INFO:colcon.colcon_core.shell:Creating environment descriptor '/home/wasp_mini/ros2_ws/install/wasp_mini_joy/share/wasp_mini_joy/hook/cmake_prefix_path.dsv'
[2.892s] INFO:colcon.colcon_core.shell:Creating environment hook '/home/wasp_mini/ros2_ws/install/wasp_mini_joy/share/wasp_mini_joy/hook/cmake_prefix_path.sh'
[2.893s] Level 1:colcon.colcon_core.environment:checking '/home/wasp_mini/ros2_ws/install/wasp_mini_joy/lib'
[2.893s] Level 1:colcon.colcon_core.environment:checking '/home/wasp_mini/ros2_ws/install/wasp_mini_joy/bin'
[2.894s] Level 1:colcon.colcon_core.environment:checking '/home/wasp_mini/ros2_ws/install/wasp_mini_joy/lib/pkgconfig/wasp_mini_joy.pc'
[2.894s] Level 1:colcon.colcon_core.environment:checking '/home/wasp_mini/ros2_ws/install/wasp_mini_joy/lib/python3.8/site-packages'
[2.896s] INFO:colcon.colcon_core.shell:Creating package script '/home/wasp_mini/ros2_ws/install/wasp_mini_joy/share/wasp_mini_joy/package.ps1'
[2.897s] INFO:colcon.colcon_core.shell:Creating package descriptor '/home/wasp_mini/ros2_ws/install/wasp_mini_joy/share/wasp_mini_joy/package.dsv'
[2.898s] INFO:colcon.colcon_core.shell:Creating package script '/home/wasp_mini/ros2_ws/install/wasp_mini_joy/share/wasp_mini_joy/package.sh'
[2.898s] INFO:colcon.colcon_core.shell:Creating package script '/home/wasp_mini/ros2_ws/install/wasp_mini_joy/share/wasp_mini_joy/package.bash'
[2.899s] INFO:colcon.colcon_core.shell:Creating package script '/home/wasp_mini/ros2_ws/install/wasp_mini_joy/share/wasp_mini_joy/package.zsh'
[2.900s] Level 1:colcon.colcon_core.environment:create_file_with_runtime_dependencies(/home/wasp_mini/ros2_ws/install/wasp_mini_joy/share/colcon-core/packages/wasp_mini_joy)
[2.905s] DEBUG:colcon.colcon_core.event_handler.log_command:Invoking command in '/home/wasp_mini/ros2_ws/build/vectornav_msgs': CMAKE_PREFIX_PATH=${CMAKE_PREFIX_PATH}:/home/wasp_mini/ros2_ws/install/wasp_mini_controller:/opt/ros/foxy /usr/bin/cmake --install /home/wasp_mini/ros2_ws/build/vectornav_msgs
[3.095s] Level 1:colcon.colcon_core.environment:create_environment_scripts_only(vectornav_msgs)
[3.097s] Level 1:colcon.colcon_core.environment:checking '/home/wasp_mini/ros2_ws/install/vectornav_msgs' for CMake module files
[3.098s] DEBUG:colcon.colcon_core.event_handler.log_command:Invoked command in '/home/wasp_mini/ros2_ws/build/vectornav_msgs' returned '0': CMAKE_PREFIX_PATH=${CMAKE_PREFIX_PATH}:/home/wasp_mini/ros2_ws/install/wasp_mini_controller:/opt/ros/foxy /usr/bin/cmake --install /home/wasp_mini/ros2_ws/build/vectornav_msgs
[3.100s] Level 1:colcon.colcon_core.environment:checking '/home/wasp_mini/ros2_ws/install/vectornav_msgs' for CMake config files
[3.104s] Level 1:colcon.colcon_core.shell:create_environment_hook('vectornav_msgs', 'cmake_prefix_path')
[3.105s] INFO:colcon.colcon_core.shell:Creating environment hook '/home/wasp_mini/ros2_ws/install/vectornav_msgs/share/vectornav_msgs/hook/cmake_prefix_path.ps1'
[3.107s] INFO:colcon.colcon_core.shell:Creating environment descriptor '/home/wasp_mini/ros2_ws/install/vectornav_msgs/share/vectornav_msgs/hook/cmake_prefix_path.dsv'
[3.107s] INFO:colcon.colcon_core.shell:Creating environment hook '/home/wasp_mini/ros2_ws/install/vectornav_msgs/share/vectornav_msgs/hook/cmake_prefix_path.sh'
[3.108s] Level 1:colcon.colcon_core.environment:checking '/home/wasp_mini/ros2_ws/install/vectornav_msgs/lib'
[3.108s] Level 1:colcon.colcon_core.shell:create_environment_hook('vectornav_msgs', 'ld_library_path_lib')
[3.110s] INFO:colcon.colcon_core.shell:Creating environment hook '/home/wasp_mini/ros2_ws/install/vectornav_msgs/share/vectornav_msgs/hook/ld_library_path_lib.ps1'
[3.110s] INFO:colcon.colcon_core.shell:Creating environment descriptor '/home/wasp_mini/ros2_ws/install/vectornav_msgs/share/vectornav_msgs/hook/ld_library_path_lib.dsv'
[3.111s] INFO:colcon.colcon_core.shell:Creating environment hook '/home/wasp_mini/ros2_ws/install/vectornav_msgs/share/vectornav_msgs/hook/ld_library_path_lib.sh'
[3.112s] Level 1:colcon.colcon_core.environment:checking '/home/wasp_mini/ros2_ws/install/vectornav_msgs/bin'
[3.112s] Level 1:colcon.colcon_core.environment:checking '/home/wasp_mini/ros2_ws/install/vectornav_msgs/lib/pkgconfig/vectornav_msgs.pc'
[3.112s] Level 1:colcon.colcon_core.environment:checking '/home/wasp_mini/ros2_ws/install/vectornav_msgs/lib/python3.8/site-packages'
[3.112s] Level 1:colcon.colcon_core.shell:create_environment_hook('vectornav_msgs', 'pythonpath')
[3.114s] INFO:colcon.colcon_core.shell:Creating environment hook '/home/wasp_mini/ros2_ws/install/vectornav_msgs/share/vectornav_msgs/hook/pythonpath.ps1'
[3.117s] INFO:colcon.colcon_core.shell:Creating environment descriptor '/home/wasp_mini/ros2_ws/install/vectornav_msgs/share/vectornav_msgs/hook/pythonpath.dsv'
[3.119s] INFO:colcon.colcon_core.shell:Creating environment hook '/home/wasp_mini/ros2_ws/install/vectornav_msgs/share/vectornav_msgs/hook/pythonpath.sh'
[3.122s] INFO:colcon.colcon_core.shell:Creating package script '/home/wasp_mini/ros2_ws/install/vectornav_msgs/share/vectornav_msgs/package.ps1'
[3.125s] INFO:colcon.colcon_core.shell:Creating package descriptor '/home/wasp_mini/ros2_ws/install/vectornav_msgs/share/vectornav_msgs/package.dsv'
[3.127s] INFO:colcon.colcon_core.shell:Creating package script '/home/wasp_mini/ros2_ws/install/vectornav_msgs/share/vectornav_msgs/package.sh'
[3.129s] INFO:colcon.colcon_core.shell:Creating package script '/home/wasp_mini/ros2_ws/install/vectornav_msgs/share/vectornav_msgs/package.bash'
[3.130s] INFO:colcon.colcon_core.shell:Creating package script '/home/wasp_mini/ros2_ws/install/vectornav_msgs/share/vectornav_msgs/package.zsh'
[3.131s] Level 1:colcon.colcon_core.environment:create_file_with_runtime_dependencies(/home/wasp_mini/ros2_ws/install/vectornav_msgs/share/colcon-core/packages/vectornav_msgs)
[3.162s] Level 1:colcon.colcon_core.environment:create_environment_scripts_only(robot_localization)
[3.166s] Level 1:colcon.colcon_core.environment:checking '/home/wasp_mini/ros2_ws/install/robot_localization' for CMake module files
[3.163s] DEBUG:colcon.colcon_core.event_handler.log_command:Invoked command in '/home/wasp_mini/ros2_ws/build/robot_localization' returned '0': CMAKE_PREFIX_PATH=${CMAKE_PREFIX_PATH}:/home/wasp_mini/ros2_ws/install/wasp_mini_controller:/opt/ros/foxy /usr/bin/cmake --install /home/wasp_mini/ros2_ws/build/robot_localization
[3.168s] Level 1:colcon.colcon_core.environment:checking '/home/wasp_mini/ros2_ws/install/robot_localization' for CMake config files
[3.171s] Level 1:colcon.colcon_core.shell:create_environment_hook('robot_localization', 'cmake_prefix_path')
[3.172s] INFO:colcon.colcon_core.shell:Creating environment hook '/home/wasp_mini/ros2_ws/install/robot_localization/share/robot_localization/hook/cmake_prefix_path.ps1'
[3.174s] INFO:colcon.colcon_core.shell:Creating environment descriptor '/home/wasp_mini/ros2_ws/install/robot_localization/share/robot_localization/hook/cmake_prefix_path.dsv'
[3.174s] INFO:colcon.colcon_core.shell:Creating environment hook '/home/wasp_mini/ros2_ws/install/robot_localization/share/robot_localization/hook/cmake_prefix_path.sh'
[3.176s] Level 1:colcon.colcon_core.environment:checking '/home/wasp_mini/ros2_ws/install/robot_localization/lib'
[3.176s] Level 1:colcon.colcon_core.shell:create_environment_hook('robot_localization', 'ld_library_path_lib')
[3.178s] INFO:colcon.colcon_core.shell:Creating environment hook '/home/wasp_mini/ros2_ws/install/robot_localization/share/robot_localization/hook/ld_library_path_lib.ps1'
[3.178s] INFO:colcon.colcon_core.shell:Creating environment descriptor '/home/wasp_mini/ros2_ws/install/robot_localization/share/robot_localization/hook/ld_library_path_lib.dsv'
[3.179s] INFO:colcon.colcon_core.shell:Creating environment hook '/home/wasp_mini/ros2_ws/install/robot_localization/share/robot_localization/hook/ld_library_path_lib.sh'
[3.180s] Level 1:colcon.colcon_core.environment:checking '/home/wasp_mini/ros2_ws/install/robot_localization/bin'
[3.180s] Level 1:colcon.colcon_core.environment:checking '/home/wasp_mini/ros2_ws/install/robot_localization/lib/pkgconfig/robot_localization.pc'
[3.181s] Level 1:colcon.colcon_core.environment:checking '/home/wasp_mini/ros2_ws/install/robot_localization/lib/python3.8/site-packages'
[3.181s] Level 1:colcon.colcon_core.shell:create_environment_hook('robot_localization', 'pythonpath')
[3.182s] INFO:colcon.colcon_core.shell:Creating environment hook '/home/wasp_mini/ros2_ws/install/robot_localization/share/robot_localization/hook/pythonpath.ps1'
[3.183s] INFO:colcon.colcon_core.shell:Creating environment descriptor '/home/wasp_mini/ros2_ws/install/robot_localization/share/robot_localization/hook/pythonpath.dsv'
[3.184s] INFO:colcon.colcon_core.shell:Creating environment hook '/home/wasp_mini/ros2_ws/install/robot_localization/share/robot_localization/hook/pythonpath.sh'
[3.186s] INFO:colcon.colcon_core.shell:Creating package script '/home/wasp_mini/ros2_ws/install/robot_localization/share/robot_localization/package.ps1'
[3.189s] INFO:colcon.colcon_core.shell:Creating package descriptor '/home/wasp_mini/ros2_ws/install/robot_localization/share/robot_localization/package.dsv'
[3.190s] INFO:colcon.colcon_core.shell:Creating package script '/home/wasp_mini/ros2_ws/install/robot_localization/share/robot_localization/package.sh'
[3.191s] INFO:colcon.colcon_core.shell:Creating package script '/home/wasp_mini/ros2_ws/install/robot_localization/share/robot_localization/package.bash'
[3.192s] INFO:colcon.colcon_core.shell:Creating package script '/home/wasp_mini/ros2_ws/install/robot_localization/share/robot_localization/package.zsh'
[3.193s] Level 1:colcon.colcon_core.environment:create_file_with_runtime_dependencies(/home/wasp_mini/ros2_ws/install/robot_localization/share/colcon-core/packages/robot_localization)
[3.234s] Level 1:colcon.colcon_core.environment:checking '/home/wasp_mini/ros2_ws/install/wasp_mini_controller' for CMake module files
[3.236s] DEBUG:colcon.colcon_core.event_handler.log_command:Invoked command in '/home/wasp_mini/ros2_ws/src/wasp_mini_controller' returned '0': PYTHONPATH=/home/wasp_mini/ros2_ws/install/wasp_mini_controller/lib/python3.8/site-packages:${PYTHONPATH} /usr/bin/python3 setup.py egg_info --egg-base ../../build/wasp_mini_controller build --build-base /home/wasp_mini/ros2_ws/build/wasp_mini_controller/build install --prefix /home/wasp_mini/ros2_ws/install/wasp_mini_controller --record /home/wasp_mini/ros2_ws/build/wasp_mini_controller/install.log --single-version-externally-managed
[3.237s] Level 1:colcon.colcon_core.environment:checking '/home/wasp_mini/ros2_ws/install/wasp_mini_controller' for CMake config files
[3.238s] Level 1:colcon.colcon_core.environment:checking '/home/wasp_mini/ros2_ws/install/wasp_mini_controller/lib'
[3.238s] Level 1:colcon.colcon_core.environment:checking '/home/wasp_mini/ros2_ws/install/wasp_mini_controller/bin'
[3.239s] Level 1:colcon.colcon_core.environment:checking '/home/wasp_mini/ros2_ws/install/wasp_mini_controller/lib/pkgconfig/wasp_mini_controller.pc'
[3.239s] Level 1:colcon.colcon_core.environment:checking '/home/wasp_mini/ros2_ws/install/wasp_mini_controller/lib/python3.8/site-packages'
[3.239s] Level 1:colcon.colcon_core.shell:create_environment_hook('wasp_mini_controller', 'pythonpath')
[3.241s] INFO:colcon.colcon_core.shell:Creating environment hook '/home/wasp_mini/ros2_ws/install/wasp_mini_controller/share/wasp_mini_controller/hook/pythonpath.ps1'
[3.242s] INFO:colcon.colcon_core.shell:Creating environment descriptor '/home/wasp_mini/ros2_ws/install/wasp_mini_controller/share/wasp_mini_controller/hook/pythonpath.dsv'
[3.243s] INFO:colcon.colcon_core.shell:Creating environment hook '/home/wasp_mini/ros2_ws/install/wasp_mini_controller/share/wasp_mini_controller/hook/pythonpath.sh'
[3.244s] Level 1:colcon.colcon_core.environment:create_environment_scripts_only(wasp_mini_controller)
[3.246s] INFO:colcon.colcon_core.shell:Creating package script '/home/wasp_mini/ros2_ws/install/wasp_mini_controller/share/wasp_mini_controller/package.ps1'
[3.248s] INFO:colcon.colcon_core.shell:Creating package descriptor '/home/wasp_mini/ros2_ws/install/wasp_mini_controller/share/wasp_mini_controller/package.dsv'
[3.249s] INFO:colcon.colcon_core.shell:Creating package script '/home/wasp_mini/ros2_ws/install/wasp_mini_controller/share/wasp_mini_controller/package.sh'
[3.250s] INFO:colcon.colcon_core.shell:Creating package script '/home/wasp_mini/ros2_ws/install/wasp_mini_controller/share/wasp_mini_controller/package.bash'
[3.251s] INFO:colcon.colcon_core.shell:Creating package script '/home/wasp_mini/ros2_ws/install/wasp_mini_controller/share/wasp_mini_controller/package.zsh'
[3.252s] Level 1:colcon.colcon_core.environment:create_file_with_runtime_dependencies(/home/wasp_mini/ros2_ws/install/wasp_mini_controller/share/colcon-core/packages/wasp_mini_controller)
[3.480s] Level 1:colcon.colcon_core.environment:create_environment_scripts_only(vectornav_msgs)
[3.481s] Level 1:colcon.colcon_core.environment:checking '/home/wasp_mini/ros2_ws/install/vectornav_msgs' for CMake module files
[3.482s] Level 1:colcon.colcon_core.environment:checking '/home/wasp_mini/ros2_ws/install/vectornav_msgs' for CMake config files
[3.483s] Level 1:colcon.colcon_core.shell:create_environment_hook('vectornav_msgs', 'cmake_prefix_path')
[3.484s] INFO:colcon.colcon_core.shell:Creating environment hook '/home/wasp_mini/ros2_ws/install/vectornav_msgs/share/vectornav_msgs/hook/cmake_prefix_path.ps1'
[3.485s] INFO:colcon.colcon_core.shell:Creating environment descriptor '/home/wasp_mini/ros2_ws/install/vectornav_msgs/share/vectornav_msgs/hook/cmake_prefix_path.dsv'
[3.486s] INFO:colcon.colcon_core.shell:Creating environment hook '/home/wasp_mini/ros2_ws/install/vectornav_msgs/share/vectornav_msgs/hook/cmake_prefix_path.sh'
[3.486s] Level 1:colcon.colcon_core.environment:checking '/home/wasp_mini/ros2_ws/install/vectornav_msgs/lib'
[3.487s] Level 1:colcon.colcon_core.shell:create_environment_hook('vectornav_msgs', 'ld_library_path_lib')
[3.487s] INFO:colcon.colcon_core.shell:Creating environment hook '/home/wasp_mini/ros2_ws/install/vectornav_msgs/share/vectornav_msgs/hook/ld_library_path_lib.ps1'
[3.488s] INFO:colcon.colcon_core.shell:Creating environment descriptor '/home/wasp_mini/ros2_ws/install/vectornav_msgs/share/vectornav_msgs/hook/ld_library_path_lib.dsv'
[3.489s] INFO:colcon.colcon_core.shell:Creating environment hook '/home/wasp_mini/ros2_ws/install/vectornav_msgs/share/vectornav_msgs/hook/ld_library_path_lib.sh'
[3.489s] Level 1:colcon.colcon_core.environment:checking '/home/wasp_mini/ros2_ws/install/vectornav_msgs/bin'
[3.489s] Level 1:colcon.colcon_core.environment:checking '/home/wasp_mini/ros2_ws/install/vectornav_msgs/lib/pkgconfig/vectornav_msgs.pc'
[3.489s] Level 1:colcon.colcon_core.environment:checking '/home/wasp_mini/ros2_ws/install/vectornav_msgs/lib/python3.8/site-packages'
[3.489s] Level 1:colcon.colcon_core.shell:create_environment_hook('vectornav_msgs', 'pythonpath')
[3.490s] INFO:colcon.colcon_core.shell:Creating environment hook '/home/wasp_mini/ros2_ws/install/vectornav_msgs/share/vectornav_msgs/hook/pythonpath.ps1'
[3.491s] INFO:colcon.colcon_core.shell:Creating environment descriptor '/home/wasp_mini/ros2_ws/install/vectornav_msgs/share/vectornav_msgs/hook/pythonpath.dsv'
[3.491s] INFO:colcon.colcon_core.shell:Creating environment hook '/home/wasp_mini/ros2_ws/install/vectornav_msgs/share/vectornav_msgs/hook/pythonpath.sh'
[3.492s] INFO:colcon.colcon_core.shell:Creating package script '/home/wasp_mini/ros2_ws/install/vectornav_msgs/share/vectornav_msgs/package.ps1'
[3.493s] INFO:colcon.colcon_core.shell:Creating package descriptor '/home/wasp_mini/ros2_ws/install/vectornav_msgs/share/vectornav_msgs/package.dsv'
[3.494s] INFO:colcon.colcon_core.shell:Creating package script '/home/wasp_mini/ros2_ws/install/vectornav_msgs/share/vectornav_msgs/package.sh'
[3.495s] INFO:colcon.colcon_core.shell:Creating package script '/home/wasp_mini/ros2_ws/install/vectornav_msgs/share/vectornav_msgs/package.bash'
[3.495s] INFO:colcon.colcon_core.shell:Creating package script '/home/wasp_mini/ros2_ws/install/vectornav_msgs/share/vectornav_msgs/package.zsh'
[3.496s] Level 1:colcon.colcon_core.environment:create_file_with_runtime_dependencies(/home/wasp_mini/ros2_ws/install/vectornav_msgs/share/colcon-core/packages/vectornav_msgs)
[3.497s] INFO:colcon.colcon_ros.task.ament_cmake.build:Building ROS package in '/home/wasp_mini/ros2_ws/src/vectornav/vectornav' with build type 'ament_cmake'
[3.497s] INFO:colcon.colcon_cmake.task.cmake.build:Building CMake package in '/home/wasp_mini/ros2_ws/src/vectornav/vectornav'
[3.498s] INFO:colcon.colcon_core.shell:Skip shell extension 'powershell' for command environment: Not usable outside of PowerShell
[3.499s] DEBUG:colcon.colcon_core.shell:Skip shell extension 'dsv' for command environment
[3.504s] DEBUG:colcon.colcon_core.shell:Ignoring prefix path '/opt/ros/foxy'
[3.514s] Level 1:colcon.colcon_core.environment:create_environment_scripts_only(robot_localization)
[3.517s] Level 1:colcon.colcon_core.environment:checking '/home/wasp_mini/ros2_ws/install/robot_localization' for CMake module files
[3.519s] Level 1:colcon.colcon_core.environment:checking '/home/wasp_mini/ros2_ws/install/robot_localization' for CMake config files
[3.521s] Level 1:colcon.colcon_core.shell:create_environment_hook('robot_localization', 'cmake_prefix_path')
[3.522s] INFO:colcon.colcon_core.shell:Creating environment hook '/home/wasp_mini/ros2_ws/install/robot_localization/share/robot_localization/hook/cmake_prefix_path.ps1'
[3.523s] INFO:colcon.colcon_core.shell:Creating environment descriptor '/home/wasp_mini/ros2_ws/install/robot_localization/share/robot_localization/hook/cmake_prefix_path.dsv'
[3.524s] INFO:colcon.colcon_core.shell:Creating environment hook '/home/wasp_mini/ros2_ws/install/robot_localization/share/robot_localization/hook/cmake_prefix_path.sh'
[3.525s] Level 1:colcon.colcon_core.environment:checking '/home/wasp_mini/ros2_ws/install/robot_localization/lib'
[3.525s] Level 1:colcon.colcon_core.shell:create_environment_hook('robot_localization', 'ld_library_path_lib')
[3.526s] INFO:colcon.colcon_core.shell:Creating environment hook '/home/wasp_mini/ros2_ws/install/robot_localization/share/robot_localization/hook/ld_library_path_lib.ps1'
[3.527s] INFO:colcon.colcon_core.shell:Creating environment descriptor '/home/wasp_mini/ros2_ws/install/robot_localization/share/robot_localization/hook/ld_library_path_lib.dsv'
[3.528s] INFO:colcon.colcon_core.shell:Creating environment hook '/home/wasp_mini/ros2_ws/install/robot_localization/share/robot_localization/hook/ld_library_path_lib.sh'
[3.529s] Level 1:colcon.colcon_core.environment:checking '/home/wasp_mini/ros2_ws/install/robot_localization/bin'
[3.529s] Level 1:colcon.colcon_core.environment:checking '/home/wasp_mini/ros2_ws/install/robot_localization/lib/pkgconfig/robot_localization.pc'
[3.529s] Level 1:colcon.colcon_core.environment:checking '/home/wasp_mini/ros2_ws/install/robot_localization/lib/python3.8/site-packages'
[3.529s] Level 1:colcon.colcon_core.shell:create_environment_hook('robot_localization', 'pythonpath')
[3.531s] INFO:colcon.colcon_core.shell:Creating environment hook '/home/wasp_mini/ros2_ws/install/robot_localization/share/robot_localization/hook/pythonpath.ps1'
[3.531s] INFO:colcon.colcon_core.shell:Creating environment descriptor '/home/wasp_mini/ros2_ws/install/robot_localization/share/robot_localization/hook/pythonpath.dsv'
[3.532s] INFO:colcon.colcon_core.shell:Creating environment hook '/home/wasp_mini/ros2_ws/install/robot_localization/share/robot_localization/hook/pythonpath.sh'
[3.534s] INFO:colcon.colcon_core.shell:Creating package script '/home/wasp_mini/ros2_ws/install/robot_localization/share/robot_localization/package.ps1'
[3.534s] INFO:colcon.colcon_core.shell:Creating package descriptor '/home/wasp_mini/ros2_ws/install/robot_localization/share/robot_localization/package.dsv'
[3.535s] INFO:colcon.colcon_core.shell:Creating package script '/home/wasp_mini/ros2_ws/install/robot_localization/share/robot_localization/package.sh'
[3.536s] INFO:colcon.colcon_core.shell:Creating package script '/home/wasp_mini/ros2_ws/install/robot_localization/share/robot_localization/package.bash'
[3.537s] INFO:colcon.colcon_core.shell:Creating package script '/home/wasp_mini/ros2_ws/install/robot_localization/share/robot_localization/package.zsh'
[3.537s] Level 1:colcon.colcon_core.environment:create_file_with_runtime_dependencies(/home/wasp_mini/ros2_ws/install/robot_localization/share/colcon-core/packages/robot_localization)
[3.550s] DEBUG:colcon.colcon_core.event_handler.log_command:Invoking command in '/home/wasp_mini/ros2_ws/build/vectornav': CMAKE_PREFIX_PATH=/home/wasp_mini/ros2_ws/install/vectornav_msgs:/home/wasp_mini/ros2_ws/install/wasp_mini_joy:/home/wasp_mini/ros2_ws/install/vectornav:/home/wasp_mini/ros2_ws/install/sick_scan2:/home/wasp_mini/ros2_ws/install/robot_localization:/home/wasp_mini/ros2_ws/install/main_waspmini:/home/wasp_mini/ros2_ws/install/wasp_mini_controller:/opt/ros/foxy LD_LIBRARY_PATH=/home/wasp_mini/ros2_ws/install/vectornav_msgs/lib:/home/wasp_mini/ros2_ws/install/vectornav/lib:/home/wasp_mini/ros2_ws/install/robot_localization/lib:/usr/lib/x86_64-linux-gnu/gazebo-11/plugins:/opt/ros/foxy/opt/yaml_cpp_vendor/lib:/opt/ros/foxy/opt/rviz_ogre_vendor/lib:/opt/ros/foxy/lib/x86_64-linux-gnu:/opt/ros/foxy/lib PYTHONPATH=/home/wasp_mini/ros2_ws/install/vectornav_msgs/lib/python3.8/site-packages:/home/wasp_mini/ros2_ws/install/wasp_mini_controller/lib/python3.8/site-packages:/home/wasp_mini/ros2_ws/install/robot_localization/lib/python3.8/site-packages:/home/wasp_mini/ros2_ws/install/main_waspmini/lib/python3.8/site-packages:/opt/ros/foxy/lib/python3.8/site-packages /usr/bin/cmake --build /home/wasp_mini/ros2_ws/build/vectornav -- -j4 -l4
[3.728s] DEBUG:colcon.colcon_core.event_handler.log_command:Invoked command in '/home/wasp_mini/ros2_ws/build/vectornav' returned '0': CMAKE_PREFIX_PATH=/home/wasp_mini/ros2_ws/install/vectornav_msgs:/home/wasp_mini/ros2_ws/install/wasp_mini_joy:/home/wasp_mini/ros2_ws/install/vectornav:/home/wasp_mini/ros2_ws/install/sick_scan2:/home/wasp_mini/ros2_ws/install/robot_localization:/home/wasp_mini/ros2_ws/install/main_waspmini:/home/wasp_mini/ros2_ws/install/wasp_mini_controller:/opt/ros/foxy LD_LIBRARY_PATH=/home/wasp_mini/ros2_ws/install/vectornav_msgs/lib:/home/wasp_mini/ros2_ws/install/vectornav/lib:/home/wasp_mini/ros2_ws/install/robot_localization/lib:/usr/lib/x86_64-linux-gnu/gazebo-11/plugins:/opt/ros/foxy/opt/yaml_cpp_vendor/lib:/opt/ros/foxy/opt/rviz_ogre_vendor/lib:/opt/ros/foxy/lib/x86_64-linux-gnu:/opt/ros/foxy/lib PYTHONPATH=/home/wasp_mini/ros2_ws/install/vectornav_msgs/lib/python3.8/site-packages:/home/wasp_mini/ros2_ws/install/wasp_mini_controller/lib/python3.8/site-packages:/home/wasp_mini/ros2_ws/install/robot_localization/lib/python3.8/site-packages:/home/wasp_mini/ros2_ws/install/main_waspmini/lib/python3.8/site-packages:/opt/ros/foxy/lib/python3.8/site-packages /usr/bin/cmake --build /home/wasp_mini/ros2_ws/build/vectornav -- -j4 -l4
[3.771s] DEBUG:colcon.colcon_core.event_handler.log_command:Invoking command in '/home/wasp_mini/ros2_ws/build/vectornav': CMAKE_PREFIX_PATH=/home/wasp_mini/ros2_ws/install/vectornav_msgs:/home/wasp_mini/ros2_ws/install/wasp_mini_joy:/home/wasp_mini/ros2_ws/install/vectornav:/home/wasp_mini/ros2_ws/install/sick_scan2:/home/wasp_mini/ros2_ws/install/robot_localization:/home/wasp_mini/ros2_ws/install/main_waspmini:/home/wasp_mini/ros2_ws/install/wasp_mini_controller:/opt/ros/foxy LD_LIBRARY_PATH=/home/wasp_mini/ros2_ws/install/vectornav_msgs/lib:/home/wasp_mini/ros2_ws/install/vectornav/lib:/home/wasp_mini/ros2_ws/install/robot_localization/lib:/usr/lib/x86_64-linux-gnu/gazebo-11/plugins:/opt/ros/foxy/opt/yaml_cpp_vendor/lib:/opt/ros/foxy/opt/rviz_ogre_vendor/lib:/opt/ros/foxy/lib/x86_64-linux-gnu:/opt/ros/foxy/lib PYTHONPATH=/home/wasp_mini/ros2_ws/install/vectornav_msgs/lib/python3.8/site-packages:/home/wasp_mini/ros2_ws/install/wasp_mini_controller/lib/python3.8/site-packages:/home/wasp_mini/ros2_ws/install/robot_localization/lib/python3.8/site-packages:/home/wasp_mini/ros2_ws/install/main_waspmini/lib/python3.8/site-packages:/opt/ros/foxy/lib/python3.8/site-packages /usr/bin/cmake --install /home/wasp_mini/ros2_ws/build/vectornav
[3.867s] Level 1:colcon.colcon_core.environment:create_environment_scripts_only(vectornav)
[3.872s] Level 1:colcon.colcon_core.environment:checking '/home/wasp_mini/ros2_ws/install/vectornav' for CMake module files
[3.878s] Level 1:colcon.colcon_core.environment:checking '/home/wasp_mini/ros2_ws/install/vectornav' for CMake config files
[3.881s] DEBUG:colcon.colcon_core.event_handler.log_command:Invoked command in '/home/wasp_mini/ros2_ws/build/vectornav' returned '0': CMAKE_PREFIX_PATH=/home/wasp_mini/ros2_ws/install/vectornav_msgs:/home/wasp_mini/ros2_ws/install/wasp_mini_joy:/home/wasp_mini/ros2_ws/install/vectornav:/home/wasp_mini/ros2_ws/install/sick_scan2:/home/wasp_mini/ros2_ws/install/robot_localization:/home/wasp_mini/ros2_ws/install/main_waspmini:/home/wasp_mini/ros2_ws/install/wasp_mini_controller:/opt/ros/foxy LD_LIBRARY_PATH=/home/wasp_mini/ros2_ws/install/vectornav_msgs/lib:/home/wasp_mini/ros2_ws/install/vectornav/lib:/home/wasp_mini/ros2_ws/install/robot_localization/lib:/usr/lib/x86_64-linux-gnu/gazebo-11/plugins:/opt/ros/foxy/opt/yaml_cpp_vendor/lib:/opt/ros/foxy/opt/rviz_ogre_vendor/lib:/opt/ros/foxy/lib/x86_64-linux-gnu:/opt/ros/foxy/lib PYTHONPATH=/home/wasp_mini/ros2_ws/install/vectornav_msgs/lib/python3.8/site-packages:/home/wasp_mini/ros2_ws/install/wasp_mini_controller/lib/python3.8/site-packages:/home/wasp_mini/ros2_ws/install/robot_localization/lib/python3.8/site-packages:/home/wasp_mini/ros2_ws/install/main_waspmini/lib/python3.8/site-packages:/opt/ros/foxy/lib/python3.8/site-packages /usr/bin/cmake --install /home/wasp_mini/ros2_ws/build/vectornav
[3.882s] Level 1:colcon.colcon_core.shell:create_environment_hook('vectornav', 'cmake_prefix_path')
[3.884s] INFO:colcon.colcon_core.shell:Creating environment hook '/home/wasp_mini/ros2_ws/install/vectornav/share/vectornav/hook/cmake_prefix_path.ps1'
[3.886s] INFO:colcon.colcon_core.shell:Creating environment descriptor '/home/wasp_mini/ros2_ws/install/vectornav/share/vectornav/hook/cmake_prefix_path.dsv'
[3.888s] INFO:colcon.colcon_core.shell:Creating environment hook '/home/wasp_mini/ros2_ws/install/vectornav/share/vectornav/hook/cmake_prefix_path.sh'
[3.890s] Level 1:colcon.colcon_core.environment:checking '/home/wasp_mini/ros2_ws/install/vectornav/lib'
[3.891s] Level 1:colcon.colcon_core.shell:create_environment_hook('vectornav', 'ld_library_path_lib')
[3.893s] INFO:colcon.colcon_core.shell:Creating environment hook '/home/wasp_mini/ros2_ws/install/vectornav/share/vectornav/hook/ld_library_path_lib.ps1'
[3.894s] INFO:colcon.colcon_core.shell:Creating environment descriptor '/home/wasp_mini/ros2_ws/install/vectornav/share/vectornav/hook/ld_library_path_lib.dsv'
[3.895s] INFO:colcon.colcon_core.shell:Creating environment hook '/home/wasp_mini/ros2_ws/install/vectornav/share/vectornav/hook/ld_library_path_lib.sh'
[3.895s] Level 1:colcon.colcon_core.environment:checking '/home/wasp_mini/ros2_ws/install/vectornav/bin'
[3.896s] Level 1:colcon.colcon_core.environment:checking '/home/wasp_mini/ros2_ws/install/vectornav/lib/pkgconfig/vectornav.pc'
[3.896s] Level 1:colcon.colcon_core.environment:checking '/home/wasp_mini/ros2_ws/install/vectornav/lib/python3.8/site-packages'
[3.898s] INFO:colcon.colcon_core.shell:Creating package script '/home/wasp_mini/ros2_ws/install/vectornav/share/vectornav/package.ps1'
[3.899s] INFO:colcon.colcon_core.shell:Creating package descriptor '/home/wasp_mini/ros2_ws/install/vectornav/share/vectornav/package.dsv'
[3.899s] INFO:colcon.colcon_core.shell:Creating package script '/home/wasp_mini/ros2_ws/install/vectornav/share/vectornav/package.sh'
[3.900s] INFO:colcon.colcon_core.shell:Creating package script '/home/wasp_mini/ros2_ws/install/vectornav/share/vectornav/package.bash'
[3.901s] INFO:colcon.colcon_core.shell:Creating package script '/home/wasp_mini/ros2_ws/install/vectornav/share/vectornav/package.zsh'
[3.902s] Level 1:colcon.colcon_core.environment:create_file_with_runtime_dependencies(/home/wasp_mini/ros2_ws/install/vectornav/share/colcon-core/packages/vectornav)
[3.942s] Level 1:colcon.colcon_core.environment:create_environment_scripts_only(vectornav)
[3.944s] Level 1:colcon.colcon_core.environment:checking '/home/wasp_mini/ros2_ws/install/vectornav' for CMake module files
[3.944s] Level 1:colcon.colcon_core.environment:checking '/home/wasp_mini/ros2_ws/install/vectornav' for CMake config files
[3.945s] Level 1:colcon.colcon_core.shell:create_environment_hook('vectornav', 'cmake_prefix_path')
[3.945s] INFO:colcon.colcon_core.shell:Creating environment hook '/home/wasp_mini/ros2_ws/install/vectornav/share/vectornav/hook/cmake_prefix_path.ps1'
[3.946s] INFO:colcon.colcon_core.shell:Creating environment descriptor '/home/wasp_mini/ros2_ws/install/vectornav/share/vectornav/hook/cmake_prefix_path.dsv'
[3.947s] INFO:colcon.colcon_core.shell:Creating environment hook '/home/wasp_mini/ros2_ws/install/vectornav/share/vectornav/hook/cmake_prefix_path.sh'
[3.948s] Level 1:colcon.colcon_core.environment:checking '/home/wasp_mini/ros2_ws/install/vectornav/lib'
[3.948s] Level 1:colcon.colcon_core.shell:create_environment_hook('vectornav', 'ld_library_path_lib')
[3.949s] INFO:colcon.colcon_core.shell:Creating environment hook '/home/wasp_mini/ros2_ws/install/vectornav/share/vectornav/hook/ld_library_path_lib.ps1'
[3.949s] INFO:colcon.colcon_core.shell:Creating environment descriptor '/home/wasp_mini/ros2_ws/install/vectornav/share/vectornav/hook/ld_library_path_lib.dsv'
[3.950s] INFO:colcon.colcon_core.shell:Creating environment hook '/home/wasp_mini/ros2_ws/install/vectornav/share/vectornav/hook/ld_library_path_lib.sh'
[3.950s] Level 1:colcon.colcon_core.environment:checking '/home/wasp_mini/ros2_ws/install/vectornav/bin'
[3.950s] Level 1:colcon.colcon_core.environment:checking '/home/wasp_mini/ros2_ws/install/vectornav/lib/pkgconfig/vectornav.pc'
[3.951s] Level 1:colcon.colcon_core.environment:checking '/home/wasp_mini/ros2_ws/install/vectornav/lib/python3.8/site-packages'
[3.952s] INFO:colcon.colcon_core.shell:Creating package script '/home/wasp_mini/ros2_ws/install/vectornav/share/vectornav/package.ps1'
[3.952s] INFO:colcon.colcon_core.shell:Creating package descriptor '/home/wasp_mini/ros2_ws/install/vectornav/share/vectornav/package.dsv'
[3.953s] INFO:colcon.colcon_core.shell:Creating package script '/home/wasp_mini/ros2_ws/install/vectornav/share/vectornav/package.sh'
[3.954s] INFO:colcon.colcon_core.shell:Creating package script '/home/wasp_mini/ros2_ws/install/vectornav/share/vectornav/package.bash'
[3.955s] INFO:colcon.colcon_core.shell:Creating package script '/home/wasp_mini/ros2_ws/install/vectornav/share/vectornav/package.zsh'
[3.955s] Level 1:colcon.colcon_core.environment:create_file_with_runtime_dependencies(/home/wasp_mini/ros2_ws/install/vectornav/share/colcon-core/packages/vectornav)
[3.956s] DEBUG:colcon.colcon_parallel_executor.executor.parallel:closing loop
[3.956s] DEBUG:colcon.colcon_parallel_executor.executor.parallel:loop closed
[3.956s] DEBUG:colcon.colcon_parallel_executor.executor.parallel:run_until_complete finished with '0'
[3.956s] DEBUG:colcon.colcon_core.event_reactor:joining thread
[3.968s] INFO:colcon.colcon_core.plugin_system:Skipping extension 'colcon_notification.desktop_notification.terminal_notifier': Not used on non-Darwin systems
[3.969s] INFO:colcon.colcon_core.plugin_system:Skipping extension 'colcon_notification.desktop_notification.win32': Not used on non-Windows systems
[3.969s] INFO:colcon.colcon_notification.desktop_notification:Sending desktop notification using 'notify2'
[4.001s] DEBUG:colcon.colcon_core.event_reactor:joined thread
[4.003s] INFO:colcon.colcon_core.shell:Creating prefix script '/home/wasp_mini/ros2_ws/install/local_setup.ps1'
[4.005s] INFO:colcon.colcon_core.shell:Creating prefix util module '/home/wasp_mini/ros2_ws/install/_local_setup_util_ps1.py'
[4.007s] INFO:colcon.colcon_core.shell:Creating prefix chain script '/home/wasp_mini/ros2_ws/install/setup.ps1'
[4.012s] INFO:colcon.colcon_core.shell:Creating prefix script '/home/wasp_mini/ros2_ws/install/local_setup.sh'
[4.014s] INFO:colcon.colcon_core.shell:Creating prefix util module '/home/wasp_mini/ros2_ws/install/_local_setup_util_sh.py'
[4.015s] INFO:colcon.colcon_core.shell:Creating prefix chain script '/home/wasp_mini/ros2_ws/install/setup.sh'
[4.020s] INFO:colcon.colcon_core.shell:Creating prefix script '/home/wasp_mini/ros2_ws/install/local_setup.bash'
[4.023s] INFO:colcon.colcon_core.shell:Creating prefix chain script '/home/wasp_mini/ros2_ws/install/setup.bash'
[4.027s] INFO:colcon.colcon_core.shell:Creating prefix script '/home/wasp_mini/ros2_ws/install/local_setup.zsh'
[4.028s] INFO:colcon.colcon_core.shell:Creating prefix chain script '/home/wasp_mini/ros2_ws/install/setup.zsh'
