[0.058s] Invoking command in '/home/wasp_mini/ros2_ws/build/robot_localization': CMAKE_PREFIX_PATH=/opt/ros/foxy /usr/bin/cmake --build /home/wasp_mini/ros2_ws/build/robot_localization -- -j4 -l4
[0.426s] [  2%] Built target gtest
[0.440s] [  3%] Built target robot_localization__cpp
[0.464s] [ 10%] Built target robot_localization__rosidl_generator_c
[0.468s] [ 11%] Built target gtest_main
[0.591s] [ 18%] Built target robot_localization__rosidl_typesupport_cpp
[0.613s] [ 25%] Built target robot_localization__rosidl_typesupport_c
[0.641s] [ 32%] Built target robot_localization__rosidl_typesupport_fastrtps_cpp
[0.646s] [ 39%] Built target robot_localization__rosidl_typesupport_introspection_cpp
[0.706s] [ 46%] Built target robot_localization__rosidl_typesupport_introspection_c
[0.744s] [ 53%] Built target robot_localization__rosidl_typesupport_fastrtps_c
[0.794s] [ 53%] Built target robot_localization
[0.869s] [ 54%] Built target robot_localization__py
[0.949s] [ 60%] Built target robot_localization__python
[1.001s] [ 61%] [32mBuilding CXX object CMakeFiles/rl_lib.dir/src/navsat_transform.cpp.o[0m
[1.062s] [ 63%] Built target robot_localization__rosidl_typesupport_introspection_c__pyext
[1.089s] [ 65%] Built target robot_localization__rosidl_typesupport_fastrtps_c__pyext
[1.091s] [ 66%] [32mBuilding CXX object CMakeFiles/rl_lib.dir/src/ros_filter.cpp.o[0m
[1.114s] [ 67%] [32mBuilding CXX object CMakeFiles/rl_lib.dir/src/ros_robot_localization_listener.cpp.o[0m
[1.115s] [ 68%] Built target robot_localization__rosidl_typesupport_c__pyext
[198.790s] [ 69%] [32m[1mLinking CXX shared library librl_lib.so[0m
[201.321s] [ 74%] Built target rl_lib
[201.372s] [35m[1mScanning dependencies of target test_ros_robot_localization_listener_publisher[0m
[201.372s] [35m[1mScanning dependencies of target test_navsat_conversions[0m
[201.373s] [35m[1mScanning dependencies of target test_ros_robot_localization_listener[0m
[201.373s] [35m[1mScanning dependencies of target test_ekf[0m
[201.492s] [ 74%] [32mBuilding CXX object CMakeFiles/test_navsat_conversions.dir/test/test_navsat_conversions.cpp.o[0m
[201.952s] [ 74%] [32mBuilding CXX object CMakeFiles/test_ros_robot_localization_listener_publisher.dir/test/test_ros_robot_localization_listener_publisher.cpp.o[0m
[202.092s] [ 75%] [32mBuilding CXX object CMakeFiles/test_ekf.dir/test/test_ekf.cpp.o[0m
[202.097s] [ 76%] [32mBuilding CXX object CMakeFiles/test_ros_robot_localization_listener.dir/test/test_ros_robot_localization_listener.cpp.o[0m
[204.668s] [ 77%] [32m[1mLinking CXX executable test_navsat_conversions[0m
[205.339s] [ 77%] Built target test_navsat_conversions
[205.368s] [35m[1mScanning dependencies of target ukf_node[0m
[205.580s] [ 78%] [32mBuilding CXX object CMakeFiles/ukf_node.dir/src/ukf_node.cpp.o[0m
[216.155s] [ 79%] [32m[1mLinking CXX executable test_ros_robot_localization_listener[0m
[216.984s] [ 79%] Built target test_ros_robot_localization_listener
[217.010s] [35m[1mScanning dependencies of target test_robot_localization_estimator[0m
[217.242s] [ 80%] [32mBuilding CXX object CMakeFiles/test_robot_localization_estimator.dir/test/test_robot_localization_estimator.cpp.o[0m
[217.521s] [ 81%] [32m[1mLinking CXX executable ukf_node[0m
[217.558s] [ 82%] [32m[1mLinking CXX executable test_ekf[0m
[218.110s] [ 82%] Built target ukf_node
[218.152s] [35m[1mScanning dependencies of target ekf_node[0m
[218.360s] [ 82%] [32mBuilding CXX object CMakeFiles/ekf_node.dir/src/ekf_node.cpp.o[0m
[218.393s] [ 82%] Built target test_ekf
[218.440s] [35m[1mScanning dependencies of target test_ukf[0m
[218.667s] [ 83%] [32mBuilding CXX object CMakeFiles/test_ukf.dir/test/test_ukf.cpp.o[0m
[220.893s] [ 84%] [32m[1mLinking CXX executable test_ros_robot_localization_listener_publisher[0m
[221.447s] [ 84%] Built target test_ros_robot_localization_listener_publisher
[221.476s] [35m[1mScanning dependencies of target test_navsat_transform[0m
[221.612s] [ 85%] [32mBuilding CXX object CMakeFiles/test_navsat_transform.dir/test/test_navsat_transform.cpp.o[0m
[229.689s] [ 86%] [32m[1mLinking CXX executable test_robot_localization_estimator[0m
[229.883s] [ 87%] [32m[1mLinking CXX executable ekf_node[0m
[230.487s] [ 87%] Built target ekf_node
[230.505s] [ 87%] Built target test_robot_localization_estimator
[230.528s] [35m[1mScanning dependencies of target filter_base-test[0m
[230.537s] [35m[1mScanning dependencies of target navsat_transform_node[0m
[230.672s] [ 88%] [32mBuilding CXX object CMakeFiles/filter_base-test.dir/test/test_filter_base.cpp.o[0m
[230.756s] [ 89%] [32mBuilding CXX object CMakeFiles/navsat_transform_node.dir/src/navsat_transform_node.cpp.o[0m
[232.843s] [ 90%] [32m[1mLinking CXX executable test_navsat_transform[0m
[233.519s] [ 90%] Built target test_navsat_transform
[233.559s] [35m[1mScanning dependencies of target robot_localization_listener_node[0m
[233.776s] [ 91%] [32mBuilding CXX object CMakeFiles/robot_localization_listener_node.dir/src/robot_localization_listener_node.cpp.o[0m
[235.612s] [ 92%] [32m[1mLinking CXX executable test_ukf[0m
[236.458s] [ 92%] Built target test_ukf
[236.495s] [35m[1mScanning dependencies of target test_ukf_localization_node_interfaces[0m
[236.651s] [ 93%] [32mBuilding CXX object CMakeFiles/test_ukf_localization_node_interfaces.dir/test/test_ukf_localization_node_interfaces.cpp.o[0m
[238.417s] [ 94%] [32m[1mLinking CXX executable filter_base-test[0m
[239.257s] [ 94%] Built target filter_base-test
[239.301s] [35m[1mScanning dependencies of target test_ekf_localization_node_interfaces[0m
[239.357s] [ 95%] [32m[1mLinking CXX executable navsat_transform_node[0m
[239.435s] [ 96%] [32mBuilding CXX object CMakeFiles/test_ekf_localization_node_interfaces.dir/test/test_ekf_localization_node_interfaces.cpp.o[0m
[239.926s] [ 96%] Built target navsat_transform_node
[239.969s] [35m[1mScanning dependencies of target test_filter_base_diagnostics_timestamps[0m
[240.183s] [ 97%] [32mBuilding CXX object CMakeFiles/test_filter_base_diagnostics_timestamps.dir/test/test_filter_base_diagnostics_timestamps.cpp.o[0m
[247.610s] [ 97%] [32m[1mLinking CXX executable robot_localization_listener_node[0m
[248.288s] [ 97%] Built target robot_localization_listener_node
[277.274s] [ 98%] [32m[1mLinking CXX executable test_ukf_localization_node_interfaces[0m
[278.197s] [ 98%] Built target test_ukf_localization_node_interfaces
[279.885s] [ 99%] [32m[1mLinking CXX executable test_filter_base_diagnostics_timestamps[0m
[280.519s] [ 99%] Built target test_filter_base_diagnostics_timestamps
[285.733s] [100%] [32m[1mLinking CXX executable test_ekf_localization_node_interfaces[0m
[286.316s] [100%] Built target test_ekf_localization_node_interfaces
[286.585s] Invoked command in '/home/wasp_mini/ros2_ws/build/robot_localization' returned '0': CMAKE_PREFIX_PATH=/opt/ros/foxy /usr/bin/cmake --build /home/wasp_mini/ros2_ws/build/robot_localization -- -j4 -l4
[286.958s] Invoking command in '/home/wasp_mini/ros2_ws/build/robot_localization': CMAKE_PREFIX_PATH=/opt/ros/foxy /usr/bin/cmake --install /home/wasp_mini/ros2_ws/build/robot_localization
[286.973s] -- Install configuration: "RelWithDebInfo"
[286.977s] -- Installing: /home/wasp_mini/ros2_ws/install/robot_localization/share/ament_index/resource_index/rosidl_interfaces/robot_localization
[286.978s] -- Installing: /home/wasp_mini/ros2_ws/install/robot_localization/include/robot_localization
[286.979s] -- Installing: /home/wasp_mini/ros2_ws/install/robot_localization/include/robot_localization/srv
[286.979s] -- Installing: /home/wasp_mini/ros2_ws/install/robot_localization/include/robot_localization/srv/set_datum.h
[286.980s] -- Installing: /home/wasp_mini/ros2_ws/install/robot_localization/include/robot_localization/srv/from_ll.h
[286.980s] -- Installing: /home/wasp_mini/ros2_ws/install/robot_localization/include/robot_localization/srv/get_state.h
[286.980s] -- Installing: /home/wasp_mini/ros2_ws/install/robot_localization/include/robot_localization/srv/detail
[286.981s] -- Installing: /home/wasp_mini/ros2_ws/install/robot_localization/include/robot_localization/srv/detail/get_state__functions.h
[286.981s] -- Installing: /home/wasp_mini/ros2_ws/install/robot_localization/include/robot_localization/srv/detail/to_ll__type_support.h
[286.981s] -- Installing: /home/wasp_mini/ros2_ws/install/robot_localization/include/robot_localization/srv/detail/to_ll__struct.h
[286.982s] -- Installing: /home/wasp_mini/ros2_ws/install/robot_localization/include/robot_localization/srv/detail/get_state__type_support.h
[286.982s] -- Installing: /home/wasp_mini/ros2_ws/install/robot_localization/include/robot_localization/srv/detail/from_ll__functions.h
[286.983s] -- Installing: /home/wasp_mini/ros2_ws/install/robot_localization/include/robot_localization/srv/detail/from_ll__type_support.h
[286.983s] -- Installing: /home/wasp_mini/ros2_ws/install/robot_localization/include/robot_localization/srv/detail/set_datum__struct.h
[286.983s] -- Installing: /home/wasp_mini/ros2_ws/install/robot_localization/include/robot_localization/srv/detail/toggle_filter_processing__struct.h
[286.983s] -- Installing: /home/wasp_mini/ros2_ws/install/robot_localization/include/robot_localization/srv/detail/set_datum__type_support.h
[286.984s] -- Installing: /home/wasp_mini/ros2_ws/install/robot_localization/include/robot_localization/srv/detail/toggle_filter_processing__type_support.h
[286.984s] -- Installing: /home/wasp_mini/ros2_ws/install/robot_localization/include/robot_localization/srv/detail/set_datum__functions.h
[286.985s] -- Installing: /home/wasp_mini/ros2_ws/install/robot_localization/include/robot_localization/srv/detail/get_state__functions.c
[286.985s] -- Installing: /home/wasp_mini/ros2_ws/install/robot_localization/include/robot_localization/srv/detail/get_state__struct.h
[286.985s] -- Installing: /home/wasp_mini/ros2_ws/install/robot_localization/include/robot_localization/srv/detail/to_ll__functions.c
[286.986s] -- Installing: /home/wasp_mini/ros2_ws/install/robot_localization/include/robot_localization/srv/detail/from_ll__functions.c
[286.987s] -- Installing: /home/wasp_mini/ros2_ws/install/robot_localization/include/robot_localization/srv/detail/set_pose__struct.h
[286.987s] -- Installing: /home/wasp_mini/ros2_ws/install/robot_localization/include/robot_localization/srv/detail/set_datum__functions.c
[286.987s] -- Installing: /home/wasp_mini/ros2_ws/install/robot_localization/include/robot_localization/srv/detail/set_pose__functions.h
[286.988s] -- Installing: /home/wasp_mini/ros2_ws/install/robot_localization/include/robot_localization/srv/detail/set_pose__type_support.h
[286.988s] -- Installing: /home/wasp_mini/ros2_ws/install/robot_localization/include/robot_localization/srv/detail/from_ll__struct.h
[286.989s] -- Installing: /home/wasp_mini/ros2_ws/install/robot_localization/include/robot_localization/srv/detail/to_ll__functions.h
[286.989s] -- Installing: /home/wasp_mini/ros2_ws/install/robot_localization/include/robot_localization/srv/detail/set_pose__functions.c
[286.990s] -- Installing: /home/wasp_mini/ros2_ws/install/robot_localization/include/robot_localization/srv/detail/toggle_filter_processing__functions.h
[286.990s] -- Installing: /home/wasp_mini/ros2_ws/install/robot_localization/include/robot_localization/srv/detail/toggle_filter_processing__functions.c
[286.991s] -- Installing: /home/wasp_mini/ros2_ws/install/robot_localization/include/robot_localization/srv/set_pose.h
[286.991s] -- Installing: /home/wasp_mini/ros2_ws/install/robot_localization/include/robot_localization/srv/to_ll.h
[286.991s] -- Installing: /home/wasp_mini/ros2_ws/install/robot_localization/include/robot_localization/srv/toggle_filter_processing.h
[286.992s] -- Installing: /home/wasp_mini/ros2_ws/install/robot_localization/include/robot_localization/msg
[286.992s] -- Installing: /home/wasp_mini/ros2_ws/install/robot_localization/include/robot_localization/msg/rosidl_generator_c__visibility_control.h
[286.995s] -- Installing: /home/wasp_mini/ros2_ws/install/robot_localization/share/robot_localization/environment/library_path.sh
[286.995s] -- Installing: /home/wasp_mini/ros2_ws/install/robot_localization/share/robot_localization/environment/library_path.dsv
[286.996s] -- Installing: /home/wasp_mini/ros2_ws/install/robot_localization/lib/librobot_localization__rosidl_generator_c.so
[286.998s] -- Set runtime path of "/home/wasp_mini/ros2_ws/install/robot_localization/lib/librobot_localization__rosidl_generator_c.so" to ""
[286.999s] -- Up-to-date: /home/wasp_mini/ros2_ws/install/robot_localization/include/robot_localization
[286.999s] -- Up-to-date: /home/wasp_mini/ros2_ws/install/robot_localization/include/robot_localization/srv
[287.000s] -- Up-to-date: /home/wasp_mini/ros2_ws/install/robot_localization/include/robot_localization/srv/detail
[287.000s] -- Installing: /home/wasp_mini/ros2_ws/install/robot_localization/include/robot_localization/srv/detail/to_ll__rosidl_typesupport_fastrtps_c.h
[287.000s] -- Installing: /home/wasp_mini/ros2_ws/install/robot_localization/include/robot_localization/srv/detail/toggle_filter_processing__rosidl_typesupport_fastrtps_c.h
[287.001s] -- Installing: /home/wasp_mini/ros2_ws/install/robot_localization/include/robot_localization/srv/detail/set_datum__rosidl_typesupport_fastrtps_c.h
[287.001s] -- Installing: /home/wasp_mini/ros2_ws/install/robot_localization/include/robot_localization/srv/detail/from_ll__rosidl_typesupport_fastrtps_c.h
[287.001s] -- Installing: /home/wasp_mini/ros2_ws/install/robot_localization/include/robot_localization/srv/detail/get_state__rosidl_typesupport_fastrtps_c.h
[287.002s] -- Installing: /home/wasp_mini/ros2_ws/install/robot_localization/include/robot_localization/srv/detail/set_pose__rosidl_typesupport_fastrtps_c.h
[287.002s] -- Up-to-date: /home/wasp_mini/ros2_ws/install/robot_localization/include/robot_localization/msg
[287.002s] -- Installing: /home/wasp_mini/ros2_ws/install/robot_localization/include/robot_localization/msg/rosidl_typesupport_fastrtps_c__visibility_control.h
[287.003s] -- Installing: /home/wasp_mini/ros2_ws/install/robot_localization/lib/librobot_localization__rosidl_typesupport_fastrtps_c.so
[287.008s] -- Set runtime path of "/home/wasp_mini/ros2_ws/install/robot_localization/lib/librobot_localization__rosidl_typesupport_fastrtps_c.so" to ""
[287.008s] -- Up-to-date: /home/wasp_mini/ros2_ws/install/robot_localization/include/robot_localization
[287.009s] -- Up-to-date: /home/wasp_mini/ros2_ws/install/robot_localization/include/robot_localization/srv
[287.009s] -- Up-to-date: /home/wasp_mini/ros2_ws/install/robot_localization/include/robot_localization/srv/detail
[287.009s] -- Installing: /home/wasp_mini/ros2_ws/install/robot_localization/include/robot_localization/srv/detail/to_ll__rosidl_typesupport_fastrtps_cpp.hpp
[287.010s] -- Installing: /home/wasp_mini/ros2_ws/install/robot_localization/include/robot_localization/srv/detail/set_datum__rosidl_typesupport_fastrtps_cpp.hpp
[287.011s] -- Installing: /home/wasp_mini/ros2_ws/install/robot_localization/include/robot_localization/srv/detail/toggle_filter_processing__rosidl_typesupport_fastrtps_cpp.hpp
[287.011s] -- Installing: /home/wasp_mini/ros2_ws/install/robot_localization/include/robot_localization/srv/detail/set_pose__rosidl_typesupport_fastrtps_cpp.hpp
[287.012s] -- Installing: /home/wasp_mini/ros2_ws/install/robot_localization/include/robot_localization/srv/detail/from_ll__rosidl_typesupport_fastrtps_cpp.hpp
[287.012s] -- Installing: /home/wasp_mini/ros2_ws/install/robot_localization/include/robot_localization/srv/detail/dds_fastrtps
[287.013s] -- Installing: /home/wasp_mini/ros2_ws/install/robot_localization/include/robot_localization/srv/detail/get_state__rosidl_typesupport_fastrtps_cpp.hpp
[287.013s] -- Up-to-date: /home/wasp_mini/ros2_ws/install/robot_localization/include/robot_localization/msg
[287.014s] -- Installing: /home/wasp_mini/ros2_ws/install/robot_localization/include/robot_localization/msg/rosidl_typesupport_fastrtps_cpp__visibility_control.h
[287.014s] -- Installing: /home/wasp_mini/ros2_ws/install/robot_localization/lib/librobot_localization__rosidl_typesupport_fastrtps_cpp.so
[287.019s] -- Set runtime path of "/home/wasp_mini/ros2_ws/install/robot_localization/lib/librobot_localization__rosidl_typesupport_fastrtps_cpp.so" to ""
[287.020s] -- Up-to-date: /home/wasp_mini/ros2_ws/install/robot_localization/include/robot_localization
[287.020s] -- Up-to-date: /home/wasp_mini/ros2_ws/install/robot_localization/include/robot_localization/srv
[287.021s] -- Up-to-date: /home/wasp_mini/ros2_ws/install/robot_localization/include/robot_localization/srv/detail
[287.021s] -- Installing: /home/wasp_mini/ros2_ws/install/robot_localization/include/robot_localization/srv/detail/get_state__type_support.c
[287.022s] -- Installing: /home/wasp_mini/ros2_ws/install/robot_localization/include/robot_localization/srv/detail/set_pose__rosidl_typesupport_introspection_c.h
[287.022s] -- Installing: /home/wasp_mini/ros2_ws/install/robot_localization/include/robot_localization/srv/detail/get_state__rosidl_typesupport_introspection_c.h
[287.022s] -- Installing: /home/wasp_mini/ros2_ws/install/robot_localization/include/robot_localization/srv/detail/toggle_filter_processing__rosidl_typesupport_introspection_c.h
[287.023s] -- Installing: /home/wasp_mini/ros2_ws/install/robot_localization/include/robot_localization/srv/detail/to_ll__rosidl_typesupport_introspection_c.h
[287.023s] -- Installing: /home/wasp_mini/ros2_ws/install/robot_localization/include/robot_localization/srv/detail/set_datum__rosidl_typesupport_introspection_c.h
[287.024s] -- Installing: /home/wasp_mini/ros2_ws/install/robot_localization/include/robot_localization/srv/detail/set_datum__type_support.c
[287.024s] -- Installing: /home/wasp_mini/ros2_ws/install/robot_localization/include/robot_localization/srv/detail/set_pose__type_support.c
[287.025s] -- Installing: /home/wasp_mini/ros2_ws/install/robot_localization/include/robot_localization/srv/detail/from_ll__rosidl_typesupport_introspection_c.h
[287.025s] -- Installing: /home/wasp_mini/ros2_ws/install/robot_localization/include/robot_localization/srv/detail/from_ll__type_support.c
[287.026s] -- Installing: /home/wasp_mini/ros2_ws/install/robot_localization/include/robot_localization/srv/detail/to_ll__type_support.c
[287.027s] -- Installing: /home/wasp_mini/ros2_ws/install/robot_localization/include/robot_localization/srv/detail/toggle_filter_processing__type_support.c
[287.027s] -- Up-to-date: /home/wasp_mini/ros2_ws/install/robot_localization/include/robot_localization/msg
[287.028s] -- Installing: /home/wasp_mini/ros2_ws/install/robot_localization/include/robot_localization/msg/rosidl_typesupport_introspection_c__visibility_control.h
[287.028s] -- Installing: /home/wasp_mini/ros2_ws/install/robot_localization/lib/librobot_localization__rosidl_typesupport_introspection_c.so
[287.030s] -- Set runtime path of "/home/wasp_mini/ros2_ws/install/robot_localization/lib/librobot_localization__rosidl_typesupport_introspection_c.so" to ""
[287.030s] -- Installing: /home/wasp_mini/ros2_ws/install/robot_localization/lib/librobot_localization__rosidl_typesupport_c.so
[287.033s] -- Set runtime path of "/home/wasp_mini/ros2_ws/install/robot_localization/lib/librobot_localization__rosidl_typesupport_c.so" to ""
[287.033s] -- Up-to-date: /home/wasp_mini/ros2_ws/install/robot_localization/include/robot_localization
[287.033s] -- Up-to-date: /home/wasp_mini/ros2_ws/install/robot_localization/include/robot_localization/srv
[287.033s] -- Installing: /home/wasp_mini/ros2_ws/install/robot_localization/include/robot_localization/srv/set_pose.hpp
[287.033s] -- Installing: /home/wasp_mini/ros2_ws/install/robot_localization/include/robot_localization/srv/toggle_filter_processing.hpp
[287.033s] -- Up-to-date: /home/wasp_mini/ros2_ws/install/robot_localization/include/robot_localization/srv/detail
[287.034s] -- Installing: /home/wasp_mini/ros2_ws/install/robot_localization/include/robot_localization/srv/detail/toggle_filter_processing__struct.hpp
[287.034s] -- Installing: /home/wasp_mini/ros2_ws/install/robot_localization/include/robot_localization/srv/detail/set_datum__traits.hpp
[287.034s] -- Installing: /home/wasp_mini/ros2_ws/install/robot_localization/include/robot_localization/srv/detail/toggle_filter_processing__traits.hpp
[287.034s] -- Installing: /home/wasp_mini/ros2_ws/install/robot_localization/include/robot_localization/srv/detail/from_ll__traits.hpp
[287.034s] -- Installing: /home/wasp_mini/ros2_ws/install/robot_localization/include/robot_localization/srv/detail/set_datum__struct.hpp
[287.034s] -- Installing: /home/wasp_mini/ros2_ws/install/robot_localization/include/robot_localization/srv/detail/to_ll__struct.hpp
[287.035s] -- Installing: /home/wasp_mini/ros2_ws/install/robot_localization/include/robot_localization/srv/detail/set_pose__struct.hpp
[287.035s] -- Installing: /home/wasp_mini/ros2_ws/install/robot_localization/include/robot_localization/srv/detail/get_state__traits.hpp
[287.035s] -- Installing: /home/wasp_mini/ros2_ws/install/robot_localization/include/robot_localization/srv/detail/from_ll__struct.hpp
[287.035s] -- Installing: /home/wasp_mini/ros2_ws/install/robot_localization/include/robot_localization/srv/detail/to_ll__builder.hpp
[287.035s] -- Installing: /home/wasp_mini/ros2_ws/install/robot_localization/include/robot_localization/srv/detail/set_pose__builder.hpp
[287.035s] -- Installing: /home/wasp_mini/ros2_ws/install/robot_localization/include/robot_localization/srv/detail/get_state__struct.hpp
[287.035s] -- Installing: /home/wasp_mini/ros2_ws/install/robot_localization/include/robot_localization/srv/detail/from_ll__builder.hpp
[287.036s] -- Installing: /home/wasp_mini/ros2_ws/install/robot_localization/include/robot_localization/srv/detail/set_pose__traits.hpp
[287.036s] -- Installing: /home/wasp_mini/ros2_ws/install/robot_localization/include/robot_localization/srv/detail/get_state__builder.hpp
[287.036s] -- Installing: /home/wasp_mini/ros2_ws/install/robot_localization/include/robot_localization/srv/detail/to_ll__traits.hpp
[287.036s] -- Installing: /home/wasp_mini/ros2_ws/install/robot_localization/include/robot_localization/srv/detail/toggle_filter_processing__builder.hpp
[287.036s] -- Installing: /home/wasp_mini/ros2_ws/install/robot_localization/include/robot_localization/srv/detail/set_datum__builder.hpp
[287.036s] -- Installing: /home/wasp_mini/ros2_ws/install/robot_localization/include/robot_localization/srv/get_state.hpp
[287.036s] -- Installing: /home/wasp_mini/ros2_ws/install/robot_localization/include/robot_localization/srv/from_ll.hpp
[287.036s] -- Installing: /home/wasp_mini/ros2_ws/install/robot_localization/include/robot_localization/srv/set_datum.hpp
[287.037s] -- Installing: /home/wasp_mini/ros2_ws/install/robot_localization/include/robot_localization/srv/to_ll.hpp
[287.037s] -- Up-to-date: /home/wasp_mini/ros2_ws/install/robot_localization/include/robot_localization
[287.037s] -- Up-to-date: /home/wasp_mini/ros2_ws/install/robot_localization/include/robot_localization/srv
[287.037s] -- Up-to-date: /home/wasp_mini/ros2_ws/install/robot_localization/include/robot_localization/srv/detail
[287.038s] -- Installing: /home/wasp_mini/ros2_ws/install/robot_localization/include/robot_localization/srv/detail/get_state__rosidl_typesupport_introspection_cpp.hpp
[287.038s] -- Installing: /home/wasp_mini/ros2_ws/install/robot_localization/include/robot_localization/srv/detail/from_ll__type_support.cpp
[287.039s] -- Installing: /home/wasp_mini/ros2_ws/install/robot_localization/include/robot_localization/srv/detail/to_ll__rosidl_typesupport_introspection_cpp.hpp
[287.039s] -- Installing: /home/wasp_mini/ros2_ws/install/robot_localization/include/robot_localization/srv/detail/set_pose__rosidl_typesupport_introspection_cpp.hpp
[287.040s] -- Installing: /home/wasp_mini/ros2_ws/install/robot_localization/include/robot_localization/srv/detail/to_ll__type_support.cpp
[287.040s] -- Installing: /home/wasp_mini/ros2_ws/install/robot_localization/include/robot_localization/srv/detail/set_datum__type_support.cpp
[287.041s] -- Installing: /home/wasp_mini/ros2_ws/install/robot_localization/include/robot_localization/srv/detail/toggle_filter_processing__rosidl_typesupport_introspection_cpp.hpp
[287.041s] -- Installing: /home/wasp_mini/ros2_ws/install/robot_localization/include/robot_localization/srv/detail/get_state__type_support.cpp
[287.042s] -- Installing: /home/wasp_mini/ros2_ws/install/robot_localization/include/robot_localization/srv/detail/set_datum__rosidl_typesupport_introspection_cpp.hpp
[287.042s] -- Installing: /home/wasp_mini/ros2_ws/install/robot_localization/include/robot_localization/srv/detail/toggle_filter_processing__type_support.cpp
[287.043s] -- Installing: /home/wasp_mini/ros2_ws/install/robot_localization/include/robot_localization/srv/detail/from_ll__rosidl_typesupport_introspection_cpp.hpp
[287.043s] -- Installing: /home/wasp_mini/ros2_ws/install/robot_localization/include/robot_localization/srv/detail/set_pose__type_support.cpp
[287.044s] -- Installing: /home/wasp_mini/ros2_ws/install/robot_localization/lib/librobot_localization__rosidl_typesupport_introspection_cpp.so
[287.047s] -- Set runtime path of "/home/wasp_mini/ros2_ws/install/robot_localization/lib/librobot_localization__rosidl_typesupport_introspection_cpp.so" to ""
[287.047s] -- Installing: /home/wasp_mini/ros2_ws/install/robot_localization/lib/librobot_localization__rosidl_typesupport_cpp.so
[287.051s] -- Set runtime path of "/home/wasp_mini/ros2_ws/install/robot_localization/lib/librobot_localization__rosidl_typesupport_cpp.so" to ""
[287.051s] -- Installing: /home/wasp_mini/ros2_ws/install/robot_localization/share/robot_localization/environment/pythonpath.sh
[287.052s] -- Installing: /home/wasp_mini/ros2_ws/install/robot_localization/share/robot_localization/environment/pythonpath.dsv
[287.053s] -- Installing: /home/wasp_mini/ros2_ws/install/robot_localization/lib/python3.8/site-packages/robot_localization/__init__.py
[287.243s] Compiling '/home/wasp_mini/ros2_ws/install/robot_localization/lib/python3.8/site-packages/robot_localization/__init__.py'...
[287.249s] -- Installing: /home/wasp_mini/ros2_ws/install/robot_localization/lib/python3.8/site-packages/robot_localization/srv
[287.249s] -- Installing: /home/wasp_mini/ros2_ws/install/robot_localization/lib/python3.8/site-packages/robot_localization/srv/_set_pose.py
[287.250s] -- Installing: /home/wasp_mini/ros2_ws/install/robot_localization/lib/python3.8/site-packages/robot_localization/srv/_set_datum_s.c
[287.251s] -- Installing: /home/wasp_mini/ros2_ws/install/robot_localization/lib/python3.8/site-packages/robot_localization/srv/_to_ll.py
[287.251s] -- Installing: /home/wasp_mini/ros2_ws/install/robot_localization/lib/python3.8/site-packages/robot_localization/srv/_set_datum.py
[287.252s] -- Installing: /home/wasp_mini/ros2_ws/install/robot_localization/lib/python3.8/site-packages/robot_localization/srv/_to_ll_s.c
[287.253s] -- Installing: /home/wasp_mini/ros2_ws/install/robot_localization/lib/python3.8/site-packages/robot_localization/srv/_toggle_filter_processing.py
[287.253s] -- Installing: /home/wasp_mini/ros2_ws/install/robot_localization/lib/python3.8/site-packages/robot_localization/srv/_get_state_s.c
[287.254s] -- Installing: /home/wasp_mini/ros2_ws/install/robot_localization/lib/python3.8/site-packages/robot_localization/srv/_set_pose_s.c
[287.254s] -- Installing: /home/wasp_mini/ros2_ws/install/robot_localization/lib/python3.8/site-packages/robot_localization/srv/_get_state.py
[287.255s] -- Installing: /home/wasp_mini/ros2_ws/install/robot_localization/lib/python3.8/site-packages/robot_localization/srv/_from_ll_s.c
[287.256s] -- Installing: /home/wasp_mini/ros2_ws/install/robot_localization/lib/python3.8/site-packages/robot_localization/srv/__init__.py
[287.256s] -- Installing: /home/wasp_mini/ros2_ws/install/robot_localization/lib/python3.8/site-packages/robot_localization/srv/_from_ll.py
[287.257s] -- Installing: /home/wasp_mini/ros2_ws/install/robot_localization/lib/python3.8/site-packages/robot_localization/srv/_toggle_filter_processing_s.c
[287.258s] -- Installing: /home/wasp_mini/ros2_ws/install/robot_localization/lib/python3.8/site-packages/robot_localization/robot_localization_s__rosidl_typesupport_fastrtps_c.cpython-38-x86_64-linux-gnu.so
[287.260s] -- Set runtime path of "/home/wasp_mini/ros2_ws/install/robot_localization/lib/python3.8/site-packages/robot_localization/robot_localization_s__rosidl_typesupport_fastrtps_c.cpython-38-x86_64-linux-gnu.so" to ""
[287.261s] -- Installing: /home/wasp_mini/ros2_ws/install/robot_localization/lib/python3.8/site-packages/robot_localization/robot_localization_s__rosidl_typesupport_introspection_c.cpython-38-x86_64-linux-gnu.so
[287.264s] -- Set runtime path of "/home/wasp_mini/ros2_ws/install/robot_localization/lib/python3.8/site-packages/robot_localization/robot_localization_s__rosidl_typesupport_introspection_c.cpython-38-x86_64-linux-gnu.so" to ""
[287.264s] -- Installing: /home/wasp_mini/ros2_ws/install/robot_localization/lib/python3.8/site-packages/robot_localization/robot_localization_s__rosidl_typesupport_c.cpython-38-x86_64-linux-gnu.so
[287.267s] -- Set runtime path of "/home/wasp_mini/ros2_ws/install/robot_localization/lib/python3.8/site-packages/robot_localization/robot_localization_s__rosidl_typesupport_c.cpython-38-x86_64-linux-gnu.so" to ""
[287.268s] -- Installing: /home/wasp_mini/ros2_ws/install/robot_localization/lib/librobot_localization__python.so
[287.272s] -- Set runtime path of "/home/wasp_mini/ros2_ws/install/robot_localization/lib/librobot_localization__python.so" to ""
[287.274s] -- Installing: /home/wasp_mini/ros2_ws/install/robot_localization/share/robot_localization/srv/FromLL.idl
[287.275s] -- Installing: /home/wasp_mini/ros2_ws/install/robot_localization/share/robot_localization/srv/GetState.idl
[287.276s] -- Installing: /home/wasp_mini/ros2_ws/install/robot_localization/share/robot_localization/srv/SetDatum.idl
[287.277s] -- Installing: /home/wasp_mini/ros2_ws/install/robot_localization/share/robot_localization/srv/SetPose.idl
[287.277s] -- Installing: /home/wasp_mini/ros2_ws/install/robot_localization/share/robot_localization/srv/ToggleFilterProcessing.idl
[287.278s] -- Installing: /home/wasp_mini/ros2_ws/install/robot_localization/share/robot_localization/srv/ToLL.idl
[287.279s] -- Installing: /home/wasp_mini/ros2_ws/install/robot_localization/share/robot_localization/srv/FromLL.srv
[287.281s] -- Installing: /home/wasp_mini/ros2_ws/install/robot_localization/share/robot_localization/srv/FromLL_Request.msg
[287.282s] -- Installing: /home/wasp_mini/ros2_ws/install/robot_localization/share/robot_localization/srv/FromLL_Response.msg
[287.282s] -- Installing: /home/wasp_mini/ros2_ws/install/robot_localization/share/robot_localization/srv/GetState.srv
[287.283s] -- Installing: /home/wasp_mini/ros2_ws/install/robot_localization/share/robot_localization/srv/GetState_Request.msg
[287.286s] -- Installing: /home/wasp_mini/ros2_ws/install/robot_localization/share/robot_localization/srv/GetState_Response.msg
[287.286s] -- Installing: /home/wasp_mini/ros2_ws/install/robot_localization/share/robot_localization/srv/SetDatum.srv
[287.287s] -- Installing: /home/wasp_mini/ros2_ws/install/robot_localization/share/robot_localization/srv/SetDatum_Request.msg
[287.288s] -- Installing: /home/wasp_mini/ros2_ws/install/robot_localization/share/robot_localization/srv/SetDatum_Response.msg
[287.289s] -- Installing: /home/wasp_mini/ros2_ws/install/robot_localization/share/robot_localization/srv/SetPose.srv
[287.290s] -- Installing: /home/wasp_mini/ros2_ws/install/robot_localization/share/robot_localization/srv/SetPose_Request.msg
[287.290s] -- Installing: /home/wasp_mini/ros2_ws/install/robot_localization/share/robot_localization/srv/SetPose_Response.msg
[287.291s] -- Installing: /home/wasp_mini/ros2_ws/install/robot_localization/share/robot_localization/srv/ToggleFilterProcessing.srv
[287.292s] -- Installing: /home/wasp_mini/ros2_ws/install/robot_localization/share/robot_localization/srv/ToggleFilterProcessing_Request.msg
[287.292s] -- Installing: /home/wasp_mini/ros2_ws/install/robot_localization/share/robot_localization/srv/ToggleFilterProcessing_Response.msg
[287.293s] -- Installing: /home/wasp_mini/ros2_ws/install/robot_localization/share/robot_localization/srv/ToLL.srv
[287.294s] -- Installing: /home/wasp_mini/ros2_ws/install/robot_localization/share/robot_localization/srv/ToLL_Request.msg
[287.294s] -- Installing: /home/wasp_mini/ros2_ws/install/robot_localization/share/robot_localization/srv/ToLL_Response.msg
[287.295s] -- Installing: /home/wasp_mini/ros2_ws/install/robot_localization/lib/robot_localization/filter_base-test
[287.308s] -- Set runtime path of "/home/wasp_mini/ros2_ws/install/robot_localization/lib/robot_localization/filter_base-test" to ""
[287.308s] -- Installing: /home/wasp_mini/ros2_ws/install/robot_localization/lib/robot_localization/test_filter_base_diagnostics_timestamps
[287.332s] -- Set runtime path of "/home/wasp_mini/ros2_ws/install/robot_localization/lib/robot_localization/test_filter_base_diagnostics_timestamps" to ""
[287.332s] -- Installing: /home/wasp_mini/ros2_ws/install/robot_localization/lib/robot_localization/test_ekf
[287.345s] -- Set runtime path of "/home/wasp_mini/ros2_ws/install/robot_localization/lib/robot_localization/test_ekf" to ""
[287.345s] -- Installing: /home/wasp_mini/ros2_ws/install/robot_localization/lib/robot_localization/test_ekf_localization_node_interfaces
[287.370s] -- Set runtime path of "/home/wasp_mini/ros2_ws/install/robot_localization/lib/robot_localization/test_ekf_localization_node_interfaces" to ""
[287.370s] -- Installing: /home/wasp_mini/ros2_ws/install/robot_localization/lib/robot_localization/test_ukf
[287.383s] -- Set runtime path of "/home/wasp_mini/ros2_ws/install/robot_localization/lib/robot_localization/test_ukf" to ""
[287.384s] -- Installing: /home/wasp_mini/ros2_ws/install/robot_localization/lib/robot_localization/test_ukf_localization_node_interfaces
[287.408s] -- Set runtime path of "/home/wasp_mini/ros2_ws/install/robot_localization/lib/robot_localization/test_ukf_localization_node_interfaces" to ""
[287.409s] -- Installing: /home/wasp_mini/ros2_ws/install/robot_localization/lib/robot_localization/test_robot_localization_estimator
[287.421s] -- Set runtime path of "/home/wasp_mini/ros2_ws/install/robot_localization/lib/robot_localization/test_robot_localization_estimator" to ""
[287.421s] -- Installing: /home/wasp_mini/ros2_ws/install/robot_localization/lib/robot_localization/test_navsat_conversions
[287.430s] -- Set runtime path of "/home/wasp_mini/ros2_ws/install/robot_localization/lib/robot_localization/test_navsat_conversions" to ""
[287.431s] -- Installing: /home/wasp_mini/ros2_ws/install/robot_localization/lib/robot_localization/test_navsat_transform
[287.443s] -- Set runtime path of "/home/wasp_mini/ros2_ws/install/robot_localization/lib/robot_localization/test_navsat_transform" to ""
[287.443s] -- Installing: /home/wasp_mini/ros2_ws/install/robot_localization/lib/robot_localization/test_ros_robot_localization_listener
[287.455s] -- Set runtime path of "/home/wasp_mini/ros2_ws/install/robot_localization/lib/robot_localization/test_ros_robot_localization_listener" to ""
[287.456s] -- Installing: /home/wasp_mini/ros2_ws/install/robot_localization/lib/robot_localization/test_ros_robot_localization_listener_publisher
[287.462s] -- Set runtime path of "/home/wasp_mini/ros2_ws/install/robot_localization/lib/robot_localization/test_ros_robot_localization_listener_publisher" to ""
[287.463s] -- Installing: /home/wasp_mini/ros2_ws/install/robot_localization/share/robot_localization/test
[287.463s] -- Installing: /home/wasp_mini/ros2_ws/install/robot_localization/share/robot_localization/test/test_navsat_conversions.cpp
[287.463s] -- Installing: /home/wasp_mini/ros2_ws/install/robot_localization/share/robot_localization/test/test_ukf_localization_node_interfaces.yaml
[287.479s] -- Installing: /home/wasp_mini/ros2_ws/install/robot_localization/share/robot_localization/test/test_ekf_localization_node_bag3.sh
[287.480s] -- Installing: /home/wasp_mini/ros2_ws/install/robot_localization/share/robot_localization/test/test_robot_localization_estimator.cpp
[287.480s] -- Installing: /home/wasp_mini/ros2_ws/install/robot_localization/share/robot_localization/test/test_filter_base_diagnostics_timestamps.yaml
[287.480s] -- Installing: /home/wasp_mini/ros2_ws/install/robot_localization/share/robot_localization/test/test_ukf_localization_node_bag3.sh
[287.480s] -- Installing: /home/wasp_mini/ros2_ws/install/robot_localization/share/robot_localization/test/test_filter_base.cpp
[287.481s] -- Installing: /home/wasp_mini/ros2_ws/install/robot_localization/share/robot_localization/test/test_ukf_localization_node_interfaces.cpp
[287.481s] -- Installing: /home/wasp_mini/ros2_ws/install/robot_localization/share/robot_localization/test/test2.bag
[287.486s] -- Installing: /home/wasp_mini/ros2_ws/install/robot_localization/share/robot_localization/test/test_ekf_localization_node_bag1.yaml
[287.487s] -- Installing: /home/wasp_mini/ros2_ws/install/robot_localization/share/robot_localization/test/test_ekf_localization_node_bag3.yaml
[287.487s] -- Installing: /home/wasp_mini/ros2_ws/install/robot_localization/share/robot_localization/test/test_ekf.cpp
[287.488s] -- Installing: /home/wasp_mini/ros2_ws/install/robot_localization/share/robot_localization/test/test_ukf_localization_node_bag1.yaml
[287.489s] -- Installing: /home/wasp_mini/ros2_ws/install/robot_localization/share/robot_localization/test/test_ekf_localization_node_interfaces.launch.py
[287.489s] -- Installing: /home/wasp_mini/ros2_ws/install/robot_localization/share/robot_localization/test/test_localization_node_bag_pose_tester.cpp
[287.490s] -- Installing: /home/wasp_mini/ros2_ws/install/robot_localization/share/robot_localization/test/test_ukf.cpp
[287.490s] -- Installing: /home/wasp_mini/ros2_ws/install/robot_localization/share/robot_localization/test/test_ekf_localization_node_bag2.yaml
[287.491s] -- Installing: /home/wasp_mini/ros2_ws/install/robot_localization/share/robot_localization/test/test3.bag
[287.621s] -- Installing: /home/wasp_mini/ros2_ws/install/robot_localization/share/robot_localization/test/test_ros_robot_localization_listener.cpp
[287.621s] -- Installing: /home/wasp_mini/ros2_ws/install/robot_localization/share/robot_localization/test/test_navsat_transform.cpp
[287.621s] -- Installing: /home/wasp_mini/ros2_ws/install/robot_localization/share/robot_localization/test/test_ukf_localization_node_bag2.launch.py
[287.622s] -- Installing: /home/wasp_mini/ros2_ws/install/robot_localization/share/robot_localization/test/test_ros_robot_localization_listener.yaml
[287.622s] -- Installing: /home/wasp_mini/ros2_ws/install/robot_localization/share/robot_localization/test/test_ros_robot_localization_listener_publisher.cpp
[287.623s] -- Installing: /home/wasp_mini/ros2_ws/install/robot_localization/share/robot_localization/test/test_filter_base_diagnostics_timestamps.cpp
[287.623s] -- Installing: /home/wasp_mini/ros2_ws/install/robot_localization/share/robot_localization/test/test_ekf_localization_node_bag1.launch.py
[287.623s] -- Installing: /home/wasp_mini/ros2_ws/install/robot_localization/share/robot_localization/test/test_ekf_localization_node_bag2.launch.py
[287.624s] -- Installing: /home/wasp_mini/ros2_ws/install/robot_localization/share/robot_localization/test/test_ekf_localization_node_bag1.sh
[287.624s] -- Installing: /home/wasp_mini/ros2_ws/install/robot_localization/share/robot_localization/test/test_ukf_localization_node_bag2.sh
[287.624s] -- Installing: /home/wasp_mini/ros2_ws/install/robot_localization/share/robot_localization/test/test_ros_robot_localization_listener.launch.py
[287.625s] -- Installing: /home/wasp_mini/ros2_ws/install/robot_localization/share/robot_localization/test/test_ukf_localization_node_bag3.yaml
[287.625s] -- Installing: /home/wasp_mini/ros2_ws/install/robot_localization/share/robot_localization/test/test_ukf_localization_node_bag3.launch.py
[287.626s] -- Installing: /home/wasp_mini/ros2_ws/install/robot_localization/share/robot_localization/test/test_ukf_localization_node_bag1.launch.py
[287.626s] -- Installing: /home/wasp_mini/ros2_ws/install/robot_localization/share/robot_localization/test/test_ekf_localization_node_bag2.sh
[287.626s] -- Installing: /home/wasp_mini/ros2_ws/install/robot_localization/share/robot_localization/test/test_ekf_localization_node_bag3.launch.py
[287.627s] -- Installing: /home/wasp_mini/ros2_ws/install/robot_localization/share/robot_localization/test/test1.bag
[287.636s] -- Installing: /home/wasp_mini/ros2_ws/install/robot_localization/share/robot_localization/test/test_ukf_localization_node_bag1.sh
[287.637s] -- Installing: /home/wasp_mini/ros2_ws/install/robot_localization/share/robot_localization/test/test_filter_base_diagnostics_timestamps.launch.py
[287.638s] -- Installing: /home/wasp_mini/ros2_ws/install/robot_localization/share/robot_localization/test/test_ukf_localization_node_bag2.yaml
[287.639s] -- Installing: /home/wasp_mini/ros2_ws/install/robot_localization/share/robot_localization/test/test_ukf_localization_node_interfaces.launch.py
[287.639s] -- Installing: /home/wasp_mini/ros2_ws/install/robot_localization/share/robot_localization/test/test_ekf_localization_node_interfaces.cpp
[287.639s] -- Installing: /home/wasp_mini/ros2_ws/install/robot_localization/share/robot_localization/test/test_robot_localization_estimator.launch.py
[287.640s] -- Installing: /home/wasp_mini/ros2_ws/install/robot_localization/share/robot_localization/test/test_navsat_transform.launch.py
[287.640s] -- Installing: /home/wasp_mini/ros2_ws/install/robot_localization/share/robot_localization/test/test_ekf_localization_node_interfaces.yaml
[287.641s] -- Installing: /home/wasp_mini/ros2_ws/install/robot_localization/lib/robot_localization/navsat_transform_node
[287.644s] -- Set runtime path of "/home/wasp_mini/ros2_ws/install/robot_localization/lib/robot_localization/navsat_transform_node" to ""
[287.644s] -- Installing: /home/wasp_mini/ros2_ws/install/robot_localization/lib/robot_localization/ekf_node
[287.648s] -- Set runtime path of "/home/wasp_mini/ros2_ws/install/robot_localization/lib/robot_localization/ekf_node" to ""
[287.648s] -- Installing: /home/wasp_mini/ros2_ws/install/robot_localization/lib/robot_localization/ukf_node
[287.652s] -- Set runtime path of "/home/wasp_mini/ros2_ws/install/robot_localization/lib/robot_localization/ukf_node" to ""
[287.652s] -- Installing: /home/wasp_mini/ros2_ws/install/robot_localization/lib/robot_localization/robot_localization_listener_node
[287.656s] -- Set runtime path of "/home/wasp_mini/ros2_ws/install/robot_localization/lib/robot_localization/robot_localization_listener_node" to ""
[287.656s] -- Installing: /home/wasp_mini/ros2_ws/install/robot_localization/lib/librl_lib.so
[287.767s] -- Set runtime path of "/home/wasp_mini/ros2_ws/install/robot_localization/lib/librl_lib.so" to ""
[287.767s] -- Installing: /home/wasp_mini/ros2_ws/install/robot_localization/share/robot_localization/params
[287.817s] -- Installing: /home/wasp_mini/ros2_ws/install/robot_localization/share/robot_localization/params/ukf.yaml
[287.861s] -- Installing: /home/wasp_mini/ros2_ws/install/robot_localization/share/robot_localization/params/navsat_transform.yaml
[287.872s] -- Installing: /home/wasp_mini/ros2_ws/install/robot_localization/share/robot_localization/params/ekf.yaml
[287.896s] -- Installing: /home/wasp_mini/ros2_ws/install/robot_localization/share/robot_localization/params/dual_ekf_navsat_example.yaml
[287.908s] -- Installing: /home/wasp_mini/ros2_ws/install/robot_localization/share/robot_localization/launch
[287.920s] -- Installing: /home/wasp_mini/ros2_ws/install/robot_localization/share/robot_localization/launch/ukf.launch.py
[288.060s] -- Installing: /home/wasp_mini/ros2_ws/install/robot_localization/share/robot_localization/launch/dual_ekf_navsat_example.launch.py
[288.069s] -- Installing: /home/wasp_mini/ros2_ws/install/robot_localization/share/robot_localization/launch/navsat_transform.launch.py
[288.077s] -- Installing: /home/wasp_mini/ros2_ws/install/robot_localization/share/robot_localization/launch/ekf.launch.py
[288.086s] -- Installing: /home/wasp_mini/ros2_ws/install/robot_localization/share/ament_index/resource_index/package_run_dependencies/robot_localization
[288.104s] -- Installing: /home/wasp_mini/ros2_ws/install/robot_localization/share/ament_index/resource_index/parent_prefix_path/robot_localization
[288.150s] -- Installing: /home/wasp_mini/ros2_ws/install/robot_localization/share/robot_localization/environment/ament_prefix_path.sh
[288.151s] -- Installing: /home/wasp_mini/ros2_ws/install/robot_localization/share/robot_localization/environment/ament_prefix_path.dsv
[288.152s] -- Installing: /home/wasp_mini/ros2_ws/install/robot_localization/share/robot_localization/environment/path.sh
[288.153s] -- Installing: /home/wasp_mini/ros2_ws/install/robot_localization/share/robot_localization/environment/path.dsv
[288.154s] -- Installing: /home/wasp_mini/ros2_ws/install/robot_localization/share/robot_localization/local_setup.bash
[288.155s] -- Installing: /home/wasp_mini/ros2_ws/install/robot_localization/share/robot_localization/local_setup.sh
[288.156s] -- Installing: /home/wasp_mini/ros2_ws/install/robot_localization/share/robot_localization/local_setup.zsh
[288.156s] -- Installing: /home/wasp_mini/ros2_ws/install/robot_localization/share/robot_localization/local_setup.dsv
[288.157s] -- Installing: /home/wasp_mini/ros2_ws/install/robot_localization/share/robot_localization/package.dsv
[288.159s] -- Installing: /home/wasp_mini/ros2_ws/install/robot_localization/share/ament_index/resource_index/packages/robot_localization
[288.161s] -- Installing: /home/wasp_mini/ros2_ws/install/robot_localization/share/robot_localization/cmake/robot_localization__rosidl_generator_cExport.cmake
[288.162s] -- Installing: /home/wasp_mini/ros2_ws/install/robot_localization/share/robot_localization/cmake/robot_localization__rosidl_generator_cExport-relwithdebinfo.cmake
[288.164s] -- Installing: /home/wasp_mini/ros2_ws/install/robot_localization/share/robot_localization/cmake/robot_localization__rosidl_typesupport_introspection_cExport.cmake
[288.165s] -- Installing: /home/wasp_mini/ros2_ws/install/robot_localization/share/robot_localization/cmake/robot_localization__rosidl_typesupport_introspection_cExport-relwithdebinfo.cmake
[288.166s] -- Installing: /home/wasp_mini/ros2_ws/install/robot_localization/share/robot_localization/cmake/robot_localization__rosidl_typesupport_cExport.cmake
[288.168s] -- Installing: /home/wasp_mini/ros2_ws/install/robot_localization/share/robot_localization/cmake/robot_localization__rosidl_typesupport_cExport-relwithdebinfo.cmake
[288.169s] -- Installing: /home/wasp_mini/ros2_ws/install/robot_localization/share/robot_localization/cmake/robot_localization__rosidl_generator_cppExport.cmake
[288.170s] -- Installing: /home/wasp_mini/ros2_ws/install/robot_localization/share/robot_localization/cmake/robot_localization__rosidl_typesupport_introspection_cppExport.cmake
[288.171s] -- Installing: /home/wasp_mini/ros2_ws/install/robot_localization/share/robot_localization/cmake/robot_localization__rosidl_typesupport_introspection_cppExport-relwithdebinfo.cmake
[288.172s] -- Installing: /home/wasp_mini/ros2_ws/install/robot_localization/share/robot_localization/cmake/robot_localization__rosidl_typesupport_cppExport.cmake
[288.173s] -- Installing: /home/wasp_mini/ros2_ws/install/robot_localization/share/robot_localization/cmake/robot_localization__rosidl_typesupport_cppExport-relwithdebinfo.cmake
[288.174s] -- Installing: /home/wasp_mini/ros2_ws/install/robot_localization/share/robot_localization/cmake/rosidl_cmake-extras.cmake
[288.175s] -- Installing: /home/wasp_mini/ros2_ws/install/robot_localization/share/robot_localization/cmake/ament_cmake_export_dependencies-extras.cmake
[288.177s] -- Installing: /home/wasp_mini/ros2_ws/install/robot_localization/share/robot_localization/cmake/ament_cmake_export_libraries-extras.cmake
[288.178s] -- Installing: /home/wasp_mini/ros2_ws/install/robot_localization/share/robot_localization/cmake/ament_cmake_export_targets-extras.cmake
[288.179s] -- Installing: /home/wasp_mini/ros2_ws/install/robot_localization/share/robot_localization/cmake/ament_cmake_export_include_directories-extras.cmake
[288.180s] -- Installing: /home/wasp_mini/ros2_ws/install/robot_localization/share/robot_localization/cmake/rosidl_cmake_export_typesupport_libraries-extras.cmake
[288.181s] -- Installing: /home/wasp_mini/ros2_ws/install/robot_localization/share/robot_localization/cmake/rosidl_cmake_export_typesupport_targets-extras.cmake
[288.182s] -- Installing: /home/wasp_mini/ros2_ws/install/robot_localization/share/robot_localization/cmake/robot_localizationConfig.cmake
[288.183s] -- Installing: /home/wasp_mini/ros2_ws/install/robot_localization/share/robot_localization/cmake/robot_localizationConfig-version.cmake
[288.186s] -- Installing: /home/wasp_mini/ros2_ws/install/robot_localization/share/robot_localization/package.xml
[288.202s] Invoked command in '/home/wasp_mini/ros2_ws/build/robot_localization' returned '0': CMAKE_PREFIX_PATH=/opt/ros/foxy /usr/bin/cmake --install /home/wasp_mini/ros2_ws/build/robot_localization
