[0.416s] Invoking command in '/home/wasp_mini/ros2_ws/src/wasp_mini_controller': PYTHONPATH=/home/wasp_mini/ros2_ws/install/wasp_mini_controller/lib/python3.8/site-packages:${PYTHONPATH} /usr/bin/python3 setup.py egg_info --egg-base ../../build/wasp_mini_controller build --build-base /home/wasp_mini/ros2_ws/build/wasp_mini_controller/build install --prefix /home/wasp_mini/ros2_ws/install/wasp_mini_controller --record /home/wasp_mini/ros2_ws/build/wasp_mini_controller/install.log --single-version-externally-managed
[0.778s] running egg_info
[0.779s] writing ../../build/wasp_mini_controller/wasp_mini_controller.egg-info/PKG-INFO
[0.779s] writing dependency_links to ../../build/wasp_mini_controller/wasp_mini_controller.egg-info/dependency_links.txt
[0.780s] writing entry points to ../../build/wasp_mini_controller/wasp_mini_controller.egg-info/entry_points.txt
[0.780s] writing requirements to ../../build/wasp_mini_controller/wasp_mini_controller.egg-info/requires.txt
[0.780s] writing top-level names to ../../build/wasp_mini_controller/wasp_mini_controller.egg-info/top_level.txt
[0.830s] reading manifest file '../../build/wasp_mini_controller/wasp_mini_controller.egg-info/SOURCES.txt'
[0.831s] writing manifest file '../../build/wasp_mini_controller/wasp_mini_controller.egg-info/SOURCES.txt'
[0.831s] running build
[0.831s] running build_py
[0.832s] copying wasp_mini_controller/main.py -> /home/wasp_mini/ros2_ws/build/wasp_mini_controller/build/lib/wasp_mini_controller
[0.833s] running install
[0.834s] running install_lib
[0.836s] copying /home/wasp_mini/ros2_ws/build/wasp_mini_controller/build/lib/wasp_mini_controller/main.py -> /home/wasp_mini/ros2_ws/install/wasp_mini_controller/lib/python3.8/site-packages/wasp_mini_controller
[0.837s] byte-compiling /home/wasp_mini/ros2_ws/install/wasp_mini_controller/lib/python3.8/site-packages/wasp_mini_controller/main.py to main.cpython-38.pyc
[0.839s] Sorry: IndentationError: expected an indented block (main.py, line 102)
[0.839s] running install_data
[0.840s] running install_egg_info
[0.842s] removing '/home/wasp_mini/ros2_ws/install/wasp_mini_controller/lib/python3.8/site-packages/wasp_mini_controller-0.0.0-py3.8.egg-info' (and everything under it)
[0.843s] Copying ../../build/wasp_mini_controller/wasp_mini_controller.egg-info to /home/wasp_mini/ros2_ws/install/wasp_mini_controller/lib/python3.8/site-packages/wasp_mini_controller-0.0.0-py3.8.egg-info
[0.844s] running install_scripts
[0.869s] Installing actuator_position script to /home/wasp_mini/ros2_ws/install/wasp_mini_controller/lib/wasp_mini_controller
[0.869s] Installing main_node script to /home/wasp_mini/ros2_ws/install/wasp_mini_controller/lib/wasp_mini_controller
[0.870s] Installing motor_FL script to /home/wasp_mini/ros2_ws/install/wasp_mini_controller/lib/wasp_mini_controller
[0.870s] Installing motor_FR script to /home/wasp_mini/ros2_ws/install/wasp_mini_controller/lib/wasp_mini_controller
[0.871s] writing list of installed files to '/home/wasp_mini/ros2_ws/build/wasp_mini_controller/install.log'
[0.901s] Invoked command in '/home/wasp_mini/ros2_ws/src/wasp_mini_controller' returned '0': PYTHONPATH=/home/wasp_mini/ros2_ws/install/wasp_mini_controller/lib/python3.8/site-packages:${PYTHONPATH} /usr/bin/python3 setup.py egg_info --egg-base ../../build/wasp_mini_controller build --build-base /home/wasp_mini/ros2_ws/build/wasp_mini_controller/build install --prefix /home/wasp_mini/ros2_ws/install/wasp_mini_controller --record /home/wasp_mini/ros2_ws/build/wasp_mini_controller/install.log --single-version-externally-managed
