[0.050s] Invoking command in '/home/wasp_mini/ros2_ws/build/wasp_mini_joy': CMAKE_PREFIX_PATH=${CMAKE_PREFIX_PATH}:/home/wasp_mini/ros2_ws/install/wasp_mini_controller:/opt/ros/foxy /usr/bin/cmake --build /home/wasp_mini/ros2_ws/build/wasp_mini_joy -- -j4 -l4
[0.229s] [100%] Built target joy_pub
[0.258s] Invoked command in '/home/wasp_mini/ros2_ws/build/wasp_mini_joy' returned '0': CMAKE_PREFIX_PATH=${CMAKE_PREFIX_PATH}:/home/wasp_mini/ros2_ws/install/wasp_mini_controller:/opt/ros/foxy /usr/bin/cmake --build /home/wasp_mini/ros2_ws/build/wasp_mini_joy -- -j4 -l4
[0.327s] Invoking command in '/home/wasp_mini/ros2_ws/build/wasp_mini_joy': CMAKE_PREFIX_PATH=${CMAKE_PREFIX_PATH}:/home/wasp_mini/ros2_ws/install/wasp_mini_controller:/opt/ros/foxy /usr/bin/cmake --install /home/wasp_mini/ros2_ws/build/wasp_mini_joy
[0.362s] -- Install configuration: ""
[0.364s] -- Up-to-date: /home/wasp_mini/ros2_ws/install/wasp_mini_joy/lib/wasp_mini_joy/joy_pub
[0.365s] -- Up-to-date: /home/wasp_mini/ros2_ws/install/wasp_mini_joy/share/ament_index/resource_index/package_run_dependencies/wasp_mini_joy
[0.366s] -- Up-to-date: /home/wasp_mini/ros2_ws/install/wasp_mini_joy/share/ament_index/resource_index/parent_prefix_path/wasp_mini_joy
[0.366s] -- Up-to-date: /home/wasp_mini/ros2_ws/install/wasp_mini_joy/share/wasp_mini_joy/environment/ament_prefix_path.sh
[0.367s] -- Up-to-date: /home/wasp_mini/ros2_ws/install/wasp_mini_joy/share/wasp_mini_joy/environment/ament_prefix_path.dsv
[0.368s] -- Up-to-date: /home/wasp_mini/ros2_ws/install/wasp_mini_joy/share/wasp_mini_joy/environment/path.sh
[0.368s] -- Up-to-date: /home/wasp_mini/ros2_ws/install/wasp_mini_joy/share/wasp_mini_joy/environment/path.dsv
[0.369s] -- Up-to-date: /home/wasp_mini/ros2_ws/install/wasp_mini_joy/share/wasp_mini_joy/local_setup.bash
[0.370s] -- Up-to-date: /home/wasp_mini/ros2_ws/install/wasp_mini_joy/share/wasp_mini_joy/local_setup.sh
[0.371s] -- Up-to-date: /home/wasp_mini/ros2_ws/install/wasp_mini_joy/share/wasp_mini_joy/local_setup.zsh
[0.372s] -- Up-to-date: /home/wasp_mini/ros2_ws/install/wasp_mini_joy/share/wasp_mini_joy/local_setup.dsv
[0.372s] -- Installing: /home/wasp_mini/ros2_ws/install/wasp_mini_joy/share/wasp_mini_joy/package.dsv
[0.375s] -- Up-to-date: /home/wasp_mini/ros2_ws/install/wasp_mini_joy/share/ament_index/resource_index/packages/wasp_mini_joy
[0.375s] -- Up-to-date: /home/wasp_mini/ros2_ws/install/wasp_mini_joy/share/wasp_mini_joy/cmake/wasp_mini_joyConfig.cmake
[0.376s] -- Up-to-date: /home/wasp_mini/ros2_ws/install/wasp_mini_joy/share/wasp_mini_joy/cmake/wasp_mini_joyConfig-version.cmake
[0.376s] -- Up-to-date: /home/wasp_mini/ros2_ws/install/wasp_mini_joy/share/wasp_mini_joy/package.xml
[0.384s] Invoked command in '/home/wasp_mini/ros2_ws/build/wasp_mini_joy' returned '0': CMAKE_PREFIX_PATH=${CMAKE_PREFIX_PATH}:/home/wasp_mini/ros2_ws/install/wasp_mini_controller:/opt/ros/foxy /usr/bin/cmake --install /home/wasp_mini/ros2_ws/build/wasp_mini_joy
