[0.055s] Invoking command in '/home/wasp_mini/ros2_ws/build/sick_scan2': CMAKE_PREFIX_PATH=${CMAKE_PREFIX_PATH}:/home/wasp_mini/ros2_ws/install/wasp_mini_controller:/opt/ros/foxy /usr/bin/cmake --build /home/wasp_mini/ros2_ws/build/sick_scan2 -- -j4 -l4
[0.309s] [ 90%] Built target sick_scan2_lib
[0.494s] [100%] Built target sick_generic_caller
[0.552s] Invoked command in '/home/wasp_mini/ros2_ws/build/sick_scan2' returned '0': CMAKE_PREFIX_PATH=${CMAKE_PREFIX_PATH}:/home/wasp_mini/ros2_ws/install/wasp_mini_controller:/opt/ros/foxy /usr/bin/cmake --build /home/wasp_mini/ros2_ws/build/sick_scan2 -- -j4 -l4
[1.581s] Invoking command in '/home/wasp_mini/ros2_ws/build/sick_scan2': CMAKE_PREFIX_PATH=${CMAKE_PREFIX_PATH}:/home/wasp_mini/ros2_ws/install/wasp_mini_controller:/opt/ros/foxy /usr/bin/cmake --install /home/wasp_mini/ros2_ws/build/sick_scan2
[1.611s] -- Install configuration: ""
[1.612s] -- Up-to-date: /home/wasp_mini/ros2_ws/install/sick_scan2/lib/sick_scan2/sick_generic_caller
[1.612s] -- Up-to-date: /home/wasp_mini/ros2_ws/install/sick_scan2/lib/libsick_scan2_lib.a
[1.612s] -- Up-to-date: /home/wasp_mini/ros2_ws/install/sick_scan2/share/sick_scan2/launch
[1.612s] -- Up-to-date: /home/wasp_mini/ros2_ws/install/sick_scan2/share/sick_scan2/launch/rviz
[1.612s] -- Up-to-date: /home/wasp_mini/ros2_ws/install/sick_scan2/share/sick_scan2/launch/rviz/tim_5xx.rviz
[1.613s] -- Up-to-date: /home/wasp_mini/ros2_ws/install/sick_scan2/share/sick_scan2/launch/rviz/sick_cola.rviz
[1.613s] -- Up-to-date: /home/wasp_mini/ros2_ws/install/sick_scan2/share/sick_scan2/launch/rviz/sick_ldmrs.rviz
[1.613s] -- Up-to-date: /home/wasp_mini/ros2_ws/install/sick_scan2/share/sick_scan2/launch/rviz/radar.rviz
[1.613s] -- Up-to-date: /home/wasp_mini/ros2_ws/install/sick_scan2/share/sick_scan2/launch/rviz/hector.rviz
[1.614s] -- Up-to-date: /home/wasp_mini/ros2_ws/install/sick_scan2/share/sick_scan2/launch/rviz/combi.rviz
[1.614s] -- Up-to-date: /home/wasp_mini/ros2_ws/install/sick_scan2/share/sick_scan2/launch/sick_lrs_4xxx.launch.py
[1.614s] -- Up-to-date: /home/wasp_mini/ros2_ws/install/sick_scan2/share/sick_scan2/launch/sick_lms_1xxx.launch.py
[1.614s] -- Up-to-date: /home/wasp_mini/ros2_ws/install/sick_scan2/share/sick_scan2/launch/sick_ldmrs.launch.py
[1.614s] -- Up-to-date: /home/wasp_mini/ros2_ws/install/sick_scan2/share/sick_scan2/launch/sick_lms_5xx.launch_old.py
[1.615s] -- Up-to-date: /home/wasp_mini/ros2_ws/install/sick_scan2/share/sick_scan2/launch/sick_lms_5xx.launch.py
[1.615s] -- Up-to-date: /home/wasp_mini/ros2_ws/install/sick_scan2/share/sick_scan2/launch/sick_tim_5xx.launch.pyOLD
[1.615s] -- Up-to-date: /home/wasp_mini/ros2_ws/install/sick_scan2/share/sick_scan2/launch/single_rrbot.urdf
[1.615s] -- Up-to-date: /home/wasp_mini/ros2_ws/install/sick_scan2/share/sick_scan2/launch/sick_tim_5xx.launch.py
[1.615s] -- Up-to-date: /home/wasp_mini/ros2_ws/install/sick_scan2/share/sick_scan2/launch/sick_tim_240.launch.py
[1.615s] -- Up-to-date: /home/wasp_mini/ros2_ws/install/sick_scan2/share/sick_scan2/launch/sick_tim_7xxS.launch.py
[1.616s] -- Up-to-date: /home/wasp_mini/ros2_ws/install/sick_scan2/share/sick_scan2/launch/sick_tim_7xx.launch.py
[1.616s] -- Up-to-date: /home/wasp_mini/ros2_ws/install/sick_scan2/share/sick_scan2/launch/sick_lms_1xx.launch.py
[1.616s] -- Up-to-date: /home/wasp_mini/ros2_ws/install/sick_scan2/share/sick_scan2/launch/sick_mrs_1xxx.launch.py
[1.616s] -- Up-to-date: /home/wasp_mini/ros2_ws/install/sick_scan2/share/sick_scan2/config
[1.616s] -- Up-to-date: /home/wasp_mini/ros2_ws/install/sick_scan2/share/sick_scan2/config/sick_mrs_1xxx.yaml
[1.617s] -- Up-to-date: /home/wasp_mini/ros2_ws/install/sick_scan2/share/sick_scan2/config/sick_lrs_4xxx.yaml
[1.617s] -- Up-to-date: /home/wasp_mini/ros2_ws/install/sick_scan2/share/sick_scan2/config/sick_tim_240.yaml
[1.624s] -- Up-to-date: /home/wasp_mini/ros2_ws/install/sick_scan2/share/sick_scan2/config/sick_lms_1xxx.yaml
[1.626s] -- Up-to-date: /home/wasp_mini/ros2_ws/install/sick_scan2/share/sick_scan2/config/sick_tim_7xx.yaml
[1.630s] -- Up-to-date: /home/wasp_mini/ros2_ws/install/sick_scan2/share/sick_scan2/config/sick_ldmrs_flexres.yaml
[1.630s] -- Up-to-date: /home/wasp_mini/ros2_ws/install/sick_scan2/share/sick_scan2/config/sick_tim_5xx.yaml
[1.630s] -- Up-to-date: /home/wasp_mini/ros2_ws/install/sick_scan2/share/sick_scan2/config/sick_lms_5xx.yaml
[1.630s] -- Up-to-date: /home/wasp_mini/ros2_ws/install/sick_scan2/share/sick_scan2/config/sick_tim_7xxS.yaml
[1.630s] -- Up-to-date: /home/wasp_mini/ros2_ws/install/sick_scan2/share/sick_scan2/config/sick_ldmrs.yaml
[1.631s] -- Up-to-date: /home/wasp_mini/ros2_ws/install/sick_scan2/share/sick_scan2/config/sick_lms_1xx.yaml
[1.631s] -- Up-to-date: /home/wasp_mini/ros2_ws/install/sick_scan2/share/ament_index/resource_index/package_run_dependencies/sick_scan2
[1.631s] -- Up-to-date: /home/wasp_mini/ros2_ws/install/sick_scan2/share/ament_index/resource_index/parent_prefix_path/sick_scan2
[1.631s] -- Up-to-date: /home/wasp_mini/ros2_ws/install/sick_scan2/share/sick_scan2/environment/ament_prefix_path.sh
[1.631s] -- Up-to-date: /home/wasp_mini/ros2_ws/install/sick_scan2/share/sick_scan2/environment/ament_prefix_path.dsv
[1.631s] -- Up-to-date: /home/wasp_mini/ros2_ws/install/sick_scan2/share/sick_scan2/environment/path.sh
[1.632s] -- Up-to-date: /home/wasp_mini/ros2_ws/install/sick_scan2/share/sick_scan2/environment/path.dsv
[1.632s] -- Up-to-date: /home/wasp_mini/ros2_ws/install/sick_scan2/share/sick_scan2/local_setup.bash
[1.632s] -- Up-to-date: /home/wasp_mini/ros2_ws/install/sick_scan2/share/sick_scan2/local_setup.sh
[1.632s] -- Up-to-date: /home/wasp_mini/ros2_ws/install/sick_scan2/share/sick_scan2/local_setup.zsh
[1.632s] -- Up-to-date: /home/wasp_mini/ros2_ws/install/sick_scan2/share/sick_scan2/local_setup.dsv
[1.633s] -- Installing: /home/wasp_mini/ros2_ws/install/sick_scan2/share/sick_scan2/package.dsv
[1.633s] -- Up-to-date: /home/wasp_mini/ros2_ws/install/sick_scan2/share/ament_index/resource_index/packages/sick_scan2
[1.633s] -- Up-to-date: /home/wasp_mini/ros2_ws/install/sick_scan2/share/sick_scan2/cmake/sick_scan2Config.cmake
[1.633s] -- Up-to-date: /home/wasp_mini/ros2_ws/install/sick_scan2/share/sick_scan2/cmake/sick_scan2Config-version.cmake
[1.633s] -- Up-to-date: /home/wasp_mini/ros2_ws/install/sick_scan2/share/sick_scan2/package.xml
[1.677s] Invoked command in '/home/wasp_mini/ros2_ws/build/sick_scan2' returned '0': CMAKE_PREFIX_PATH=${CMAKE_PREFIX_PATH}:/home/wasp_mini/ros2_ws/install/wasp_mini_controller:/opt/ros/foxy /usr/bin/cmake --install /home/wasp_mini/ros2_ws/build/sick_scan2
