[0.060s] Invoking command in '/home/wasp_mini/ros2_ws/build/robot_localization': CMAKE_PREFIX_PATH=${CMAKE_PREFIX_PATH}:/home/wasp_mini/ros2_ws/install/wasp_mini_controller:/home/wasp_mini/ros2_ws/install/nav2_simple_commander:/home/wasp_mini/ros2_ws/install/nav2_gazebo_spawner:/opt/ros/foxy /usr/bin/cmake --build /home/wasp_mini/ros2_ws/build/robot_localization -- -j4 -l4
[0.253s] [  2%] Built target gtest
[0.299s] [  3%] Built target robot_localization__cpp
[0.328s] [  4%] Built target gtest_main
[0.353s] [ 11%] Built target robot_localization__rosidl_generator_c
[0.475s] [ 18%] Built target robot_localization__rosidl_typesupport_introspection_cpp
[0.498s] [ 25%] Built target robot_localization__rosidl_typesupport_cpp
[0.516s] [ 32%] Built target robot_localization__rosidl_typesupport_c
[0.529s] [ 39%] Built target robot_localization__rosidl_typesupport_fastrtps_cpp
[0.603s] [ 46%] Built target robot_localization__rosidl_typesupport_introspection_c
[0.638s] [ 53%] Built target robot_localization__rosidl_typesupport_fastrtps_c
[0.696s] [ 53%] Built target robot_localization
[0.772s] [ 54%] Built target robot_localization__py
[0.867s] [ 63%] Built target rl_lib
[0.907s] [ 69%] Built target robot_localization__python
[1.057s] [ 70%] Built target test_ros_robot_localization_listener_publisher
[1.084s] [ 71%] Built target test_navsat_conversions
[1.100s] [ 73%] Built target test_ekf
[1.103s] [ 75%] Built target test_ros_robot_localization_listener
[1.214s] [ 77%] Built target test_robot_localization_estimator
[1.239s] [ 79%] Built target robot_localization__rosidl_typesupport_fastrtps_c__pyext
[1.250s] [ 81%] Built target ukf_node
[1.258s] [ 82%] Built target ekf_node
[1.343s] [ 84%] Built target robot_localization__rosidl_typesupport_introspection_c__pyext
[1.347s] [ 86%] Built target test_ukf
[1.357s] [ 88%] Built target test_navsat_transform
[1.369s] [ 89%] Built target robot_localization__rosidl_typesupport_c__pyext
[1.451s] [ 91%] Built target filter_base-test
[1.484s] [ 93%] Built target test_ukf_localization_node_interfaces
[1.492s] [ 95%] Built target navsat_transform_node
[1.498s] [ 96%] Built target robot_localization_listener_node
[1.565s] [ 98%] Built target test_ekf_localization_node_interfaces
[1.590s] [100%] Built target test_filter_base_diagnostics_timestamps
[1.628s] Invoked command in '/home/wasp_mini/ros2_ws/build/robot_localization' returned '0': CMAKE_PREFIX_PATH=${CMAKE_PREFIX_PATH}:/home/wasp_mini/ros2_ws/install/wasp_mini_controller:/home/wasp_mini/ros2_ws/install/nav2_simple_commander:/home/wasp_mini/ros2_ws/install/nav2_gazebo_spawner:/opt/ros/foxy /usr/bin/cmake --build /home/wasp_mini/ros2_ws/build/robot_localization -- -j4 -l4
[2.181s] Invoking command in '/home/wasp_mini/ros2_ws/build/robot_localization': CMAKE_PREFIX_PATH=${CMAKE_PREFIX_PATH}:/home/wasp_mini/ros2_ws/install/wasp_mini_controller:/home/wasp_mini/ros2_ws/install/nav2_simple_commander:/home/wasp_mini/ros2_ws/install/nav2_gazebo_spawner:/opt/ros/foxy /usr/bin/cmake --install /home/wasp_mini/ros2_ws/build/robot_localization
[2.241s] -- Install configuration: "RelWithDebInfo"
[2.241s] -- Up-to-date: /home/wasp_mini/ros2_ws/install/robot_localization/share/ament_index/resource_index/rosidl_interfaces/robot_localization
[2.241s] -- Up-to-date: /home/wasp_mini/ros2_ws/install/robot_localization/include/robot_localization
[2.242s] -- Up-to-date: /home/wasp_mini/ros2_ws/install/robot_localization/include/robot_localization/srv
[2.242s] -- Up-to-date: /home/wasp_mini/ros2_ws/install/robot_localization/include/robot_localization/srv/set_datum.h
[2.242s] -- Up-to-date: /home/wasp_mini/ros2_ws/install/robot_localization/include/robot_localization/srv/from_ll.h
[2.242s] -- Up-to-date: /home/wasp_mini/ros2_ws/install/robot_localization/include/robot_localization/srv/get_state.h
[2.242s] -- Up-to-date: /home/wasp_mini/ros2_ws/install/robot_localization/include/robot_localization/srv/detail
[2.243s] -- Up-to-date: /home/wasp_mini/ros2_ws/install/robot_localization/include/robot_localization/srv/detail/get_state__functions.h
[2.243s] -- Up-to-date: /home/wasp_mini/ros2_ws/install/robot_localization/include/robot_localization/srv/detail/to_ll__type_support.h
[2.243s] -- Up-to-date: /home/wasp_mini/ros2_ws/install/robot_localization/include/robot_localization/srv/detail/to_ll__struct.h
[2.243s] -- Up-to-date: /home/wasp_mini/ros2_ws/install/robot_localization/include/robot_localization/srv/detail/get_state__type_support.h
[2.243s] -- Up-to-date: /home/wasp_mini/ros2_ws/install/robot_localization/include/robot_localization/srv/detail/from_ll__functions.h
[2.244s] -- Up-to-date: /home/wasp_mini/ros2_ws/install/robot_localization/include/robot_localization/srv/detail/from_ll__type_support.h
[2.245s] -- Up-to-date: /home/wasp_mini/ros2_ws/install/robot_localization/include/robot_localization/srv/detail/set_datum__struct.h
[2.246s] -- Up-to-date: /home/wasp_mini/ros2_ws/install/robot_localization/include/robot_localization/srv/detail/toggle_filter_processing__struct.h
[2.247s] -- Up-to-date: /home/wasp_mini/ros2_ws/install/robot_localization/include/robot_localization/srv/detail/set_datum__type_support.h
[2.259s] -- Up-to-date: /home/wasp_mini/ros2_ws/install/robot_localization/include/robot_localization/srv/detail/toggle_filter_processing__type_support.h
[2.260s] -- Up-to-date: /home/wasp_mini/ros2_ws/install/robot_localization/include/robot_localization/srv/detail/set_datum__functions.h
[2.260s] -- Up-to-date: /home/wasp_mini/ros2_ws/install/robot_localization/include/robot_localization/srv/detail/get_state__functions.c
[2.260s] -- Up-to-date: /home/wasp_mini/ros2_ws/install/robot_localization/include/robot_localization/srv/detail/get_state__struct.h
[2.260s] -- Up-to-date: /home/wasp_mini/ros2_ws/install/robot_localization/include/robot_localization/srv/detail/to_ll__functions.c
[2.260s] -- Up-to-date: /home/wasp_mini/ros2_ws/install/robot_localization/include/robot_localization/srv/detail/from_ll__functions.c
[2.261s] -- Up-to-date: /home/wasp_mini/ros2_ws/install/robot_localization/include/robot_localization/srv/detail/set_pose__struct.h
[2.261s] -- Up-to-date: /home/wasp_mini/ros2_ws/install/robot_localization/include/robot_localization/srv/detail/set_datum__functions.c
[2.261s] -- Up-to-date: /home/wasp_mini/ros2_ws/install/robot_localization/include/robot_localization/srv/detail/set_pose__functions.h
[2.261s] -- Up-to-date: /home/wasp_mini/ros2_ws/install/robot_localization/include/robot_localization/srv/detail/set_pose__type_support.h
[2.261s] -- Up-to-date: /home/wasp_mini/ros2_ws/install/robot_localization/include/robot_localization/srv/detail/from_ll__struct.h
[2.262s] -- Up-to-date: /home/wasp_mini/ros2_ws/install/robot_localization/include/robot_localization/srv/detail/to_ll__functions.h
[2.262s] -- Up-to-date: /home/wasp_mini/ros2_ws/install/robot_localization/include/robot_localization/srv/detail/set_pose__functions.c
[2.262s] -- Up-to-date: /home/wasp_mini/ros2_ws/install/robot_localization/include/robot_localization/srv/detail/toggle_filter_processing__functions.h
[2.262s] -- Up-to-date: /home/wasp_mini/ros2_ws/install/robot_localization/include/robot_localization/srv/detail/toggle_filter_processing__functions.c
[2.262s] -- Up-to-date: /home/wasp_mini/ros2_ws/install/robot_localization/include/robot_localization/srv/set_pose.h
[2.262s] -- Up-to-date: /home/wasp_mini/ros2_ws/install/robot_localization/include/robot_localization/srv/to_ll.h
[2.263s] -- Up-to-date: /home/wasp_mini/ros2_ws/install/robot_localization/include/robot_localization/srv/toggle_filter_processing.h
[2.263s] -- Up-to-date: /home/wasp_mini/ros2_ws/install/robot_localization/include/robot_localization/msg
[2.263s] -- Up-to-date: /home/wasp_mini/ros2_ws/install/robot_localization/include/robot_localization/msg/rosidl_generator_c__visibility_control.h
[2.263s] -- Up-to-date: /home/wasp_mini/ros2_ws/install/robot_localization/share/robot_localization/environment/library_path.sh
[2.264s] -- Up-to-date: /home/wasp_mini/ros2_ws/install/robot_localization/share/robot_localization/environment/library_path.dsv
[2.264s] -- Up-to-date: /home/wasp_mini/ros2_ws/install/robot_localization/lib/librobot_localization__rosidl_generator_c.so
[2.265s] -- Up-to-date: /home/wasp_mini/ros2_ws/install/robot_localization/include/robot_localization
[2.265s] -- Up-to-date: /home/wasp_mini/ros2_ws/install/robot_localization/include/robot_localization/srv
[2.267s] -- Up-to-date: /home/wasp_mini/ros2_ws/install/robot_localization/include/robot_localization/srv/detail
[2.267s] -- Up-to-date: /home/wasp_mini/ros2_ws/install/robot_localization/include/robot_localization/srv/detail/to_ll__rosidl_typesupport_fastrtps_c.h
[2.268s] -- Up-to-date: /home/wasp_mini/ros2_ws/install/robot_localization/include/robot_localization/srv/detail/toggle_filter_processing__rosidl_typesupport_fastrtps_c.h
[2.268s] -- Up-to-date: /home/wasp_mini/ros2_ws/install/robot_localization/include/robot_localization/srv/detail/set_datum__rosidl_typesupport_fastrtps_c.h
[2.269s] -- Up-to-date: /home/wasp_mini/ros2_ws/install/robot_localization/include/robot_localization/srv/detail/from_ll__rosidl_typesupport_fastrtps_c.h
[2.269s] -- Up-to-date: /home/wasp_mini/ros2_ws/install/robot_localization/include/robot_localization/srv/detail/get_state__rosidl_typesupport_fastrtps_c.h
[2.269s] -- Up-to-date: /home/wasp_mini/ros2_ws/install/robot_localization/include/robot_localization/srv/detail/set_pose__rosidl_typesupport_fastrtps_c.h
[2.270s] -- Up-to-date: /home/wasp_mini/ros2_ws/install/robot_localization/include/robot_localization/msg
[2.270s] -- Up-to-date: /home/wasp_mini/ros2_ws/install/robot_localization/include/robot_localization/msg/rosidl_typesupport_fastrtps_c__visibility_control.h
[2.272s] -- Up-to-date: /home/wasp_mini/ros2_ws/install/robot_localization/lib/librobot_localization__rosidl_typesupport_fastrtps_c.so
[2.272s] -- Up-to-date: /home/wasp_mini/ros2_ws/install/robot_localization/include/robot_localization
[2.272s] -- Up-to-date: /home/wasp_mini/ros2_ws/install/robot_localization/include/robot_localization/srv
[2.273s] -- Up-to-date: /home/wasp_mini/ros2_ws/install/robot_localization/include/robot_localization/srv/detail
[2.274s] -- Up-to-date: /home/wasp_mini/ros2_ws/install/robot_localization/include/robot_localization/srv/detail/to_ll__rosidl_typesupport_fastrtps_cpp.hpp
[2.274s] -- Up-to-date: /home/wasp_mini/ros2_ws/install/robot_localization/include/robot_localization/srv/detail/set_datum__rosidl_typesupport_fastrtps_cpp.hpp
[2.275s] -- Up-to-date: /home/wasp_mini/ros2_ws/install/robot_localization/include/robot_localization/srv/detail/toggle_filter_processing__rosidl_typesupport_fastrtps_cpp.hpp
[2.275s] -- Up-to-date: /home/wasp_mini/ros2_ws/install/robot_localization/include/robot_localization/srv/detail/set_pose__rosidl_typesupport_fastrtps_cpp.hpp
[2.275s] -- Up-to-date: /home/wasp_mini/ros2_ws/install/robot_localization/include/robot_localization/srv/detail/from_ll__rosidl_typesupport_fastrtps_cpp.hpp
[2.276s] -- Up-to-date: /home/wasp_mini/ros2_ws/install/robot_localization/include/robot_localization/srv/detail/dds_fastrtps
[2.277s] -- Up-to-date: /home/wasp_mini/ros2_ws/install/robot_localization/include/robot_localization/srv/detail/get_state__rosidl_typesupport_fastrtps_cpp.hpp
[2.277s] -- Up-to-date: /home/wasp_mini/ros2_ws/install/robot_localization/include/robot_localization/msg
[2.279s] -- Up-to-date: /home/wasp_mini/ros2_ws/install/robot_localization/include/robot_localization/msg/rosidl_typesupport_fastrtps_cpp__visibility_control.h
[2.279s] -- Up-to-date: /home/wasp_mini/ros2_ws/install/robot_localization/lib/librobot_localization__rosidl_typesupport_fastrtps_cpp.so
[2.280s] -- Up-to-date: /home/wasp_mini/ros2_ws/install/robot_localization/include/robot_localization
[2.280s] -- Up-to-date: /home/wasp_mini/ros2_ws/install/robot_localization/include/robot_localization/srv
[2.280s] -- Up-to-date: /home/wasp_mini/ros2_ws/install/robot_localization/include/robot_localization/srv/detail
[2.280s] -- Up-to-date: /home/wasp_mini/ros2_ws/install/robot_localization/include/robot_localization/srv/detail/get_state__type_support.c
[2.281s] -- Up-to-date: /home/wasp_mini/ros2_ws/install/robot_localization/include/robot_localization/srv/detail/set_pose__rosidl_typesupport_introspection_c.h
[2.281s] -- Up-to-date: /home/wasp_mini/ros2_ws/install/robot_localization/include/robot_localization/srv/detail/get_state__rosidl_typesupport_introspection_c.h
[2.281s] -- Up-to-date: /home/wasp_mini/ros2_ws/install/robot_localization/include/robot_localization/srv/detail/toggle_filter_processing__rosidl_typesupport_introspection_c.h
[2.281s] -- Up-to-date: /home/wasp_mini/ros2_ws/install/robot_localization/include/robot_localization/srv/detail/to_ll__rosidl_typesupport_introspection_c.h
[2.281s] -- Up-to-date: /home/wasp_mini/ros2_ws/install/robot_localization/include/robot_localization/srv/detail/set_datum__rosidl_typesupport_introspection_c.h
[2.282s] -- Up-to-date: /home/wasp_mini/ros2_ws/install/robot_localization/include/robot_localization/srv/detail/set_datum__type_support.c
[2.282s] -- Up-to-date: /home/wasp_mini/ros2_ws/install/robot_localization/include/robot_localization/srv/detail/set_pose__type_support.c
[2.282s] -- Up-to-date: /home/wasp_mini/ros2_ws/install/robot_localization/include/robot_localization/srv/detail/from_ll__rosidl_typesupport_introspection_c.h
[2.282s] -- Up-to-date: /home/wasp_mini/ros2_ws/install/robot_localization/include/robot_localization/srv/detail/from_ll__type_support.c
[2.283s] -- Up-to-date: /home/wasp_mini/ros2_ws/install/robot_localization/include/robot_localization/srv/detail/to_ll__type_support.c
[2.283s] -- Up-to-date: /home/wasp_mini/ros2_ws/install/robot_localization/include/robot_localization/srv/detail/toggle_filter_processing__type_support.c
[2.283s] -- Up-to-date: /home/wasp_mini/ros2_ws/install/robot_localization/include/robot_localization/msg
[2.284s] -- Up-to-date: /home/wasp_mini/ros2_ws/install/robot_localization/include/robot_localization/msg/rosidl_typesupport_introspection_c__visibility_control.h
[2.286s] -- Up-to-date: /home/wasp_mini/ros2_ws/install/robot_localization/lib/librobot_localization__rosidl_typesupport_introspection_c.so
[2.287s] -- Up-to-date: /home/wasp_mini/ros2_ws/install/robot_localization/lib/librobot_localization__rosidl_typesupport_c.so
[2.288s] -- Up-to-date: /home/wasp_mini/ros2_ws/install/robot_localization/include/robot_localization
[2.289s] -- Up-to-date: /home/wasp_mini/ros2_ws/install/robot_localization/include/robot_localization/srv
[2.289s] -- Up-to-date: /home/wasp_mini/ros2_ws/install/robot_localization/include/robot_localization/srv/set_pose.hpp
[2.290s] -- Up-to-date: /home/wasp_mini/ros2_ws/install/robot_localization/include/robot_localization/srv/toggle_filter_processing.hpp
[2.290s] -- Up-to-date: /home/wasp_mini/ros2_ws/install/robot_localization/include/robot_localization/srv/detail
[2.290s] -- Up-to-date: /home/wasp_mini/ros2_ws/install/robot_localization/include/robot_localization/srv/detail/toggle_filter_processing__struct.hpp
[2.291s] -- Up-to-date: /home/wasp_mini/ros2_ws/install/robot_localization/include/robot_localization/srv/detail/set_datum__traits.hpp
[2.291s] -- Up-to-date: /home/wasp_mini/ros2_ws/install/robot_localization/include/robot_localization/srv/detail/toggle_filter_processing__traits.hpp
[2.292s] -- Up-to-date: /home/wasp_mini/ros2_ws/install/robot_localization/include/robot_localization/srv/detail/from_ll__traits.hpp
[2.293s] -- Up-to-date: /home/wasp_mini/ros2_ws/install/robot_localization/include/robot_localization/srv/detail/set_datum__struct.hpp
[2.293s] -- Up-to-date: /home/wasp_mini/ros2_ws/install/robot_localization/include/robot_localization/srv/detail/to_ll__struct.hpp
[2.293s] -- Up-to-date: /home/wasp_mini/ros2_ws/install/robot_localization/include/robot_localization/srv/detail/set_pose__struct.hpp
[2.293s] -- Up-to-date: /home/wasp_mini/ros2_ws/install/robot_localization/include/robot_localization/srv/detail/get_state__traits.hpp
[2.293s] -- Up-to-date: /home/wasp_mini/ros2_ws/install/robot_localization/include/robot_localization/srv/detail/from_ll__struct.hpp
[2.294s] -- Up-to-date: /home/wasp_mini/ros2_ws/install/robot_localization/include/robot_localization/srv/detail/to_ll__builder.hpp
[2.294s] -- Up-to-date: /home/wasp_mini/ros2_ws/install/robot_localization/include/robot_localization/srv/detail/set_pose__builder.hpp
[2.294s] -- Up-to-date: /home/wasp_mini/ros2_ws/install/robot_localization/include/robot_localization/srv/detail/get_state__struct.hpp
[2.295s] -- Up-to-date: /home/wasp_mini/ros2_ws/install/robot_localization/include/robot_localization/srv/detail/from_ll__builder.hpp
[2.295s] -- Up-to-date: /home/wasp_mini/ros2_ws/install/robot_localization/include/robot_localization/srv/detail/set_pose__traits.hpp
[2.296s] -- Up-to-date: /home/wasp_mini/ros2_ws/install/robot_localization/include/robot_localization/srv/detail/get_state__builder.hpp
[2.296s] -- Up-to-date: /home/wasp_mini/ros2_ws/install/robot_localization/include/robot_localization/srv/detail/to_ll__traits.hpp
[2.296s] -- Up-to-date: /home/wasp_mini/ros2_ws/install/robot_localization/include/robot_localization/srv/detail/toggle_filter_processing__builder.hpp
[2.297s] -- Up-to-date: /home/wasp_mini/ros2_ws/install/robot_localization/include/robot_localization/srv/detail/set_datum__builder.hpp
[2.297s] -- Up-to-date: /home/wasp_mini/ros2_ws/install/robot_localization/include/robot_localization/srv/get_state.hpp
[2.297s] -- Up-to-date: /home/wasp_mini/ros2_ws/install/robot_localization/include/robot_localization/srv/from_ll.hpp
[2.297s] -- Up-to-date: /home/wasp_mini/ros2_ws/install/robot_localization/include/robot_localization/srv/set_datum.hpp
[2.297s] -- Up-to-date: /home/wasp_mini/ros2_ws/install/robot_localization/include/robot_localization/srv/to_ll.hpp
[2.298s] -- Up-to-date: /home/wasp_mini/ros2_ws/install/robot_localization/include/robot_localization
[2.298s] -- Up-to-date: /home/wasp_mini/ros2_ws/install/robot_localization/include/robot_localization/srv
[2.298s] -- Up-to-date: /home/wasp_mini/ros2_ws/install/robot_localization/include/robot_localization/srv/detail
[2.298s] -- Up-to-date: /home/wasp_mini/ros2_ws/install/robot_localization/include/robot_localization/srv/detail/get_state__rosidl_typesupport_introspection_cpp.hpp
[2.298s] -- Up-to-date: /home/wasp_mini/ros2_ws/install/robot_localization/include/robot_localization/srv/detail/from_ll__type_support.cpp
[2.299s] -- Up-to-date: /home/wasp_mini/ros2_ws/install/robot_localization/include/robot_localization/srv/detail/to_ll__rosidl_typesupport_introspection_cpp.hpp
[2.299s] -- Up-to-date: /home/wasp_mini/ros2_ws/install/robot_localization/include/robot_localization/srv/detail/set_pose__rosidl_typesupport_introspection_cpp.hpp
[2.299s] -- Up-to-date: /home/wasp_mini/ros2_ws/install/robot_localization/include/robot_localization/srv/detail/to_ll__type_support.cpp
[2.299s] -- Up-to-date: /home/wasp_mini/ros2_ws/install/robot_localization/include/robot_localization/srv/detail/set_datum__type_support.cpp
[2.299s] -- Up-to-date: /home/wasp_mini/ros2_ws/install/robot_localization/include/robot_localization/srv/detail/toggle_filter_processing__rosidl_typesupport_introspection_cpp.hpp
[2.300s] -- Up-to-date: /home/wasp_mini/ros2_ws/install/robot_localization/include/robot_localization/srv/detail/get_state__type_support.cpp
[2.300s] -- Up-to-date: /home/wasp_mini/ros2_ws/install/robot_localization/include/robot_localization/srv/detail/set_datum__rosidl_typesupport_introspection_cpp.hpp
[2.301s] -- Up-to-date: /home/wasp_mini/ros2_ws/install/robot_localization/include/robot_localization/srv/detail/toggle_filter_processing__type_support.cpp
[2.301s] -- Up-to-date: /home/wasp_mini/ros2_ws/install/robot_localization/include/robot_localization/srv/detail/from_ll__rosidl_typesupport_introspection_cpp.hpp
[2.302s] -- Up-to-date: /home/wasp_mini/ros2_ws/install/robot_localization/include/robot_localization/srv/detail/set_pose__type_support.cpp
[2.302s] -- Up-to-date: /home/wasp_mini/ros2_ws/install/robot_localization/lib/librobot_localization__rosidl_typesupport_introspection_cpp.so
[2.306s] -- Up-to-date: /home/wasp_mini/ros2_ws/install/robot_localization/lib/librobot_localization__rosidl_typesupport_cpp.so
[2.309s] -- Up-to-date: /home/wasp_mini/ros2_ws/install/robot_localization/share/robot_localization/environment/pythonpath.sh
[2.309s] -- Up-to-date: /home/wasp_mini/ros2_ws/install/robot_localization/share/robot_localization/environment/pythonpath.dsv
[2.310s] -- Up-to-date: /home/wasp_mini/ros2_ws/install/robot_localization/lib/python3.8/site-packages/robot_localization/__init__.py
[2.347s] -- Up-to-date: /home/wasp_mini/ros2_ws/install/robot_localization/lib/python3.8/site-packages/robot_localization/srv
[2.348s] -- Up-to-date: /home/wasp_mini/ros2_ws/install/robot_localization/lib/python3.8/site-packages/robot_localization/srv/_set_pose.py
[2.348s] -- Up-to-date: /home/wasp_mini/ros2_ws/install/robot_localization/lib/python3.8/site-packages/robot_localization/srv/_set_datum_s.c
[2.348s] -- Up-to-date: /home/wasp_mini/ros2_ws/install/robot_localization/lib/python3.8/site-packages/robot_localization/srv/_to_ll.py
[2.348s] -- Up-to-date: /home/wasp_mini/ros2_ws/install/robot_localization/lib/python3.8/site-packages/robot_localization/srv/_set_datum.py
[2.348s] -- Up-to-date: /home/wasp_mini/ros2_ws/install/robot_localization/lib/python3.8/site-packages/robot_localization/srv/_to_ll_s.c
[2.349s] -- Up-to-date: /home/wasp_mini/ros2_ws/install/robot_localization/lib/python3.8/site-packages/robot_localization/srv/_toggle_filter_processing.py
[2.349s] -- Up-to-date: /home/wasp_mini/ros2_ws/install/robot_localization/lib/python3.8/site-packages/robot_localization/srv/_get_state_s.c
[2.349s] -- Up-to-date: /home/wasp_mini/ros2_ws/install/robot_localization/lib/python3.8/site-packages/robot_localization/srv/_set_pose_s.c
[2.349s] -- Up-to-date: /home/wasp_mini/ros2_ws/install/robot_localization/lib/python3.8/site-packages/robot_localization/srv/_get_state.py
[2.349s] -- Up-to-date: /home/wasp_mini/ros2_ws/install/robot_localization/lib/python3.8/site-packages/robot_localization/srv/_from_ll_s.c
[2.349s] -- Up-to-date: /home/wasp_mini/ros2_ws/install/robot_localization/lib/python3.8/site-packages/robot_localization/srv/__init__.py
[2.350s] -- Up-to-date: /home/wasp_mini/ros2_ws/install/robot_localization/lib/python3.8/site-packages/robot_localization/srv/_from_ll.py
[2.350s] -- Up-to-date: /home/wasp_mini/ros2_ws/install/robot_localization/lib/python3.8/site-packages/robot_localization/srv/_toggle_filter_processing_s.c
[2.350s] -- Up-to-date: /home/wasp_mini/ros2_ws/install/robot_localization/lib/python3.8/site-packages/robot_localization/robot_localization_s__rosidl_typesupport_fastrtps_c.cpython-38-x86_64-linux-gnu.so
[2.350s] -- Up-to-date: /home/wasp_mini/ros2_ws/install/robot_localization/lib/python3.8/site-packages/robot_localization/robot_localization_s__rosidl_typesupport_introspection_c.cpython-38-x86_64-linux-gnu.so
[2.352s] -- Up-to-date: /home/wasp_mini/ros2_ws/install/robot_localization/lib/python3.8/site-packages/robot_localization/robot_localization_s__rosidl_typesupport_c.cpython-38-x86_64-linux-gnu.so
[2.353s] -- Up-to-date: /home/wasp_mini/ros2_ws/install/robot_localization/lib/librobot_localization__python.so
[2.354s] -- Up-to-date: /home/wasp_mini/ros2_ws/install/robot_localization/share/robot_localization/srv/FromLL.idl
[2.355s] -- Up-to-date: /home/wasp_mini/ros2_ws/install/robot_localization/share/robot_localization/srv/GetState.idl
[2.355s] -- Up-to-date: /home/wasp_mini/ros2_ws/install/robot_localization/share/robot_localization/srv/SetDatum.idl
[2.356s] -- Up-to-date: /home/wasp_mini/ros2_ws/install/robot_localization/share/robot_localization/srv/SetPose.idl
[2.368s] -- Up-to-date: /home/wasp_mini/ros2_ws/install/robot_localization/share/robot_localization/srv/ToggleFilterProcessing.idl
[2.368s] -- Up-to-date: /home/wasp_mini/ros2_ws/install/robot_localization/share/robot_localization/srv/ToLL.idl
[2.370s] -- Up-to-date: /home/wasp_mini/ros2_ws/install/robot_localization/share/robot_localization/srv/FromLL.srv
[2.371s] -- Up-to-date: /home/wasp_mini/ros2_ws/install/robot_localization/share/robot_localization/srv/FromLL_Request.msg
[2.371s] -- Up-to-date: /home/wasp_mini/ros2_ws/install/robot_localization/share/robot_localization/srv/FromLL_Response.msg
[2.374s] -- Up-to-date: /home/wasp_mini/ros2_ws/install/robot_localization/share/robot_localization/srv/GetState.srv
[2.376s] -- Up-to-date: /home/wasp_mini/ros2_ws/install/robot_localization/share/robot_localization/srv/GetState_Request.msg
[2.376s] -- Up-to-date: /home/wasp_mini/ros2_ws/install/robot_localization/share/robot_localization/srv/GetState_Response.msg
[2.376s] -- Up-to-date: /home/wasp_mini/ros2_ws/install/robot_localization/share/robot_localization/srv/SetDatum.srv
[2.377s] -- Up-to-date: /home/wasp_mini/ros2_ws/install/robot_localization/share/robot_localization/srv/SetDatum_Request.msg
[2.377s] -- Up-to-date: /home/wasp_mini/ros2_ws/install/robot_localization/share/robot_localization/srv/SetDatum_Response.msg
[2.377s] -- Up-to-date: /home/wasp_mini/ros2_ws/install/robot_localization/share/robot_localization/srv/SetPose.srv
[2.377s] -- Up-to-date: /home/wasp_mini/ros2_ws/install/robot_localization/share/robot_localization/srv/SetPose_Request.msg
[2.378s] -- Up-to-date: /home/wasp_mini/ros2_ws/install/robot_localization/share/robot_localization/srv/SetPose_Response.msg
[2.378s] -- Up-to-date: /home/wasp_mini/ros2_ws/install/robot_localization/share/robot_localization/srv/ToggleFilterProcessing.srv
[2.379s] -- Up-to-date: /home/wasp_mini/ros2_ws/install/robot_localization/share/robot_localization/srv/ToggleFilterProcessing_Request.msg
[2.379s] -- Up-to-date: /home/wasp_mini/ros2_ws/install/robot_localization/share/robot_localization/srv/ToggleFilterProcessing_Response.msg
[2.379s] -- Up-to-date: /home/wasp_mini/ros2_ws/install/robot_localization/share/robot_localization/srv/ToLL.srv
[2.379s] -- Up-to-date: /home/wasp_mini/ros2_ws/install/robot_localization/share/robot_localization/srv/ToLL_Request.msg
[2.379s] -- Up-to-date: /home/wasp_mini/ros2_ws/install/robot_localization/share/robot_localization/srv/ToLL_Response.msg
[2.379s] -- Up-to-date: /home/wasp_mini/ros2_ws/install/robot_localization/lib/robot_localization/filter_base-test
[2.380s] -- Up-to-date: /home/wasp_mini/ros2_ws/install/robot_localization/lib/robot_localization/test_filter_base_diagnostics_timestamps
[2.380s] -- Up-to-date: /home/wasp_mini/ros2_ws/install/robot_localization/lib/robot_localization/test_ekf
[2.380s] -- Up-to-date: /home/wasp_mini/ros2_ws/install/robot_localization/lib/robot_localization/test_ekf_localization_node_interfaces
[2.380s] -- Up-to-date: /home/wasp_mini/ros2_ws/install/robot_localization/lib/robot_localization/test_ukf
[2.380s] -- Up-to-date: /home/wasp_mini/ros2_ws/install/robot_localization/lib/robot_localization/test_ukf_localization_node_interfaces
[2.380s] -- Up-to-date: /home/wasp_mini/ros2_ws/install/robot_localization/lib/robot_localization/test_robot_localization_estimator
[2.397s] -- Up-to-date: /home/wasp_mini/ros2_ws/install/robot_localization/lib/robot_localization/test_navsat_conversions
[2.397s] -- Up-to-date: /home/wasp_mini/ros2_ws/install/robot_localization/lib/robot_localization/test_navsat_transform
[2.398s] -- Up-to-date: /home/wasp_mini/ros2_ws/install/robot_localization/lib/robot_localization/test_ros_robot_localization_listener
[2.398s] -- Up-to-date: /home/wasp_mini/ros2_ws/install/robot_localization/lib/robot_localization/test_ros_robot_localization_listener_publisher
[2.399s] -- Up-to-date: /home/wasp_mini/ros2_ws/install/robot_localization/share/robot_localization/test
[2.399s] -- Up-to-date: /home/wasp_mini/ros2_ws/install/robot_localization/share/robot_localization/test/test_navsat_conversions.cpp
[2.399s] -- Up-to-date: /home/wasp_mini/ros2_ws/install/robot_localization/share/robot_localization/test/test_ukf_localization_node_interfaces.yaml
[2.399s] -- Up-to-date: /home/wasp_mini/ros2_ws/install/robot_localization/share/robot_localization/test/test_ekf_localization_node_bag3.sh
[2.399s] -- Up-to-date: /home/wasp_mini/ros2_ws/install/robot_localization/share/robot_localization/test/test_robot_localization_estimator.cpp
[2.399s] -- Up-to-date: /home/wasp_mini/ros2_ws/install/robot_localization/share/robot_localization/test/test_filter_base_diagnostics_timestamps.yaml
[2.399s] -- Up-to-date: /home/wasp_mini/ros2_ws/install/robot_localization/share/robot_localization/test/test_ukf_localization_node_bag3.sh
[2.399s] -- Up-to-date: /home/wasp_mini/ros2_ws/install/robot_localization/share/robot_localization/test/test_filter_base.cpp
[2.400s] -- Up-to-date: /home/wasp_mini/ros2_ws/install/robot_localization/share/robot_localization/test/test_ukf_localization_node_interfaces.cpp
[2.400s] -- Up-to-date: /home/wasp_mini/ros2_ws/install/robot_localization/share/robot_localization/test/test2.bag
[2.400s] -- Up-to-date: /home/wasp_mini/ros2_ws/install/robot_localization/share/robot_localization/test/test_ekf_localization_node_bag1.yaml
[2.400s] -- Up-to-date: /home/wasp_mini/ros2_ws/install/robot_localization/share/robot_localization/test/test_ekf_localization_node_bag3.yaml
[2.400s] -- Up-to-date: /home/wasp_mini/ros2_ws/install/robot_localization/share/robot_localization/test/test_ekf.cpp
[2.401s] -- Up-to-date: /home/wasp_mini/ros2_ws/install/robot_localization/share/robot_localization/test/test_ukf_localization_node_bag1.yaml
[2.401s] -- Up-to-date: /home/wasp_mini/ros2_ws/install/robot_localization/share/robot_localization/test/test_ekf_localization_node_interfaces.launch.py
[2.401s] -- Up-to-date: /home/wasp_mini/ros2_ws/install/robot_localization/share/robot_localization/test/test_localization_node_bag_pose_tester.cpp
[2.401s] -- Up-to-date: /home/wasp_mini/ros2_ws/install/robot_localization/share/robot_localization/test/test_ukf.cpp
[2.401s] -- Up-to-date: /home/wasp_mini/ros2_ws/install/robot_localization/share/robot_localization/test/test_ekf_localization_node_bag2.yaml
[2.401s] -- Up-to-date: /home/wasp_mini/ros2_ws/install/robot_localization/share/robot_localization/test/test3.bag
[2.401s] -- Up-to-date: /home/wasp_mini/ros2_ws/install/robot_localization/share/robot_localization/test/test_ros_robot_localization_listener.cpp
[2.401s] -- Up-to-date: /home/wasp_mini/ros2_ws/install/robot_localization/share/robot_localization/test/test_navsat_transform.cpp
[2.402s] -- Up-to-date: /home/wasp_mini/ros2_ws/install/robot_localization/share/robot_localization/test/test_ukf_localization_node_bag2.launch.py
[2.402s] -- Up-to-date: /home/wasp_mini/ros2_ws/install/robot_localization/share/robot_localization/test/test_ros_robot_localization_listener.yaml
[2.403s] -- Up-to-date: /home/wasp_mini/ros2_ws/install/robot_localization/share/robot_localization/test/test_ros_robot_localization_listener_publisher.cpp
[2.403s] -- Up-to-date: /home/wasp_mini/ros2_ws/install/robot_localization/share/robot_localization/test/test_filter_base_diagnostics_timestamps.cpp
[2.404s] -- Up-to-date: /home/wasp_mini/ros2_ws/install/robot_localization/share/robot_localization/test/test_ekf_localization_node_bag1.launch.py
[2.405s] -- Up-to-date: /home/wasp_mini/ros2_ws/install/robot_localization/share/robot_localization/test/test_ekf_localization_node_bag2.launch.py
[2.405s] -- Up-to-date: /home/wasp_mini/ros2_ws/install/robot_localization/share/robot_localization/test/test_ekf_localization_node_bag1.sh
[2.406s] -- Up-to-date: /home/wasp_mini/ros2_ws/install/robot_localization/share/robot_localization/test/test_ukf_localization_node_bag2.sh
[2.406s] -- Up-to-date: /home/wasp_mini/ros2_ws/install/robot_localization/share/robot_localization/test/test_ros_robot_localization_listener.launch.py
[2.407s] -- Up-to-date: /home/wasp_mini/ros2_ws/install/robot_localization/share/robot_localization/test/test_ukf_localization_node_bag3.yaml
[2.407s] -- Up-to-date: /home/wasp_mini/ros2_ws/install/robot_localization/share/robot_localization/test/test_ukf_localization_node_bag3.launch.py
[2.407s] -- Up-to-date: /home/wasp_mini/ros2_ws/install/robot_localization/share/robot_localization/test/test_ukf_localization_node_bag1.launch.py
[2.408s] -- Up-to-date: /home/wasp_mini/ros2_ws/install/robot_localization/share/robot_localization/test/test_ekf_localization_node_bag2.sh
[2.408s] -- Up-to-date: /home/wasp_mini/ros2_ws/install/robot_localization/share/robot_localization/test/test_ekf_localization_node_bag3.launch.py
[2.408s] -- Up-to-date: /home/wasp_mini/ros2_ws/install/robot_localization/share/robot_localization/test/test1.bag
[2.409s] -- Up-to-date: /home/wasp_mini/ros2_ws/install/robot_localization/share/robot_localization/test/test_ukf_localization_node_bag1.sh
[2.409s] -- Up-to-date: /home/wasp_mini/ros2_ws/install/robot_localization/share/robot_localization/test/test_filter_base_diagnostics_timestamps.launch.py
[2.410s] -- Up-to-date: /home/wasp_mini/ros2_ws/install/robot_localization/share/robot_localization/test/test_ukf_localization_node_bag2.yaml
[2.411s] -- Up-to-date: /home/wasp_mini/ros2_ws/install/robot_localization/share/robot_localization/test/test_ukf_localization_node_interfaces.launch.py
[2.412s] -- Up-to-date: /home/wasp_mini/ros2_ws/install/robot_localization/share/robot_localization/test/test_ekf_localization_node_interfaces.cpp
[2.412s] -- Up-to-date: /home/wasp_mini/ros2_ws/install/robot_localization/share/robot_localization/test/test_robot_localization_estimator.launch.py
[2.412s] -- Up-to-date: /home/wasp_mini/ros2_ws/install/robot_localization/share/robot_localization/test/test_navsat_transform.launch.py
[2.412s] -- Up-to-date: /home/wasp_mini/ros2_ws/install/robot_localization/share/robot_localization/test/test_ekf_localization_node_interfaces.yaml
[2.412s] -- Up-to-date: /home/wasp_mini/ros2_ws/install/robot_localization/lib/robot_localization/navsat_transform_node
[2.413s] -- Up-to-date: /home/wasp_mini/ros2_ws/install/robot_localization/lib/robot_localization/ekf_node
[2.415s] -- Up-to-date: /home/wasp_mini/ros2_ws/install/robot_localization/lib/robot_localization/ukf_node
[2.416s] -- Up-to-date: /home/wasp_mini/ros2_ws/install/robot_localization/lib/robot_localization/robot_localization_listener_node
[2.417s] -- Up-to-date: /home/wasp_mini/ros2_ws/install/robot_localization/lib/librl_lib.so
[2.417s] -- Up-to-date: /home/wasp_mini/ros2_ws/install/robot_localization/share/robot_localization/params
[2.418s] -- Up-to-date: /home/wasp_mini/ros2_ws/install/robot_localization/share/robot_localization/params/ukf.yaml
[2.418s] -- Up-to-date: /home/wasp_mini/ros2_ws/install/robot_localization/share/robot_localization/params/navsat_transform.yaml
[2.418s] -- Up-to-date: /home/wasp_mini/ros2_ws/install/robot_localization/share/robot_localization/params/nav2_multirobot_params_2.yaml
[2.420s] -- Up-to-date: /home/wasp_mini/ros2_ws/install/robot_localization/share/robot_localization/params/ekf.yaml
[2.421s] -- Up-to-date: /home/wasp_mini/ros2_ws/install/robot_localization/share/robot_localization/params/dual_ekf_navsat_example.yaml
[2.421s] -- Up-to-date: /home/wasp_mini/ros2_ws/install/robot_localization/share/robot_localization/params/nav2_multirobot_params_1.yaml
[2.422s] -- Up-to-date: /home/wasp_mini/ros2_ws/install/robot_localization/share/robot_localization/params/nav2_params.yaml
[2.422s] -- Up-to-date: /home/wasp_mini/ros2_ws/install/robot_localization/share/robot_localization/launch
[2.423s] -- Up-to-date: /home/wasp_mini/ros2_ws/install/robot_localization/share/robot_localization/launch/ukf.launch.py
[2.424s] -- Up-to-date: /home/wasp_mini/ros2_ws/install/robot_localization/share/robot_localization/launch/bringup_launch.py
[2.424s] -- Up-to-date: /home/wasp_mini/ros2_ws/install/robot_localization/share/robot_localization/launch/spawn_tb3_launch.py
[2.425s] -- Up-to-date: /home/wasp_mini/ros2_ws/install/robot_localization/share/robot_localization/launch/navigation_launch.py
[2.425s] -- Up-to-date: /home/wasp_mini/ros2_ws/install/robot_localization/share/robot_localization/launch/rviz_launch.py
[2.425s] -- Up-to-date: /home/wasp_mini/ros2_ws/install/robot_localization/share/robot_localization/launch/multi_tb3_simulation_launch.py
[2.426s] -- Up-to-date: /home/wasp_mini/ros2_ws/install/robot_localization/share/robot_localization/launch/dual_ekf_navsat_example.launch.py
[2.426s] -- Up-to-date: /home/wasp_mini/ros2_ws/install/robot_localization/share/robot_localization/launch/localization_launch.py
[2.426s] -- Up-to-date: /home/wasp_mini/ros2_ws/install/robot_localization/share/robot_localization/launch/slam_launch.py
[2.427s] -- Up-to-date: /home/wasp_mini/ros2_ws/install/robot_localization/share/robot_localization/launch/navsat_transform.launch.py
[2.427s] -- Up-to-date: /home/wasp_mini/ros2_ws/install/robot_localization/share/robot_localization/launch/ekf.launch.py
[2.428s] -- Up-to-date: /home/wasp_mini/ros2_ws/install/robot_localization/share/robot_localization/launch/tb3_simulation_launch.py
[2.428s] -- Up-to-date: /home/wasp_mini/ros2_ws/install/robot_localization/share/ament_index/resource_index/package_run_dependencies/robot_localization
[2.428s] -- Up-to-date: /home/wasp_mini/ros2_ws/install/robot_localization/share/ament_index/resource_index/parent_prefix_path/robot_localization
[2.428s] -- Up-to-date: /home/wasp_mini/ros2_ws/install/robot_localization/share/robot_localization/environment/ament_prefix_path.sh
[2.432s] -- Up-to-date: /home/wasp_mini/ros2_ws/install/robot_localization/share/robot_localization/environment/ament_prefix_path.dsv
[2.435s] -- Up-to-date: /home/wasp_mini/ros2_ws/install/robot_localization/share/robot_localization/environment/path.sh
[2.439s] -- Up-to-date: /home/wasp_mini/ros2_ws/install/robot_localization/share/robot_localization/environment/path.dsv
[2.440s] -- Up-to-date: /home/wasp_mini/ros2_ws/install/robot_localization/share/robot_localization/local_setup.bash
[2.440s] -- Up-to-date: /home/wasp_mini/ros2_ws/install/robot_localization/share/robot_localization/local_setup.sh
[2.441s] -- Up-to-date: /home/wasp_mini/ros2_ws/install/robot_localization/share/robot_localization/local_setup.zsh
[2.441s] -- Up-to-date: /home/wasp_mini/ros2_ws/install/robot_localization/share/robot_localization/local_setup.dsv
[2.441s] -- Installing: /home/wasp_mini/ros2_ws/install/robot_localization/share/robot_localization/package.dsv
[2.443s] -- Up-to-date: /home/wasp_mini/ros2_ws/install/robot_localization/share/ament_index/resource_index/packages/robot_localization
[2.446s] -- Up-to-date: /home/wasp_mini/ros2_ws/install/robot_localization/share/robot_localization/cmake/robot_localization__rosidl_generator_cExport.cmake
[2.446s] -- Up-to-date: /home/wasp_mini/ros2_ws/install/robot_localization/share/robot_localization/cmake/robot_localization__rosidl_generator_cExport-relwithdebinfo.cmake
[2.446s] -- Up-to-date: /home/wasp_mini/ros2_ws/install/robot_localization/share/robot_localization/cmake/robot_localization__rosidl_typesupport_introspection_cExport.cmake
[2.447s] -- Up-to-date: /home/wasp_mini/ros2_ws/install/robot_localization/share/robot_localization/cmake/robot_localization__rosidl_typesupport_introspection_cExport-relwithdebinfo.cmake
[2.448s] -- Up-to-date: /home/wasp_mini/ros2_ws/install/robot_localization/share/robot_localization/cmake/robot_localization__rosidl_typesupport_cExport.cmake
[2.449s] -- Up-to-date: /home/wasp_mini/ros2_ws/install/robot_localization/share/robot_localization/cmake/robot_localization__rosidl_typesupport_cExport-relwithdebinfo.cmake
[2.449s] -- Up-to-date: /home/wasp_mini/ros2_ws/install/robot_localization/share/robot_localization/cmake/robot_localization__rosidl_generator_cppExport.cmake
[2.449s] -- Up-to-date: /home/wasp_mini/ros2_ws/install/robot_localization/share/robot_localization/cmake/robot_localization__rosidl_typesupport_introspection_cppExport.cmake
[2.450s] -- Up-to-date: /home/wasp_mini/ros2_ws/install/robot_localization/share/robot_localization/cmake/robot_localization__rosidl_typesupport_introspection_cppExport-relwithdebinfo.cmake
[2.450s] -- Up-to-date: /home/wasp_mini/ros2_ws/install/robot_localization/share/robot_localization/cmake/robot_localization__rosidl_typesupport_cppExport.cmake
[2.450s] -- Up-to-date: /home/wasp_mini/ros2_ws/install/robot_localization/share/robot_localization/cmake/robot_localization__rosidl_typesupport_cppExport-relwithdebinfo.cmake
[2.451s] -- Up-to-date: /home/wasp_mini/ros2_ws/install/robot_localization/share/robot_localization/cmake/rosidl_cmake-extras.cmake
[2.451s] -- Up-to-date: /home/wasp_mini/ros2_ws/install/robot_localization/share/robot_localization/cmake/ament_cmake_export_dependencies-extras.cmake
[2.451s] -- Up-to-date: /home/wasp_mini/ros2_ws/install/robot_localization/share/robot_localization/cmake/ament_cmake_export_libraries-extras.cmake
[2.451s] -- Up-to-date: /home/wasp_mini/ros2_ws/install/robot_localization/share/robot_localization/cmake/ament_cmake_export_targets-extras.cmake
[2.452s] -- Up-to-date: /home/wasp_mini/ros2_ws/install/robot_localization/share/robot_localization/cmake/ament_cmake_export_include_directories-extras.cmake
[2.452s] -- Up-to-date: /home/wasp_mini/ros2_ws/install/robot_localization/share/robot_localization/cmake/rosidl_cmake_export_typesupport_libraries-extras.cmake
[2.452s] -- Up-to-date: /home/wasp_mini/ros2_ws/install/robot_localization/share/robot_localization/cmake/rosidl_cmake_export_typesupport_targets-extras.cmake
[2.452s] -- Up-to-date: /home/wasp_mini/ros2_ws/install/robot_localization/share/robot_localization/cmake/robot_localizationConfig.cmake
[2.453s] -- Up-to-date: /home/wasp_mini/ros2_ws/install/robot_localization/share/robot_localization/cmake/robot_localizationConfig-version.cmake
[2.453s] -- Up-to-date: /home/wasp_mini/ros2_ws/install/robot_localization/share/robot_localization/package.xml
[2.457s] Invoked command in '/home/wasp_mini/ros2_ws/build/robot_localization' returned '0': CMAKE_PREFIX_PATH=${CMAKE_PREFIX_PATH}:/home/wasp_mini/ros2_ws/install/wasp_mini_controller:/home/wasp_mini/ros2_ws/install/nav2_simple_commander:/home/wasp_mini/ros2_ws/install/nav2_gazebo_spawner:/opt/ros/foxy /usr/bin/cmake --install /home/wasp_mini/ros2_ws/build/robot_localization
