[0.628s] DEBUG:colcon:Command line arguments: ['/usr/bin/colcon', 'build']
[0.628s] DEBUG:colcon:Parsed command line arguments: Namespace(ament_cmake_args=None, base_paths=['.'], build_base='build', catkin_cmake_args=None, catkin_skip_building_tests=False, cmake_args=None, cmake_clean_cache=False, cmake_clean_first=False, cmake_force_configure=False, cmake_target=None, cmake_target_skip_unavailable=False, continue_on_error=False, event_handlers=None, executor='parallel', ignore_user_meta=False, install_base='install', log_base=None, log_level=None, main=<bound method BuildVerb.main of <colcon_core.verb.build.BuildVerb object at 0x7fa78517e3a0>>, merge_install=False, metas=['./colcon.meta'], packages_above=None, packages_above_and_dependencies=None, packages_above_depth=None, packages_end=None, packages_ignore=None, packages_ignore_regex=None, packages_select=None, packages_select_build_failed=False, packages_select_by_dep=None, packages_select_regex=None, packages_select_test_failures=False, packages_skip=None, packages_skip_build_finished=False, packages_skip_by_dep=None, packages_skip_regex=None, packages_skip_test_passed=False, packages_skip_up_to=None, packages_start=None, packages_up_to=None, packages_up_to_regex=None, parallel_workers=4, paths=None, symlink_install=False, test_result_base=None, verb_extension=<colcon_core.verb.build.BuildVerb object at 0x7fa78517e3a0>, verb_name='build', verb_parser=<colcon_defaults.argument_parser.defaults.DefaultArgumentsDecorator object at 0x7fa7852ec3a0>)
[0.643s] Level 1:colcon.colcon_core.package_discovery:discover_packages(colcon_meta) check parameters
[0.643s] Level 1:colcon.colcon_core.package_discovery:discover_packages(recursive) check parameters
[0.643s] Level 1:colcon.colcon_core.package_discovery:discover_packages(ignore) check parameters
[0.643s] Level 1:colcon.colcon_core.package_discovery:discover_packages(path) check parameters
[0.643s] Level 1:colcon.colcon_core.package_discovery:discover_packages(colcon_meta) discover
[0.643s] Level 1:colcon.colcon_core.package_discovery:discover_packages(recursive) discover
[0.643s] INFO:colcon.colcon_core.package_discovery:Crawling recursively for packages in '/home/wasp_mini/ros2_ws'
[0.644s] Level 1:colcon.colcon_core.package_identification:_identify(.) by extensions ['ignore', 'ignore_ament_install']
[0.644s] Level 1:colcon.colcon_core.package_identification:_identify(.) by extension 'ignore'
[0.644s] Level 1:colcon.colcon_core.package_identification:_identify(.) by extension 'ignore_ament_install'
[0.644s] Level 1:colcon.colcon_core.package_identification:_identify(.) by extensions ['colcon_pkg']
[0.644s] Level 1:colcon.colcon_core.package_identification:_identify(.) by extension 'colcon_pkg'
[0.644s] Level 1:colcon.colcon_core.package_identification:_identify(.) by extensions ['colcon_meta']
[0.644s] Level 1:colcon.colcon_core.package_identification:_identify(.) by extension 'colcon_meta'
[0.644s] Level 1:colcon.colcon_core.package_identification:_identify(.) by extensions ['ros']
[0.644s] Level 1:colcon.colcon_core.package_identification:_identify(.) by extension 'ros'
[0.662s] Level 1:colcon.colcon_core.package_identification:_identify(.) by extensions ['cmake', 'python']
[0.662s] Level 1:colcon.colcon_core.package_identification:_identify(.) by extension 'cmake'
[0.662s] Level 1:colcon.colcon_core.package_identification:_identify(.) by extension 'python'
[0.662s] Level 1:colcon.colcon_core.package_identification:_identify(.) by extensions ['python_setup_py']
[0.662s] Level 1:colcon.colcon_core.package_identification:_identify(.) by extension 'python_setup_py'
[0.662s] Level 1:colcon.colcon_core.package_identification:_identify(build) by extensions ['ignore', 'ignore_ament_install']
[0.662s] Level 1:colcon.colcon_core.package_identification:_identify(build) by extension 'ignore'
[0.662s] Level 1:colcon.colcon_core.package_identification:_identify(build) ignored
[0.663s] Level 1:colcon.colcon_core.package_identification:_identify(install) by extensions ['ignore', 'ignore_ament_install']
[0.663s] Level 1:colcon.colcon_core.package_identification:_identify(install) by extension 'ignore'
[0.663s] Level 1:colcon.colcon_core.package_identification:_identify(install) ignored
[0.663s] Level 1:colcon.colcon_core.package_identification:_identify(log) by extensions ['ignore', 'ignore_ament_install']
[0.663s] Level 1:colcon.colcon_core.package_identification:_identify(log) by extension 'ignore'
[0.663s] Level 1:colcon.colcon_core.package_identification:_identify(log) ignored
[0.664s] Level 1:colcon.colcon_core.package_identification:_identify(src) by extensions ['ignore', 'ignore_ament_install']
[0.664s] Level 1:colcon.colcon_core.package_identification:_identify(src) by extension 'ignore'
[0.664s] Level 1:colcon.colcon_core.package_identification:_identify(src) by extension 'ignore_ament_install'
[0.664s] Level 1:colcon.colcon_core.package_identification:_identify(src) by extensions ['colcon_pkg']
[0.664s] Level 1:colcon.colcon_core.package_identification:_identify(src) by extension 'colcon_pkg'
[0.664s] Level 1:colcon.colcon_core.package_identification:_identify(src) by extensions ['colcon_meta']
[0.664s] Level 1:colcon.colcon_core.package_identification:_identify(src) by extension 'colcon_meta'
[0.664s] Level 1:colcon.colcon_core.package_identification:_identify(src) by extensions ['ros']
[0.664s] Level 1:colcon.colcon_core.package_identification:_identify(src) by extension 'ros'
[0.664s] Level 1:colcon.colcon_core.package_identification:_identify(src) by extensions ['cmake', 'python']
[0.664s] Level 1:colcon.colcon_core.package_identification:_identify(src) by extension 'cmake'
[0.664s] Level 1:colcon.colcon_core.package_identification:_identify(src) by extension 'python'
[0.665s] Level 1:colcon.colcon_core.package_identification:_identify(src) by extensions ['python_setup_py']
[0.665s] Level 1:colcon.colcon_core.package_identification:_identify(src) by extension 'python_setup_py'
[0.665s] Level 1:colcon.colcon_core.package_identification:_identify(src/main_waspmini) by extensions ['ignore', 'ignore_ament_install']
[0.665s] Level 1:colcon.colcon_core.package_identification:_identify(src/main_waspmini) by extension 'ignore'
[0.665s] Level 1:colcon.colcon_core.package_identification:_identify(src/main_waspmini) by extension 'ignore_ament_install'
[0.665s] Level 1:colcon.colcon_core.package_identification:_identify(src/main_waspmini) by extensions ['colcon_pkg']
[0.665s] Level 1:colcon.colcon_core.package_identification:_identify(src/main_waspmini) by extension 'colcon_pkg'
[0.665s] Level 1:colcon.colcon_core.package_identification:_identify(src/main_waspmini) by extensions ['colcon_meta']
[0.665s] Level 1:colcon.colcon_core.package_identification:_identify(src/main_waspmini) by extension 'colcon_meta'
[0.665s] Level 1:colcon.colcon_core.package_identification:_identify(src/main_waspmini) by extensions ['ros']
[0.665s] Level 1:colcon.colcon_core.package_identification:_identify(src/main_waspmini) by extension 'ros'
[0.670s] DEBUG:colcon.colcon_core.package_identification:Package 'src/main_waspmini' with type 'ros.ament_cmake' and name 'main_waspmini'
[0.670s] Level 1:colcon.colcon_core.package_identification:_identify(src/robot_localization) by extensions ['ignore', 'ignore_ament_install']
[0.670s] Level 1:colcon.colcon_core.package_identification:_identify(src/robot_localization) by extension 'ignore'
[0.670s] Level 1:colcon.colcon_core.package_identification:_identify(src/robot_localization) by extension 'ignore_ament_install'
[0.670s] Level 1:colcon.colcon_core.package_identification:_identify(src/robot_localization) by extensions ['colcon_pkg']
[0.670s] Level 1:colcon.colcon_core.package_identification:_identify(src/robot_localization) by extension 'colcon_pkg'
[0.671s] Level 1:colcon.colcon_core.package_identification:_identify(src/robot_localization) by extensions ['colcon_meta']
[0.671s] Level 1:colcon.colcon_core.package_identification:_identify(src/robot_localization) by extension 'colcon_meta'
[0.671s] Level 1:colcon.colcon_core.package_identification:_identify(src/robot_localization) by extensions ['ros']
[0.671s] Level 1:colcon.colcon_core.package_identification:_identify(src/robot_localization) by extension 'ros'
[0.674s] DEBUG:colcon.colcon_core.package_identification:Package 'src/robot_localization' with type 'ros.ament_cmake' and name 'robot_localization'
[0.674s] Level 1:colcon.colcon_core.package_identification:_identify(src/sick_scan2) by extensions ['ignore', 'ignore_ament_install']
[0.674s] Level 1:colcon.colcon_core.package_identification:_identify(src/sick_scan2) by extension 'ignore'
[0.674s] Level 1:colcon.colcon_core.package_identification:_identify(src/sick_scan2) by extension 'ignore_ament_install'
[0.674s] Level 1:colcon.colcon_core.package_identification:_identify(src/sick_scan2) by extensions ['colcon_pkg']
[0.675s] Level 1:colcon.colcon_core.package_identification:_identify(src/sick_scan2) by extension 'colcon_pkg'
[0.675s] Level 1:colcon.colcon_core.package_identification:_identify(src/sick_scan2) by extensions ['colcon_meta']
[0.675s] Level 1:colcon.colcon_core.package_identification:_identify(src/sick_scan2) by extension 'colcon_meta'
[0.675s] Level 1:colcon.colcon_core.package_identification:_identify(src/sick_scan2) by extensions ['ros']
[0.675s] Level 1:colcon.colcon_core.package_identification:_identify(src/sick_scan2) by extension 'ros'
[0.681s] DEBUG:colcon.colcon_core.package_identification:Package 'src/sick_scan2' with type 'ros.ament_cmake' and name 'sick_scan2'
[0.681s] Level 1:colcon.colcon_core.package_identification:_identify(src/vectornav) by extensions ['ignore', 'ignore_ament_install']
[0.681s] Level 1:colcon.colcon_core.package_identification:_identify(src/vectornav) by extension 'ignore'
[0.681s] Level 1:colcon.colcon_core.package_identification:_identify(src/vectornav) by extension 'ignore_ament_install'
[0.682s] Level 1:colcon.colcon_core.package_identification:_identify(src/vectornav) by extensions ['colcon_pkg']
[0.682s] Level 1:colcon.colcon_core.package_identification:_identify(src/vectornav) by extension 'colcon_pkg'
[0.682s] Level 1:colcon.colcon_core.package_identification:_identify(src/vectornav) by extensions ['colcon_meta']
[0.682s] Level 1:colcon.colcon_core.package_identification:_identify(src/vectornav) by extension 'colcon_meta'
[0.682s] Level 1:colcon.colcon_core.package_identification:_identify(src/vectornav) by extensions ['ros']
[0.682s] Level 1:colcon.colcon_core.package_identification:_identify(src/vectornav) by extension 'ros'
[0.682s] Level 1:colcon.colcon_core.package_identification:_identify(src/vectornav) by extensions ['cmake', 'python']
[0.682s] Level 1:colcon.colcon_core.package_identification:_identify(src/vectornav) by extension 'cmake'
[0.682s] Level 1:colcon.colcon_core.package_identification:_identify(src/vectornav) by extension 'python'
[0.682s] Level 1:colcon.colcon_core.package_identification:_identify(src/vectornav) by extensions ['python_setup_py']
[0.682s] Level 1:colcon.colcon_core.package_identification:_identify(src/vectornav) by extension 'python_setup_py'
[0.683s] Level 1:colcon.colcon_core.package_identification:_identify(src/vectornav/vectornav) by extensions ['ignore', 'ignore_ament_install']
[0.683s] Level 1:colcon.colcon_core.package_identification:_identify(src/vectornav/vectornav) by extension 'ignore'
[0.683s] Level 1:colcon.colcon_core.package_identification:_identify(src/vectornav/vectornav) by extension 'ignore_ament_install'
[0.683s] Level 1:colcon.colcon_core.package_identification:_identify(src/vectornav/vectornav) by extensions ['colcon_pkg']
[0.683s] Level 1:colcon.colcon_core.package_identification:_identify(src/vectornav/vectornav) by extension 'colcon_pkg'
[0.683s] Level 1:colcon.colcon_core.package_identification:_identify(src/vectornav/vectornav) by extensions ['colcon_meta']
[0.683s] Level 1:colcon.colcon_core.package_identification:_identify(src/vectornav/vectornav) by extension 'colcon_meta'
[0.683s] Level 1:colcon.colcon_core.package_identification:_identify(src/vectornav/vectornav) by extensions ['ros']
[0.683s] Level 1:colcon.colcon_core.package_identification:_identify(src/vectornav/vectornav) by extension 'ros'
[0.685s] DEBUG:colcon.colcon_core.package_identification:Package 'src/vectornav/vectornav' with type 'ros.ament_cmake' and name 'vectornav'
[0.686s] Level 1:colcon.colcon_core.package_identification:_identify(src/vectornav/vectornav_msgs) by extensions ['ignore', 'ignore_ament_install']
[0.686s] Level 1:colcon.colcon_core.package_identification:_identify(src/vectornav/vectornav_msgs) by extension 'ignore'
[0.686s] Level 1:colcon.colcon_core.package_identification:_identify(src/vectornav/vectornav_msgs) by extension 'ignore_ament_install'
[0.686s] Level 1:colcon.colcon_core.package_identification:_identify(src/vectornav/vectornav_msgs) by extensions ['colcon_pkg']
[0.686s] Level 1:colcon.colcon_core.package_identification:_identify(src/vectornav/vectornav_msgs) by extension 'colcon_pkg'
[0.686s] Level 1:colcon.colcon_core.package_identification:_identify(src/vectornav/vectornav_msgs) by extensions ['colcon_meta']
[0.686s] Level 1:colcon.colcon_core.package_identification:_identify(src/vectornav/vectornav_msgs) by extension 'colcon_meta'
[0.686s] Level 1:colcon.colcon_core.package_identification:_identify(src/vectornav/vectornav_msgs) by extensions ['ros']
[0.686s] Level 1:colcon.colcon_core.package_identification:_identify(src/vectornav/vectornav_msgs) by extension 'ros'
[0.687s] DEBUG:colcon.colcon_core.package_identification:Package 'src/vectornav/vectornav_msgs' with type 'ros.ament_cmake' and name 'vectornav_msgs'
[0.688s] Level 1:colcon.colcon_core.package_identification:_identify(src/wasp_mini_controller) by extensions ['ignore', 'ignore_ament_install']
[0.688s] Level 1:colcon.colcon_core.package_identification:_identify(src/wasp_mini_controller) by extension 'ignore'
[0.688s] Level 1:colcon.colcon_core.package_identification:_identify(src/wasp_mini_controller) by extension 'ignore_ament_install'
[0.688s] Level 1:colcon.colcon_core.package_identification:_identify(src/wasp_mini_controller) by extensions ['colcon_pkg']
[0.688s] Level 1:colcon.colcon_core.package_identification:_identify(src/wasp_mini_controller) by extension 'colcon_pkg'
[0.688s] Level 1:colcon.colcon_core.package_identification:_identify(src/wasp_mini_controller) by extensions ['colcon_meta']
[0.688s] Level 1:colcon.colcon_core.package_identification:_identify(src/wasp_mini_controller) by extension 'colcon_meta'
[0.688s] Level 1:colcon.colcon_core.package_identification:_identify(src/wasp_mini_controller) by extensions ['ros']
[0.688s] Level 1:colcon.colcon_core.package_identification:_identify(src/wasp_mini_controller) by extension 'ros'
[0.690s] DEBUG:colcon.colcon_core.package_identification:Package 'src/wasp_mini_controller' with type 'ros.ament_python' and name 'wasp_mini_controller'
[0.690s] Level 1:colcon.colcon_core.package_identification:_identify(src/wasp_mini_joy) by extensions ['ignore', 'ignore_ament_install']
[0.690s] Level 1:colcon.colcon_core.package_identification:_identify(src/wasp_mini_joy) by extension 'ignore'
[0.690s] Level 1:colcon.colcon_core.package_identification:_identify(src/wasp_mini_joy) by extension 'ignore_ament_install'
[0.690s] Level 1:colcon.colcon_core.package_identification:_identify(src/wasp_mini_joy) by extensions ['colcon_pkg']
[0.690s] Level 1:colcon.colcon_core.package_identification:_identify(src/wasp_mini_joy) by extension 'colcon_pkg'
[0.690s] Level 1:colcon.colcon_core.package_identification:_identify(src/wasp_mini_joy) by extensions ['colcon_meta']
[0.690s] Level 1:colcon.colcon_core.package_identification:_identify(src/wasp_mini_joy) by extension 'colcon_meta'
[0.690s] Level 1:colcon.colcon_core.package_identification:_identify(src/wasp_mini_joy) by extensions ['ros']
[0.690s] Level 1:colcon.colcon_core.package_identification:_identify(src/wasp_mini_joy) by extension 'ros'
[0.692s] DEBUG:colcon.colcon_core.package_identification:Package 'src/wasp_mini_joy' with type 'ros.ament_cmake' and name 'wasp_mini_joy'
[0.692s] Level 1:colcon.colcon_core.package_discovery:discover_packages(recursive) using defaults
[0.692s] Level 1:colcon.colcon_core.package_discovery:discover_packages(ignore) discover
[0.692s] Level 1:colcon.colcon_core.package_discovery:discover_packages(ignore) using defaults
[0.692s] Level 1:colcon.colcon_core.package_discovery:discover_packages(path) discover
[0.692s] Level 1:colcon.colcon_core.package_discovery:discover_packages(path) using defaults
[0.730s] Level 5:colcon.colcon_core.verb:set package 'main_waspmini' build argument 'cmake_args' from command line to 'None'
[0.730s] Level 5:colcon.colcon_core.verb:set package 'main_waspmini' build argument 'cmake_target' from command line to 'None'
[0.730s] Level 5:colcon.colcon_core.verb:set package 'main_waspmini' build argument 'cmake_target_skip_unavailable' from command line to 'False'
[0.730s] Level 5:colcon.colcon_core.verb:set package 'main_waspmini' build argument 'cmake_clean_cache' from command line to 'False'
[0.730s] Level 5:colcon.colcon_core.verb:set package 'main_waspmini' build argument 'cmake_clean_first' from command line to 'False'
[0.730s] Level 5:colcon.colcon_core.verb:set package 'main_waspmini' build argument 'cmake_force_configure' from command line to 'False'
[0.730s] Level 5:colcon.colcon_core.verb:set package 'main_waspmini' build argument 'ament_cmake_args' from command line to 'None'
[0.730s] Level 5:colcon.colcon_core.verb:set package 'main_waspmini' build argument 'catkin_cmake_args' from command line to 'None'
[0.730s] Level 5:colcon.colcon_core.verb:set package 'main_waspmini' build argument 'catkin_skip_building_tests' from command line to 'False'
[0.730s] DEBUG:colcon.colcon_core.verb:Building package 'main_waspmini' with the following arguments: {'ament_cmake_args': None, 'build_base': '/home/wasp_mini/ros2_ws/build/main_waspmini', 'catkin_cmake_args': None, 'catkin_skip_building_tests': False, 'cmake_args': None, 'cmake_clean_cache': False, 'cmake_clean_first': False, 'cmake_force_configure': False, 'cmake_target': None, 'cmake_target_skip_unavailable': False, 'install_base': '/home/wasp_mini/ros2_ws/install/main_waspmini', 'merge_install': False, 'path': '/home/wasp_mini/ros2_ws/src/main_waspmini', 'symlink_install': False, 'test_result_base': None}
[0.734s] Level 5:colcon.colcon_core.verb:set package 'robot_localization' build argument 'cmake_args' from command line to 'None'
[0.734s] Level 5:colcon.colcon_core.verb:set package 'robot_localization' build argument 'cmake_target' from command line to 'None'
[0.734s] Level 5:colcon.colcon_core.verb:set package 'robot_localization' build argument 'cmake_target_skip_unavailable' from command line to 'False'
[0.734s] Level 5:colcon.colcon_core.verb:set package 'robot_localization' build argument 'cmake_clean_cache' from command line to 'False'
[0.734s] Level 5:colcon.colcon_core.verb:set package 'robot_localization' build argument 'cmake_clean_first' from command line to 'False'
[0.734s] Level 5:colcon.colcon_core.verb:set package 'robot_localization' build argument 'cmake_force_configure' from command line to 'False'
[0.734s] Level 5:colcon.colcon_core.verb:set package 'robot_localization' build argument 'ament_cmake_args' from command line to 'None'
[0.734s] Level 5:colcon.colcon_core.verb:set package 'robot_localization' build argument 'catkin_cmake_args' from command line to 'None'
[0.734s] Level 5:colcon.colcon_core.verb:set package 'robot_localization' build argument 'catkin_skip_building_tests' from command line to 'False'
[0.734s] DEBUG:colcon.colcon_core.verb:Building package 'robot_localization' with the following arguments: {'ament_cmake_args': None, 'build_base': '/home/wasp_mini/ros2_ws/build/robot_localization', 'catkin_cmake_args': None, 'catkin_skip_building_tests': False, 'cmake_args': None, 'cmake_clean_cache': False, 'cmake_clean_first': False, 'cmake_force_configure': False, 'cmake_target': None, 'cmake_target_skip_unavailable': False, 'install_base': '/home/wasp_mini/ros2_ws/install/robot_localization', 'merge_install': False, 'path': '/home/wasp_mini/ros2_ws/src/robot_localization', 'symlink_install': False, 'test_result_base': None}
[0.738s] Level 5:colcon.colcon_core.verb:set package 'sick_scan2' build argument 'cmake_args' from command line to 'None'
[0.738s] Level 5:colcon.colcon_core.verb:set package 'sick_scan2' build argument 'cmake_target' from command line to 'None'
[0.738s] Level 5:colcon.colcon_core.verb:set package 'sick_scan2' build argument 'cmake_target_skip_unavailable' from command line to 'False'
[0.738s] Level 5:colcon.colcon_core.verb:set package 'sick_scan2' build argument 'cmake_clean_cache' from command line to 'False'
[0.738s] Level 5:colcon.colcon_core.verb:set package 'sick_scan2' build argument 'cmake_clean_first' from command line to 'False'
[0.738s] Level 5:colcon.colcon_core.verb:set package 'sick_scan2' build argument 'cmake_force_configure' from command line to 'False'
[0.738s] Level 5:colcon.colcon_core.verb:set package 'sick_scan2' build argument 'ament_cmake_args' from command line to 'None'
[0.738s] Level 5:colcon.colcon_core.verb:set package 'sick_scan2' build argument 'catkin_cmake_args' from command line to 'None'
[0.738s] Level 5:colcon.colcon_core.verb:set package 'sick_scan2' build argument 'catkin_skip_building_tests' from command line to 'False'
[0.738s] DEBUG:colcon.colcon_core.verb:Building package 'sick_scan2' with the following arguments: {'ament_cmake_args': None, 'build_base': '/home/wasp_mini/ros2_ws/build/sick_scan2', 'catkin_cmake_args': None, 'catkin_skip_building_tests': False, 'cmake_args': None, 'cmake_clean_cache': False, 'cmake_clean_first': False, 'cmake_force_configure': False, 'cmake_target': None, 'cmake_target_skip_unavailable': False, 'install_base': '/home/wasp_mini/ros2_ws/install/sick_scan2', 'merge_install': False, 'path': '/home/wasp_mini/ros2_ws/src/sick_scan2', 'symlink_install': False, 'test_result_base': None}
[0.742s] Level 5:colcon.colcon_core.verb:set package 'vectornav_msgs' build argument 'cmake_args' from command line to 'None'
[0.742s] Level 5:colcon.colcon_core.verb:set package 'vectornav_msgs' build argument 'cmake_target' from command line to 'None'
[0.742s] Level 5:colcon.colcon_core.verb:set package 'vectornav_msgs' build argument 'cmake_target_skip_unavailable' from command line to 'False'
[0.742s] Level 5:colcon.colcon_core.verb:set package 'vectornav_msgs' build argument 'cmake_clean_cache' from command line to 'False'
[0.742s] Level 5:colcon.colcon_core.verb:set package 'vectornav_msgs' build argument 'cmake_clean_first' from command line to 'False'
[0.742s] Level 5:colcon.colcon_core.verb:set package 'vectornav_msgs' build argument 'cmake_force_configure' from command line to 'False'
[0.742s] Level 5:colcon.colcon_core.verb:set package 'vectornav_msgs' build argument 'ament_cmake_args' from command line to 'None'
[0.742s] Level 5:colcon.colcon_core.verb:set package 'vectornav_msgs' build argument 'catkin_cmake_args' from command line to 'None'
[0.743s] Level 5:colcon.colcon_core.verb:set package 'vectornav_msgs' build argument 'catkin_skip_building_tests' from command line to 'False'
[0.743s] DEBUG:colcon.colcon_core.verb:Building package 'vectornav_msgs' with the following arguments: {'ament_cmake_args': None, 'build_base': '/home/wasp_mini/ros2_ws/build/vectornav_msgs', 'catkin_cmake_args': None, 'catkin_skip_building_tests': False, 'cmake_args': None, 'cmake_clean_cache': False, 'cmake_clean_first': False, 'cmake_force_configure': False, 'cmake_target': None, 'cmake_target_skip_unavailable': False, 'install_base': '/home/wasp_mini/ros2_ws/install/vectornav_msgs', 'merge_install': False, 'path': '/home/wasp_mini/ros2_ws/src/vectornav/vectornav_msgs', 'symlink_install': False, 'test_result_base': None}
[0.746s] Level 5:colcon.colcon_core.verb:set package 'wasp_mini_controller' build argument 'cmake_args' from command line to 'None'
[0.746s] Level 5:colcon.colcon_core.verb:set package 'wasp_mini_controller' build argument 'cmake_target' from command line to 'None'
[0.746s] Level 5:colcon.colcon_core.verb:set package 'wasp_mini_controller' build argument 'cmake_target_skip_unavailable' from command line to 'False'
[0.746s] Level 5:colcon.colcon_core.verb:set package 'wasp_mini_controller' build argument 'cmake_clean_cache' from command line to 'False'
[0.746s] Level 5:colcon.colcon_core.verb:set package 'wasp_mini_controller' build argument 'cmake_clean_first' from command line to 'False'
[0.746s] Level 5:colcon.colcon_core.verb:set package 'wasp_mini_controller' build argument 'cmake_force_configure' from command line to 'False'
[0.746s] Level 5:colcon.colcon_core.verb:set package 'wasp_mini_controller' build argument 'ament_cmake_args' from command line to 'None'
[0.747s] Level 5:colcon.colcon_core.verb:set package 'wasp_mini_controller' build argument 'catkin_cmake_args' from command line to 'None'
[0.747s] Level 5:colcon.colcon_core.verb:set package 'wasp_mini_controller' build argument 'catkin_skip_building_tests' from command line to 'False'
[0.747s] DEBUG:colcon.colcon_core.verb:Building package 'wasp_mini_controller' with the following arguments: {'ament_cmake_args': None, 'build_base': '/home/wasp_mini/ros2_ws/build/wasp_mini_controller', 'catkin_cmake_args': None, 'catkin_skip_building_tests': False, 'cmake_args': None, 'cmake_clean_cache': False, 'cmake_clean_first': False, 'cmake_force_configure': False, 'cmake_target': None, 'cmake_target_skip_unavailable': False, 'install_base': '/home/wasp_mini/ros2_ws/install/wasp_mini_controller', 'merge_install': False, 'path': '/home/wasp_mini/ros2_ws/src/wasp_mini_controller', 'symlink_install': False, 'test_result_base': None}
[0.750s] Level 5:colcon.colcon_core.verb:set package 'wasp_mini_joy' build argument 'cmake_args' from command line to 'None'
[0.750s] Level 5:colcon.colcon_core.verb:set package 'wasp_mini_joy' build argument 'cmake_target' from command line to 'None'
[0.750s] Level 5:colcon.colcon_core.verb:set package 'wasp_mini_joy' build argument 'cmake_target_skip_unavailable' from command line to 'False'
[0.750s] Level 5:colcon.colcon_core.verb:set package 'wasp_mini_joy' build argument 'cmake_clean_cache' from command line to 'False'
[0.750s] Level 5:colcon.colcon_core.verb:set package 'wasp_mini_joy' build argument 'cmake_clean_first' from command line to 'False'
[0.750s] Level 5:colcon.colcon_core.verb:set package 'wasp_mini_joy' build argument 'cmake_force_configure' from command line to 'False'
[0.750s] Level 5:colcon.colcon_core.verb:set package 'wasp_mini_joy' build argument 'ament_cmake_args' from command line to 'None'
[0.750s] Level 5:colcon.colcon_core.verb:set package 'wasp_mini_joy' build argument 'catkin_cmake_args' from command line to 'None'
[0.750s] Level 5:colcon.colcon_core.verb:set package 'wasp_mini_joy' build argument 'catkin_skip_building_tests' from command line to 'False'
[0.750s] DEBUG:colcon.colcon_core.verb:Building package 'wasp_mini_joy' with the following arguments: {'ament_cmake_args': None, 'build_base': '/home/wasp_mini/ros2_ws/build/wasp_mini_joy', 'catkin_cmake_args': None, 'catkin_skip_building_tests': False, 'cmake_args': None, 'cmake_clean_cache': False, 'cmake_clean_first': False, 'cmake_force_configure': False, 'cmake_target': None, 'cmake_target_skip_unavailable': False, 'install_base': '/home/wasp_mini/ros2_ws/install/wasp_mini_joy', 'merge_install': False, 'path': '/home/wasp_mini/ros2_ws/src/wasp_mini_joy', 'symlink_install': False, 'test_result_base': None}
[0.754s] Level 5:colcon.colcon_core.verb:set package 'vectornav' build argument 'cmake_args' from command line to 'None'
[0.754s] Level 5:colcon.colcon_core.verb:set package 'vectornav' build argument 'cmake_target' from command line to 'None'
[0.754s] Level 5:colcon.colcon_core.verb:set package 'vectornav' build argument 'cmake_target_skip_unavailable' from command line to 'False'
[0.754s] Level 5:colcon.colcon_core.verb:set package 'vectornav' build argument 'cmake_clean_cache' from command line to 'False'
[0.754s] Level 5:colcon.colcon_core.verb:set package 'vectornav' build argument 'cmake_clean_first' from command line to 'False'
[0.754s] Level 5:colcon.colcon_core.verb:set package 'vectornav' build argument 'cmake_force_configure' from command line to 'False'
[0.754s] Level 5:colcon.colcon_core.verb:set package 'vectornav' build argument 'ament_cmake_args' from command line to 'None'
[0.754s] Level 5:colcon.colcon_core.verb:set package 'vectornav' build argument 'catkin_cmake_args' from command line to 'None'
[0.754s] Level 5:colcon.colcon_core.verb:set package 'vectornav' build argument 'catkin_skip_building_tests' from command line to 'False'
[0.754s] DEBUG:colcon.colcon_core.verb:Building package 'vectornav' with the following arguments: {'ament_cmake_args': None, 'build_base': '/home/wasp_mini/ros2_ws/build/vectornav', 'catkin_cmake_args': None, 'catkin_skip_building_tests': False, 'cmake_args': None, 'cmake_clean_cache': False, 'cmake_clean_first': False, 'cmake_force_configure': False, 'cmake_target': None, 'cmake_target_skip_unavailable': False, 'install_base': '/home/wasp_mini/ros2_ws/install/vectornav', 'merge_install': False, 'path': '/home/wasp_mini/ros2_ws/src/vectornav/vectornav', 'symlink_install': False, 'test_result_base': None}
[0.755s] INFO:colcon.colcon_core.executor:Executing jobs using 'parallel' executor
[0.758s] DEBUG:colcon.colcon_parallel_executor.executor.parallel:run_until_complete
[0.758s] INFO:colcon.colcon_ros.task.ament_cmake.build:Building ROS package in '/home/wasp_mini/ros2_ws/src/vectornav/vectornav_msgs' with build type 'ament_cmake'
[0.758s] INFO:colcon.colcon_cmake.task.cmake.build:Building CMake package in '/home/wasp_mini/ros2_ws/src/vectornav/vectornav_msgs'
[0.768s] INFO:colcon.colcon_core.plugin_system:Skipping extension 'colcon_core.shell.bat': Not used on non-Windows systems
[0.769s] INFO:colcon.colcon_core.shell:Skip shell extension 'powershell' for command environment: Not usable outside of PowerShell
[0.769s] DEBUG:colcon.colcon_core.shell:Skip shell extension 'dsv' for command environment
[0.775s] DEBUG:colcon.colcon_core.shell:Ignoring prefix path '/opt/ros/foxy'
[0.781s] INFO:colcon.colcon_ros.task.ament_cmake.build:Building ROS package in '/home/wasp_mini/ros2_ws/src/main_waspmini' with build type 'ament_cmake'
[0.781s] INFO:colcon.colcon_cmake.task.cmake.build:Building CMake package in '/home/wasp_mini/ros2_ws/src/main_waspmini'
[0.783s] INFO:colcon.colcon_core.shell:Skip shell extension 'powershell' for command environment: Not usable outside of PowerShell
[0.783s] DEBUG:colcon.colcon_core.shell:Skip shell extension 'dsv' for command environment
[0.787s] DEBUG:colcon.colcon_core.shell:Ignoring prefix path '/opt/ros/foxy'
[0.792s] INFO:colcon.colcon_ros.task.ament_cmake.build:Building ROS package in '/home/wasp_mini/ros2_ws/src/robot_localization' with build type 'ament_cmake'
[0.793s] INFO:colcon.colcon_cmake.task.cmake.build:Building CMake package in '/home/wasp_mini/ros2_ws/src/robot_localization'
[0.795s] INFO:colcon.colcon_core.shell:Skip shell extension 'powershell' for command environment: Not usable outside of PowerShell
[0.795s] DEBUG:colcon.colcon_core.shell:Skip shell extension 'dsv' for command environment
[0.799s] DEBUG:colcon.colcon_core.shell:Ignoring prefix path '/opt/ros/foxy'
[0.803s] INFO:colcon.colcon_ros.task.ament_cmake.build:Building ROS package in '/home/wasp_mini/ros2_ws/src/sick_scan2' with build type 'ament_cmake'
[0.804s] INFO:colcon.colcon_cmake.task.cmake.build:Building CMake package in '/home/wasp_mini/ros2_ws/src/sick_scan2'
[0.805s] INFO:colcon.colcon_core.shell:Skip shell extension 'powershell' for command environment: Not usable outside of PowerShell
[0.806s] DEBUG:colcon.colcon_core.shell:Skip shell extension 'dsv' for command environment
[0.809s] DEBUG:colcon.colcon_core.shell:Ignoring prefix path '/opt/ros/foxy'
[0.826s] DEBUG:colcon.colcon_core.event_handler.log_command:Invoking command in '/home/wasp_mini/ros2_ws/build/vectornav_msgs': CMAKE_PREFIX_PATH=${CMAKE_PREFIX_PATH}:/home/wasp_mini/ros2_ws/install/wasp_mini_controller:/opt/ros/foxy /usr/bin/cmake --build /home/wasp_mini/ros2_ws/build/vectornav_msgs -- -j4 -l4
[0.844s] DEBUG:colcon.colcon_core.event_handler.log_command:Invoking command in '/home/wasp_mini/ros2_ws/build/main_waspmini': CMAKE_PREFIX_PATH=${CMAKE_PREFIX_PATH}:/home/wasp_mini/ros2_ws/install/wasp_mini_controller:/opt/ros/foxy /usr/bin/cmake --build /home/wasp_mini/ros2_ws/build/main_waspmini -- -j4 -l4
[0.858s] DEBUG:colcon.colcon_core.event_handler.log_command:Invoking command in '/home/wasp_mini/ros2_ws/build/robot_localization': CMAKE_PREFIX_PATH=${CMAKE_PREFIX_PATH}:/home/wasp_mini/ros2_ws/install/wasp_mini_controller:/opt/ros/foxy /usr/bin/cmake --build /home/wasp_mini/ros2_ws/build/robot_localization -- -j4 -l4
[0.876s] DEBUG:colcon.colcon_core.event_handler.log_command:Invoking command in '/home/wasp_mini/ros2_ws/build/sick_scan2': CMAKE_PREFIX_PATH=${CMAKE_PREFIX_PATH}:/home/wasp_mini/ros2_ws/install/wasp_mini_controller:/opt/ros/foxy /usr/bin/cmake --build /home/wasp_mini/ros2_ws/build/sick_scan2 -- -j4 -l4
[1.358s] DEBUG:colcon.colcon_core.event_handler.log_command:Invoked command in '/home/wasp_mini/ros2_ws/build/main_waspmini' returned '0': CMAKE_PREFIX_PATH=${CMAKE_PREFIX_PATH}:/home/wasp_mini/ros2_ws/install/wasp_mini_controller:/opt/ros/foxy /usr/bin/cmake --build /home/wasp_mini/ros2_ws/build/main_waspmini -- -j4 -l4
[1.577s] DEBUG:colcon.colcon_core.event_handler.log_command:Invoking command in '/home/wasp_mini/ros2_ws/build/main_waspmini': CMAKE_PREFIX_PATH=${CMAKE_PREFIX_PATH}:/home/wasp_mini/ros2_ws/install/wasp_mini_controller:/opt/ros/foxy /usr/bin/cmake --install /home/wasp_mini/ros2_ws/build/main_waspmini
[1.584s] DEBUG:colcon.colcon_core.event_handler.log_command:Invoked command in '/home/wasp_mini/ros2_ws/build/sick_scan2' returned '0': CMAKE_PREFIX_PATH=${CMAKE_PREFIX_PATH}:/home/wasp_mini/ros2_ws/install/wasp_mini_controller:/opt/ros/foxy /usr/bin/cmake --build /home/wasp_mini/ros2_ws/build/sick_scan2 -- -j4 -l4
[1.702s] Level 1:colcon.colcon_core.environment:create_environment_scripts_only(main_waspmini)
[1.705s] DEBUG:colcon.colcon_core.event_handler.log_command:Invoked command in '/home/wasp_mini/ros2_ws/build/main_waspmini' returned '0': CMAKE_PREFIX_PATH=${CMAKE_PREFIX_PATH}:/home/wasp_mini/ros2_ws/install/wasp_mini_controller:/opt/ros/foxy /usr/bin/cmake --install /home/wasp_mini/ros2_ws/build/main_waspmini
[1.717s] Level 1:colcon.colcon_core.environment:checking '/home/wasp_mini/ros2_ws/install/main_waspmini' for CMake module files
[1.718s] Level 1:colcon.colcon_core.environment:checking '/home/wasp_mini/ros2_ws/install/main_waspmini' for CMake config files
[1.718s] Level 1:colcon.colcon_core.shell:create_environment_hook('main_waspmini', 'cmake_prefix_path')
[1.719s] INFO:colcon.colcon_core.shell:Creating environment hook '/home/wasp_mini/ros2_ws/install/main_waspmini/share/main_waspmini/hook/cmake_prefix_path.ps1'
[1.721s] INFO:colcon.colcon_core.shell:Creating environment descriptor '/home/wasp_mini/ros2_ws/install/main_waspmini/share/main_waspmini/hook/cmake_prefix_path.dsv'
[1.723s] INFO:colcon.colcon_core.shell:Creating environment hook '/home/wasp_mini/ros2_ws/install/main_waspmini/share/main_waspmini/hook/cmake_prefix_path.sh'
[1.727s] Level 1:colcon.colcon_core.environment:checking '/home/wasp_mini/ros2_ws/install/main_waspmini/lib'
[1.727s] Level 1:colcon.colcon_core.environment:checking '/home/wasp_mini/ros2_ws/install/main_waspmini/bin'
[1.727s] Level 1:colcon.colcon_core.environment:checking '/home/wasp_mini/ros2_ws/install/main_waspmini/lib/pkgconfig/main_waspmini.pc'
[1.728s] Level 1:colcon.colcon_core.environment:checking '/home/wasp_mini/ros2_ws/install/main_waspmini/lib/python3.8/site-packages'
[1.728s] Level 1:colcon.colcon_core.shell:create_environment_hook('main_waspmini', 'pythonpath')
[1.729s] INFO:colcon.colcon_core.shell:Creating environment hook '/home/wasp_mini/ros2_ws/install/main_waspmini/share/main_waspmini/hook/pythonpath.ps1'
[1.732s] INFO:colcon.colcon_core.shell:Creating environment descriptor '/home/wasp_mini/ros2_ws/install/main_waspmini/share/main_waspmini/hook/pythonpath.dsv'
[1.733s] INFO:colcon.colcon_core.shell:Creating environment hook '/home/wasp_mini/ros2_ws/install/main_waspmini/share/main_waspmini/hook/pythonpath.sh'
[1.735s] INFO:colcon.colcon_core.shell:Creating package script '/home/wasp_mini/ros2_ws/install/main_waspmini/share/main_waspmini/package.ps1'
[1.739s] INFO:colcon.colcon_core.shell:Creating package descriptor '/home/wasp_mini/ros2_ws/install/main_waspmini/share/main_waspmini/package.dsv'
[1.741s] INFO:colcon.colcon_core.shell:Creating package script '/home/wasp_mini/ros2_ws/install/main_waspmini/share/main_waspmini/package.sh'
[1.750s] INFO:colcon.colcon_core.shell:Creating package script '/home/wasp_mini/ros2_ws/install/main_waspmini/share/main_waspmini/package.bash'
[1.753s] INFO:colcon.colcon_core.shell:Creating package script '/home/wasp_mini/ros2_ws/install/main_waspmini/share/main_waspmini/package.zsh'
[1.755s] Level 1:colcon.colcon_core.environment:create_file_with_runtime_dependencies(/home/wasp_mini/ros2_ws/install/main_waspmini/share/colcon-core/packages/main_waspmini)
[1.768s] DEBUG:colcon.colcon_core.event_handler.log_command:Invoking command in '/home/wasp_mini/ros2_ws/build/sick_scan2': CMAKE_PREFIX_PATH=${CMAKE_PREFIX_PATH}:/home/wasp_mini/ros2_ws/install/wasp_mini_controller:/opt/ros/foxy /usr/bin/cmake --install /home/wasp_mini/ros2_ws/build/sick_scan2
[1.810s] Level 1:colcon.colcon_core.environment:create_environment_scripts_only(main_waspmini)
[1.812s] Level 1:colcon.colcon_core.environment:checking '/home/wasp_mini/ros2_ws/install/main_waspmini' for CMake module files
[1.825s] Level 1:colcon.colcon_core.environment:checking '/home/wasp_mini/ros2_ws/install/main_waspmini' for CMake config files
[1.826s] Level 1:colcon.colcon_core.shell:create_environment_hook('main_waspmini', 'cmake_prefix_path')
[1.827s] INFO:colcon.colcon_core.shell:Creating environment hook '/home/wasp_mini/ros2_ws/install/main_waspmini/share/main_waspmini/hook/cmake_prefix_path.ps1'
[1.828s] INFO:colcon.colcon_core.shell:Creating environment descriptor '/home/wasp_mini/ros2_ws/install/main_waspmini/share/main_waspmini/hook/cmake_prefix_path.dsv'
[1.829s] INFO:colcon.colcon_core.shell:Creating environment hook '/home/wasp_mini/ros2_ws/install/main_waspmini/share/main_waspmini/hook/cmake_prefix_path.sh'
[1.830s] Level 1:colcon.colcon_core.environment:checking '/home/wasp_mini/ros2_ws/install/main_waspmini/lib'
[1.831s] Level 1:colcon.colcon_core.environment:checking '/home/wasp_mini/ros2_ws/install/main_waspmini/bin'
[1.831s] Level 1:colcon.colcon_core.environment:checking '/home/wasp_mini/ros2_ws/install/main_waspmini/lib/pkgconfig/main_waspmini.pc'
[1.831s] Level 1:colcon.colcon_core.environment:checking '/home/wasp_mini/ros2_ws/install/main_waspmini/lib/python3.8/site-packages'
[1.831s] Level 1:colcon.colcon_core.shell:create_environment_hook('main_waspmini', 'pythonpath')
[1.833s] INFO:colcon.colcon_core.shell:Creating environment hook '/home/wasp_mini/ros2_ws/install/main_waspmini/share/main_waspmini/hook/pythonpath.ps1'
[1.834s] INFO:colcon.colcon_core.shell:Creating environment descriptor '/home/wasp_mini/ros2_ws/install/main_waspmini/share/main_waspmini/hook/pythonpath.dsv'
[1.834s] INFO:colcon.colcon_core.shell:Creating environment hook '/home/wasp_mini/ros2_ws/install/main_waspmini/share/main_waspmini/hook/pythonpath.sh'
[1.837s] INFO:colcon.colcon_core.shell:Creating package script '/home/wasp_mini/ros2_ws/install/main_waspmini/share/main_waspmini/package.ps1'
[1.838s] INFO:colcon.colcon_core.shell:Creating package descriptor '/home/wasp_mini/ros2_ws/install/main_waspmini/share/main_waspmini/package.dsv'
[1.840s] INFO:colcon.colcon_core.shell:Creating package script '/home/wasp_mini/ros2_ws/install/main_waspmini/share/main_waspmini/package.sh'
[1.841s] INFO:colcon.colcon_core.shell:Creating package script '/home/wasp_mini/ros2_ws/install/main_waspmini/share/main_waspmini/package.bash'
[1.842s] INFO:colcon.colcon_core.shell:Creating package script '/home/wasp_mini/ros2_ws/install/main_waspmini/share/main_waspmini/package.zsh'
[1.843s] Level 1:colcon.colcon_core.environment:create_file_with_runtime_dependencies(/home/wasp_mini/ros2_ws/install/main_waspmini/share/colcon-core/packages/main_waspmini)
[1.845s] INFO:colcon.colcon_ros.task.ament_python.build:Building ROS package in '/home/wasp_mini/ros2_ws/src/wasp_mini_controller' with build type 'ament_python'
[1.851s] Level 1:colcon.colcon_core.shell:create_environment_hook('wasp_mini_controller', 'ament_prefix_path')
[1.853s] INFO:colcon.colcon_core.shell:Creating environment hook '/home/wasp_mini/ros2_ws/install/wasp_mini_controller/share/wasp_mini_controller/hook/ament_prefix_path.ps1'
[1.854s] INFO:colcon.colcon_core.shell:Creating environment descriptor '/home/wasp_mini/ros2_ws/install/wasp_mini_controller/share/wasp_mini_controller/hook/ament_prefix_path.dsv'
[1.854s] INFO:colcon.colcon_core.shell:Creating environment hook '/home/wasp_mini/ros2_ws/install/wasp_mini_controller/share/wasp_mini_controller/hook/ament_prefix_path.sh'
[1.856s] INFO:colcon.colcon_core.shell:Skip shell extension 'powershell' for command environment: Not usable outside of PowerShell
[1.857s] DEBUG:colcon.colcon_core.shell:Skip shell extension 'dsv' for command environment
[1.862s] DEBUG:colcon.colcon_core.shell:Ignoring prefix path '/opt/ros/foxy'
[1.874s] Level 1:colcon.colcon_core.environment:create_environment_scripts_only(sick_scan2)
[1.875s] DEBUG:colcon.colcon_core.event_handler.log_command:Invoked command in '/home/wasp_mini/ros2_ws/build/sick_scan2' returned '0': CMAKE_PREFIX_PATH=${CMAKE_PREFIX_PATH}:/home/wasp_mini/ros2_ws/install/wasp_mini_controller:/opt/ros/foxy /usr/bin/cmake --install /home/wasp_mini/ros2_ws/build/sick_scan2
[1.878s] Level 1:colcon.colcon_core.environment:checking '/home/wasp_mini/ros2_ws/install/sick_scan2' for CMake module files
[1.883s] Level 1:colcon.colcon_core.environment:checking '/home/wasp_mini/ros2_ws/install/sick_scan2' for CMake config files
[1.884s] Level 1:colcon.colcon_core.shell:create_environment_hook('sick_scan2', 'cmake_prefix_path')
[1.886s] INFO:colcon.colcon_core.shell:Creating environment hook '/home/wasp_mini/ros2_ws/install/sick_scan2/share/sick_scan2/hook/cmake_prefix_path.ps1'
[1.887s] INFO:colcon.colcon_core.shell:Creating environment descriptor '/home/wasp_mini/ros2_ws/install/sick_scan2/share/sick_scan2/hook/cmake_prefix_path.dsv'
[1.888s] INFO:colcon.colcon_core.shell:Creating environment hook '/home/wasp_mini/ros2_ws/install/sick_scan2/share/sick_scan2/hook/cmake_prefix_path.sh'
[1.889s] Level 1:colcon.colcon_core.environment:checking '/home/wasp_mini/ros2_ws/install/sick_scan2/lib'
[1.890s] Level 1:colcon.colcon_core.environment:checking '/home/wasp_mini/ros2_ws/install/sick_scan2/bin'
[1.890s] Level 1:colcon.colcon_core.environment:checking '/home/wasp_mini/ros2_ws/install/sick_scan2/lib/pkgconfig/sick_scan2.pc'
[1.890s] Level 1:colcon.colcon_core.environment:checking '/home/wasp_mini/ros2_ws/install/sick_scan2/lib/python3.8/site-packages'
[1.893s] INFO:colcon.colcon_core.shell:Creating package script '/home/wasp_mini/ros2_ws/install/sick_scan2/share/sick_scan2/package.ps1'
[1.894s] INFO:colcon.colcon_core.shell:Creating package descriptor '/home/wasp_mini/ros2_ws/install/sick_scan2/share/sick_scan2/package.dsv'
[1.895s] INFO:colcon.colcon_core.shell:Creating package script '/home/wasp_mini/ros2_ws/install/sick_scan2/share/sick_scan2/package.sh'
[1.903s] INFO:colcon.colcon_core.shell:Creating package script '/home/wasp_mini/ros2_ws/install/sick_scan2/share/sick_scan2/package.bash'
[1.904s] INFO:colcon.colcon_core.shell:Creating package script '/home/wasp_mini/ros2_ws/install/sick_scan2/share/sick_scan2/package.zsh'
[1.905s] Level 1:colcon.colcon_core.environment:create_file_with_runtime_dependencies(/home/wasp_mini/ros2_ws/install/sick_scan2/share/colcon-core/packages/sick_scan2)
[2.581s] INFO:colcon.colcon_core.task.python.build:Building Python package in '/home/wasp_mini/ros2_ws/src/wasp_mini_controller'
[2.583s] INFO:colcon.colcon_core.shell:Skip shell extension 'powershell' for command environment: Not usable outside of PowerShell
[2.583s] DEBUG:colcon.colcon_core.shell:Skip shell extension 'dsv' for command environment
[2.586s] DEBUG:colcon.colcon_core.shell:Ignoring prefix path '/opt/ros/foxy'
[2.593s] DEBUG:colcon.colcon_core.event_handler.log_command:Invoked command in '/home/wasp_mini/ros2_ws/build/vectornav_msgs' returned '0': CMAKE_PREFIX_PATH=${CMAKE_PREFIX_PATH}:/home/wasp_mini/ros2_ws/install/wasp_mini_controller:/opt/ros/foxy /usr/bin/cmake --build /home/wasp_mini/ros2_ws/build/vectornav_msgs -- -j4 -l4
[2.603s] DEBUG:colcon.colcon_core.event_handler.log_command:Invoked command in '/home/wasp_mini/ros2_ws/build/robot_localization' returned '0': CMAKE_PREFIX_PATH=${CMAKE_PREFIX_PATH}:/home/wasp_mini/ros2_ws/install/wasp_mini_controller:/opt/ros/foxy /usr/bin/cmake --build /home/wasp_mini/ros2_ws/build/robot_localization -- -j4 -l4
[2.606s] Level 1:colcon.colcon_core.environment:create_environment_scripts_only(sick_scan2)
[2.609s] Level 1:colcon.colcon_core.environment:checking '/home/wasp_mini/ros2_ws/install/sick_scan2' for CMake module files
[2.610s] Level 1:colcon.colcon_core.environment:checking '/home/wasp_mini/ros2_ws/install/sick_scan2' for CMake config files
[2.611s] Level 1:colcon.colcon_core.shell:create_environment_hook('sick_scan2', 'cmake_prefix_path')
[2.613s] INFO:colcon.colcon_core.shell:Creating environment hook '/home/wasp_mini/ros2_ws/install/sick_scan2/share/sick_scan2/hook/cmake_prefix_path.ps1'
[2.614s] INFO:colcon.colcon_core.shell:Creating environment descriptor '/home/wasp_mini/ros2_ws/install/sick_scan2/share/sick_scan2/hook/cmake_prefix_path.dsv'
[2.615s] INFO:colcon.colcon_core.shell:Creating environment hook '/home/wasp_mini/ros2_ws/install/sick_scan2/share/sick_scan2/hook/cmake_prefix_path.sh'
[2.616s] Level 1:colcon.colcon_core.environment:checking '/home/wasp_mini/ros2_ws/install/sick_scan2/lib'
[2.616s] Level 1:colcon.colcon_core.environment:checking '/home/wasp_mini/ros2_ws/install/sick_scan2/bin'
[2.616s] Level 1:colcon.colcon_core.environment:checking '/home/wasp_mini/ros2_ws/install/sick_scan2/lib/pkgconfig/sick_scan2.pc'
[2.616s] Level 1:colcon.colcon_core.environment:checking '/home/wasp_mini/ros2_ws/install/sick_scan2/lib/python3.8/site-packages'
[2.618s] INFO:colcon.colcon_core.shell:Creating package script '/home/wasp_mini/ros2_ws/install/sick_scan2/share/sick_scan2/package.ps1'
[2.619s] INFO:colcon.colcon_core.shell:Creating package descriptor '/home/wasp_mini/ros2_ws/install/sick_scan2/share/sick_scan2/package.dsv'
[2.621s] INFO:colcon.colcon_core.shell:Creating package script '/home/wasp_mini/ros2_ws/install/sick_scan2/share/sick_scan2/package.sh'
[2.622s] INFO:colcon.colcon_core.shell:Creating package script '/home/wasp_mini/ros2_ws/install/sick_scan2/share/sick_scan2/package.bash'
[2.623s] INFO:colcon.colcon_core.shell:Creating package script '/home/wasp_mini/ros2_ws/install/sick_scan2/share/sick_scan2/package.zsh'
[2.623s] Level 1:colcon.colcon_core.environment:create_file_with_runtime_dependencies(/home/wasp_mini/ros2_ws/install/sick_scan2/share/colcon-core/packages/sick_scan2)
[2.627s] DEBUG:colcon.colcon_core.event_handler.log_command:Invoking command in '/home/wasp_mini/ros2_ws/src/wasp_mini_controller': PYTHONPATH=/home/wasp_mini/ros2_ws/install/wasp_mini_controller/lib/python3.8/site-packages:${PYTHONPATH} /usr/bin/python3 setup.py egg_info --egg-base ../../build/wasp_mini_controller build --build-base /home/wasp_mini/ros2_ws/build/wasp_mini_controller/build install --prefix /home/wasp_mini/ros2_ws/install/wasp_mini_controller --record /home/wasp_mini/ros2_ws/build/wasp_mini_controller/install.log --single-version-externally-managed
[2.632s] INFO:colcon.colcon_ros.task.ament_cmake.build:Building ROS package in '/home/wasp_mini/ros2_ws/src/wasp_mini_joy' with build type 'ament_cmake'
[2.633s] INFO:colcon.colcon_cmake.task.cmake.build:Building CMake package in '/home/wasp_mini/ros2_ws/src/wasp_mini_joy'
[2.635s] INFO:colcon.colcon_core.shell:Skip shell extension 'powershell' for command environment: Not usable outside of PowerShell
[2.635s] DEBUG:colcon.colcon_core.shell:Skip shell extension 'dsv' for command environment
[2.639s] DEBUG:colcon.colcon_core.shell:Ignoring prefix path '/opt/ros/foxy'
[2.659s] DEBUG:colcon.colcon_core.event_handler.log_command:Invoking command in '/home/wasp_mini/ros2_ws/build/wasp_mini_joy': CMAKE_PREFIX_PATH=${CMAKE_PREFIX_PATH}:/home/wasp_mini/ros2_ws/install/wasp_mini_controller:/opt/ros/foxy /usr/bin/cmake --build /home/wasp_mini/ros2_ws/build/wasp_mini_joy -- -j4 -l4
[2.861s] DEBUG:colcon.colcon_core.event_handler.log_command:Invoked command in '/home/wasp_mini/ros2_ws/build/wasp_mini_joy' returned '0': CMAKE_PREFIX_PATH=${CMAKE_PREFIX_PATH}:/home/wasp_mini/ros2_ws/install/wasp_mini_controller:/opt/ros/foxy /usr/bin/cmake --build /home/wasp_mini/ros2_ws/build/wasp_mini_joy -- -j4 -l4
[2.931s] DEBUG:colcon.colcon_core.event_handler.log_command:Invoking command in '/home/wasp_mini/ros2_ws/build/wasp_mini_joy': CMAKE_PREFIX_PATH=${CMAKE_PREFIX_PATH}:/home/wasp_mini/ros2_ws/install/wasp_mini_controller:/opt/ros/foxy /usr/bin/cmake --install /home/wasp_mini/ros2_ws/build/wasp_mini_joy
[2.980s] Level 1:colcon.colcon_core.environment:create_environment_scripts_only(wasp_mini_joy)
[2.983s] Level 1:colcon.colcon_core.environment:checking '/home/wasp_mini/ros2_ws/install/wasp_mini_joy' for CMake module files
[2.984s] DEBUG:colcon.colcon_core.event_handler.log_command:Invoked command in '/home/wasp_mini/ros2_ws/build/wasp_mini_joy' returned '0': CMAKE_PREFIX_PATH=${CMAKE_PREFIX_PATH}:/home/wasp_mini/ros2_ws/install/wasp_mini_controller:/opt/ros/foxy /usr/bin/cmake --install /home/wasp_mini/ros2_ws/build/wasp_mini_joy
[2.985s] Level 1:colcon.colcon_core.environment:checking '/home/wasp_mini/ros2_ws/install/wasp_mini_joy' for CMake config files
[2.986s] Level 1:colcon.colcon_core.shell:create_environment_hook('wasp_mini_joy', 'cmake_prefix_path')
[2.988s] INFO:colcon.colcon_core.shell:Creating environment hook '/home/wasp_mini/ros2_ws/install/wasp_mini_joy/share/wasp_mini_joy/hook/cmake_prefix_path.ps1'
[2.989s] INFO:colcon.colcon_core.shell:Creating environment descriptor '/home/wasp_mini/ros2_ws/install/wasp_mini_joy/share/wasp_mini_joy/hook/cmake_prefix_path.dsv'
[2.990s] INFO:colcon.colcon_core.shell:Creating environment hook '/home/wasp_mini/ros2_ws/install/wasp_mini_joy/share/wasp_mini_joy/hook/cmake_prefix_path.sh'
[2.991s] Level 1:colcon.colcon_core.environment:checking '/home/wasp_mini/ros2_ws/install/wasp_mini_joy/lib'
[2.991s] Level 1:colcon.colcon_core.environment:checking '/home/wasp_mini/ros2_ws/install/wasp_mini_joy/bin'
[2.991s] Level 1:colcon.colcon_core.environment:checking '/home/wasp_mini/ros2_ws/install/wasp_mini_joy/lib/pkgconfig/wasp_mini_joy.pc'
[2.992s] Level 1:colcon.colcon_core.environment:checking '/home/wasp_mini/ros2_ws/install/wasp_mini_joy/lib/python3.8/site-packages'
[2.993s] INFO:colcon.colcon_core.shell:Creating package script '/home/wasp_mini/ros2_ws/install/wasp_mini_joy/share/wasp_mini_joy/package.ps1'
[2.995s] INFO:colcon.colcon_core.shell:Creating package descriptor '/home/wasp_mini/ros2_ws/install/wasp_mini_joy/share/wasp_mini_joy/package.dsv'
[2.996s] INFO:colcon.colcon_core.shell:Creating package script '/home/wasp_mini/ros2_ws/install/wasp_mini_joy/share/wasp_mini_joy/package.sh'
[2.997s] INFO:colcon.colcon_core.shell:Creating package script '/home/wasp_mini/ros2_ws/install/wasp_mini_joy/share/wasp_mini_joy/package.bash'
[2.997s] INFO:colcon.colcon_core.shell:Creating package script '/home/wasp_mini/ros2_ws/install/wasp_mini_joy/share/wasp_mini_joy/package.zsh'
[2.998s] Level 1:colcon.colcon_core.environment:create_file_with_runtime_dependencies(/home/wasp_mini/ros2_ws/install/wasp_mini_joy/share/colcon-core/packages/wasp_mini_joy)
[3.062s] Level 1:colcon.colcon_core.environment:create_environment_scripts_only(wasp_mini_joy)
[3.064s] Level 1:colcon.colcon_core.environment:checking '/home/wasp_mini/ros2_ws/install/wasp_mini_joy' for CMake module files
[3.066s] Level 1:colcon.colcon_core.environment:checking '/home/wasp_mini/ros2_ws/install/wasp_mini_joy' for CMake config files
[3.066s] Level 1:colcon.colcon_core.shell:create_environment_hook('wasp_mini_joy', 'cmake_prefix_path')
[3.069s] INFO:colcon.colcon_core.shell:Creating environment hook '/home/wasp_mini/ros2_ws/install/wasp_mini_joy/share/wasp_mini_joy/hook/cmake_prefix_path.ps1'
[3.070s] INFO:colcon.colcon_core.shell:Creating environment descriptor '/home/wasp_mini/ros2_ws/install/wasp_mini_joy/share/wasp_mini_joy/hook/cmake_prefix_path.dsv'
[3.071s] INFO:colcon.colcon_core.shell:Creating environment hook '/home/wasp_mini/ros2_ws/install/wasp_mini_joy/share/wasp_mini_joy/hook/cmake_prefix_path.sh'
[3.074s] Level 1:colcon.colcon_core.environment:checking '/home/wasp_mini/ros2_ws/install/wasp_mini_joy/lib'
[3.074s] Level 1:colcon.colcon_core.environment:checking '/home/wasp_mini/ros2_ws/install/wasp_mini_joy/bin'
[3.074s] Level 1:colcon.colcon_core.environment:checking '/home/wasp_mini/ros2_ws/install/wasp_mini_joy/lib/pkgconfig/wasp_mini_joy.pc'
[3.074s] Level 1:colcon.colcon_core.environment:checking '/home/wasp_mini/ros2_ws/install/wasp_mini_joy/lib/python3.8/site-packages'
[3.076s] INFO:colcon.colcon_core.shell:Creating package script '/home/wasp_mini/ros2_ws/install/wasp_mini_joy/share/wasp_mini_joy/package.ps1'
[3.077s] INFO:colcon.colcon_core.shell:Creating package descriptor '/home/wasp_mini/ros2_ws/install/wasp_mini_joy/share/wasp_mini_joy/package.dsv'
[3.078s] INFO:colcon.colcon_core.shell:Creating package script '/home/wasp_mini/ros2_ws/install/wasp_mini_joy/share/wasp_mini_joy/package.sh'
[3.079s] INFO:colcon.colcon_core.shell:Creating package script '/home/wasp_mini/ros2_ws/install/wasp_mini_joy/share/wasp_mini_joy/package.bash'
[3.080s] INFO:colcon.colcon_core.shell:Creating package script '/home/wasp_mini/ros2_ws/install/wasp_mini_joy/share/wasp_mini_joy/package.zsh'
[3.080s] Level 1:colcon.colcon_core.environment:create_file_with_runtime_dependencies(/home/wasp_mini/ros2_ws/install/wasp_mini_joy/share/colcon-core/packages/wasp_mini_joy)
[3.085s] DEBUG:colcon.colcon_core.event_handler.log_command:Invoking command in '/home/wasp_mini/ros2_ws/build/vectornav_msgs': CMAKE_PREFIX_PATH=${CMAKE_PREFIX_PATH}:/home/wasp_mini/ros2_ws/install/wasp_mini_controller:/opt/ros/foxy /usr/bin/cmake --install /home/wasp_mini/ros2_ws/build/vectornav_msgs
[3.097s] DEBUG:colcon.colcon_core.event_handler.log_command:Invoking command in '/home/wasp_mini/ros2_ws/build/robot_localization': CMAKE_PREFIX_PATH=${CMAKE_PREFIX_PATH}:/home/wasp_mini/ros2_ws/install/wasp_mini_controller:/opt/ros/foxy /usr/bin/cmake --install /home/wasp_mini/ros2_ws/build/robot_localization
[3.326s] Level 1:colcon.colcon_core.environment:create_environment_scripts_only(vectornav_msgs)
[3.329s] Level 1:colcon.colcon_core.environment:checking '/home/wasp_mini/ros2_ws/install/vectornav_msgs' for CMake module files
[3.330s] DEBUG:colcon.colcon_core.event_handler.log_command:Invoked command in '/home/wasp_mini/ros2_ws/build/vectornav_msgs' returned '0': CMAKE_PREFIX_PATH=${CMAKE_PREFIX_PATH}:/home/wasp_mini/ros2_ws/install/wasp_mini_controller:/opt/ros/foxy /usr/bin/cmake --install /home/wasp_mini/ros2_ws/build/vectornav_msgs
[3.331s] Level 1:colcon.colcon_core.environment:checking '/home/wasp_mini/ros2_ws/install/vectornav_msgs' for CMake config files
[3.335s] Level 1:colcon.colcon_core.shell:create_environment_hook('vectornav_msgs', 'cmake_prefix_path')
[3.336s] INFO:colcon.colcon_core.shell:Creating environment hook '/home/wasp_mini/ros2_ws/install/vectornav_msgs/share/vectornav_msgs/hook/cmake_prefix_path.ps1'
[3.337s] INFO:colcon.colcon_core.shell:Creating environment descriptor '/home/wasp_mini/ros2_ws/install/vectornav_msgs/share/vectornav_msgs/hook/cmake_prefix_path.dsv'
[3.338s] INFO:colcon.colcon_core.shell:Creating environment hook '/home/wasp_mini/ros2_ws/install/vectornav_msgs/share/vectornav_msgs/hook/cmake_prefix_path.sh'
[3.339s] Level 1:colcon.colcon_core.environment:checking '/home/wasp_mini/ros2_ws/install/vectornav_msgs/lib'
[3.339s] Level 1:colcon.colcon_core.shell:create_environment_hook('vectornav_msgs', 'ld_library_path_lib')
[3.341s] INFO:colcon.colcon_core.shell:Creating environment hook '/home/wasp_mini/ros2_ws/install/vectornav_msgs/share/vectornav_msgs/hook/ld_library_path_lib.ps1'
[3.342s] INFO:colcon.colcon_core.shell:Creating environment descriptor '/home/wasp_mini/ros2_ws/install/vectornav_msgs/share/vectornav_msgs/hook/ld_library_path_lib.dsv'
[3.342s] INFO:colcon.colcon_core.shell:Creating environment hook '/home/wasp_mini/ros2_ws/install/vectornav_msgs/share/vectornav_msgs/hook/ld_library_path_lib.sh'
[3.343s] Level 1:colcon.colcon_core.environment:checking '/home/wasp_mini/ros2_ws/install/vectornav_msgs/bin'
[3.343s] Level 1:colcon.colcon_core.environment:checking '/home/wasp_mini/ros2_ws/install/vectornav_msgs/lib/pkgconfig/vectornav_msgs.pc'
[3.343s] Level 1:colcon.colcon_core.environment:checking '/home/wasp_mini/ros2_ws/install/vectornav_msgs/lib/python3.8/site-packages'
[3.344s] Level 1:colcon.colcon_core.shell:create_environment_hook('vectornav_msgs', 'pythonpath')
[3.345s] INFO:colcon.colcon_core.shell:Creating environment hook '/home/wasp_mini/ros2_ws/install/vectornav_msgs/share/vectornav_msgs/hook/pythonpath.ps1'
[3.345s] INFO:colcon.colcon_core.shell:Creating environment descriptor '/home/wasp_mini/ros2_ws/install/vectornav_msgs/share/vectornav_msgs/hook/pythonpath.dsv'
[3.346s] INFO:colcon.colcon_core.shell:Creating environment hook '/home/wasp_mini/ros2_ws/install/vectornav_msgs/share/vectornav_msgs/hook/pythonpath.sh'
[3.348s] INFO:colcon.colcon_core.shell:Creating package script '/home/wasp_mini/ros2_ws/install/vectornav_msgs/share/vectornav_msgs/package.ps1'
[3.354s] INFO:colcon.colcon_core.shell:Creating package descriptor '/home/wasp_mini/ros2_ws/install/vectornav_msgs/share/vectornav_msgs/package.dsv'
[3.356s] INFO:colcon.colcon_core.shell:Creating package script '/home/wasp_mini/ros2_ws/install/vectornav_msgs/share/vectornav_msgs/package.sh'
[3.357s] INFO:colcon.colcon_core.shell:Creating package script '/home/wasp_mini/ros2_ws/install/vectornav_msgs/share/vectornav_msgs/package.bash'
[3.359s] INFO:colcon.colcon_core.shell:Creating package script '/home/wasp_mini/ros2_ws/install/vectornav_msgs/share/vectornav_msgs/package.zsh'
[3.360s] Level 1:colcon.colcon_core.environment:create_file_with_runtime_dependencies(/home/wasp_mini/ros2_ws/install/vectornav_msgs/share/colcon-core/packages/vectornav_msgs)
[3.393s] Level 1:colcon.colcon_core.environment:create_environment_scripts_only(robot_localization)
[3.396s] Level 1:colcon.colcon_core.environment:checking '/home/wasp_mini/ros2_ws/install/robot_localization' for CMake module files
[3.397s] DEBUG:colcon.colcon_core.event_handler.log_command:Invoked command in '/home/wasp_mini/ros2_ws/build/robot_localization' returned '0': CMAKE_PREFIX_PATH=${CMAKE_PREFIX_PATH}:/home/wasp_mini/ros2_ws/install/wasp_mini_controller:/opt/ros/foxy /usr/bin/cmake --install /home/wasp_mini/ros2_ws/build/robot_localization
[3.399s] Level 1:colcon.colcon_core.environment:checking '/home/wasp_mini/ros2_ws/install/robot_localization' for CMake config files
[3.402s] Level 1:colcon.colcon_core.shell:create_environment_hook('robot_localization', 'cmake_prefix_path')
[3.403s] INFO:colcon.colcon_core.shell:Creating environment hook '/home/wasp_mini/ros2_ws/install/robot_localization/share/robot_localization/hook/cmake_prefix_path.ps1'
[3.404s] INFO:colcon.colcon_core.shell:Creating environment descriptor '/home/wasp_mini/ros2_ws/install/robot_localization/share/robot_localization/hook/cmake_prefix_path.dsv'
[3.405s] INFO:colcon.colcon_core.shell:Creating environment hook '/home/wasp_mini/ros2_ws/install/robot_localization/share/robot_localization/hook/cmake_prefix_path.sh'
[3.407s] Level 1:colcon.colcon_core.environment:checking '/home/wasp_mini/ros2_ws/install/robot_localization/lib'
[3.407s] Level 1:colcon.colcon_core.shell:create_environment_hook('robot_localization', 'ld_library_path_lib')
[3.408s] INFO:colcon.colcon_core.shell:Creating environment hook '/home/wasp_mini/ros2_ws/install/robot_localization/share/robot_localization/hook/ld_library_path_lib.ps1'
[3.409s] INFO:colcon.colcon_core.shell:Creating environment descriptor '/home/wasp_mini/ros2_ws/install/robot_localization/share/robot_localization/hook/ld_library_path_lib.dsv'
[3.410s] INFO:colcon.colcon_core.shell:Creating environment hook '/home/wasp_mini/ros2_ws/install/robot_localization/share/robot_localization/hook/ld_library_path_lib.sh'
[3.411s] Level 1:colcon.colcon_core.environment:checking '/home/wasp_mini/ros2_ws/install/robot_localization/bin'
[3.411s] Level 1:colcon.colcon_core.environment:checking '/home/wasp_mini/ros2_ws/install/robot_localization/lib/pkgconfig/robot_localization.pc'
[3.411s] Level 1:colcon.colcon_core.environment:checking '/home/wasp_mini/ros2_ws/install/robot_localization/lib/python3.8/site-packages'
[3.411s] Level 1:colcon.colcon_core.shell:create_environment_hook('robot_localization', 'pythonpath')
[3.412s] INFO:colcon.colcon_core.shell:Creating environment hook '/home/wasp_mini/ros2_ws/install/robot_localization/share/robot_localization/hook/pythonpath.ps1'
[3.413s] INFO:colcon.colcon_core.shell:Creating environment descriptor '/home/wasp_mini/ros2_ws/install/robot_localization/share/robot_localization/hook/pythonpath.dsv'
[3.414s] INFO:colcon.colcon_core.shell:Creating environment hook '/home/wasp_mini/ros2_ws/install/robot_localization/share/robot_localization/hook/pythonpath.sh'
[3.416s] INFO:colcon.colcon_core.shell:Creating package script '/home/wasp_mini/ros2_ws/install/robot_localization/share/robot_localization/package.ps1'
[3.418s] INFO:colcon.colcon_core.shell:Creating package descriptor '/home/wasp_mini/ros2_ws/install/robot_localization/share/robot_localization/package.dsv'
[3.419s] INFO:colcon.colcon_core.shell:Creating package script '/home/wasp_mini/ros2_ws/install/robot_localization/share/robot_localization/package.sh'
[3.420s] INFO:colcon.colcon_core.shell:Creating package script '/home/wasp_mini/ros2_ws/install/robot_localization/share/robot_localization/package.bash'
[3.421s] INFO:colcon.colcon_core.shell:Creating package script '/home/wasp_mini/ros2_ws/install/robot_localization/share/robot_localization/package.zsh'
[3.422s] Level 1:colcon.colcon_core.environment:create_file_with_runtime_dependencies(/home/wasp_mini/ros2_ws/install/robot_localization/share/colcon-core/packages/robot_localization)
[3.524s] Level 1:colcon.colcon_core.environment:checking '/home/wasp_mini/ros2_ws/install/wasp_mini_controller' for CMake module files
[3.525s] DEBUG:colcon.colcon_core.event_handler.log_command:Invoked command in '/home/wasp_mini/ros2_ws/src/wasp_mini_controller' returned '0': PYTHONPATH=/home/wasp_mini/ros2_ws/install/wasp_mini_controller/lib/python3.8/site-packages:${PYTHONPATH} /usr/bin/python3 setup.py egg_info --egg-base ../../build/wasp_mini_controller build --build-base /home/wasp_mini/ros2_ws/build/wasp_mini_controller/build install --prefix /home/wasp_mini/ros2_ws/install/wasp_mini_controller --record /home/wasp_mini/ros2_ws/build/wasp_mini_controller/install.log --single-version-externally-managed
[3.525s] Level 1:colcon.colcon_core.environment:checking '/home/wasp_mini/ros2_ws/install/wasp_mini_controller' for CMake config files
[3.526s] Level 1:colcon.colcon_core.environment:checking '/home/wasp_mini/ros2_ws/install/wasp_mini_controller/lib'
[3.527s] Level 1:colcon.colcon_core.environment:checking '/home/wasp_mini/ros2_ws/install/wasp_mini_controller/bin'
[3.527s] Level 1:colcon.colcon_core.environment:checking '/home/wasp_mini/ros2_ws/install/wasp_mini_controller/lib/pkgconfig/wasp_mini_controller.pc'
[3.527s] Level 1:colcon.colcon_core.environment:checking '/home/wasp_mini/ros2_ws/install/wasp_mini_controller/lib/python3.8/site-packages'
[3.527s] Level 1:colcon.colcon_core.shell:create_environment_hook('wasp_mini_controller', 'pythonpath')
[3.528s] INFO:colcon.colcon_core.shell:Creating environment hook '/home/wasp_mini/ros2_ws/install/wasp_mini_controller/share/wasp_mini_controller/hook/pythonpath.ps1'
[3.529s] INFO:colcon.colcon_core.shell:Creating environment descriptor '/home/wasp_mini/ros2_ws/install/wasp_mini_controller/share/wasp_mini_controller/hook/pythonpath.dsv'
[3.530s] INFO:colcon.colcon_core.shell:Creating environment hook '/home/wasp_mini/ros2_ws/install/wasp_mini_controller/share/wasp_mini_controller/hook/pythonpath.sh'
[3.531s] Level 1:colcon.colcon_core.environment:create_environment_scripts_only(wasp_mini_controller)
[3.533s] INFO:colcon.colcon_core.shell:Creating package script '/home/wasp_mini/ros2_ws/install/wasp_mini_controller/share/wasp_mini_controller/package.ps1'
[3.534s] INFO:colcon.colcon_core.shell:Creating package descriptor '/home/wasp_mini/ros2_ws/install/wasp_mini_controller/share/wasp_mini_controller/package.dsv'
[3.534s] INFO:colcon.colcon_core.shell:Creating package script '/home/wasp_mini/ros2_ws/install/wasp_mini_controller/share/wasp_mini_controller/package.sh'
[3.535s] INFO:colcon.colcon_core.shell:Creating package script '/home/wasp_mini/ros2_ws/install/wasp_mini_controller/share/wasp_mini_controller/package.bash'
[3.536s] INFO:colcon.colcon_core.shell:Creating package script '/home/wasp_mini/ros2_ws/install/wasp_mini_controller/share/wasp_mini_controller/package.zsh'
[3.537s] Level 1:colcon.colcon_core.environment:create_file_with_runtime_dependencies(/home/wasp_mini/ros2_ws/install/wasp_mini_controller/share/colcon-core/packages/wasp_mini_controller)
[3.743s] Level 1:colcon.colcon_core.environment:create_environment_scripts_only(vectornav_msgs)
[3.744s] Level 1:colcon.colcon_core.environment:checking '/home/wasp_mini/ros2_ws/install/vectornav_msgs' for CMake module files
[3.745s] Level 1:colcon.colcon_core.environment:checking '/home/wasp_mini/ros2_ws/install/vectornav_msgs' for CMake config files
[3.747s] Level 1:colcon.colcon_core.shell:create_environment_hook('vectornav_msgs', 'cmake_prefix_path')
[3.748s] INFO:colcon.colcon_core.shell:Creating environment hook '/home/wasp_mini/ros2_ws/install/vectornav_msgs/share/vectornav_msgs/hook/cmake_prefix_path.ps1'
[3.749s] INFO:colcon.colcon_core.shell:Creating environment descriptor '/home/wasp_mini/ros2_ws/install/vectornav_msgs/share/vectornav_msgs/hook/cmake_prefix_path.dsv'
[3.749s] INFO:colcon.colcon_core.shell:Creating environment hook '/home/wasp_mini/ros2_ws/install/vectornav_msgs/share/vectornav_msgs/hook/cmake_prefix_path.sh'
[3.750s] Level 1:colcon.colcon_core.environment:checking '/home/wasp_mini/ros2_ws/install/vectornav_msgs/lib'
[3.750s] Level 1:colcon.colcon_core.shell:create_environment_hook('vectornav_msgs', 'ld_library_path_lib')
[3.751s] INFO:colcon.colcon_core.shell:Creating environment hook '/home/wasp_mini/ros2_ws/install/vectornav_msgs/share/vectornav_msgs/hook/ld_library_path_lib.ps1'
[3.752s] INFO:colcon.colcon_core.shell:Creating environment descriptor '/home/wasp_mini/ros2_ws/install/vectornav_msgs/share/vectornav_msgs/hook/ld_library_path_lib.dsv'
[3.753s] INFO:colcon.colcon_core.shell:Creating environment hook '/home/wasp_mini/ros2_ws/install/vectornav_msgs/share/vectornav_msgs/hook/ld_library_path_lib.sh'
[3.753s] Level 1:colcon.colcon_core.environment:checking '/home/wasp_mini/ros2_ws/install/vectornav_msgs/bin'
[3.753s] Level 1:colcon.colcon_core.environment:checking '/home/wasp_mini/ros2_ws/install/vectornav_msgs/lib/pkgconfig/vectornav_msgs.pc'
[3.753s] Level 1:colcon.colcon_core.environment:checking '/home/wasp_mini/ros2_ws/install/vectornav_msgs/lib/python3.8/site-packages'
[3.753s] Level 1:colcon.colcon_core.shell:create_environment_hook('vectornav_msgs', 'pythonpath')
[3.755s] INFO:colcon.colcon_core.shell:Creating environment hook '/home/wasp_mini/ros2_ws/install/vectornav_msgs/share/vectornav_msgs/hook/pythonpath.ps1'
[3.755s] INFO:colcon.colcon_core.shell:Creating environment descriptor '/home/wasp_mini/ros2_ws/install/vectornav_msgs/share/vectornav_msgs/hook/pythonpath.dsv'
[3.756s] INFO:colcon.colcon_core.shell:Creating environment hook '/home/wasp_mini/ros2_ws/install/vectornav_msgs/share/vectornav_msgs/hook/pythonpath.sh'
[3.757s] INFO:colcon.colcon_core.shell:Creating package script '/home/wasp_mini/ros2_ws/install/vectornav_msgs/share/vectornav_msgs/package.ps1'
[3.758s] INFO:colcon.colcon_core.shell:Creating package descriptor '/home/wasp_mini/ros2_ws/install/vectornav_msgs/share/vectornav_msgs/package.dsv'
[3.760s] INFO:colcon.colcon_core.shell:Creating package script '/home/wasp_mini/ros2_ws/install/vectornav_msgs/share/vectornav_msgs/package.sh'
[3.761s] INFO:colcon.colcon_core.shell:Creating package script '/home/wasp_mini/ros2_ws/install/vectornav_msgs/share/vectornav_msgs/package.bash'
[3.762s] INFO:colcon.colcon_core.shell:Creating package script '/home/wasp_mini/ros2_ws/install/vectornav_msgs/share/vectornav_msgs/package.zsh'
[3.763s] Level 1:colcon.colcon_core.environment:create_file_with_runtime_dependencies(/home/wasp_mini/ros2_ws/install/vectornav_msgs/share/colcon-core/packages/vectornav_msgs)
[3.764s] INFO:colcon.colcon_ros.task.ament_cmake.build:Building ROS package in '/home/wasp_mini/ros2_ws/src/vectornav/vectornav' with build type 'ament_cmake'
[3.764s] INFO:colcon.colcon_cmake.task.cmake.build:Building CMake package in '/home/wasp_mini/ros2_ws/src/vectornav/vectornav'
[3.765s] INFO:colcon.colcon_core.shell:Skip shell extension 'powershell' for command environment: Not usable outside of PowerShell
[3.766s] DEBUG:colcon.colcon_core.shell:Skip shell extension 'dsv' for command environment
[3.769s] DEBUG:colcon.colcon_core.shell:Ignoring prefix path '/opt/ros/foxy'
[3.775s] Level 1:colcon.colcon_core.environment:create_environment_scripts_only(robot_localization)
[3.778s] Level 1:colcon.colcon_core.environment:checking '/home/wasp_mini/ros2_ws/install/robot_localization' for CMake module files
[3.779s] Level 1:colcon.colcon_core.environment:checking '/home/wasp_mini/ros2_ws/install/robot_localization' for CMake config files
[3.781s] Level 1:colcon.colcon_core.shell:create_environment_hook('robot_localization', 'cmake_prefix_path')
[3.782s] INFO:colcon.colcon_core.shell:Creating environment hook '/home/wasp_mini/ros2_ws/install/robot_localization/share/robot_localization/hook/cmake_prefix_path.ps1'
[3.784s] INFO:colcon.colcon_core.shell:Creating environment descriptor '/home/wasp_mini/ros2_ws/install/robot_localization/share/robot_localization/hook/cmake_prefix_path.dsv'
[3.784s] INFO:colcon.colcon_core.shell:Creating environment hook '/home/wasp_mini/ros2_ws/install/robot_localization/share/robot_localization/hook/cmake_prefix_path.sh'
[3.785s] Level 1:colcon.colcon_core.environment:checking '/home/wasp_mini/ros2_ws/install/robot_localization/lib'
[3.785s] Level 1:colcon.colcon_core.shell:create_environment_hook('robot_localization', 'ld_library_path_lib')
[3.786s] INFO:colcon.colcon_core.shell:Creating environment hook '/home/wasp_mini/ros2_ws/install/robot_localization/share/robot_localization/hook/ld_library_path_lib.ps1'
[3.787s] INFO:colcon.colcon_core.shell:Creating environment descriptor '/home/wasp_mini/ros2_ws/install/robot_localization/share/robot_localization/hook/ld_library_path_lib.dsv'
[3.788s] INFO:colcon.colcon_core.shell:Creating environment hook '/home/wasp_mini/ros2_ws/install/robot_localization/share/robot_localization/hook/ld_library_path_lib.sh'
[3.788s] Level 1:colcon.colcon_core.environment:checking '/home/wasp_mini/ros2_ws/install/robot_localization/bin'
[3.788s] Level 1:colcon.colcon_core.environment:checking '/home/wasp_mini/ros2_ws/install/robot_localization/lib/pkgconfig/robot_localization.pc'
[3.788s] Level 1:colcon.colcon_core.environment:checking '/home/wasp_mini/ros2_ws/install/robot_localization/lib/python3.8/site-packages'
[3.788s] Level 1:colcon.colcon_core.shell:create_environment_hook('robot_localization', 'pythonpath')
[3.789s] INFO:colcon.colcon_core.shell:Creating environment hook '/home/wasp_mini/ros2_ws/install/robot_localization/share/robot_localization/hook/pythonpath.ps1'
[3.790s] INFO:colcon.colcon_core.shell:Creating environment descriptor '/home/wasp_mini/ros2_ws/install/robot_localization/share/robot_localization/hook/pythonpath.dsv'
[3.790s] INFO:colcon.colcon_core.shell:Creating environment hook '/home/wasp_mini/ros2_ws/install/robot_localization/share/robot_localization/hook/pythonpath.sh'
[3.792s] INFO:colcon.colcon_core.shell:Creating package script '/home/wasp_mini/ros2_ws/install/robot_localization/share/robot_localization/package.ps1'
[3.794s] INFO:colcon.colcon_core.shell:Creating package descriptor '/home/wasp_mini/ros2_ws/install/robot_localization/share/robot_localization/package.dsv'
[3.795s] INFO:colcon.colcon_core.shell:Creating package script '/home/wasp_mini/ros2_ws/install/robot_localization/share/robot_localization/package.sh'
[3.796s] INFO:colcon.colcon_core.shell:Creating package script '/home/wasp_mini/ros2_ws/install/robot_localization/share/robot_localization/package.bash'
[3.797s] INFO:colcon.colcon_core.shell:Creating package script '/home/wasp_mini/ros2_ws/install/robot_localization/share/robot_localization/package.zsh'
[3.798s] Level 1:colcon.colcon_core.environment:create_file_with_runtime_dependencies(/home/wasp_mini/ros2_ws/install/robot_localization/share/colcon-core/packages/robot_localization)
[3.808s] DEBUG:colcon.colcon_core.event_handler.log_command:Invoking command in '/home/wasp_mini/ros2_ws/build/vectornav': CMAKE_PREFIX_PATH=/home/wasp_mini/ros2_ws/install/vectornav_msgs:/home/wasp_mini/ros2_ws/install/wasp_mini_joy:/home/wasp_mini/ros2_ws/install/vectornav:/home/wasp_mini/ros2_ws/install/sick_scan2:/home/wasp_mini/ros2_ws/install/robot_localization:/home/wasp_mini/ros2_ws/install/main_waspmini:/home/wasp_mini/ros2_ws/install/wasp_mini_controller:/opt/ros/foxy LD_LIBRARY_PATH=/home/wasp_mini/ros2_ws/install/vectornav_msgs/lib:/home/wasp_mini/ros2_ws/install/vectornav/lib:/home/wasp_mini/ros2_ws/install/robot_localization/lib:/usr/lib/x86_64-linux-gnu/gazebo-11/plugins:/opt/ros/foxy/opt/yaml_cpp_vendor/lib:/opt/ros/foxy/opt/rviz_ogre_vendor/lib:/opt/ros/foxy/lib/x86_64-linux-gnu:/opt/ros/foxy/lib PYTHONPATH=/home/wasp_mini/ros2_ws/install/vectornav_msgs/lib/python3.8/site-packages:/home/wasp_mini/ros2_ws/install/wasp_mini_controller/lib/python3.8/site-packages:/home/wasp_mini/ros2_ws/install/robot_localization/lib/python3.8/site-packages:/home/wasp_mini/ros2_ws/install/main_waspmini/lib/python3.8/site-packages:/opt/ros/foxy/lib/python3.8/site-packages /usr/bin/cmake --build /home/wasp_mini/ros2_ws/build/vectornav -- -j4 -l4
[4.000s] DEBUG:colcon.colcon_core.event_handler.log_command:Invoked command in '/home/wasp_mini/ros2_ws/build/vectornav' returned '0': CMAKE_PREFIX_PATH=/home/wasp_mini/ros2_ws/install/vectornav_msgs:/home/wasp_mini/ros2_ws/install/wasp_mini_joy:/home/wasp_mini/ros2_ws/install/vectornav:/home/wasp_mini/ros2_ws/install/sick_scan2:/home/wasp_mini/ros2_ws/install/robot_localization:/home/wasp_mini/ros2_ws/install/main_waspmini:/home/wasp_mini/ros2_ws/install/wasp_mini_controller:/opt/ros/foxy LD_LIBRARY_PATH=/home/wasp_mini/ros2_ws/install/vectornav_msgs/lib:/home/wasp_mini/ros2_ws/install/vectornav/lib:/home/wasp_mini/ros2_ws/install/robot_localization/lib:/usr/lib/x86_64-linux-gnu/gazebo-11/plugins:/opt/ros/foxy/opt/yaml_cpp_vendor/lib:/opt/ros/foxy/opt/rviz_ogre_vendor/lib:/opt/ros/foxy/lib/x86_64-linux-gnu:/opt/ros/foxy/lib PYTHONPATH=/home/wasp_mini/ros2_ws/install/vectornav_msgs/lib/python3.8/site-packages:/home/wasp_mini/ros2_ws/install/wasp_mini_controller/lib/python3.8/site-packages:/home/wasp_mini/ros2_ws/install/robot_localization/lib/python3.8/site-packages:/home/wasp_mini/ros2_ws/install/main_waspmini/lib/python3.8/site-packages:/opt/ros/foxy/lib/python3.8/site-packages /usr/bin/cmake --build /home/wasp_mini/ros2_ws/build/vectornav -- -j4 -l4
[4.045s] DEBUG:colcon.colcon_core.event_handler.log_command:Invoking command in '/home/wasp_mini/ros2_ws/build/vectornav': CMAKE_PREFIX_PATH=/home/wasp_mini/ros2_ws/install/vectornav_msgs:/home/wasp_mini/ros2_ws/install/wasp_mini_joy:/home/wasp_mini/ros2_ws/install/vectornav:/home/wasp_mini/ros2_ws/install/sick_scan2:/home/wasp_mini/ros2_ws/install/robot_localization:/home/wasp_mini/ros2_ws/install/main_waspmini:/home/wasp_mini/ros2_ws/install/wasp_mini_controller:/opt/ros/foxy LD_LIBRARY_PATH=/home/wasp_mini/ros2_ws/install/vectornav_msgs/lib:/home/wasp_mini/ros2_ws/install/vectornav/lib:/home/wasp_mini/ros2_ws/install/robot_localization/lib:/usr/lib/x86_64-linux-gnu/gazebo-11/plugins:/opt/ros/foxy/opt/yaml_cpp_vendor/lib:/opt/ros/foxy/opt/rviz_ogre_vendor/lib:/opt/ros/foxy/lib/x86_64-linux-gnu:/opt/ros/foxy/lib PYTHONPATH=/home/wasp_mini/ros2_ws/install/vectornav_msgs/lib/python3.8/site-packages:/home/wasp_mini/ros2_ws/install/wasp_mini_controller/lib/python3.8/site-packages:/home/wasp_mini/ros2_ws/install/robot_localization/lib/python3.8/site-packages:/home/wasp_mini/ros2_ws/install/main_waspmini/lib/python3.8/site-packages:/opt/ros/foxy/lib/python3.8/site-packages /usr/bin/cmake --install /home/wasp_mini/ros2_ws/build/vectornav
[4.098s] Level 1:colcon.colcon_core.environment:create_environment_scripts_only(vectornav)
[4.101s] Level 1:colcon.colcon_core.environment:checking '/home/wasp_mini/ros2_ws/install/vectornav' for CMake module files
[4.104s] Level 1:colcon.colcon_core.environment:checking '/home/wasp_mini/ros2_ws/install/vectornav' for CMake config files
[4.105s] DEBUG:colcon.colcon_core.event_handler.log_command:Invoked command in '/home/wasp_mini/ros2_ws/build/vectornav' returned '0': CMAKE_PREFIX_PATH=/home/wasp_mini/ros2_ws/install/vectornav_msgs:/home/wasp_mini/ros2_ws/install/wasp_mini_joy:/home/wasp_mini/ros2_ws/install/vectornav:/home/wasp_mini/ros2_ws/install/sick_scan2:/home/wasp_mini/ros2_ws/install/robot_localization:/home/wasp_mini/ros2_ws/install/main_waspmini:/home/wasp_mini/ros2_ws/install/wasp_mini_controller:/opt/ros/foxy LD_LIBRARY_PATH=/home/wasp_mini/ros2_ws/install/vectornav_msgs/lib:/home/wasp_mini/ros2_ws/install/vectornav/lib:/home/wasp_mini/ros2_ws/install/robot_localization/lib:/usr/lib/x86_64-linux-gnu/gazebo-11/plugins:/opt/ros/foxy/opt/yaml_cpp_vendor/lib:/opt/ros/foxy/opt/rviz_ogre_vendor/lib:/opt/ros/foxy/lib/x86_64-linux-gnu:/opt/ros/foxy/lib PYTHONPATH=/home/wasp_mini/ros2_ws/install/vectornav_msgs/lib/python3.8/site-packages:/home/wasp_mini/ros2_ws/install/wasp_mini_controller/lib/python3.8/site-packages:/home/wasp_mini/ros2_ws/install/robot_localization/lib/python3.8/site-packages:/home/wasp_mini/ros2_ws/install/main_waspmini/lib/python3.8/site-packages:/opt/ros/foxy/lib/python3.8/site-packages /usr/bin/cmake --install /home/wasp_mini/ros2_ws/build/vectornav
[4.105s] Level 1:colcon.colcon_core.shell:create_environment_hook('vectornav', 'cmake_prefix_path')
[4.106s] INFO:colcon.colcon_core.shell:Creating environment hook '/home/wasp_mini/ros2_ws/install/vectornav/share/vectornav/hook/cmake_prefix_path.ps1'
[4.107s] INFO:colcon.colcon_core.shell:Creating environment descriptor '/home/wasp_mini/ros2_ws/install/vectornav/share/vectornav/hook/cmake_prefix_path.dsv'
[4.108s] INFO:colcon.colcon_core.shell:Creating environment hook '/home/wasp_mini/ros2_ws/install/vectornav/share/vectornav/hook/cmake_prefix_path.sh'
[4.108s] Level 1:colcon.colcon_core.environment:checking '/home/wasp_mini/ros2_ws/install/vectornav/lib'
[4.109s] Level 1:colcon.colcon_core.shell:create_environment_hook('vectornav', 'ld_library_path_lib')
[4.109s] INFO:colcon.colcon_core.shell:Creating environment hook '/home/wasp_mini/ros2_ws/install/vectornav/share/vectornav/hook/ld_library_path_lib.ps1'
[4.110s] INFO:colcon.colcon_core.shell:Creating environment descriptor '/home/wasp_mini/ros2_ws/install/vectornav/share/vectornav/hook/ld_library_path_lib.dsv'
[4.111s] INFO:colcon.colcon_core.shell:Creating environment hook '/home/wasp_mini/ros2_ws/install/vectornav/share/vectornav/hook/ld_library_path_lib.sh'
[4.111s] Level 1:colcon.colcon_core.environment:checking '/home/wasp_mini/ros2_ws/install/vectornav/bin'
[4.112s] Level 1:colcon.colcon_core.environment:checking '/home/wasp_mini/ros2_ws/install/vectornav/lib/pkgconfig/vectornav.pc'
[4.112s] Level 1:colcon.colcon_core.environment:checking '/home/wasp_mini/ros2_ws/install/vectornav/lib/python3.8/site-packages'
[4.113s] INFO:colcon.colcon_core.shell:Creating package script '/home/wasp_mini/ros2_ws/install/vectornav/share/vectornav/package.ps1'
[4.114s] INFO:colcon.colcon_core.shell:Creating package descriptor '/home/wasp_mini/ros2_ws/install/vectornav/share/vectornav/package.dsv'
[4.114s] INFO:colcon.colcon_core.shell:Creating package script '/home/wasp_mini/ros2_ws/install/vectornav/share/vectornav/package.sh'
[4.115s] INFO:colcon.colcon_core.shell:Creating package script '/home/wasp_mini/ros2_ws/install/vectornav/share/vectornav/package.bash'
[4.116s] INFO:colcon.colcon_core.shell:Creating package script '/home/wasp_mini/ros2_ws/install/vectornav/share/vectornav/package.zsh'
[4.116s] Level 1:colcon.colcon_core.environment:create_file_with_runtime_dependencies(/home/wasp_mini/ros2_ws/install/vectornav/share/colcon-core/packages/vectornav)
[4.160s] Level 1:colcon.colcon_core.environment:create_environment_scripts_only(vectornav)
[4.161s] Level 1:colcon.colcon_core.environment:checking '/home/wasp_mini/ros2_ws/install/vectornav' for CMake module files
[4.162s] Level 1:colcon.colcon_core.environment:checking '/home/wasp_mini/ros2_ws/install/vectornav' for CMake config files
[4.162s] Level 1:colcon.colcon_core.shell:create_environment_hook('vectornav', 'cmake_prefix_path')
[4.163s] INFO:colcon.colcon_core.shell:Creating environment hook '/home/wasp_mini/ros2_ws/install/vectornav/share/vectornav/hook/cmake_prefix_path.ps1'
[4.164s] INFO:colcon.colcon_core.shell:Creating environment descriptor '/home/wasp_mini/ros2_ws/install/vectornav/share/vectornav/hook/cmake_prefix_path.dsv'
[4.164s] INFO:colcon.colcon_core.shell:Creating environment hook '/home/wasp_mini/ros2_ws/install/vectornav/share/vectornav/hook/cmake_prefix_path.sh'
[4.165s] Level 1:colcon.colcon_core.environment:checking '/home/wasp_mini/ros2_ws/install/vectornav/lib'
[4.165s] Level 1:colcon.colcon_core.shell:create_environment_hook('vectornav', 'ld_library_path_lib')
[4.166s] INFO:colcon.colcon_core.shell:Creating environment hook '/home/wasp_mini/ros2_ws/install/vectornav/share/vectornav/hook/ld_library_path_lib.ps1'
[4.167s] INFO:colcon.colcon_core.shell:Creating environment descriptor '/home/wasp_mini/ros2_ws/install/vectornav/share/vectornav/hook/ld_library_path_lib.dsv'
[4.168s] INFO:colcon.colcon_core.shell:Creating environment hook '/home/wasp_mini/ros2_ws/install/vectornav/share/vectornav/hook/ld_library_path_lib.sh'
[4.168s] Level 1:colcon.colcon_core.environment:checking '/home/wasp_mini/ros2_ws/install/vectornav/bin'
[4.168s] Level 1:colcon.colcon_core.environment:checking '/home/wasp_mini/ros2_ws/install/vectornav/lib/pkgconfig/vectornav.pc'
[4.168s] Level 1:colcon.colcon_core.environment:checking '/home/wasp_mini/ros2_ws/install/vectornav/lib/python3.8/site-packages'
[4.170s] INFO:colcon.colcon_core.shell:Creating package script '/home/wasp_mini/ros2_ws/install/vectornav/share/vectornav/package.ps1'
[4.170s] INFO:colcon.colcon_core.shell:Creating package descriptor '/home/wasp_mini/ros2_ws/install/vectornav/share/vectornav/package.dsv'
[4.171s] INFO:colcon.colcon_core.shell:Creating package script '/home/wasp_mini/ros2_ws/install/vectornav/share/vectornav/package.sh'
[4.172s] INFO:colcon.colcon_core.shell:Creating package script '/home/wasp_mini/ros2_ws/install/vectornav/share/vectornav/package.bash'
[4.173s] INFO:colcon.colcon_core.shell:Creating package script '/home/wasp_mini/ros2_ws/install/vectornav/share/vectornav/package.zsh'
[4.173s] Level 1:colcon.colcon_core.environment:create_file_with_runtime_dependencies(/home/wasp_mini/ros2_ws/install/vectornav/share/colcon-core/packages/vectornav)
[4.174s] DEBUG:colcon.colcon_parallel_executor.executor.parallel:closing loop
[4.175s] DEBUG:colcon.colcon_parallel_executor.executor.parallel:loop closed
[4.175s] DEBUG:colcon.colcon_parallel_executor.executor.parallel:run_until_complete finished with '0'
[4.175s] DEBUG:colcon.colcon_core.event_reactor:joining thread
[4.192s] INFO:colcon.colcon_core.plugin_system:Skipping extension 'colcon_notification.desktop_notification.terminal_notifier': Not used on non-Darwin systems
[4.192s] INFO:colcon.colcon_core.plugin_system:Skipping extension 'colcon_notification.desktop_notification.win32': Not used on non-Windows systems
[4.192s] INFO:colcon.colcon_notification.desktop_notification:Sending desktop notification using 'notify2'
[4.217s] DEBUG:colcon.colcon_core.event_reactor:joined thread
[4.218s] INFO:colcon.colcon_core.shell:Creating prefix script '/home/wasp_mini/ros2_ws/install/local_setup.ps1'
[4.221s] INFO:colcon.colcon_core.shell:Creating prefix util module '/home/wasp_mini/ros2_ws/install/_local_setup_util_ps1.py'
[4.224s] INFO:colcon.colcon_core.shell:Creating prefix chain script '/home/wasp_mini/ros2_ws/install/setup.ps1'
[4.231s] INFO:colcon.colcon_core.shell:Creating prefix script '/home/wasp_mini/ros2_ws/install/local_setup.sh'
[4.233s] INFO:colcon.colcon_core.shell:Creating prefix util module '/home/wasp_mini/ros2_ws/install/_local_setup_util_sh.py'
[4.234s] INFO:colcon.colcon_core.shell:Creating prefix chain script '/home/wasp_mini/ros2_ws/install/setup.sh'
[4.238s] INFO:colcon.colcon_core.shell:Creating prefix script '/home/wasp_mini/ros2_ws/install/local_setup.bash'
[4.242s] INFO:colcon.colcon_core.shell:Creating prefix chain script '/home/wasp_mini/ros2_ws/install/setup.bash'
[4.246s] INFO:colcon.colcon_core.shell:Creating prefix script '/home/wasp_mini/ros2_ws/install/local_setup.zsh'
[4.248s] INFO:colcon.colcon_core.shell:Creating prefix chain script '/home/wasp_mini/ros2_ws/install/setup.zsh'
