[0.021s] Invoking command in '/home/wasp_mini/ros2_ws/build/main_waspmini': CMAKE_PREFIX_PATH=${CMAKE_PREFIX_PATH}:/home/wasp_mini/ros2_ws/install/wasp_mini_controller:/opt/ros/foxy /usr/bin/cmake /home/wasp_mini/ros2_ws/src/main_waspmini -DCMAKE_INSTALL_PREFIX=/home/wasp_mini/ros2_ws/install/main_waspmini
[0.047s] -- Found ament_cmake: 0.9.8 (/opt/ros/foxy/share/ament_cmake/cmake)
[0.083s] -- Using PYTHON_EXECUTABLE: /usr/bin/python3
[0.394s] -- Found rclcpp: 2.3.1 (/opt/ros/foxy/share/rclcpp/cmake)
[0.451s] -- Using all available rosidl_typesupport_c: rosidl_typesupport_fastrtps_c;rosidl_typesupport_introspection_c
[0.457s] -- Found rosidl_adapter: 1.2.1 (/opt/ros/foxy/share/rosidl_adapter/cmake)
[0.655s] -- Using all available rosidl_typesupport_cpp: rosidl_typesupport_fastrtps_cpp;rosidl_typesupport_introspection_cpp
[0.738s] -- Found rmw_implementation_cmake: 1.0.3 (/opt/ros/foxy/share/rmw_implementation_cmake/cmake)
[0.740s] -- Using RMW implementation 'rmw_fastrtps_cpp' as default
[0.983s] -- Found rclpy: 1.0.5 (/opt/ros/foxy/share/rclpy/cmake)
[0.984s] CMake Error at /opt/ros/foxy/share/ament_cmake_target_dependencies/cmake/ament_target_dependencies.cmake:77 (message):
[0.984s]   ament_target_dependencies() the passed package name 'sensor_msgs' was not
[0.984s]   found before
[0.985s] Call Stack (most recent call first):
[0.985s]   CMakeLists.txt:27 (ament_target_dependencies)
[0.985s] 
[0.985s] 
[0.986s] -- Configuring incomplete, errors occurred!
[0.987s] See also "/home/wasp_mini/ros2_ws/build/main_waspmini/CMakeFiles/CMakeOutput.log".
[0.987s] See also "/home/wasp_mini/ros2_ws/build/main_waspmini/CMakeFiles/CMakeError.log".
[0.996s] Invoked command in '/home/wasp_mini/ros2_ws/build/main_waspmini' returned '1': CMAKE_PREFIX_PATH=${CMAKE_PREFIX_PATH}:/home/wasp_mini/ros2_ws/install/wasp_mini_controller:/opt/ros/foxy /usr/bin/cmake /home/wasp_mini/ros2_ws/src/main_waspmini -DCMAKE_INSTALL_PREFIX=/home/wasp_mini/ros2_ws/install/main_waspmini
