[0.058s] Invoking command in '/home/wasp_mini/ros2_ws/build/vectornav_msgs': CMAKE_PREFIX_PATH=/opt/ros/foxy /usr/bin/cmake --build /home/wasp_mini/ros2_ws/build/vectornav_msgs -- -j4 -l4
[0.459s] [  0%] Built target vectornav_msgs__cpp
[0.536s] [ 12%] Built target vectornav_msgs__rosidl_generator_c
[0.615s] [ 24%] Built target vectornav_msgs__rosidl_typesupport_cpp
[0.651s] [ 35%] Built target vectornav_msgs__rosidl_typesupport_fastrtps_cpp
[0.653s] [ 47%] Built target vectornav_msgs__rosidl_typesupport_introspection_cpp
[0.715s] [ 59%] Built target vectornav_msgs__rosidl_typesupport_introspection_c
[0.737s] [ 71%] Built target vectornav_msgs__rosidl_typesupport_c
[0.784s] [ 83%] Built target vectornav_msgs__rosidl_typesupport_fastrtps_c
[0.834s] [ 83%] Built target vectornav_msgs
[0.887s] [ 84%] Built target vectornav_msgs__py
[0.995s] [ 95%] Built target vectornav_msgs__python
[1.125s] [ 97%] Built target vectornav_msgs__rosidl_typesupport_fastrtps_c__pyext
[1.133s] [ 99%] Built target vectornav_msgs__rosidl_typesupport_introspection_c__pyext
[1.163s] [100%] Built target vectornav_msgs__rosidl_typesupport_c__pyext
[1.193s] Invoked command in '/home/wasp_mini/ros2_ws/build/vectornav_msgs' returned '0': CMAKE_PREFIX_PATH=/opt/ros/foxy /usr/bin/cmake --build /home/wasp_mini/ros2_ws/build/vectornav_msgs -- -j4 -l4
[2.001s] Invoking command in '/home/wasp_mini/ros2_ws/build/vectornav_msgs': CMAKE_PREFIX_PATH=/opt/ros/foxy /usr/bin/cmake --install /home/wasp_mini/ros2_ws/build/vectornav_msgs
[2.030s] -- Install configuration: ""
[2.034s] -- Up-to-date: /home/wasp_mini/ros2_ws/install/vectornav_msgs/share/ament_index/resource_index/rosidl_interfaces/vectornav_msgs
[2.034s] -- Up-to-date: /home/wasp_mini/ros2_ws/install/vectornav_msgs/include/vectornav_msgs
[2.034s] -- Up-to-date: /home/wasp_mini/ros2_ws/install/vectornav_msgs/include/vectornav_msgs/msg
[2.036s] -- Up-to-date: /home/wasp_mini/ros2_ws/install/vectornav_msgs/include/vectornav_msgs/msg/ins_status.h
[2.036s] -- Up-to-date: /home/wasp_mini/ros2_ws/install/vectornav_msgs/include/vectornav_msgs/msg/time_group.h
[2.036s] -- Up-to-date: /home/wasp_mini/ros2_ws/install/vectornav_msgs/include/vectornav_msgs/msg/dop.h
[2.037s] -- Up-to-date: /home/wasp_mini/ros2_ws/install/vectornav_msgs/include/vectornav_msgs/msg/rosidl_generator_c__visibility_control.h
[2.037s] -- Up-to-date: /home/wasp_mini/ros2_ws/install/vectornav_msgs/include/vectornav_msgs/msg/time_utc.h
[2.038s] -- Up-to-date: /home/wasp_mini/ros2_ws/install/vectornav_msgs/include/vectornav_msgs/msg/gps_group.h
[2.038s] -- Up-to-date: /home/wasp_mini/ros2_ws/install/vectornav_msgs/include/vectornav_msgs/msg/common_group.h
[2.038s] -- Up-to-date: /home/wasp_mini/ros2_ws/install/vectornav_msgs/include/vectornav_msgs/msg/detail
[2.038s] -- Up-to-date: /home/wasp_mini/ros2_ws/install/vectornav_msgs/include/vectornav_msgs/msg/detail/imu_group__type_support.h
[2.039s] -- Up-to-date: /home/wasp_mini/ros2_ws/install/vectornav_msgs/include/vectornav_msgs/msg/detail/gps_group__type_support.h
[2.039s] -- Up-to-date: /home/wasp_mini/ros2_ws/install/vectornav_msgs/include/vectornav_msgs/msg/detail/attitude_group__functions.h
[2.039s] -- Up-to-date: /home/wasp_mini/ros2_ws/install/vectornav_msgs/include/vectornav_msgs/msg/detail/time_status__functions.h
[2.039s] -- Up-to-date: /home/wasp_mini/ros2_ws/install/vectornav_msgs/include/vectornav_msgs/msg/detail/imu_group__struct.h
[2.039s] -- Up-to-date: /home/wasp_mini/ros2_ws/install/vectornav_msgs/include/vectornav_msgs/msg/detail/attitude_group__struct.h
[2.040s] -- Up-to-date: /home/wasp_mini/ros2_ws/install/vectornav_msgs/include/vectornav_msgs/msg/detail/common_group__type_support.h
[2.040s] -- Up-to-date: /home/wasp_mini/ros2_ws/install/vectornav_msgs/include/vectornav_msgs/msg/detail/common_group__functions.c
[2.040s] -- Up-to-date: /home/wasp_mini/ros2_ws/install/vectornav_msgs/include/vectornav_msgs/msg/detail/attitude_group__type_support.h
[2.041s] -- Up-to-date: /home/wasp_mini/ros2_ws/install/vectornav_msgs/include/vectornav_msgs/msg/detail/dop__struct.h
[2.041s] -- Up-to-date: /home/wasp_mini/ros2_ws/install/vectornav_msgs/include/vectornav_msgs/msg/detail/gps_group__struct.h
[2.042s] -- Up-to-date: /home/wasp_mini/ros2_ws/install/vectornav_msgs/include/vectornav_msgs/msg/detail/time_status__functions.c
[2.042s] -- Up-to-date: /home/wasp_mini/ros2_ws/install/vectornav_msgs/include/vectornav_msgs/msg/detail/attitude_group__functions.c
[2.042s] -- Up-to-date: /home/wasp_mini/ros2_ws/install/vectornav_msgs/include/vectornav_msgs/msg/detail/vpe_status__functions.c
[2.042s] -- Up-to-date: /home/wasp_mini/ros2_ws/install/vectornav_msgs/include/vectornav_msgs/msg/detail/time_group__struct.h
[2.042s] -- Up-to-date: /home/wasp_mini/ros2_ws/install/vectornav_msgs/include/vectornav_msgs/msg/detail/gps_group__functions.h
[2.043s] -- Up-to-date: /home/wasp_mini/ros2_ws/install/vectornav_msgs/include/vectornav_msgs/msg/detail/vpe_status__functions.h
[2.043s] -- Up-to-date: /home/wasp_mini/ros2_ws/install/vectornav_msgs/include/vectornav_msgs/msg/detail/vpe_status__type_support.h
[2.043s] -- Up-to-date: /home/wasp_mini/ros2_ws/install/vectornav_msgs/include/vectornav_msgs/msg/detail/ins_group__type_support.h
[2.043s] -- Up-to-date: /home/wasp_mini/ros2_ws/install/vectornav_msgs/include/vectornav_msgs/msg/detail/ins_status__type_support.h
[2.044s] -- Up-to-date: /home/wasp_mini/ros2_ws/install/vectornav_msgs/include/vectornav_msgs/msg/detail/gps_group__functions.c
[2.044s] -- Up-to-date: /home/wasp_mini/ros2_ws/install/vectornav_msgs/include/vectornav_msgs/msg/detail/time_utc__type_support.h
[2.044s] -- Up-to-date: /home/wasp_mini/ros2_ws/install/vectornav_msgs/include/vectornav_msgs/msg/detail/imu_group__functions.c
[2.044s] -- Up-to-date: /home/wasp_mini/ros2_ws/install/vectornav_msgs/include/vectornav_msgs/msg/detail/ins_group__functions.h
[2.044s] -- Up-to-date: /home/wasp_mini/ros2_ws/install/vectornav_msgs/include/vectornav_msgs/msg/detail/vpe_status__struct.h
[2.045s] -- Up-to-date: /home/wasp_mini/ros2_ws/install/vectornav_msgs/include/vectornav_msgs/msg/detail/time_utc__functions.c
[2.045s] -- Up-to-date: /home/wasp_mini/ros2_ws/install/vectornav_msgs/include/vectornav_msgs/msg/detail/time_utc__functions.h
[2.045s] -- Up-to-date: /home/wasp_mini/ros2_ws/install/vectornav_msgs/include/vectornav_msgs/msg/detail/ins_group__functions.c
[2.045s] -- Up-to-date: /home/wasp_mini/ros2_ws/install/vectornav_msgs/include/vectornav_msgs/msg/detail/time_status__struct.h
[2.046s] -- Up-to-date: /home/wasp_mini/ros2_ws/install/vectornav_msgs/include/vectornav_msgs/msg/detail/dop__functions.c
[2.046s] -- Up-to-date: /home/wasp_mini/ros2_ws/install/vectornav_msgs/include/vectornav_msgs/msg/detail/ins_group__struct.h
[2.051s] -- Up-to-date: /home/wasp_mini/ros2_ws/install/vectornav_msgs/include/vectornav_msgs/msg/detail/time_group__functions.h
[2.054s] -- Up-to-date: /home/wasp_mini/ros2_ws/install/vectornav_msgs/include/vectornav_msgs/msg/detail/time_utc__struct.h
[2.054s] -- Up-to-date: /home/wasp_mini/ros2_ws/install/vectornav_msgs/include/vectornav_msgs/msg/detail/dop__functions.h
[2.054s] -- Up-to-date: /home/wasp_mini/ros2_ws/install/vectornav_msgs/include/vectornav_msgs/msg/detail/imu_group__functions.h
[2.054s] -- Up-to-date: /home/wasp_mini/ros2_ws/install/vectornav_msgs/include/vectornav_msgs/msg/detail/time_status__type_support.h
[2.054s] -- Up-to-date: /home/wasp_mini/ros2_ws/install/vectornav_msgs/include/vectornav_msgs/msg/detail/common_group__struct.h
[2.055s] -- Up-to-date: /home/wasp_mini/ros2_ws/install/vectornav_msgs/include/vectornav_msgs/msg/detail/ins_status__struct.h
[2.055s] -- Up-to-date: /home/wasp_mini/ros2_ws/install/vectornav_msgs/include/vectornav_msgs/msg/detail/ins_status__functions.h
[2.056s] -- Up-to-date: /home/wasp_mini/ros2_ws/install/vectornav_msgs/include/vectornav_msgs/msg/detail/common_group__functions.h
[2.056s] -- Up-to-date: /home/wasp_mini/ros2_ws/install/vectornav_msgs/include/vectornav_msgs/msg/detail/dop__type_support.h
[2.057s] -- Up-to-date: /home/wasp_mini/ros2_ws/install/vectornav_msgs/include/vectornav_msgs/msg/detail/time_group__functions.c
[2.057s] -- Up-to-date: /home/wasp_mini/ros2_ws/install/vectornav_msgs/include/vectornav_msgs/msg/detail/ins_status__functions.c
[2.058s] -- Up-to-date: /home/wasp_mini/ros2_ws/install/vectornav_msgs/include/vectornav_msgs/msg/detail/time_group__type_support.h
[2.058s] -- Up-to-date: /home/wasp_mini/ros2_ws/install/vectornav_msgs/include/vectornav_msgs/msg/vpe_status.h
[2.058s] -- Up-to-date: /home/wasp_mini/ros2_ws/install/vectornav_msgs/include/vectornav_msgs/msg/attitude_group.h
[2.059s] -- Up-to-date: /home/wasp_mini/ros2_ws/install/vectornav_msgs/include/vectornav_msgs/msg/ins_group.h
[2.059s] -- Up-to-date: /home/wasp_mini/ros2_ws/install/vectornav_msgs/include/vectornav_msgs/msg/time_status.h
[2.059s] -- Up-to-date: /home/wasp_mini/ros2_ws/install/vectornav_msgs/include/vectornav_msgs/msg/imu_group.h
[2.061s] -- Up-to-date: /home/wasp_mini/ros2_ws/install/vectornav_msgs/share/vectornav_msgs/environment/library_path.sh
[2.061s] -- Up-to-date: /home/wasp_mini/ros2_ws/install/vectornav_msgs/share/vectornav_msgs/environment/library_path.dsv
[2.063s] -- Up-to-date: /home/wasp_mini/ros2_ws/install/vectornav_msgs/lib/libvectornav_msgs__rosidl_generator_c.so
[2.063s] -- Up-to-date: /home/wasp_mini/ros2_ws/install/vectornav_msgs/include/vectornav_msgs
[2.063s] -- Up-to-date: /home/wasp_mini/ros2_ws/install/vectornav_msgs/include/vectornav_msgs/msg
[2.063s] -- Up-to-date: /home/wasp_mini/ros2_ws/install/vectornav_msgs/include/vectornav_msgs/msg/rosidl_typesupport_fastrtps_c__visibility_control.h
[2.064s] -- Up-to-date: /home/wasp_mini/ros2_ws/install/vectornav_msgs/include/vectornav_msgs/msg/detail
[2.064s] -- Up-to-date: /home/wasp_mini/ros2_ws/install/vectornav_msgs/include/vectornav_msgs/msg/detail/time_status__rosidl_typesupport_fastrtps_c.h
[2.064s] -- Up-to-date: /home/wasp_mini/ros2_ws/install/vectornav_msgs/include/vectornav_msgs/msg/detail/common_group__rosidl_typesupport_fastrtps_c.h
[2.064s] -- Up-to-date: /home/wasp_mini/ros2_ws/install/vectornav_msgs/include/vectornav_msgs/msg/detail/ins_status__rosidl_typesupport_fastrtps_c.h
[2.064s] -- Up-to-date: /home/wasp_mini/ros2_ws/install/vectornav_msgs/include/vectornav_msgs/msg/detail/imu_group__rosidl_typesupport_fastrtps_c.h
[2.064s] -- Up-to-date: /home/wasp_mini/ros2_ws/install/vectornav_msgs/include/vectornav_msgs/msg/detail/time_utc__rosidl_typesupport_fastrtps_c.h
[2.064s] -- Up-to-date: /home/wasp_mini/ros2_ws/install/vectornav_msgs/include/vectornav_msgs/msg/detail/dop__rosidl_typesupport_fastrtps_c.h
[2.064s] -- Up-to-date: /home/wasp_mini/ros2_ws/install/vectornav_msgs/include/vectornav_msgs/msg/detail/time_group__rosidl_typesupport_fastrtps_c.h
[2.065s] -- Up-to-date: /home/wasp_mini/ros2_ws/install/vectornav_msgs/include/vectornav_msgs/msg/detail/gps_group__rosidl_typesupport_fastrtps_c.h
[2.065s] -- Up-to-date: /home/wasp_mini/ros2_ws/install/vectornav_msgs/include/vectornav_msgs/msg/detail/ins_group__rosidl_typesupport_fastrtps_c.h
[2.065s] -- Up-to-date: /home/wasp_mini/ros2_ws/install/vectornav_msgs/include/vectornav_msgs/msg/detail/vpe_status__rosidl_typesupport_fastrtps_c.h
[2.065s] -- Up-to-date: /home/wasp_mini/ros2_ws/install/vectornav_msgs/include/vectornav_msgs/msg/detail/attitude_group__rosidl_typesupport_fastrtps_c.h
[2.065s] -- Up-to-date: /home/wasp_mini/ros2_ws/install/vectornav_msgs/lib/libvectornav_msgs__rosidl_typesupport_fastrtps_c.so
[2.065s] -- Up-to-date: /home/wasp_mini/ros2_ws/install/vectornav_msgs/include/vectornav_msgs
[2.065s] -- Up-to-date: /home/wasp_mini/ros2_ws/install/vectornav_msgs/include/vectornav_msgs/msg
[2.065s] -- Up-to-date: /home/wasp_mini/ros2_ws/install/vectornav_msgs/include/vectornav_msgs/msg/rosidl_typesupport_fastrtps_cpp__visibility_control.h
[2.066s] -- Up-to-date: /home/wasp_mini/ros2_ws/install/vectornav_msgs/include/vectornav_msgs/msg/detail
[2.074s] -- Up-to-date: /home/wasp_mini/ros2_ws/install/vectornav_msgs/include/vectornav_msgs/msg/detail/ins_status__rosidl_typesupport_fastrtps_cpp.hpp
[2.075s] -- Up-to-date: /home/wasp_mini/ros2_ws/install/vectornav_msgs/include/vectornav_msgs/msg/detail/time_status__rosidl_typesupport_fastrtps_cpp.hpp
[2.075s] -- Up-to-date: /home/wasp_mini/ros2_ws/install/vectornav_msgs/include/vectornav_msgs/msg/detail/common_group__rosidl_typesupport_fastrtps_cpp.hpp
[2.075s] -- Up-to-date: /home/wasp_mini/ros2_ws/install/vectornav_msgs/include/vectornav_msgs/msg/detail/time_group__rosidl_typesupport_fastrtps_cpp.hpp
[2.076s] -- Up-to-date: /home/wasp_mini/ros2_ws/install/vectornav_msgs/include/vectornav_msgs/msg/detail/time_utc__rosidl_typesupport_fastrtps_cpp.hpp
[2.082s] -- Up-to-date: /home/wasp_mini/ros2_ws/install/vectornav_msgs/include/vectornav_msgs/msg/detail/dop__rosidl_typesupport_fastrtps_cpp.hpp
[2.082s] -- Up-to-date: /home/wasp_mini/ros2_ws/install/vectornav_msgs/include/vectornav_msgs/msg/detail/gps_group__rosidl_typesupport_fastrtps_cpp.hpp
[2.083s] -- Up-to-date: /home/wasp_mini/ros2_ws/install/vectornav_msgs/include/vectornav_msgs/msg/detail/dds_fastrtps
[2.083s] -- Up-to-date: /home/wasp_mini/ros2_ws/install/vectornav_msgs/include/vectornav_msgs/msg/detail/ins_group__rosidl_typesupport_fastrtps_cpp.hpp
[2.083s] -- Up-to-date: /home/wasp_mini/ros2_ws/install/vectornav_msgs/include/vectornav_msgs/msg/detail/imu_group__rosidl_typesupport_fastrtps_cpp.hpp
[2.083s] -- Up-to-date: /home/wasp_mini/ros2_ws/install/vectornav_msgs/include/vectornav_msgs/msg/detail/attitude_group__rosidl_typesupport_fastrtps_cpp.hpp
[2.083s] -- Up-to-date: /home/wasp_mini/ros2_ws/install/vectornav_msgs/include/vectornav_msgs/msg/detail/vpe_status__rosidl_typesupport_fastrtps_cpp.hpp
[2.083s] -- Up-to-date: /home/wasp_mini/ros2_ws/install/vectornav_msgs/lib/libvectornav_msgs__rosidl_typesupport_fastrtps_cpp.so
[2.086s] -- Up-to-date: /home/wasp_mini/ros2_ws/install/vectornav_msgs/include/vectornav_msgs
[2.087s] -- Up-to-date: /home/wasp_mini/ros2_ws/install/vectornav_msgs/include/vectornav_msgs/msg
[2.087s] -- Up-to-date: /home/wasp_mini/ros2_ws/install/vectornav_msgs/include/vectornav_msgs/msg/rosidl_typesupport_introspection_c__visibility_control.h
[2.087s] -- Up-to-date: /home/wasp_mini/ros2_ws/install/vectornav_msgs/include/vectornav_msgs/msg/detail
[2.088s] -- Up-to-date: /home/wasp_mini/ros2_ws/install/vectornav_msgs/include/vectornav_msgs/msg/detail/dop__rosidl_typesupport_introspection_c.h
[2.088s] -- Up-to-date: /home/wasp_mini/ros2_ws/install/vectornav_msgs/include/vectornav_msgs/msg/detail/time_utc__type_support.c
[2.088s] -- Up-to-date: /home/wasp_mini/ros2_ws/install/vectornav_msgs/include/vectornav_msgs/msg/detail/ins_status__type_support.c
[2.089s] -- Up-to-date: /home/wasp_mini/ros2_ws/install/vectornav_msgs/include/vectornav_msgs/msg/detail/attitude_group__type_support.c
[2.090s] -- Up-to-date: /home/wasp_mini/ros2_ws/install/vectornav_msgs/include/vectornav_msgs/msg/detail/time_group__type_support.c
[2.090s] -- Up-to-date: /home/wasp_mini/ros2_ws/install/vectornav_msgs/include/vectornav_msgs/msg/detail/time_utc__rosidl_typesupport_introspection_c.h
[2.090s] -- Up-to-date: /home/wasp_mini/ros2_ws/install/vectornav_msgs/include/vectornav_msgs/msg/detail/common_group__type_support.c
[2.091s] -- Up-to-date: /home/wasp_mini/ros2_ws/install/vectornav_msgs/include/vectornav_msgs/msg/detail/common_group__rosidl_typesupport_introspection_c.h
[2.092s] -- Up-to-date: /home/wasp_mini/ros2_ws/install/vectornav_msgs/include/vectornav_msgs/msg/detail/imu_group__rosidl_typesupport_introspection_c.h
[2.092s] -- Up-to-date: /home/wasp_mini/ros2_ws/install/vectornav_msgs/include/vectornav_msgs/msg/detail/attitude_group__rosidl_typesupport_introspection_c.h
[2.094s] -- Up-to-date: /home/wasp_mini/ros2_ws/install/vectornav_msgs/include/vectornav_msgs/msg/detail/gps_group__rosidl_typesupport_introspection_c.h
[2.095s] -- Up-to-date: /home/wasp_mini/ros2_ws/install/vectornav_msgs/include/vectornav_msgs/msg/detail/dop__type_support.c
[2.095s] -- Up-to-date: /home/wasp_mini/ros2_ws/install/vectornav_msgs/include/vectornav_msgs/msg/detail/time_status__rosidl_typesupport_introspection_c.h
[2.095s] -- Up-to-date: /home/wasp_mini/ros2_ws/install/vectornav_msgs/include/vectornav_msgs/msg/detail/ins_status__rosidl_typesupport_introspection_c.h
[2.095s] -- Up-to-date: /home/wasp_mini/ros2_ws/install/vectornav_msgs/include/vectornav_msgs/msg/detail/vpe_status__type_support.c
[2.096s] -- Up-to-date: /home/wasp_mini/ros2_ws/install/vectornav_msgs/include/vectornav_msgs/msg/detail/imu_group__type_support.c
[2.096s] -- Up-to-date: /home/wasp_mini/ros2_ws/install/vectornav_msgs/include/vectornav_msgs/msg/detail/ins_group__type_support.c
[2.096s] -- Up-to-date: /home/wasp_mini/ros2_ws/install/vectornav_msgs/include/vectornav_msgs/msg/detail/vpe_status__rosidl_typesupport_introspection_c.h
[2.096s] -- Up-to-date: /home/wasp_mini/ros2_ws/install/vectornav_msgs/include/vectornav_msgs/msg/detail/time_group__rosidl_typesupport_introspection_c.h
[2.097s] -- Up-to-date: /home/wasp_mini/ros2_ws/install/vectornav_msgs/include/vectornav_msgs/msg/detail/time_status__type_support.c
[2.097s] -- Up-to-date: /home/wasp_mini/ros2_ws/install/vectornav_msgs/include/vectornav_msgs/msg/detail/gps_group__type_support.c
[2.097s] -- Up-to-date: /home/wasp_mini/ros2_ws/install/vectornav_msgs/include/vectornav_msgs/msg/detail/ins_group__rosidl_typesupport_introspection_c.h
[2.097s] -- Up-to-date: /home/wasp_mini/ros2_ws/install/vectornav_msgs/lib/libvectornav_msgs__rosidl_typesupport_introspection_c.so
[2.097s] -- Up-to-date: /home/wasp_mini/ros2_ws/install/vectornav_msgs/lib/libvectornav_msgs__rosidl_typesupport_c.so
[2.098s] -- Up-to-date: /home/wasp_mini/ros2_ws/install/vectornav_msgs/include/vectornav_msgs
[2.098s] -- Up-to-date: /home/wasp_mini/ros2_ws/install/vectornav_msgs/include/vectornav_msgs/msg
[2.098s] -- Up-to-date: /home/wasp_mini/ros2_ws/install/vectornav_msgs/include/vectornav_msgs/msg/dop.hpp
[2.098s] -- Up-to-date: /home/wasp_mini/ros2_ws/install/vectornav_msgs/include/vectornav_msgs/msg/time_group.hpp
[2.101s] -- Up-to-date: /home/wasp_mini/ros2_ws/install/vectornav_msgs/include/vectornav_msgs/msg/imu_group.hpp
[2.101s] -- Up-to-date: /home/wasp_mini/ros2_ws/install/vectornav_msgs/include/vectornav_msgs/msg/ins_group.hpp
[2.101s] -- Up-to-date: /home/wasp_mini/ros2_ws/install/vectornav_msgs/include/vectornav_msgs/msg/gps_group.hpp
[2.102s] -- Up-to-date: /home/wasp_mini/ros2_ws/install/vectornav_msgs/include/vectornav_msgs/msg/detail
[2.102s] -- Up-to-date: /home/wasp_mini/ros2_ws/install/vectornav_msgs/include/vectornav_msgs/msg/detail/imu_group__traits.hpp
[2.102s] -- Up-to-date: /home/wasp_mini/ros2_ws/install/vectornav_msgs/include/vectornav_msgs/msg/detail/time_utc__struct.hpp
[2.103s] -- Up-to-date: /home/wasp_mini/ros2_ws/install/vectornav_msgs/include/vectornav_msgs/msg/detail/attitude_group__builder.hpp
[2.104s] -- Up-to-date: /home/wasp_mini/ros2_ws/install/vectornav_msgs/include/vectornav_msgs/msg/detail/time_status__builder.hpp
[2.104s] -- Up-to-date: /home/wasp_mini/ros2_ws/install/vectornav_msgs/include/vectornav_msgs/msg/detail/time_group__traits.hpp
[2.105s] -- Up-to-date: /home/wasp_mini/ros2_ws/install/vectornav_msgs/include/vectornav_msgs/msg/detail/ins_status__builder.hpp
[2.105s] -- Up-to-date: /home/wasp_mini/ros2_ws/install/vectornav_msgs/include/vectornav_msgs/msg/detail/ins_group__builder.hpp
[2.105s] -- Up-to-date: /home/wasp_mini/ros2_ws/install/vectornav_msgs/include/vectornav_msgs/msg/detail/gps_group__builder.hpp
[2.105s] -- Up-to-date: /home/wasp_mini/ros2_ws/install/vectornav_msgs/include/vectornav_msgs/msg/detail/common_group__traits.hpp
[2.106s] -- Up-to-date: /home/wasp_mini/ros2_ws/install/vectornav_msgs/include/vectornav_msgs/msg/detail/time_group__builder.hpp
[2.108s] -- Up-to-date: /home/wasp_mini/ros2_ws/install/vectornav_msgs/include/vectornav_msgs/msg/detail/ins_status__struct.hpp
[2.108s] -- Up-to-date: /home/wasp_mini/ros2_ws/install/vectornav_msgs/include/vectornav_msgs/msg/detail/common_group__struct.hpp
[2.108s] -- Up-to-date: /home/wasp_mini/ros2_ws/install/vectornav_msgs/include/vectornav_msgs/msg/detail/vpe_status__struct.hpp
[2.109s] -- Up-to-date: /home/wasp_mini/ros2_ws/install/vectornav_msgs/include/vectornav_msgs/msg/detail/dop__builder.hpp
[2.109s] -- Up-to-date: /home/wasp_mini/ros2_ws/install/vectornav_msgs/include/vectornav_msgs/msg/detail/time_status__struct.hpp
[2.109s] -- Up-to-date: /home/wasp_mini/ros2_ws/install/vectornav_msgs/include/vectornav_msgs/msg/detail/attitude_group__struct.hpp
[2.110s] -- Up-to-date: /home/wasp_mini/ros2_ws/install/vectornav_msgs/include/vectornav_msgs/msg/detail/attitude_group__traits.hpp
[2.110s] -- Up-to-date: /home/wasp_mini/ros2_ws/install/vectornav_msgs/include/vectornav_msgs/msg/detail/vpe_status__builder.hpp
[2.111s] -- Up-to-date: /home/wasp_mini/ros2_ws/install/vectornav_msgs/include/vectornav_msgs/msg/detail/imu_group__struct.hpp
[2.111s] -- Up-to-date: /home/wasp_mini/ros2_ws/install/vectornav_msgs/include/vectornav_msgs/msg/detail/vpe_status__traits.hpp
[2.112s] -- Up-to-date: /home/wasp_mini/ros2_ws/install/vectornav_msgs/include/vectornav_msgs/msg/detail/gps_group__traits.hpp
[2.112s] -- Up-to-date: /home/wasp_mini/ros2_ws/install/vectornav_msgs/include/vectornav_msgs/msg/detail/dop__struct.hpp
[2.113s] -- Up-to-date: /home/wasp_mini/ros2_ws/install/vectornav_msgs/include/vectornav_msgs/msg/detail/time_utc__traits.hpp
[2.113s] -- Up-to-date: /home/wasp_mini/ros2_ws/install/vectornav_msgs/include/vectornav_msgs/msg/detail/dop__traits.hpp
[2.113s] -- Up-to-date: /home/wasp_mini/ros2_ws/install/vectornav_msgs/include/vectornav_msgs/msg/detail/ins_status__traits.hpp
[2.114s] -- Up-to-date: /home/wasp_mini/ros2_ws/install/vectornav_msgs/include/vectornav_msgs/msg/detail/ins_group__traits.hpp
[2.115s] -- Up-to-date: /home/wasp_mini/ros2_ws/install/vectornav_msgs/include/vectornav_msgs/msg/detail/time_group__struct.hpp
[2.115s] -- Up-to-date: /home/wasp_mini/ros2_ws/install/vectornav_msgs/include/vectornav_msgs/msg/detail/time_utc__builder.hpp
[2.116s] -- Up-to-date: /home/wasp_mini/ros2_ws/install/vectornav_msgs/include/vectornav_msgs/msg/detail/time_status__traits.hpp
[2.116s] -- Up-to-date: /home/wasp_mini/ros2_ws/install/vectornav_msgs/include/vectornav_msgs/msg/detail/common_group__builder.hpp
[2.117s] -- Up-to-date: /home/wasp_mini/ros2_ws/install/vectornav_msgs/include/vectornav_msgs/msg/detail/gps_group__struct.hpp
[2.117s] -- Up-to-date: /home/wasp_mini/ros2_ws/install/vectornav_msgs/include/vectornav_msgs/msg/detail/imu_group__builder.hpp
[2.118s] -- Up-to-date: /home/wasp_mini/ros2_ws/install/vectornav_msgs/include/vectornav_msgs/msg/detail/ins_group__struct.hpp
[2.119s] -- Up-to-date: /home/wasp_mini/ros2_ws/install/vectornav_msgs/include/vectornav_msgs/msg/ins_status.hpp
[2.119s] -- Up-to-date: /home/wasp_mini/ros2_ws/install/vectornav_msgs/include/vectornav_msgs/msg/common_group.hpp
[2.119s] -- Up-to-date: /home/wasp_mini/ros2_ws/install/vectornav_msgs/include/vectornav_msgs/msg/time_utc.hpp
[2.120s] -- Up-to-date: /home/wasp_mini/ros2_ws/install/vectornav_msgs/include/vectornav_msgs/msg/time_status.hpp
[2.120s] -- Up-to-date: /home/wasp_mini/ros2_ws/install/vectornav_msgs/include/vectornav_msgs/msg/vpe_status.hpp
[2.121s] -- Up-to-date: /home/wasp_mini/ros2_ws/install/vectornav_msgs/include/vectornav_msgs/msg/attitude_group.hpp
[2.122s] -- Up-to-date: /home/wasp_mini/ros2_ws/install/vectornav_msgs/include/vectornav_msgs
[2.122s] -- Up-to-date: /home/wasp_mini/ros2_ws/install/vectornav_msgs/include/vectornav_msgs/msg
[2.123s] -- Up-to-date: /home/wasp_mini/ros2_ws/install/vectornav_msgs/include/vectornav_msgs/msg/detail
[2.124s] -- Up-to-date: /home/wasp_mini/ros2_ws/install/vectornav_msgs/include/vectornav_msgs/msg/detail/gps_group__type_support.cpp
[2.124s] -- Up-to-date: /home/wasp_mini/ros2_ws/install/vectornav_msgs/include/vectornav_msgs/msg/detail/ins_group__rosidl_typesupport_introspection_cpp.hpp
[2.125s] -- Up-to-date: /home/wasp_mini/ros2_ws/install/vectornav_msgs/include/vectornav_msgs/msg/detail/time_utc__rosidl_typesupport_introspection_cpp.hpp
[2.125s] -- Up-to-date: /home/wasp_mini/ros2_ws/install/vectornav_msgs/include/vectornav_msgs/msg/detail/ins_status__rosidl_typesupport_introspection_cpp.hpp
[2.125s] -- Up-to-date: /home/wasp_mini/ros2_ws/install/vectornav_msgs/include/vectornav_msgs/msg/detail/gps_group__rosidl_typesupport_introspection_cpp.hpp
[2.127s] -- Up-to-date: /home/wasp_mini/ros2_ws/install/vectornav_msgs/include/vectornav_msgs/msg/detail/vpe_status__rosidl_typesupport_introspection_cpp.hpp
[2.127s] -- Up-to-date: /home/wasp_mini/ros2_ws/install/vectornav_msgs/include/vectornav_msgs/msg/detail/common_group__type_support.cpp
[2.127s] -- Up-to-date: /home/wasp_mini/ros2_ws/install/vectornav_msgs/include/vectornav_msgs/msg/detail/dop__type_support.cpp
[2.127s] -- Up-to-date: /home/wasp_mini/ros2_ws/install/vectornav_msgs/include/vectornav_msgs/msg/detail/imu_group__rosidl_typesupport_introspection_cpp.hpp
[2.128s] -- Up-to-date: /home/wasp_mini/ros2_ws/install/vectornav_msgs/include/vectornav_msgs/msg/detail/time_status__type_support.cpp
[2.128s] -- Up-to-date: /home/wasp_mini/ros2_ws/install/vectornav_msgs/include/vectornav_msgs/msg/detail/time_utc__type_support.cpp
[2.128s] -- Up-to-date: /home/wasp_mini/ros2_ws/install/vectornav_msgs/include/vectornav_msgs/msg/detail/vpe_status__type_support.cpp
[2.131s] -- Up-to-date: /home/wasp_mini/ros2_ws/install/vectornav_msgs/include/vectornav_msgs/msg/detail/attitude_group__type_support.cpp
[2.131s] -- Up-to-date: /home/wasp_mini/ros2_ws/install/vectornav_msgs/include/vectornav_msgs/msg/detail/ins_group__type_support.cpp
[2.131s] -- Up-to-date: /home/wasp_mini/ros2_ws/install/vectornav_msgs/include/vectornav_msgs/msg/detail/time_group__type_support.cpp
[2.132s] -- Up-to-date: /home/wasp_mini/ros2_ws/install/vectornav_msgs/include/vectornav_msgs/msg/detail/imu_group__type_support.cpp
[2.132s] -- Up-to-date: /home/wasp_mini/ros2_ws/install/vectornav_msgs/include/vectornav_msgs/msg/detail/ins_status__type_support.cpp
[2.132s] -- Up-to-date: /home/wasp_mini/ros2_ws/install/vectornav_msgs/include/vectornav_msgs/msg/detail/time_status__rosidl_typesupport_introspection_cpp.hpp
[2.133s] -- Up-to-date: /home/wasp_mini/ros2_ws/install/vectornav_msgs/include/vectornav_msgs/msg/detail/time_group__rosidl_typesupport_introspection_cpp.hpp
[2.133s] -- Up-to-date: /home/wasp_mini/ros2_ws/install/vectornav_msgs/include/vectornav_msgs/msg/detail/attitude_group__rosidl_typesupport_introspection_cpp.hpp
[2.133s] -- Up-to-date: /home/wasp_mini/ros2_ws/install/vectornav_msgs/include/vectornav_msgs/msg/detail/dop__rosidl_typesupport_introspection_cpp.hpp
[2.133s] -- Up-to-date: /home/wasp_mini/ros2_ws/install/vectornav_msgs/include/vectornav_msgs/msg/detail/common_group__rosidl_typesupport_introspection_cpp.hpp
[2.133s] -- Up-to-date: /home/wasp_mini/ros2_ws/install/vectornav_msgs/lib/libvectornav_msgs__rosidl_typesupport_introspection_cpp.so
[2.139s] -- Up-to-date: /home/wasp_mini/ros2_ws/install/vectornav_msgs/lib/libvectornav_msgs__rosidl_typesupport_cpp.so
[2.139s] -- Up-to-date: /home/wasp_mini/ros2_ws/install/vectornav_msgs/share/vectornav_msgs/environment/pythonpath.sh
[2.141s] -- Up-to-date: /home/wasp_mini/ros2_ws/install/vectornav_msgs/share/vectornav_msgs/environment/pythonpath.dsv
[2.141s] -- Up-to-date: /home/wasp_mini/ros2_ws/install/vectornav_msgs/lib/python3.8/site-packages/vectornav_msgs/__init__.py
[2.200s] -- Up-to-date: /home/wasp_mini/ros2_ws/install/vectornav_msgs/lib/python3.8/site-packages/vectornav_msgs/msg
[2.200s] -- Up-to-date: /home/wasp_mini/ros2_ws/install/vectornav_msgs/lib/python3.8/site-packages/vectornav_msgs/msg/_vpe_status.py
[2.201s] -- Up-to-date: /home/wasp_mini/ros2_ws/install/vectornav_msgs/lib/python3.8/site-packages/vectornav_msgs/msg/_common_group.py
[2.201s] -- Up-to-date: /home/wasp_mini/ros2_ws/install/vectornav_msgs/lib/python3.8/site-packages/vectornav_msgs/msg/_ins_status_s.c
[2.201s] -- Up-to-date: /home/wasp_mini/ros2_ws/install/vectornav_msgs/lib/python3.8/site-packages/vectornav_msgs/msg/_time_utc.py
[2.202s] -- Up-to-date: /home/wasp_mini/ros2_ws/install/vectornav_msgs/lib/python3.8/site-packages/vectornav_msgs/msg/_imu_group.py
[2.202s] -- Up-to-date: /home/wasp_mini/ros2_ws/install/vectornav_msgs/lib/python3.8/site-packages/vectornav_msgs/msg/_gps_group_s.c
[2.202s] -- Up-to-date: /home/wasp_mini/ros2_ws/install/vectornav_msgs/lib/python3.8/site-packages/vectornav_msgs/msg/_common_group_s.c
[2.202s] -- Up-to-date: /home/wasp_mini/ros2_ws/install/vectornav_msgs/lib/python3.8/site-packages/vectornav_msgs/msg/_ins_status.py
[2.202s] -- Up-to-date: /home/wasp_mini/ros2_ws/install/vectornav_msgs/lib/python3.8/site-packages/vectornav_msgs/msg/_time_group_s.c
[2.203s] -- Up-to-date: /home/wasp_mini/ros2_ws/install/vectornav_msgs/lib/python3.8/site-packages/vectornav_msgs/msg/_dop.py
[2.203s] -- Up-to-date: /home/wasp_mini/ros2_ws/install/vectornav_msgs/lib/python3.8/site-packages/vectornav_msgs/msg/_dop_s.c
[2.203s] -- Up-to-date: /home/wasp_mini/ros2_ws/install/vectornav_msgs/lib/python3.8/site-packages/vectornav_msgs/msg/_attitude_group_s.c
[2.203s] -- Up-to-date: /home/wasp_mini/ros2_ws/install/vectornav_msgs/lib/python3.8/site-packages/vectornav_msgs/msg/_vpe_status_s.c
[2.203s] -- Up-to-date: /home/wasp_mini/ros2_ws/install/vectornav_msgs/lib/python3.8/site-packages/vectornav_msgs/msg/_ins_group_s.c
[2.204s] -- Up-to-date: /home/wasp_mini/ros2_ws/install/vectornav_msgs/lib/python3.8/site-packages/vectornav_msgs/msg/_gps_group.py
[2.204s] -- Up-to-date: /home/wasp_mini/ros2_ws/install/vectornav_msgs/lib/python3.8/site-packages/vectornav_msgs/msg/__init__.py
[2.204s] -- Up-to-date: /home/wasp_mini/ros2_ws/install/vectornav_msgs/lib/python3.8/site-packages/vectornav_msgs/msg/_ins_group.py
[2.204s] -- Up-to-date: /home/wasp_mini/ros2_ws/install/vectornav_msgs/lib/python3.8/site-packages/vectornav_msgs/msg/_time_group.py
[2.205s] -- Up-to-date: /home/wasp_mini/ros2_ws/install/vectornav_msgs/lib/python3.8/site-packages/vectornav_msgs/msg/_imu_group_s.c
[2.205s] -- Up-to-date: /home/wasp_mini/ros2_ws/install/vectornav_msgs/lib/python3.8/site-packages/vectornav_msgs/msg/_time_utc_s.c
[2.205s] -- Up-to-date: /home/wasp_mini/ros2_ws/install/vectornav_msgs/lib/python3.8/site-packages/vectornav_msgs/msg/_attitude_group.py
[2.205s] -- Up-to-date: /home/wasp_mini/ros2_ws/install/vectornav_msgs/lib/python3.8/site-packages/vectornav_msgs/msg/_time_status.py
[2.205s] -- Up-to-date: /home/wasp_mini/ros2_ws/install/vectornav_msgs/lib/python3.8/site-packages/vectornav_msgs/msg/_time_status_s.c
[2.210s] -- Up-to-date: /home/wasp_mini/ros2_ws/install/vectornav_msgs/lib/python3.8/site-packages/vectornav_msgs/vectornav_msgs_s__rosidl_typesupport_fastrtps_c.cpython-38-x86_64-linux-gnu.so
[2.213s] -- Up-to-date: /home/wasp_mini/ros2_ws/install/vectornav_msgs/lib/python3.8/site-packages/vectornav_msgs/vectornav_msgs_s__rosidl_typesupport_introspection_c.cpython-38-x86_64-linux-gnu.so
[2.217s] -- Up-to-date: /home/wasp_mini/ros2_ws/install/vectornav_msgs/lib/python3.8/site-packages/vectornav_msgs/vectornav_msgs_s__rosidl_typesupport_c.cpython-38-x86_64-linux-gnu.so
[2.222s] -- Up-to-date: /home/wasp_mini/ros2_ws/install/vectornav_msgs/lib/libvectornav_msgs__python.so
[2.223s] -- Up-to-date: /home/wasp_mini/ros2_ws/install/vectornav_msgs/share/vectornav_msgs/msg/CommonGroup.idl
[2.224s] -- Up-to-date: /home/wasp_mini/ros2_ws/install/vectornav_msgs/share/vectornav_msgs/msg/TimeGroup.idl
[2.224s] -- Up-to-date: /home/wasp_mini/ros2_ws/install/vectornav_msgs/share/vectornav_msgs/msg/ImuGroup.idl
[2.224s] -- Up-to-date: /home/wasp_mini/ros2_ws/install/vectornav_msgs/share/vectornav_msgs/msg/GpsGroup.idl
[2.225s] -- Up-to-date: /home/wasp_mini/ros2_ws/install/vectornav_msgs/share/vectornav_msgs/msg/AttitudeGroup.idl
[2.225s] -- Up-to-date: /home/wasp_mini/ros2_ws/install/vectornav_msgs/share/vectornav_msgs/msg/InsGroup.idl
[2.225s] -- Up-to-date: /home/wasp_mini/ros2_ws/install/vectornav_msgs/share/vectornav_msgs/msg/TimeUTC.idl
[2.225s] -- Up-to-date: /home/wasp_mini/ros2_ws/install/vectornav_msgs/share/vectornav_msgs/msg/DOP.idl
[2.226s] -- Up-to-date: /home/wasp_mini/ros2_ws/install/vectornav_msgs/share/vectornav_msgs/msg/VpeStatus.idl
[2.226s] -- Up-to-date: /home/wasp_mini/ros2_ws/install/vectornav_msgs/share/vectornav_msgs/msg/TimeStatus.idl
[2.226s] -- Up-to-date: /home/wasp_mini/ros2_ws/install/vectornav_msgs/share/vectornav_msgs/msg/InsStatus.idl
[2.226s] -- Up-to-date: /home/wasp_mini/ros2_ws/install/vectornav_msgs/share/vectornav_msgs/msg/CommonGroup.msg
[2.227s] -- Up-to-date: /home/wasp_mini/ros2_ws/install/vectornav_msgs/share/vectornav_msgs/msg/TimeGroup.msg
[2.227s] -- Up-to-date: /home/wasp_mini/ros2_ws/install/vectornav_msgs/share/vectornav_msgs/msg/ImuGroup.msg
[2.227s] -- Up-to-date: /home/wasp_mini/ros2_ws/install/vectornav_msgs/share/vectornav_msgs/msg/GpsGroup.msg
[2.228s] -- Up-to-date: /home/wasp_mini/ros2_ws/install/vectornav_msgs/share/vectornav_msgs/msg/AttitudeGroup.msg
[2.228s] -- Up-to-date: /home/wasp_mini/ros2_ws/install/vectornav_msgs/share/vectornav_msgs/msg/InsGroup.msg
[2.228s] -- Up-to-date: /home/wasp_mini/ros2_ws/install/vectornav_msgs/share/vectornav_msgs/msg/TimeUTC.msg
[2.228s] -- Up-to-date: /home/wasp_mini/ros2_ws/install/vectornav_msgs/share/vectornav_msgs/msg/DOP.msg
[2.229s] -- Up-to-date: /home/wasp_mini/ros2_ws/install/vectornav_msgs/share/vectornav_msgs/msg/VpeStatus.msg
[2.229s] -- Up-to-date: /home/wasp_mini/ros2_ws/install/vectornav_msgs/share/vectornav_msgs/msg/TimeStatus.msg
[2.229s] -- Up-to-date: /home/wasp_mini/ros2_ws/install/vectornav_msgs/share/vectornav_msgs/msg/InsStatus.msg
[2.229s] -- Up-to-date: /home/wasp_mini/ros2_ws/install/vectornav_msgs/share/ament_index/resource_index/package_run_dependencies/vectornav_msgs
[2.229s] -- Up-to-date: /home/wasp_mini/ros2_ws/install/vectornav_msgs/share/ament_index/resource_index/parent_prefix_path/vectornav_msgs
[2.230s] -- Up-to-date: /home/wasp_mini/ros2_ws/install/vectornav_msgs/share/vectornav_msgs/environment/ament_prefix_path.sh
[2.230s] -- Up-to-date: /home/wasp_mini/ros2_ws/install/vectornav_msgs/share/vectornav_msgs/environment/ament_prefix_path.dsv
[2.230s] -- Up-to-date: /home/wasp_mini/ros2_ws/install/vectornav_msgs/share/vectornav_msgs/environment/path.sh
[2.230s] -- Up-to-date: /home/wasp_mini/ros2_ws/install/vectornav_msgs/share/vectornav_msgs/environment/path.dsv
[2.230s] -- Up-to-date: /home/wasp_mini/ros2_ws/install/vectornav_msgs/share/vectornav_msgs/local_setup.bash
[2.231s] -- Up-to-date: /home/wasp_mini/ros2_ws/install/vectornav_msgs/share/vectornav_msgs/local_setup.sh
[2.231s] -- Up-to-date: /home/wasp_mini/ros2_ws/install/vectornav_msgs/share/vectornav_msgs/local_setup.zsh
[2.231s] -- Up-to-date: /home/wasp_mini/ros2_ws/install/vectornav_msgs/share/vectornav_msgs/local_setup.dsv
[2.231s] -- Installing: /home/wasp_mini/ros2_ws/install/vectornav_msgs/share/vectornav_msgs/package.dsv
[2.232s] -- Up-to-date: /home/wasp_mini/ros2_ws/install/vectornav_msgs/share/ament_index/resource_index/packages/vectornav_msgs
[2.246s] -- Up-to-date: /home/wasp_mini/ros2_ws/install/vectornav_msgs/share/vectornav_msgs/cmake/vectornav_msgs__rosidl_generator_cExport.cmake
[2.247s] -- Up-to-date: /home/wasp_mini/ros2_ws/install/vectornav_msgs/share/vectornav_msgs/cmake/vectornav_msgs__rosidl_generator_cExport-noconfig.cmake
[2.249s] -- Up-to-date: /home/wasp_mini/ros2_ws/install/vectornav_msgs/share/vectornav_msgs/cmake/vectornav_msgs__rosidl_typesupport_introspection_cExport.cmake
[2.249s] -- Up-to-date: /home/wasp_mini/ros2_ws/install/vectornav_msgs/share/vectornav_msgs/cmake/vectornav_msgs__rosidl_typesupport_introspection_cExport-noconfig.cmake
[2.250s] -- Up-to-date: /home/wasp_mini/ros2_ws/install/vectornav_msgs/share/vectornav_msgs/cmake/vectornav_msgs__rosidl_typesupport_cExport.cmake
[2.250s] -- Up-to-date: /home/wasp_mini/ros2_ws/install/vectornav_msgs/share/vectornav_msgs/cmake/vectornav_msgs__rosidl_typesupport_cExport-noconfig.cmake
[2.252s] -- Up-to-date: /home/wasp_mini/ros2_ws/install/vectornav_msgs/share/vectornav_msgs/cmake/vectornav_msgs__rosidl_generator_cppExport.cmake
[2.254s] -- Up-to-date: /home/wasp_mini/ros2_ws/install/vectornav_msgs/share/vectornav_msgs/cmake/vectornav_msgs__rosidl_typesupport_introspection_cppExport.cmake
[2.254s] -- Up-to-date: /home/wasp_mini/ros2_ws/install/vectornav_msgs/share/vectornav_msgs/cmake/vectornav_msgs__rosidl_typesupport_introspection_cppExport-noconfig.cmake
[2.255s] -- Up-to-date: /home/wasp_mini/ros2_ws/install/vectornav_msgs/share/vectornav_msgs/cmake/vectornav_msgs__rosidl_typesupport_cppExport.cmake
[2.256s] -- Up-to-date: /home/wasp_mini/ros2_ws/install/vectornav_msgs/share/vectornav_msgs/cmake/vectornav_msgs__rosidl_typesupport_cppExport-noconfig.cmake
[2.256s] -- Up-to-date: /home/wasp_mini/ros2_ws/install/vectornav_msgs/share/vectornav_msgs/cmake/rosidl_cmake-extras.cmake
[2.256s] -- Up-to-date: /home/wasp_mini/ros2_ws/install/vectornav_msgs/share/vectornav_msgs/cmake/ament_cmake_export_dependencies-extras.cmake
[2.256s] -- Up-to-date: /home/wasp_mini/ros2_ws/install/vectornav_msgs/share/vectornav_msgs/cmake/ament_cmake_export_libraries-extras.cmake
[2.257s] -- Up-to-date: /home/wasp_mini/ros2_ws/install/vectornav_msgs/share/vectornav_msgs/cmake/ament_cmake_export_targets-extras.cmake
[2.257s] -- Up-to-date: /home/wasp_mini/ros2_ws/install/vectornav_msgs/share/vectornav_msgs/cmake/ament_cmake_export_include_directories-extras.cmake
[2.257s] -- Up-to-date: /home/wasp_mini/ros2_ws/install/vectornav_msgs/share/vectornav_msgs/cmake/rosidl_cmake_export_typesupport_libraries-extras.cmake
[2.257s] -- Up-to-date: /home/wasp_mini/ros2_ws/install/vectornav_msgs/share/vectornav_msgs/cmake/rosidl_cmake_export_typesupport_targets-extras.cmake
[2.258s] -- Up-to-date: /home/wasp_mini/ros2_ws/install/vectornav_msgs/share/vectornav_msgs/cmake/vectornav_msgsConfig.cmake
[2.258s] -- Up-to-date: /home/wasp_mini/ros2_ws/install/vectornav_msgs/share/vectornav_msgs/cmake/vectornav_msgsConfig-version.cmake
[2.258s] -- Up-to-date: /home/wasp_mini/ros2_ws/install/vectornav_msgs/share/vectornav_msgs/package.xml
[2.275s] Invoked command in '/home/wasp_mini/ros2_ws/build/vectornav_msgs' returned '0': CMAKE_PREFIX_PATH=/opt/ros/foxy /usr/bin/cmake --install /home/wasp_mini/ros2_ws/build/vectornav_msgs
