[0.055s] Invoking command in '/home/wasp_mini/ros2_ws/build/vectornav_msgs': CMAKE_PREFIX_PATH=/opt/ros/foxy /usr/bin/cmake --build /home/wasp_mini/ros2_ws/build/vectornav_msgs -- -j4 -l4
[0.228s] [  0%] Built target vectornav_msgs__cpp
[0.309s] [ 12%] Built target vectornav_msgs__rosidl_generator_c
[0.366s] [ 24%] Built target vectornav_msgs__rosidl_typesupport_cpp
[0.401s] [ 35%] Built target vectornav_msgs__rosidl_typesupport_fastrtps_cpp
[0.437s] [ 47%] Built target vectornav_msgs__rosidl_typesupport_introspection_cpp
[0.485s] [ 59%] Built target vectornav_msgs__rosidl_typesupport_introspection_c
[0.498s] [ 71%] Built target vectornav_msgs__rosidl_typesupport_c
[0.538s] [ 83%] Built target vectornav_msgs__rosidl_typesupport_fastrtps_c
[0.602s] [ 83%] Built target vectornav_msgs
[0.655s] [ 84%] Built target vectornav_msgs__py
[0.757s] [ 95%] Built target vectornav_msgs__python
[0.880s] [ 96%] Built target vectornav_msgs__rosidl_typesupport_c__pyext
[0.892s] [ 98%] Built target vectornav_msgs__rosidl_typesupport_introspection_c__pyext
[0.900s] [100%] Built target vectornav_msgs__rosidl_typesupport_fastrtps_c__pyext
[1.537s] Invoked command in '/home/wasp_mini/ros2_ws/build/vectornav_msgs' returned '0': CMAKE_PREFIX_PATH=/opt/ros/foxy /usr/bin/cmake --build /home/wasp_mini/ros2_ws/build/vectornav_msgs -- -j4 -l4
[2.055s] Invoking command in '/home/wasp_mini/ros2_ws/build/vectornav_msgs': CMAKE_PREFIX_PATH=/opt/ros/foxy /usr/bin/cmake --install /home/wasp_mini/ros2_ws/build/vectornav_msgs
[2.067s] -- Install configuration: ""
[2.068s] -- Up-to-date: /home/wasp_mini/ros2_ws/install/vectornav_msgs/share/ament_index/resource_index/rosidl_interfaces/vectornav_msgs
[2.070s] -- Up-to-date: /home/wasp_mini/ros2_ws/install/vectornav_msgs/include/vectornav_msgs
[2.071s] -- Up-to-date: /home/wasp_mini/ros2_ws/install/vectornav_msgs/include/vectornav_msgs/msg
[2.071s] -- Up-to-date: /home/wasp_mini/ros2_ws/install/vectornav_msgs/include/vectornav_msgs/msg/ins_status.h
[2.071s] -- Up-to-date: /home/wasp_mini/ros2_ws/install/vectornav_msgs/include/vectornav_msgs/msg/time_group.h
[2.072s] -- Up-to-date: /home/wasp_mini/ros2_ws/install/vectornav_msgs/include/vectornav_msgs/msg/dop.h
[2.072s] -- Up-to-date: /home/wasp_mini/ros2_ws/install/vectornav_msgs/include/vectornav_msgs/msg/rosidl_generator_c__visibility_control.h
[2.073s] -- Up-to-date: /home/wasp_mini/ros2_ws/install/vectornav_msgs/include/vectornav_msgs/msg/time_utc.h
[2.073s] -- Up-to-date: /home/wasp_mini/ros2_ws/install/vectornav_msgs/include/vectornav_msgs/msg/gps_group.h
[2.073s] -- Up-to-date: /home/wasp_mini/ros2_ws/install/vectornav_msgs/include/vectornav_msgs/msg/common_group.h
[2.073s] -- Up-to-date: /home/wasp_mini/ros2_ws/install/vectornav_msgs/include/vectornav_msgs/msg/detail
[2.074s] -- Up-to-date: /home/wasp_mini/ros2_ws/install/vectornav_msgs/include/vectornav_msgs/msg/detail/imu_group__type_support.h
[2.074s] -- Up-to-date: /home/wasp_mini/ros2_ws/install/vectornav_msgs/include/vectornav_msgs/msg/detail/gps_group__type_support.h
[2.075s] -- Up-to-date: /home/wasp_mini/ros2_ws/install/vectornav_msgs/include/vectornav_msgs/msg/detail/attitude_group__functions.h
[2.075s] -- Up-to-date: /home/wasp_mini/ros2_ws/install/vectornav_msgs/include/vectornav_msgs/msg/detail/time_status__functions.h
[2.075s] -- Up-to-date: /home/wasp_mini/ros2_ws/install/vectornav_msgs/include/vectornav_msgs/msg/detail/imu_group__struct.h
[2.075s] -- Up-to-date: /home/wasp_mini/ros2_ws/install/vectornav_msgs/include/vectornav_msgs/msg/detail/attitude_group__struct.h
[2.076s] -- Up-to-date: /home/wasp_mini/ros2_ws/install/vectornav_msgs/include/vectornav_msgs/msg/detail/common_group__type_support.h
[2.076s] -- Up-to-date: /home/wasp_mini/ros2_ws/install/vectornav_msgs/include/vectornav_msgs/msg/detail/common_group__functions.c
[2.077s] -- Up-to-date: /home/wasp_mini/ros2_ws/install/vectornav_msgs/include/vectornav_msgs/msg/detail/attitude_group__type_support.h
[2.077s] -- Up-to-date: /home/wasp_mini/ros2_ws/install/vectornav_msgs/include/vectornav_msgs/msg/detail/dop__struct.h
[2.077s] -- Up-to-date: /home/wasp_mini/ros2_ws/install/vectornav_msgs/include/vectornav_msgs/msg/detail/gps_group__struct.h
[2.077s] -- Up-to-date: /home/wasp_mini/ros2_ws/install/vectornav_msgs/include/vectornav_msgs/msg/detail/time_status__functions.c
[2.078s] -- Up-to-date: /home/wasp_mini/ros2_ws/install/vectornav_msgs/include/vectornav_msgs/msg/detail/attitude_group__functions.c
[2.078s] -- Up-to-date: /home/wasp_mini/ros2_ws/install/vectornav_msgs/include/vectornav_msgs/msg/detail/vpe_status__functions.c
[2.079s] -- Up-to-date: /home/wasp_mini/ros2_ws/install/vectornav_msgs/include/vectornav_msgs/msg/detail/time_group__struct.h
[2.079s] -- Up-to-date: /home/wasp_mini/ros2_ws/install/vectornav_msgs/include/vectornav_msgs/msg/detail/gps_group__functions.h
[2.080s] -- Up-to-date: /home/wasp_mini/ros2_ws/install/vectornav_msgs/include/vectornav_msgs/msg/detail/vpe_status__functions.h
[2.080s] -- Up-to-date: /home/wasp_mini/ros2_ws/install/vectornav_msgs/include/vectornav_msgs/msg/detail/vpe_status__type_support.h
[2.080s] -- Up-to-date: /home/wasp_mini/ros2_ws/install/vectornav_msgs/include/vectornav_msgs/msg/detail/ins_group__type_support.h
[2.081s] -- Up-to-date: /home/wasp_mini/ros2_ws/install/vectornav_msgs/include/vectornav_msgs/msg/detail/ins_status__type_support.h
[2.081s] -- Up-to-date: /home/wasp_mini/ros2_ws/install/vectornav_msgs/include/vectornav_msgs/msg/detail/gps_group__functions.c
[2.081s] -- Up-to-date: /home/wasp_mini/ros2_ws/install/vectornav_msgs/include/vectornav_msgs/msg/detail/time_utc__type_support.h
[2.082s] -- Up-to-date: /home/wasp_mini/ros2_ws/install/vectornav_msgs/include/vectornav_msgs/msg/detail/imu_group__functions.c
[2.083s] -- Up-to-date: /home/wasp_mini/ros2_ws/install/vectornav_msgs/include/vectornav_msgs/msg/detail/ins_group__functions.h
[2.083s] -- Up-to-date: /home/wasp_mini/ros2_ws/install/vectornav_msgs/include/vectornav_msgs/msg/detail/vpe_status__struct.h
[2.083s] -- Up-to-date: /home/wasp_mini/ros2_ws/install/vectornav_msgs/include/vectornav_msgs/msg/detail/time_utc__functions.c
[2.084s] -- Up-to-date: /home/wasp_mini/ros2_ws/install/vectornav_msgs/include/vectornav_msgs/msg/detail/time_utc__functions.h
[2.084s] -- Up-to-date: /home/wasp_mini/ros2_ws/install/vectornav_msgs/include/vectornav_msgs/msg/detail/ins_group__functions.c
[2.084s] -- Up-to-date: /home/wasp_mini/ros2_ws/install/vectornav_msgs/include/vectornav_msgs/msg/detail/time_status__struct.h
[2.085s] -- Up-to-date: /home/wasp_mini/ros2_ws/install/vectornav_msgs/include/vectornav_msgs/msg/detail/dop__functions.c
[2.085s] -- Up-to-date: /home/wasp_mini/ros2_ws/install/vectornav_msgs/include/vectornav_msgs/msg/detail/ins_group__struct.h
[2.085s] -- Up-to-date: /home/wasp_mini/ros2_ws/install/vectornav_msgs/include/vectornav_msgs/msg/detail/time_group__functions.h
[2.085s] -- Up-to-date: /home/wasp_mini/ros2_ws/install/vectornav_msgs/include/vectornav_msgs/msg/detail/time_utc__struct.h
[2.086s] -- Up-to-date: /home/wasp_mini/ros2_ws/install/vectornav_msgs/include/vectornav_msgs/msg/detail/dop__functions.h
[2.086s] -- Up-to-date: /home/wasp_mini/ros2_ws/install/vectornav_msgs/include/vectornav_msgs/msg/detail/imu_group__functions.h
[2.086s] -- Up-to-date: /home/wasp_mini/ros2_ws/install/vectornav_msgs/include/vectornav_msgs/msg/detail/time_status__type_support.h
[2.086s] -- Up-to-date: /home/wasp_mini/ros2_ws/install/vectornav_msgs/include/vectornav_msgs/msg/detail/common_group__struct.h
[2.086s] -- Up-to-date: /home/wasp_mini/ros2_ws/install/vectornav_msgs/include/vectornav_msgs/msg/detail/ins_status__struct.h
[2.087s] -- Up-to-date: /home/wasp_mini/ros2_ws/install/vectornav_msgs/include/vectornav_msgs/msg/detail/ins_status__functions.h
[2.087s] -- Up-to-date: /home/wasp_mini/ros2_ws/install/vectornav_msgs/include/vectornav_msgs/msg/detail/common_group__functions.h
[2.087s] -- Up-to-date: /home/wasp_mini/ros2_ws/install/vectornav_msgs/include/vectornav_msgs/msg/detail/dop__type_support.h
[2.087s] -- Up-to-date: /home/wasp_mini/ros2_ws/install/vectornav_msgs/include/vectornav_msgs/msg/detail/time_group__functions.c
[2.087s] -- Up-to-date: /home/wasp_mini/ros2_ws/install/vectornav_msgs/include/vectornav_msgs/msg/detail/ins_status__functions.c
[2.088s] -- Up-to-date: /home/wasp_mini/ros2_ws/install/vectornav_msgs/include/vectornav_msgs/msg/detail/time_group__type_support.h
[2.088s] -- Up-to-date: /home/wasp_mini/ros2_ws/install/vectornav_msgs/include/vectornav_msgs/msg/vpe_status.h
[2.088s] -- Up-to-date: /home/wasp_mini/ros2_ws/install/vectornav_msgs/include/vectornav_msgs/msg/attitude_group.h
[2.089s] -- Up-to-date: /home/wasp_mini/ros2_ws/install/vectornav_msgs/include/vectornav_msgs/msg/ins_group.h
[2.089s] -- Up-to-date: /home/wasp_mini/ros2_ws/install/vectornav_msgs/include/vectornav_msgs/msg/time_status.h
[2.089s] -- Up-to-date: /home/wasp_mini/ros2_ws/install/vectornav_msgs/include/vectornav_msgs/msg/imu_group.h
[2.089s] -- Up-to-date: /home/wasp_mini/ros2_ws/install/vectornav_msgs/share/vectornav_msgs/environment/library_path.sh
[2.090s] -- Up-to-date: /home/wasp_mini/ros2_ws/install/vectornav_msgs/share/vectornav_msgs/environment/library_path.dsv
[2.090s] -- Up-to-date: /home/wasp_mini/ros2_ws/install/vectornav_msgs/lib/libvectornav_msgs__rosidl_generator_c.so
[2.090s] -- Up-to-date: /home/wasp_mini/ros2_ws/install/vectornav_msgs/include/vectornav_msgs
[2.090s] -- Up-to-date: /home/wasp_mini/ros2_ws/install/vectornav_msgs/include/vectornav_msgs/msg
[2.091s] -- Up-to-date: /home/wasp_mini/ros2_ws/install/vectornav_msgs/include/vectornav_msgs/msg/rosidl_typesupport_fastrtps_c__visibility_control.h
[2.091s] -- Up-to-date: /home/wasp_mini/ros2_ws/install/vectornav_msgs/include/vectornav_msgs/msg/detail
[2.091s] -- Up-to-date: /home/wasp_mini/ros2_ws/install/vectornav_msgs/include/vectornav_msgs/msg/detail/time_status__rosidl_typesupport_fastrtps_c.h
[2.092s] -- Up-to-date: /home/wasp_mini/ros2_ws/install/vectornav_msgs/include/vectornav_msgs/msg/detail/common_group__rosidl_typesupport_fastrtps_c.h
[2.092s] -- Up-to-date: /home/wasp_mini/ros2_ws/install/vectornav_msgs/include/vectornav_msgs/msg/detail/ins_status__rosidl_typesupport_fastrtps_c.h
[2.092s] -- Up-to-date: /home/wasp_mini/ros2_ws/install/vectornav_msgs/include/vectornav_msgs/msg/detail/imu_group__rosidl_typesupport_fastrtps_c.h
[2.093s] -- Up-to-date: /home/wasp_mini/ros2_ws/install/vectornav_msgs/include/vectornav_msgs/msg/detail/time_utc__rosidl_typesupport_fastrtps_c.h
[2.093s] -- Up-to-date: /home/wasp_mini/ros2_ws/install/vectornav_msgs/include/vectornav_msgs/msg/detail/dop__rosidl_typesupport_fastrtps_c.h
[2.093s] -- Up-to-date: /home/wasp_mini/ros2_ws/install/vectornav_msgs/include/vectornav_msgs/msg/detail/time_group__rosidl_typesupport_fastrtps_c.h
[2.094s] -- Up-to-date: /home/wasp_mini/ros2_ws/install/vectornav_msgs/include/vectornav_msgs/msg/detail/gps_group__rosidl_typesupport_fastrtps_c.h
[2.094s] -- Up-to-date: /home/wasp_mini/ros2_ws/install/vectornav_msgs/include/vectornav_msgs/msg/detail/ins_group__rosidl_typesupport_fastrtps_c.h
[2.094s] -- Up-to-date: /home/wasp_mini/ros2_ws/install/vectornav_msgs/include/vectornav_msgs/msg/detail/vpe_status__rosidl_typesupport_fastrtps_c.h
[2.094s] -- Up-to-date: /home/wasp_mini/ros2_ws/install/vectornav_msgs/include/vectornav_msgs/msg/detail/attitude_group__rosidl_typesupport_fastrtps_c.h
[2.095s] -- Up-to-date: /home/wasp_mini/ros2_ws/install/vectornav_msgs/lib/libvectornav_msgs__rosidl_typesupport_fastrtps_c.so
[2.095s] -- Up-to-date: /home/wasp_mini/ros2_ws/install/vectornav_msgs/include/vectornav_msgs
[2.095s] -- Up-to-date: /home/wasp_mini/ros2_ws/install/vectornav_msgs/include/vectornav_msgs/msg
[2.095s] -- Up-to-date: /home/wasp_mini/ros2_ws/install/vectornav_msgs/include/vectornav_msgs/msg/rosidl_typesupport_fastrtps_cpp__visibility_control.h
[2.096s] -- Up-to-date: /home/wasp_mini/ros2_ws/install/vectornav_msgs/include/vectornav_msgs/msg/detail
[2.096s] -- Up-to-date: /home/wasp_mini/ros2_ws/install/vectornav_msgs/include/vectornav_msgs/msg/detail/ins_status__rosidl_typesupport_fastrtps_cpp.hpp
[2.096s] -- Up-to-date: /home/wasp_mini/ros2_ws/install/vectornav_msgs/include/vectornav_msgs/msg/detail/time_status__rosidl_typesupport_fastrtps_cpp.hpp
[2.097s] -- Up-to-date: /home/wasp_mini/ros2_ws/install/vectornav_msgs/include/vectornav_msgs/msg/detail/common_group__rosidl_typesupport_fastrtps_cpp.hpp
[2.097s] -- Up-to-date: /home/wasp_mini/ros2_ws/install/vectornav_msgs/include/vectornav_msgs/msg/detail/time_group__rosidl_typesupport_fastrtps_cpp.hpp
[2.097s] -- Up-to-date: /home/wasp_mini/ros2_ws/install/vectornav_msgs/include/vectornav_msgs/msg/detail/time_utc__rosidl_typesupport_fastrtps_cpp.hpp
[2.098s] -- Up-to-date: /home/wasp_mini/ros2_ws/install/vectornav_msgs/include/vectornav_msgs/msg/detail/dop__rosidl_typesupport_fastrtps_cpp.hpp
[2.098s] -- Up-to-date: /home/wasp_mini/ros2_ws/install/vectornav_msgs/include/vectornav_msgs/msg/detail/gps_group__rosidl_typesupport_fastrtps_cpp.hpp
[2.098s] -- Up-to-date: /home/wasp_mini/ros2_ws/install/vectornav_msgs/include/vectornav_msgs/msg/detail/dds_fastrtps
[2.098s] -- Up-to-date: /home/wasp_mini/ros2_ws/install/vectornav_msgs/include/vectornav_msgs/msg/detail/ins_group__rosidl_typesupport_fastrtps_cpp.hpp
[2.099s] -- Up-to-date: /home/wasp_mini/ros2_ws/install/vectornav_msgs/include/vectornav_msgs/msg/detail/imu_group__rosidl_typesupport_fastrtps_cpp.hpp
[2.099s] -- Up-to-date: /home/wasp_mini/ros2_ws/install/vectornav_msgs/include/vectornav_msgs/msg/detail/attitude_group__rosidl_typesupport_fastrtps_cpp.hpp
[2.099s] -- Up-to-date: /home/wasp_mini/ros2_ws/install/vectornav_msgs/include/vectornav_msgs/msg/detail/vpe_status__rosidl_typesupport_fastrtps_cpp.hpp
[2.099s] -- Up-to-date: /home/wasp_mini/ros2_ws/install/vectornav_msgs/lib/libvectornav_msgs__rosidl_typesupport_fastrtps_cpp.so
[2.099s] -- Up-to-date: /home/wasp_mini/ros2_ws/install/vectornav_msgs/include/vectornav_msgs
[2.100s] -- Up-to-date: /home/wasp_mini/ros2_ws/install/vectornav_msgs/include/vectornav_msgs/msg
[2.100s] -- Up-to-date: /home/wasp_mini/ros2_ws/install/vectornav_msgs/include/vectornav_msgs/msg/rosidl_typesupport_introspection_c__visibility_control.h
[2.100s] -- Up-to-date: /home/wasp_mini/ros2_ws/install/vectornav_msgs/include/vectornav_msgs/msg/detail
[2.100s] -- Up-to-date: /home/wasp_mini/ros2_ws/install/vectornav_msgs/include/vectornav_msgs/msg/detail/dop__rosidl_typesupport_introspection_c.h
[2.100s] -- Up-to-date: /home/wasp_mini/ros2_ws/install/vectornav_msgs/include/vectornav_msgs/msg/detail/time_utc__type_support.c
[2.101s] -- Up-to-date: /home/wasp_mini/ros2_ws/install/vectornav_msgs/include/vectornav_msgs/msg/detail/ins_status__type_support.c
[2.101s] -- Up-to-date: /home/wasp_mini/ros2_ws/install/vectornav_msgs/include/vectornav_msgs/msg/detail/attitude_group__type_support.c
[2.101s] -- Up-to-date: /home/wasp_mini/ros2_ws/install/vectornav_msgs/include/vectornav_msgs/msg/detail/time_group__type_support.c
[2.101s] -- Up-to-date: /home/wasp_mini/ros2_ws/install/vectornav_msgs/include/vectornav_msgs/msg/detail/time_utc__rosidl_typesupport_introspection_c.h
[2.102s] -- Up-to-date: /home/wasp_mini/ros2_ws/install/vectornav_msgs/include/vectornav_msgs/msg/detail/common_group__type_support.c
[2.102s] -- Up-to-date: /home/wasp_mini/ros2_ws/install/vectornav_msgs/include/vectornav_msgs/msg/detail/common_group__rosidl_typesupport_introspection_c.h
[2.102s] -- Up-to-date: /home/wasp_mini/ros2_ws/install/vectornav_msgs/include/vectornav_msgs/msg/detail/imu_group__rosidl_typesupport_introspection_c.h
[2.102s] -- Up-to-date: /home/wasp_mini/ros2_ws/install/vectornav_msgs/include/vectornav_msgs/msg/detail/attitude_group__rosidl_typesupport_introspection_c.h
[2.102s] -- Up-to-date: /home/wasp_mini/ros2_ws/install/vectornav_msgs/include/vectornav_msgs/msg/detail/gps_group__rosidl_typesupport_introspection_c.h
[2.103s] -- Up-to-date: /home/wasp_mini/ros2_ws/install/vectornav_msgs/include/vectornav_msgs/msg/detail/dop__type_support.c
[2.103s] -- Up-to-date: /home/wasp_mini/ros2_ws/install/vectornav_msgs/include/vectornav_msgs/msg/detail/time_status__rosidl_typesupport_introspection_c.h
[2.103s] -- Up-to-date: /home/wasp_mini/ros2_ws/install/vectornav_msgs/include/vectornav_msgs/msg/detail/ins_status__rosidl_typesupport_introspection_c.h
[2.103s] -- Up-to-date: /home/wasp_mini/ros2_ws/install/vectornav_msgs/include/vectornav_msgs/msg/detail/vpe_status__type_support.c
[2.103s] -- Up-to-date: /home/wasp_mini/ros2_ws/install/vectornav_msgs/include/vectornav_msgs/msg/detail/imu_group__type_support.c
[2.104s] -- Up-to-date: /home/wasp_mini/ros2_ws/install/vectornav_msgs/include/vectornav_msgs/msg/detail/ins_group__type_support.c
[2.104s] -- Up-to-date: /home/wasp_mini/ros2_ws/install/vectornav_msgs/include/vectornav_msgs/msg/detail/vpe_status__rosidl_typesupport_introspection_c.h
[2.104s] -- Up-to-date: /home/wasp_mini/ros2_ws/install/vectornav_msgs/include/vectornav_msgs/msg/detail/time_group__rosidl_typesupport_introspection_c.h
[2.104s] -- Up-to-date: /home/wasp_mini/ros2_ws/install/vectornav_msgs/include/vectornav_msgs/msg/detail/time_status__type_support.c
[2.105s] -- Up-to-date: /home/wasp_mini/ros2_ws/install/vectornav_msgs/include/vectornav_msgs/msg/detail/gps_group__type_support.c
[2.105s] -- Up-to-date: /home/wasp_mini/ros2_ws/install/vectornav_msgs/include/vectornav_msgs/msg/detail/ins_group__rosidl_typesupport_introspection_c.h
[2.105s] -- Up-to-date: /home/wasp_mini/ros2_ws/install/vectornav_msgs/lib/libvectornav_msgs__rosidl_typesupport_introspection_c.so
[2.105s] -- Up-to-date: /home/wasp_mini/ros2_ws/install/vectornav_msgs/lib/libvectornav_msgs__rosidl_typesupport_c.so
[2.105s] -- Up-to-date: /home/wasp_mini/ros2_ws/install/vectornav_msgs/include/vectornav_msgs
[2.106s] -- Up-to-date: /home/wasp_mini/ros2_ws/install/vectornav_msgs/include/vectornav_msgs/msg
[2.106s] -- Up-to-date: /home/wasp_mini/ros2_ws/install/vectornav_msgs/include/vectornav_msgs/msg/dop.hpp
[2.106s] -- Up-to-date: /home/wasp_mini/ros2_ws/install/vectornav_msgs/include/vectornav_msgs/msg/time_group.hpp
[2.106s] -- Up-to-date: /home/wasp_mini/ros2_ws/install/vectornav_msgs/include/vectornav_msgs/msg/imu_group.hpp
[2.107s] -- Up-to-date: /home/wasp_mini/ros2_ws/install/vectornav_msgs/include/vectornav_msgs/msg/ins_group.hpp
[2.107s] -- Up-to-date: /home/wasp_mini/ros2_ws/install/vectornav_msgs/include/vectornav_msgs/msg/gps_group.hpp
[2.107s] -- Up-to-date: /home/wasp_mini/ros2_ws/install/vectornav_msgs/include/vectornav_msgs/msg/detail
[2.108s] -- Up-to-date: /home/wasp_mini/ros2_ws/install/vectornav_msgs/include/vectornav_msgs/msg/detail/imu_group__traits.hpp
[2.108s] -- Up-to-date: /home/wasp_mini/ros2_ws/install/vectornav_msgs/include/vectornav_msgs/msg/detail/time_utc__struct.hpp
[2.108s] -- Up-to-date: /home/wasp_mini/ros2_ws/install/vectornav_msgs/include/vectornav_msgs/msg/detail/attitude_group__builder.hpp
[2.109s] -- Up-to-date: /home/wasp_mini/ros2_ws/install/vectornav_msgs/include/vectornav_msgs/msg/detail/time_status__builder.hpp
[2.109s] -- Up-to-date: /home/wasp_mini/ros2_ws/install/vectornav_msgs/include/vectornav_msgs/msg/detail/time_group__traits.hpp
[2.109s] -- Up-to-date: /home/wasp_mini/ros2_ws/install/vectornav_msgs/include/vectornav_msgs/msg/detail/ins_status__builder.hpp
[2.109s] -- Up-to-date: /home/wasp_mini/ros2_ws/install/vectornav_msgs/include/vectornav_msgs/msg/detail/ins_group__builder.hpp
[2.109s] -- Up-to-date: /home/wasp_mini/ros2_ws/install/vectornav_msgs/include/vectornav_msgs/msg/detail/gps_group__builder.hpp
[2.110s] -- Up-to-date: /home/wasp_mini/ros2_ws/install/vectornav_msgs/include/vectornav_msgs/msg/detail/common_group__traits.hpp
[2.110s] -- Up-to-date: /home/wasp_mini/ros2_ws/install/vectornav_msgs/include/vectornav_msgs/msg/detail/time_group__builder.hpp
[2.110s] -- Up-to-date: /home/wasp_mini/ros2_ws/install/vectornav_msgs/include/vectornav_msgs/msg/detail/ins_status__struct.hpp
[2.110s] -- Up-to-date: /home/wasp_mini/ros2_ws/install/vectornav_msgs/include/vectornav_msgs/msg/detail/common_group__struct.hpp
[2.111s] -- Up-to-date: /home/wasp_mini/ros2_ws/install/vectornav_msgs/include/vectornav_msgs/msg/detail/vpe_status__struct.hpp
[2.111s] -- Up-to-date: /home/wasp_mini/ros2_ws/install/vectornav_msgs/include/vectornav_msgs/msg/detail/dop__builder.hpp
[2.111s] -- Up-to-date: /home/wasp_mini/ros2_ws/install/vectornav_msgs/include/vectornav_msgs/msg/detail/time_status__struct.hpp
[2.111s] -- Up-to-date: /home/wasp_mini/ros2_ws/install/vectornav_msgs/include/vectornav_msgs/msg/detail/attitude_group__struct.hpp
[2.111s] -- Up-to-date: /home/wasp_mini/ros2_ws/install/vectornav_msgs/include/vectornav_msgs/msg/detail/attitude_group__traits.hpp
[2.112s] -- Up-to-date: /home/wasp_mini/ros2_ws/install/vectornav_msgs/include/vectornav_msgs/msg/detail/vpe_status__builder.hpp
[2.112s] -- Up-to-date: /home/wasp_mini/ros2_ws/install/vectornav_msgs/include/vectornav_msgs/msg/detail/imu_group__struct.hpp
[2.112s] -- Up-to-date: /home/wasp_mini/ros2_ws/install/vectornav_msgs/include/vectornav_msgs/msg/detail/vpe_status__traits.hpp
[2.112s] -- Up-to-date: /home/wasp_mini/ros2_ws/install/vectornav_msgs/include/vectornav_msgs/msg/detail/gps_group__traits.hpp
[2.112s] -- Up-to-date: /home/wasp_mini/ros2_ws/install/vectornav_msgs/include/vectornav_msgs/msg/detail/dop__struct.hpp
[2.113s] -- Up-to-date: /home/wasp_mini/ros2_ws/install/vectornav_msgs/include/vectornav_msgs/msg/detail/time_utc__traits.hpp
[2.113s] -- Up-to-date: /home/wasp_mini/ros2_ws/install/vectornav_msgs/include/vectornav_msgs/msg/detail/dop__traits.hpp
[2.113s] -- Up-to-date: /home/wasp_mini/ros2_ws/install/vectornav_msgs/include/vectornav_msgs/msg/detail/ins_status__traits.hpp
[2.113s] -- Up-to-date: /home/wasp_mini/ros2_ws/install/vectornav_msgs/include/vectornav_msgs/msg/detail/ins_group__traits.hpp
[2.114s] -- Up-to-date: /home/wasp_mini/ros2_ws/install/vectornav_msgs/include/vectornav_msgs/msg/detail/time_group__struct.hpp
[2.114s] -- Up-to-date: /home/wasp_mini/ros2_ws/install/vectornav_msgs/include/vectornav_msgs/msg/detail/time_utc__builder.hpp
[2.114s] -- Up-to-date: /home/wasp_mini/ros2_ws/install/vectornav_msgs/include/vectornav_msgs/msg/detail/time_status__traits.hpp
[2.114s] -- Up-to-date: /home/wasp_mini/ros2_ws/install/vectornav_msgs/include/vectornav_msgs/msg/detail/common_group__builder.hpp
[2.115s] -- Up-to-date: /home/wasp_mini/ros2_ws/install/vectornav_msgs/include/vectornav_msgs/msg/detail/gps_group__struct.hpp
[2.115s] -- Up-to-date: /home/wasp_mini/ros2_ws/install/vectornav_msgs/include/vectornav_msgs/msg/detail/imu_group__builder.hpp
[2.115s] -- Up-to-date: /home/wasp_mini/ros2_ws/install/vectornav_msgs/include/vectornav_msgs/msg/detail/ins_group__struct.hpp
[2.116s] -- Up-to-date: /home/wasp_mini/ros2_ws/install/vectornav_msgs/include/vectornav_msgs/msg/ins_status.hpp
[2.116s] -- Up-to-date: /home/wasp_mini/ros2_ws/install/vectornav_msgs/include/vectornav_msgs/msg/common_group.hpp
[2.116s] -- Up-to-date: /home/wasp_mini/ros2_ws/install/vectornav_msgs/include/vectornav_msgs/msg/time_utc.hpp
[2.116s] -- Up-to-date: /home/wasp_mini/ros2_ws/install/vectornav_msgs/include/vectornav_msgs/msg/time_status.hpp
[2.116s] -- Up-to-date: /home/wasp_mini/ros2_ws/install/vectornav_msgs/include/vectornav_msgs/msg/vpe_status.hpp
[2.117s] -- Up-to-date: /home/wasp_mini/ros2_ws/install/vectornav_msgs/include/vectornav_msgs/msg/attitude_group.hpp
[2.117s] -- Up-to-date: /home/wasp_mini/ros2_ws/install/vectornav_msgs/include/vectornav_msgs
[2.117s] -- Up-to-date: /home/wasp_mini/ros2_ws/install/vectornav_msgs/include/vectornav_msgs/msg
[2.117s] -- Up-to-date: /home/wasp_mini/ros2_ws/install/vectornav_msgs/include/vectornav_msgs/msg/detail
[2.117s] -- Up-to-date: /home/wasp_mini/ros2_ws/install/vectornav_msgs/include/vectornav_msgs/msg/detail/gps_group__type_support.cpp
[2.118s] -- Up-to-date: /home/wasp_mini/ros2_ws/install/vectornav_msgs/include/vectornav_msgs/msg/detail/ins_group__rosidl_typesupport_introspection_cpp.hpp
[2.118s] -- Up-to-date: /home/wasp_mini/ros2_ws/install/vectornav_msgs/include/vectornav_msgs/msg/detail/time_utc__rosidl_typesupport_introspection_cpp.hpp
[2.118s] -- Up-to-date: /home/wasp_mini/ros2_ws/install/vectornav_msgs/include/vectornav_msgs/msg/detail/ins_status__rosidl_typesupport_introspection_cpp.hpp
[2.118s] -- Up-to-date: /home/wasp_mini/ros2_ws/install/vectornav_msgs/include/vectornav_msgs/msg/detail/gps_group__rosidl_typesupport_introspection_cpp.hpp
[2.119s] -- Up-to-date: /home/wasp_mini/ros2_ws/install/vectornav_msgs/include/vectornav_msgs/msg/detail/vpe_status__rosidl_typesupport_introspection_cpp.hpp
[2.119s] -- Up-to-date: /home/wasp_mini/ros2_ws/install/vectornav_msgs/include/vectornav_msgs/msg/detail/common_group__type_support.cpp
[2.119s] -- Up-to-date: /home/wasp_mini/ros2_ws/install/vectornav_msgs/include/vectornav_msgs/msg/detail/dop__type_support.cpp
[2.119s] -- Up-to-date: /home/wasp_mini/ros2_ws/install/vectornav_msgs/include/vectornav_msgs/msg/detail/imu_group__rosidl_typesupport_introspection_cpp.hpp
[2.120s] -- Up-to-date: /home/wasp_mini/ros2_ws/install/vectornav_msgs/include/vectornav_msgs/msg/detail/time_status__type_support.cpp
[2.120s] -- Up-to-date: /home/wasp_mini/ros2_ws/install/vectornav_msgs/include/vectornav_msgs/msg/detail/time_utc__type_support.cpp
[2.120s] -- Up-to-date: /home/wasp_mini/ros2_ws/install/vectornav_msgs/include/vectornav_msgs/msg/detail/vpe_status__type_support.cpp
[2.120s] -- Up-to-date: /home/wasp_mini/ros2_ws/install/vectornav_msgs/include/vectornav_msgs/msg/detail/attitude_group__type_support.cpp
[2.120s] -- Up-to-date: /home/wasp_mini/ros2_ws/install/vectornav_msgs/include/vectornav_msgs/msg/detail/ins_group__type_support.cpp
[2.121s] -- Up-to-date: /home/wasp_mini/ros2_ws/install/vectornav_msgs/include/vectornav_msgs/msg/detail/time_group__type_support.cpp
[2.121s] -- Up-to-date: /home/wasp_mini/ros2_ws/install/vectornav_msgs/include/vectornav_msgs/msg/detail/imu_group__type_support.cpp
[2.121s] -- Up-to-date: /home/wasp_mini/ros2_ws/install/vectornav_msgs/include/vectornav_msgs/msg/detail/ins_status__type_support.cpp
[2.121s] -- Up-to-date: /home/wasp_mini/ros2_ws/install/vectornav_msgs/include/vectornav_msgs/msg/detail/time_status__rosidl_typesupport_introspection_cpp.hpp
[2.121s] -- Up-to-date: /home/wasp_mini/ros2_ws/install/vectornav_msgs/include/vectornav_msgs/msg/detail/time_group__rosidl_typesupport_introspection_cpp.hpp
[2.122s] -- Up-to-date: /home/wasp_mini/ros2_ws/install/vectornav_msgs/include/vectornav_msgs/msg/detail/attitude_group__rosidl_typesupport_introspection_cpp.hpp
[2.122s] -- Up-to-date: /home/wasp_mini/ros2_ws/install/vectornav_msgs/include/vectornav_msgs/msg/detail/dop__rosidl_typesupport_introspection_cpp.hpp
[2.122s] -- Up-to-date: /home/wasp_mini/ros2_ws/install/vectornav_msgs/include/vectornav_msgs/msg/detail/common_group__rosidl_typesupport_introspection_cpp.hpp
[2.122s] -- Up-to-date: /home/wasp_mini/ros2_ws/install/vectornav_msgs/lib/libvectornav_msgs__rosidl_typesupport_introspection_cpp.so
[2.123s] -- Up-to-date: /home/wasp_mini/ros2_ws/install/vectornav_msgs/lib/libvectornav_msgs__rosidl_typesupport_cpp.so
[2.123s] -- Up-to-date: /home/wasp_mini/ros2_ws/install/vectornav_msgs/share/vectornav_msgs/environment/pythonpath.sh
[2.123s] -- Up-to-date: /home/wasp_mini/ros2_ws/install/vectornav_msgs/share/vectornav_msgs/environment/pythonpath.dsv
[2.123s] -- Up-to-date: /home/wasp_mini/ros2_ws/install/vectornav_msgs/lib/python3.8/site-packages/vectornav_msgs/__init__.py
[2.214s] -- Up-to-date: /home/wasp_mini/ros2_ws/install/vectornav_msgs/lib/python3.8/site-packages/vectornav_msgs/msg
[2.215s] -- Up-to-date: /home/wasp_mini/ros2_ws/install/vectornav_msgs/lib/python3.8/site-packages/vectornav_msgs/msg/_vpe_status.py
[2.216s] -- Up-to-date: /home/wasp_mini/ros2_ws/install/vectornav_msgs/lib/python3.8/site-packages/vectornav_msgs/msg/_common_group.py
[2.217s] -- Up-to-date: /home/wasp_mini/ros2_ws/install/vectornav_msgs/lib/python3.8/site-packages/vectornav_msgs/msg/_ins_status_s.c
[2.217s] -- Up-to-date: /home/wasp_mini/ros2_ws/install/vectornav_msgs/lib/python3.8/site-packages/vectornav_msgs/msg/_time_utc.py
[2.218s] -- Up-to-date: /home/wasp_mini/ros2_ws/install/vectornav_msgs/lib/python3.8/site-packages/vectornav_msgs/msg/_imu_group.py
[2.220s] -- Up-to-date: /home/wasp_mini/ros2_ws/install/vectornav_msgs/lib/python3.8/site-packages/vectornav_msgs/msg/_gps_group_s.c
[2.221s] -- Up-to-date: /home/wasp_mini/ros2_ws/install/vectornav_msgs/lib/python3.8/site-packages/vectornav_msgs/msg/_common_group_s.c
[2.221s] -- Up-to-date: /home/wasp_mini/ros2_ws/install/vectornav_msgs/lib/python3.8/site-packages/vectornav_msgs/msg/_ins_status.py
[2.221s] -- Up-to-date: /home/wasp_mini/ros2_ws/install/vectornav_msgs/lib/python3.8/site-packages/vectornav_msgs/msg/_time_group_s.c
[2.221s] -- Up-to-date: /home/wasp_mini/ros2_ws/install/vectornav_msgs/lib/python3.8/site-packages/vectornav_msgs/msg/_dop.py
[2.222s] -- Up-to-date: /home/wasp_mini/ros2_ws/install/vectornav_msgs/lib/python3.8/site-packages/vectornav_msgs/msg/_dop_s.c
[2.223s] -- Up-to-date: /home/wasp_mini/ros2_ws/install/vectornav_msgs/lib/python3.8/site-packages/vectornav_msgs/msg/_attitude_group_s.c
[2.223s] -- Up-to-date: /home/wasp_mini/ros2_ws/install/vectornav_msgs/lib/python3.8/site-packages/vectornav_msgs/msg/_vpe_status_s.c
[2.223s] -- Up-to-date: /home/wasp_mini/ros2_ws/install/vectornav_msgs/lib/python3.8/site-packages/vectornav_msgs/msg/_ins_group_s.c
[2.226s] -- Up-to-date: /home/wasp_mini/ros2_ws/install/vectornav_msgs/lib/python3.8/site-packages/vectornav_msgs/msg/_gps_group.py
[2.228s] -- Up-to-date: /home/wasp_mini/ros2_ws/install/vectornav_msgs/lib/python3.8/site-packages/vectornav_msgs/msg/__init__.py
[2.229s] -- Up-to-date: /home/wasp_mini/ros2_ws/install/vectornav_msgs/lib/python3.8/site-packages/vectornav_msgs/msg/_ins_group.py
[2.232s] -- Up-to-date: /home/wasp_mini/ros2_ws/install/vectornav_msgs/lib/python3.8/site-packages/vectornav_msgs/msg/_time_group.py
[2.232s] -- Up-to-date: /home/wasp_mini/ros2_ws/install/vectornav_msgs/lib/python3.8/site-packages/vectornav_msgs/msg/_imu_group_s.c
[2.233s] -- Up-to-date: /home/wasp_mini/ros2_ws/install/vectornav_msgs/lib/python3.8/site-packages/vectornav_msgs/msg/_time_utc_s.c
[2.234s] -- Up-to-date: /home/wasp_mini/ros2_ws/install/vectornav_msgs/lib/python3.8/site-packages/vectornav_msgs/msg/_attitude_group.py
[2.235s] -- Up-to-date: /home/wasp_mini/ros2_ws/install/vectornav_msgs/lib/python3.8/site-packages/vectornav_msgs/msg/_time_status.py
[2.235s] -- Up-to-date: /home/wasp_mini/ros2_ws/install/vectornav_msgs/lib/python3.8/site-packages/vectornav_msgs/msg/_time_status_s.c
[2.235s] -- Up-to-date: /home/wasp_mini/ros2_ws/install/vectornav_msgs/lib/python3.8/site-packages/vectornav_msgs/vectornav_msgs_s__rosidl_typesupport_fastrtps_c.cpython-38-x86_64-linux-gnu.so
[2.236s] -- Up-to-date: /home/wasp_mini/ros2_ws/install/vectornav_msgs/lib/python3.8/site-packages/vectornav_msgs/vectornav_msgs_s__rosidl_typesupport_introspection_c.cpython-38-x86_64-linux-gnu.so
[2.237s] -- Up-to-date: /home/wasp_mini/ros2_ws/install/vectornav_msgs/lib/python3.8/site-packages/vectornav_msgs/vectornav_msgs_s__rosidl_typesupport_c.cpython-38-x86_64-linux-gnu.so
[2.239s] -- Up-to-date: /home/wasp_mini/ros2_ws/install/vectornav_msgs/lib/libvectornav_msgs__python.so
[2.239s] -- Up-to-date: /home/wasp_mini/ros2_ws/install/vectornav_msgs/share/vectornav_msgs/msg/CommonGroup.idl
[2.240s] -- Up-to-date: /home/wasp_mini/ros2_ws/install/vectornav_msgs/share/vectornav_msgs/msg/TimeGroup.idl
[2.240s] -- Up-to-date: /home/wasp_mini/ros2_ws/install/vectornav_msgs/share/vectornav_msgs/msg/ImuGroup.idl
[2.240s] -- Up-to-date: /home/wasp_mini/ros2_ws/install/vectornav_msgs/share/vectornav_msgs/msg/GpsGroup.idl
[2.240s] -- Up-to-date: /home/wasp_mini/ros2_ws/install/vectornav_msgs/share/vectornav_msgs/msg/AttitudeGroup.idl
[2.240s] -- Up-to-date: /home/wasp_mini/ros2_ws/install/vectornav_msgs/share/vectornav_msgs/msg/InsGroup.idl
[2.241s] -- Up-to-date: /home/wasp_mini/ros2_ws/install/vectornav_msgs/share/vectornav_msgs/msg/TimeUTC.idl
[2.241s] -- Up-to-date: /home/wasp_mini/ros2_ws/install/vectornav_msgs/share/vectornav_msgs/msg/DOP.idl
[2.242s] -- Up-to-date: /home/wasp_mini/ros2_ws/install/vectornav_msgs/share/vectornav_msgs/msg/VpeStatus.idl
[2.243s] -- Up-to-date: /home/wasp_mini/ros2_ws/install/vectornav_msgs/share/vectornav_msgs/msg/TimeStatus.idl
[2.253s] -- Up-to-date: /home/wasp_mini/ros2_ws/install/vectornav_msgs/share/vectornav_msgs/msg/InsStatus.idl
[2.253s] -- Up-to-date: /home/wasp_mini/ros2_ws/install/vectornav_msgs/share/vectornav_msgs/msg/CommonGroup.msg
[2.253s] -- Up-to-date: /home/wasp_mini/ros2_ws/install/vectornav_msgs/share/vectornav_msgs/msg/TimeGroup.msg
[2.254s] -- Up-to-date: /home/wasp_mini/ros2_ws/install/vectornav_msgs/share/vectornav_msgs/msg/ImuGroup.msg
[2.254s] -- Up-to-date: /home/wasp_mini/ros2_ws/install/vectornav_msgs/share/vectornav_msgs/msg/GpsGroup.msg
[2.254s] -- Up-to-date: /home/wasp_mini/ros2_ws/install/vectornav_msgs/share/vectornav_msgs/msg/AttitudeGroup.msg
[2.260s] -- Up-to-date: /home/wasp_mini/ros2_ws/install/vectornav_msgs/share/vectornav_msgs/msg/InsGroup.msg
[2.260s] -- Up-to-date: /home/wasp_mini/ros2_ws/install/vectornav_msgs/share/vectornav_msgs/msg/TimeUTC.msg
[2.261s] -- Up-to-date: /home/wasp_mini/ros2_ws/install/vectornav_msgs/share/vectornav_msgs/msg/DOP.msg
[2.261s] -- Up-to-date: /home/wasp_mini/ros2_ws/install/vectornav_msgs/share/vectornav_msgs/msg/VpeStatus.msg
[2.263s] -- Up-to-date: /home/wasp_mini/ros2_ws/install/vectornav_msgs/share/vectornav_msgs/msg/TimeStatus.msg
[2.264s] -- Up-to-date: /home/wasp_mini/ros2_ws/install/vectornav_msgs/share/vectornav_msgs/msg/InsStatus.msg
[2.264s] -- Up-to-date: /home/wasp_mini/ros2_ws/install/vectornav_msgs/share/ament_index/resource_index/package_run_dependencies/vectornav_msgs
[2.264s] -- Up-to-date: /home/wasp_mini/ros2_ws/install/vectornav_msgs/share/ament_index/resource_index/parent_prefix_path/vectornav_msgs
[2.264s] -- Up-to-date: /home/wasp_mini/ros2_ws/install/vectornav_msgs/share/vectornav_msgs/environment/ament_prefix_path.sh
[2.265s] -- Up-to-date: /home/wasp_mini/ros2_ws/install/vectornav_msgs/share/vectornav_msgs/environment/ament_prefix_path.dsv
[2.266s] -- Up-to-date: /home/wasp_mini/ros2_ws/install/vectornav_msgs/share/vectornav_msgs/environment/path.sh
[2.267s] -- Up-to-date: /home/wasp_mini/ros2_ws/install/vectornav_msgs/share/vectornav_msgs/environment/path.dsv
[2.267s] -- Up-to-date: /home/wasp_mini/ros2_ws/install/vectornav_msgs/share/vectornav_msgs/local_setup.bash
[2.267s] -- Up-to-date: /home/wasp_mini/ros2_ws/install/vectornav_msgs/share/vectornav_msgs/local_setup.sh
[2.267s] -- Up-to-date: /home/wasp_mini/ros2_ws/install/vectornav_msgs/share/vectornav_msgs/local_setup.zsh
[2.267s] -- Up-to-date: /home/wasp_mini/ros2_ws/install/vectornav_msgs/share/vectornav_msgs/local_setup.dsv
[2.268s] -- Installing: /home/wasp_mini/ros2_ws/install/vectornav_msgs/share/vectornav_msgs/package.dsv
[2.274s] -- Up-to-date: /home/wasp_mini/ros2_ws/install/vectornav_msgs/share/ament_index/resource_index/packages/vectornav_msgs
[2.277s] -- Up-to-date: /home/wasp_mini/ros2_ws/install/vectornav_msgs/share/vectornav_msgs/cmake/vectornav_msgs__rosidl_generator_cExport.cmake
[2.278s] -- Up-to-date: /home/wasp_mini/ros2_ws/install/vectornav_msgs/share/vectornav_msgs/cmake/vectornav_msgs__rosidl_generator_cExport-noconfig.cmake
[2.283s] -- Up-to-date: /home/wasp_mini/ros2_ws/install/vectornav_msgs/share/vectornav_msgs/cmake/vectornav_msgs__rosidl_typesupport_introspection_cExport.cmake
[2.285s] -- Up-to-date: /home/wasp_mini/ros2_ws/install/vectornav_msgs/share/vectornav_msgs/cmake/vectornav_msgs__rosidl_typesupport_introspection_cExport-noconfig.cmake
[2.287s] -- Up-to-date: /home/wasp_mini/ros2_ws/install/vectornav_msgs/share/vectornav_msgs/cmake/vectornav_msgs__rosidl_typesupport_cExport.cmake
[2.288s] -- Up-to-date: /home/wasp_mini/ros2_ws/install/vectornav_msgs/share/vectornav_msgs/cmake/vectornav_msgs__rosidl_typesupport_cExport-noconfig.cmake
[2.288s] -- Up-to-date: /home/wasp_mini/ros2_ws/install/vectornav_msgs/share/vectornav_msgs/cmake/vectornav_msgs__rosidl_generator_cppExport.cmake
[2.289s] -- Up-to-date: /home/wasp_mini/ros2_ws/install/vectornav_msgs/share/vectornav_msgs/cmake/vectornav_msgs__rosidl_typesupport_introspection_cppExport.cmake
[2.289s] -- Up-to-date: /home/wasp_mini/ros2_ws/install/vectornav_msgs/share/vectornav_msgs/cmake/vectornav_msgs__rosidl_typesupport_introspection_cppExport-noconfig.cmake
[2.290s] -- Up-to-date: /home/wasp_mini/ros2_ws/install/vectornav_msgs/share/vectornav_msgs/cmake/vectornav_msgs__rosidl_typesupport_cppExport.cmake
[2.290s] -- Up-to-date: /home/wasp_mini/ros2_ws/install/vectornav_msgs/share/vectornav_msgs/cmake/vectornav_msgs__rosidl_typesupport_cppExport-noconfig.cmake
[2.291s] -- Up-to-date: /home/wasp_mini/ros2_ws/install/vectornav_msgs/share/vectornav_msgs/cmake/rosidl_cmake-extras.cmake
[2.291s] -- Up-to-date: /home/wasp_mini/ros2_ws/install/vectornav_msgs/share/vectornav_msgs/cmake/ament_cmake_export_dependencies-extras.cmake
[2.292s] -- Up-to-date: /home/wasp_mini/ros2_ws/install/vectornav_msgs/share/vectornav_msgs/cmake/ament_cmake_export_libraries-extras.cmake
[2.294s] -- Up-to-date: /home/wasp_mini/ros2_ws/install/vectornav_msgs/share/vectornav_msgs/cmake/ament_cmake_export_targets-extras.cmake
[2.295s] -- Up-to-date: /home/wasp_mini/ros2_ws/install/vectornav_msgs/share/vectornav_msgs/cmake/ament_cmake_export_include_directories-extras.cmake
[2.297s] -- Up-to-date: /home/wasp_mini/ros2_ws/install/vectornav_msgs/share/vectornav_msgs/cmake/rosidl_cmake_export_typesupport_libraries-extras.cmake
[2.301s] -- Up-to-date: /home/wasp_mini/ros2_ws/install/vectornav_msgs/share/vectornav_msgs/cmake/rosidl_cmake_export_typesupport_targets-extras.cmake
[2.302s] -- Up-to-date: /home/wasp_mini/ros2_ws/install/vectornav_msgs/share/vectornav_msgs/cmake/vectornav_msgsConfig.cmake
[2.302s] -- Up-to-date: /home/wasp_mini/ros2_ws/install/vectornav_msgs/share/vectornav_msgs/cmake/vectornav_msgsConfig-version.cmake
[2.302s] -- Up-to-date: /home/wasp_mini/ros2_ws/install/vectornav_msgs/share/vectornav_msgs/package.xml
[2.308s] Invoked command in '/home/wasp_mini/ros2_ws/build/vectornav_msgs' returned '0': CMAKE_PREFIX_PATH=/opt/ros/foxy /usr/bin/cmake --install /home/wasp_mini/ros2_ws/build/vectornav_msgs
