[0.660s] DEBUG:colcon:Command line arguments: ['/usr/bin/colcon', 'build']
[0.660s] DEBUG:colcon:Parsed command line arguments: Namespace(ament_cmake_args=None, base_paths=['.'], build_base='build', catkin_cmake_args=None, catkin_skip_building_tests=False, cmake_args=None, cmake_clean_cache=False, cmake_clean_first=False, cmake_force_configure=False, cmake_target=None, cmake_target_skip_unavailable=False, continue_on_error=False, event_handlers=None, executor='parallel', ignore_user_meta=False, install_base='install', log_base=None, log_level=None, main=<bound method BuildVerb.main of <colcon_core.verb.build.BuildVerb object at 0x7f3bdfdcb6d0>>, merge_install=False, metas=['./colcon.meta'], packages_above=None, packages_above_and_dependencies=None, packages_above_depth=None, packages_end=None, packages_ignore=None, packages_ignore_regex=None, packages_select=None, packages_select_build_failed=False, packages_select_by_dep=None, packages_select_regex=None, packages_select_test_failures=False, packages_skip=None, packages_skip_build_finished=False, packages_skip_by_dep=None, packages_skip_regex=None, packages_skip_test_passed=False, packages_skip_up_to=None, packages_start=None, packages_up_to=None, packages_up_to_regex=None, parallel_workers=4, paths=None, symlink_install=False, test_result_base=None, verb_extension=<colcon_core.verb.build.BuildVerb object at 0x7f3bdfdcb6d0>, verb_name='build', verb_parser=<colcon_defaults.argument_parser.defaults.DefaultArgumentsDecorator object at 0x7f3bdfdcbc10>)
[0.668s] Level 1:colcon.colcon_core.package_discovery:discover_packages(colcon_meta) check parameters
[0.669s] Level 1:colcon.colcon_core.package_discovery:discover_packages(recursive) check parameters
[0.669s] Level 1:colcon.colcon_core.package_discovery:discover_packages(ignore) check parameters
[0.669s] Level 1:colcon.colcon_core.package_discovery:discover_packages(path) check parameters
[0.669s] Level 1:colcon.colcon_core.package_discovery:discover_packages(colcon_meta) discover
[0.669s] Level 1:colcon.colcon_core.package_discovery:discover_packages(recursive) discover
[0.669s] INFO:colcon.colcon_core.package_discovery:Crawling recursively for packages in '/home/wasp_mini/ros2_ws'
[0.669s] Level 1:colcon.colcon_core.package_identification:_identify(.) by extensions ['ignore', 'ignore_ament_install']
[0.669s] Level 1:colcon.colcon_core.package_identification:_identify(.) by extension 'ignore'
[0.669s] Level 1:colcon.colcon_core.package_identification:_identify(.) by extension 'ignore_ament_install'
[0.669s] Level 1:colcon.colcon_core.package_identification:_identify(.) by extensions ['colcon_pkg']
[0.670s] Level 1:colcon.colcon_core.package_identification:_identify(.) by extension 'colcon_pkg'
[0.670s] Level 1:colcon.colcon_core.package_identification:_identify(.) by extensions ['colcon_meta']
[0.670s] Level 1:colcon.colcon_core.package_identification:_identify(.) by extension 'colcon_meta'
[0.670s] Level 1:colcon.colcon_core.package_identification:_identify(.) by extensions ['ros']
[0.670s] Level 1:colcon.colcon_core.package_identification:_identify(.) by extension 'ros'
[0.689s] Level 1:colcon.colcon_core.package_identification:_identify(.) by extensions ['cmake', 'python']
[0.689s] Level 1:colcon.colcon_core.package_identification:_identify(.) by extension 'cmake'
[0.689s] Level 1:colcon.colcon_core.package_identification:_identify(.) by extension 'python'
[0.689s] Level 1:colcon.colcon_core.package_identification:_identify(.) by extensions ['python_setup_py']
[0.689s] Level 1:colcon.colcon_core.package_identification:_identify(.) by extension 'python_setup_py'
[0.689s] Level 1:colcon.colcon_core.package_identification:_identify(build) by extensions ['ignore', 'ignore_ament_install']
[0.690s] Level 1:colcon.colcon_core.package_identification:_identify(build) by extension 'ignore'
[0.690s] Level 1:colcon.colcon_core.package_identification:_identify(build) ignored
[0.690s] Level 1:colcon.colcon_core.package_identification:_identify(install) by extensions ['ignore', 'ignore_ament_install']
[0.690s] Level 1:colcon.colcon_core.package_identification:_identify(install) by extension 'ignore'
[0.690s] Level 1:colcon.colcon_core.package_identification:_identify(install) ignored
[0.690s] Level 1:colcon.colcon_core.package_identification:_identify(log) by extensions ['ignore', 'ignore_ament_install']
[0.691s] Level 1:colcon.colcon_core.package_identification:_identify(log) by extension 'ignore'
[0.691s] Level 1:colcon.colcon_core.package_identification:_identify(log) ignored
[0.691s] Level 1:colcon.colcon_core.package_identification:_identify(src) by extensions ['ignore', 'ignore_ament_install']
[0.691s] Level 1:colcon.colcon_core.package_identification:_identify(src) by extension 'ignore'
[0.691s] Level 1:colcon.colcon_core.package_identification:_identify(src) by extension 'ignore_ament_install'
[0.691s] Level 1:colcon.colcon_core.package_identification:_identify(src) by extensions ['colcon_pkg']
[0.691s] Level 1:colcon.colcon_core.package_identification:_identify(src) by extension 'colcon_pkg'
[0.691s] Level 1:colcon.colcon_core.package_identification:_identify(src) by extensions ['colcon_meta']
[0.691s] Level 1:colcon.colcon_core.package_identification:_identify(src) by extension 'colcon_meta'
[0.691s] Level 1:colcon.colcon_core.package_identification:_identify(src) by extensions ['ros']
[0.691s] Level 1:colcon.colcon_core.package_identification:_identify(src) by extension 'ros'
[0.692s] Level 1:colcon.colcon_core.package_identification:_identify(src) by extensions ['cmake', 'python']
[0.692s] Level 1:colcon.colcon_core.package_identification:_identify(src) by extension 'cmake'
[0.692s] Level 1:colcon.colcon_core.package_identification:_identify(src) by extension 'python'
[0.692s] Level 1:colcon.colcon_core.package_identification:_identify(src) by extensions ['python_setup_py']
[0.692s] Level 1:colcon.colcon_core.package_identification:_identify(src) by extension 'python_setup_py'
[0.692s] Level 1:colcon.colcon_core.package_identification:_identify(src/wasp_mini_controller) by extensions ['ignore', 'ignore_ament_install']
[0.692s] Level 1:colcon.colcon_core.package_identification:_identify(src/wasp_mini_controller) by extension 'ignore'
[0.692s] Level 1:colcon.colcon_core.package_identification:_identify(src/wasp_mini_controller) by extension 'ignore_ament_install'
[0.692s] Level 1:colcon.colcon_core.package_identification:_identify(src/wasp_mini_controller) by extensions ['colcon_pkg']
[0.692s] Level 1:colcon.colcon_core.package_identification:_identify(src/wasp_mini_controller) by extension 'colcon_pkg'
[0.692s] Level 1:colcon.colcon_core.package_identification:_identify(src/wasp_mini_controller) by extensions ['colcon_meta']
[0.693s] Level 1:colcon.colcon_core.package_identification:_identify(src/wasp_mini_controller) by extension 'colcon_meta'
[0.693s] Level 1:colcon.colcon_core.package_identification:_identify(src/wasp_mini_controller) by extensions ['ros']
[0.693s] Level 1:colcon.colcon_core.package_identification:_identify(src/wasp_mini_controller) by extension 'ros'
[0.697s] DEBUG:colcon.colcon_core.package_identification:Package 'src/wasp_mini_controller' with type 'ros.ament_python' and name 'wasp_mini_controller'
[0.697s] Level 1:colcon.colcon_core.package_identification:_identify(src/wasp_mini_joy) by extensions ['ignore', 'ignore_ament_install']
[0.697s] Level 1:colcon.colcon_core.package_identification:_identify(src/wasp_mini_joy) by extension 'ignore'
[0.697s] Level 1:colcon.colcon_core.package_identification:_identify(src/wasp_mini_joy) by extension 'ignore_ament_install'
[0.698s] Level 1:colcon.colcon_core.package_identification:_identify(src/wasp_mini_joy) by extensions ['colcon_pkg']
[0.698s] Level 1:colcon.colcon_core.package_identification:_identify(src/wasp_mini_joy) by extension 'colcon_pkg'
[0.698s] Level 1:colcon.colcon_core.package_identification:_identify(src/wasp_mini_joy) by extensions ['colcon_meta']
[0.698s] Level 1:colcon.colcon_core.package_identification:_identify(src/wasp_mini_joy) by extension 'colcon_meta'
[0.698s] Level 1:colcon.colcon_core.package_identification:_identify(src/wasp_mini_joy) by extensions ['ros']
[0.698s] Level 1:colcon.colcon_core.package_identification:_identify(src/wasp_mini_joy) by extension 'ros'
[0.699s] DEBUG:colcon.colcon_core.package_identification:Package 'src/wasp_mini_joy' with type 'ros.ament_cmake' and name 'wasp_mini_joy'
[0.699s] Level 1:colcon.colcon_core.package_discovery:discover_packages(recursive) using defaults
[0.699s] Level 1:colcon.colcon_core.package_discovery:discover_packages(ignore) discover
[0.699s] Level 1:colcon.colcon_core.package_discovery:discover_packages(ignore) using defaults
[0.699s] Level 1:colcon.colcon_core.package_discovery:discover_packages(path) discover
[0.699s] Level 1:colcon.colcon_core.package_discovery:discover_packages(path) using defaults
[0.745s] Level 5:colcon.colcon_core.verb:set package 'wasp_mini_controller' build argument 'cmake_args' from command line to 'None'
[0.745s] Level 5:colcon.colcon_core.verb:set package 'wasp_mini_controller' build argument 'cmake_target' from command line to 'None'
[0.745s] Level 5:colcon.colcon_core.verb:set package 'wasp_mini_controller' build argument 'cmake_target_skip_unavailable' from command line to 'False'
[0.745s] Level 5:colcon.colcon_core.verb:set package 'wasp_mini_controller' build argument 'cmake_clean_cache' from command line to 'False'
[0.745s] Level 5:colcon.colcon_core.verb:set package 'wasp_mini_controller' build argument 'cmake_clean_first' from command line to 'False'
[0.745s] Level 5:colcon.colcon_core.verb:set package 'wasp_mini_controller' build argument 'cmake_force_configure' from command line to 'False'
[0.745s] Level 5:colcon.colcon_core.verb:set package 'wasp_mini_controller' build argument 'ament_cmake_args' from command line to 'None'
[0.745s] Level 5:colcon.colcon_core.verb:set package 'wasp_mini_controller' build argument 'catkin_cmake_args' from command line to 'None'
[0.745s] Level 5:colcon.colcon_core.verb:set package 'wasp_mini_controller' build argument 'catkin_skip_building_tests' from command line to 'False'
[0.745s] DEBUG:colcon.colcon_core.verb:Building package 'wasp_mini_controller' with the following arguments: {'ament_cmake_args': None, 'build_base': '/home/wasp_mini/ros2_ws/build/wasp_mini_controller', 'catkin_cmake_args': None, 'catkin_skip_building_tests': False, 'cmake_args': None, 'cmake_clean_cache': False, 'cmake_clean_first': False, 'cmake_force_configure': False, 'cmake_target': None, 'cmake_target_skip_unavailable': False, 'install_base': '/home/wasp_mini/ros2_ws/install/wasp_mini_controller', 'merge_install': False, 'path': '/home/wasp_mini/ros2_ws/src/wasp_mini_controller', 'symlink_install': False, 'test_result_base': None}
[0.749s] Level 5:colcon.colcon_core.verb:set package 'wasp_mini_joy' build argument 'cmake_args' from command line to 'None'
[0.749s] Level 5:colcon.colcon_core.verb:set package 'wasp_mini_joy' build argument 'cmake_target' from command line to 'None'
[0.750s] Level 5:colcon.colcon_core.verb:set package 'wasp_mini_joy' build argument 'cmake_target_skip_unavailable' from command line to 'False'
[0.750s] Level 5:colcon.colcon_core.verb:set package 'wasp_mini_joy' build argument 'cmake_clean_cache' from command line to 'False'
[0.750s] Level 5:colcon.colcon_core.verb:set package 'wasp_mini_joy' build argument 'cmake_clean_first' from command line to 'False'
[0.750s] Level 5:colcon.colcon_core.verb:set package 'wasp_mini_joy' build argument 'cmake_force_configure' from command line to 'False'
[0.750s] Level 5:colcon.colcon_core.verb:set package 'wasp_mini_joy' build argument 'ament_cmake_args' from command line to 'None'
[0.750s] Level 5:colcon.colcon_core.verb:set package 'wasp_mini_joy' build argument 'catkin_cmake_args' from command line to 'None'
[0.750s] Level 5:colcon.colcon_core.verb:set package 'wasp_mini_joy' build argument 'catkin_skip_building_tests' from command line to 'False'
[0.750s] DEBUG:colcon.colcon_core.verb:Building package 'wasp_mini_joy' with the following arguments: {'ament_cmake_args': None, 'build_base': '/home/wasp_mini/ros2_ws/build/wasp_mini_joy', 'catkin_cmake_args': None, 'catkin_skip_building_tests': False, 'cmake_args': None, 'cmake_clean_cache': False, 'cmake_clean_first': False, 'cmake_force_configure': False, 'cmake_target': None, 'cmake_target_skip_unavailable': False, 'install_base': '/home/wasp_mini/ros2_ws/install/wasp_mini_joy', 'merge_install': False, 'path': '/home/wasp_mini/ros2_ws/src/wasp_mini_joy', 'symlink_install': False, 'test_result_base': None}
[0.750s] INFO:colcon.colcon_core.executor:Executing jobs using 'parallel' executor
[0.753s] DEBUG:colcon.colcon_parallel_executor.executor.parallel:run_until_complete
[0.754s] INFO:colcon.colcon_ros.task.ament_python.build:Building ROS package in '/home/wasp_mini/ros2_ws/src/wasp_mini_controller' with build type 'ament_python'
[0.755s] Level 1:colcon.colcon_core.shell:create_environment_hook('wasp_mini_controller', 'ament_prefix_path')
[0.760s] INFO:colcon.colcon_core.plugin_system:Skipping extension 'colcon_core.shell.bat': Not used on non-Windows systems
[0.760s] INFO:colcon.colcon_core.shell:Creating environment hook '/home/wasp_mini/ros2_ws/install/wasp_mini_controller/share/wasp_mini_controller/hook/ament_prefix_path.ps1'
[0.762s] INFO:colcon.colcon_core.shell:Creating environment descriptor '/home/wasp_mini/ros2_ws/install/wasp_mini_controller/share/wasp_mini_controller/hook/ament_prefix_path.dsv'
[0.762s] INFO:colcon.colcon_core.shell:Creating environment hook '/home/wasp_mini/ros2_ws/install/wasp_mini_controller/share/wasp_mini_controller/hook/ament_prefix_path.sh'
[0.764s] INFO:colcon.colcon_core.shell:Skip shell extension 'powershell' for command environment: Not usable outside of PowerShell
[0.764s] DEBUG:colcon.colcon_core.shell:Skip shell extension 'dsv' for command environment
[0.769s] DEBUG:colcon.colcon_core.shell:Ignoring prefix path '/opt/ros/foxy'
[0.776s] INFO:colcon.colcon_ros.task.ament_cmake.build:Building ROS package in '/home/wasp_mini/ros2_ws/src/wasp_mini_joy' with build type 'ament_cmake'
[0.777s] INFO:colcon.colcon_cmake.task.cmake.build:Building CMake package in '/home/wasp_mini/ros2_ws/src/wasp_mini_joy'
[0.779s] INFO:colcon.colcon_core.shell:Skip shell extension 'powershell' for command environment: Not usable outside of PowerShell
[0.779s] DEBUG:colcon.colcon_core.shell:Skip shell extension 'dsv' for command environment
[0.782s] DEBUG:colcon.colcon_core.shell:Ignoring prefix path '/opt/ros/foxy'
[1.356s] INFO:colcon.colcon_core.task.python.build:Building Python package in '/home/wasp_mini/ros2_ws/src/wasp_mini_controller'
[1.358s] INFO:colcon.colcon_core.shell:Skip shell extension 'powershell' for command environment: Not usable outside of PowerShell
[1.358s] DEBUG:colcon.colcon_core.shell:Skip shell extension 'dsv' for command environment
[1.361s] DEBUG:colcon.colcon_core.shell:Ignoring prefix path '/opt/ros/foxy'
[1.372s] DEBUG:colcon.colcon_core.event_handler.log_command:Invoking command in '/home/wasp_mini/ros2_ws/build/wasp_mini_joy': CMAKE_PREFIX_PATH=${CMAKE_PREFIX_PATH}:/home/wasp_mini/ros2_ws/install/wasp_mini_controller:/opt/ros/foxy /usr/bin/cmake --build /home/wasp_mini/ros2_ws/build/wasp_mini_joy -- -j4 -l4
[1.386s] DEBUG:colcon.colcon_core.event_handler.log_command:Invoking command in '/home/wasp_mini/ros2_ws/src/wasp_mini_controller': PYTHONPATH=/home/wasp_mini/ros2_ws/install/wasp_mini_controller/lib/python3.8/site-packages:${PYTHONPATH} /usr/bin/python3 setup.py egg_info --egg-base ../../build/wasp_mini_controller build --build-base /home/wasp_mini/ros2_ws/build/wasp_mini_controller/build install --prefix /home/wasp_mini/ros2_ws/install/wasp_mini_controller --record /home/wasp_mini/ros2_ws/build/wasp_mini_controller/install.log --single-version-externally-managed
[1.518s] DEBUG:colcon.colcon_core.event_handler.log_command:Invoked command in '/home/wasp_mini/ros2_ws/build/wasp_mini_joy' returned '0': CMAKE_PREFIX_PATH=${CMAKE_PREFIX_PATH}:/home/wasp_mini/ros2_ws/install/wasp_mini_controller:/opt/ros/foxy /usr/bin/cmake --build /home/wasp_mini/ros2_ws/build/wasp_mini_joy -- -j4 -l4
[1.576s] DEBUG:colcon.colcon_core.event_handler.log_command:Invoking command in '/home/wasp_mini/ros2_ws/build/wasp_mini_joy': CMAKE_PREFIX_PATH=${CMAKE_PREFIX_PATH}:/home/wasp_mini/ros2_ws/install/wasp_mini_controller:/opt/ros/foxy /usr/bin/cmake --install /home/wasp_mini/ros2_ws/build/wasp_mini_joy
[1.594s] Level 1:colcon.colcon_core.environment:create_environment_scripts_only(wasp_mini_joy)
[1.597s] DEBUG:colcon.colcon_core.event_handler.log_command:Invoked command in '/home/wasp_mini/ros2_ws/build/wasp_mini_joy' returned '0': CMAKE_PREFIX_PATH=${CMAKE_PREFIX_PATH}:/home/wasp_mini/ros2_ws/install/wasp_mini_controller:/opt/ros/foxy /usr/bin/cmake --install /home/wasp_mini/ros2_ws/build/wasp_mini_joy
[1.602s] Level 1:colcon.colcon_core.environment:checking '/home/wasp_mini/ros2_ws/install/wasp_mini_joy' for CMake module files
[1.602s] Level 1:colcon.colcon_core.environment:checking '/home/wasp_mini/ros2_ws/install/wasp_mini_joy' for CMake config files
[1.603s] Level 1:colcon.colcon_core.shell:create_environment_hook('wasp_mini_joy', 'cmake_prefix_path')
[1.604s] INFO:colcon.colcon_core.shell:Creating environment hook '/home/wasp_mini/ros2_ws/install/wasp_mini_joy/share/wasp_mini_joy/hook/cmake_prefix_path.ps1'
[1.605s] INFO:colcon.colcon_core.shell:Creating environment descriptor '/home/wasp_mini/ros2_ws/install/wasp_mini_joy/share/wasp_mini_joy/hook/cmake_prefix_path.dsv'
[1.605s] INFO:colcon.colcon_core.shell:Creating environment hook '/home/wasp_mini/ros2_ws/install/wasp_mini_joy/share/wasp_mini_joy/hook/cmake_prefix_path.sh'
[1.606s] Level 1:colcon.colcon_core.environment:checking '/home/wasp_mini/ros2_ws/install/wasp_mini_joy/lib'
[1.607s] Level 1:colcon.colcon_core.environment:checking '/home/wasp_mini/ros2_ws/install/wasp_mini_joy/bin'
[1.607s] Level 1:colcon.colcon_core.environment:checking '/home/wasp_mini/ros2_ws/install/wasp_mini_joy/lib/pkgconfig/wasp_mini_joy.pc'
[1.607s] Level 1:colcon.colcon_core.environment:checking '/home/wasp_mini/ros2_ws/install/wasp_mini_joy/lib/python3.8/site-packages'
[1.608s] INFO:colcon.colcon_core.shell:Creating package script '/home/wasp_mini/ros2_ws/install/wasp_mini_joy/share/wasp_mini_joy/package.ps1'
[1.609s] INFO:colcon.colcon_core.shell:Creating package descriptor '/home/wasp_mini/ros2_ws/install/wasp_mini_joy/share/wasp_mini_joy/package.dsv'
[1.610s] INFO:colcon.colcon_core.shell:Creating package script '/home/wasp_mini/ros2_ws/install/wasp_mini_joy/share/wasp_mini_joy/package.sh'
[1.611s] INFO:colcon.colcon_core.shell:Creating package script '/home/wasp_mini/ros2_ws/install/wasp_mini_joy/share/wasp_mini_joy/package.bash'
[1.612s] INFO:colcon.colcon_core.shell:Creating package script '/home/wasp_mini/ros2_ws/install/wasp_mini_joy/share/wasp_mini_joy/package.zsh'
[1.613s] Level 1:colcon.colcon_core.environment:create_file_with_runtime_dependencies(/home/wasp_mini/ros2_ws/install/wasp_mini_joy/share/colcon-core/packages/wasp_mini_joy)
[1.650s] Level 1:colcon.colcon_core.environment:create_environment_scripts_only(wasp_mini_joy)
[1.651s] Level 1:colcon.colcon_core.environment:checking '/home/wasp_mini/ros2_ws/install/wasp_mini_joy' for CMake module files
[1.652s] Level 1:colcon.colcon_core.environment:checking '/home/wasp_mini/ros2_ws/install/wasp_mini_joy' for CMake config files
[1.652s] Level 1:colcon.colcon_core.shell:create_environment_hook('wasp_mini_joy', 'cmake_prefix_path')
[1.653s] INFO:colcon.colcon_core.shell:Creating environment hook '/home/wasp_mini/ros2_ws/install/wasp_mini_joy/share/wasp_mini_joy/hook/cmake_prefix_path.ps1'
[1.654s] INFO:colcon.colcon_core.shell:Creating environment descriptor '/home/wasp_mini/ros2_ws/install/wasp_mini_joy/share/wasp_mini_joy/hook/cmake_prefix_path.dsv'
[1.655s] INFO:colcon.colcon_core.shell:Creating environment hook '/home/wasp_mini/ros2_ws/install/wasp_mini_joy/share/wasp_mini_joy/hook/cmake_prefix_path.sh'
[1.656s] Level 1:colcon.colcon_core.environment:checking '/home/wasp_mini/ros2_ws/install/wasp_mini_joy/lib'
[1.656s] Level 1:colcon.colcon_core.environment:checking '/home/wasp_mini/ros2_ws/install/wasp_mini_joy/bin'
[1.656s] Level 1:colcon.colcon_core.environment:checking '/home/wasp_mini/ros2_ws/install/wasp_mini_joy/lib/pkgconfig/wasp_mini_joy.pc'
[1.656s] Level 1:colcon.colcon_core.environment:checking '/home/wasp_mini/ros2_ws/install/wasp_mini_joy/lib/python3.8/site-packages'
[1.657s] INFO:colcon.colcon_core.shell:Creating package script '/home/wasp_mini/ros2_ws/install/wasp_mini_joy/share/wasp_mini_joy/package.ps1'
[1.658s] INFO:colcon.colcon_core.shell:Creating package descriptor '/home/wasp_mini/ros2_ws/install/wasp_mini_joy/share/wasp_mini_joy/package.dsv'
[1.659s] INFO:colcon.colcon_core.shell:Creating package script '/home/wasp_mini/ros2_ws/install/wasp_mini_joy/share/wasp_mini_joy/package.sh'
[1.660s] INFO:colcon.colcon_core.shell:Creating package script '/home/wasp_mini/ros2_ws/install/wasp_mini_joy/share/wasp_mini_joy/package.bash'
[1.660s] INFO:colcon.colcon_core.shell:Creating package script '/home/wasp_mini/ros2_ws/install/wasp_mini_joy/share/wasp_mini_joy/package.zsh'
[1.661s] Level 1:colcon.colcon_core.environment:create_file_with_runtime_dependencies(/home/wasp_mini/ros2_ws/install/wasp_mini_joy/share/colcon-core/packages/wasp_mini_joy)
[1.937s] Level 1:colcon.colcon_core.environment:checking '/home/wasp_mini/ros2_ws/install/wasp_mini_controller' for CMake module files
[1.938s] DEBUG:colcon.colcon_core.event_handler.log_command:Invoked command in '/home/wasp_mini/ros2_ws/src/wasp_mini_controller' returned '0': PYTHONPATH=/home/wasp_mini/ros2_ws/install/wasp_mini_controller/lib/python3.8/site-packages:${PYTHONPATH} /usr/bin/python3 setup.py egg_info --egg-base ../../build/wasp_mini_controller build --build-base /home/wasp_mini/ros2_ws/build/wasp_mini_controller/build install --prefix /home/wasp_mini/ros2_ws/install/wasp_mini_controller --record /home/wasp_mini/ros2_ws/build/wasp_mini_controller/install.log --single-version-externally-managed
[1.939s] Level 1:colcon.colcon_core.environment:checking '/home/wasp_mini/ros2_ws/install/wasp_mini_controller' for CMake config files
[1.940s] Level 1:colcon.colcon_core.environment:checking '/home/wasp_mini/ros2_ws/install/wasp_mini_controller/lib'
[1.940s] Level 1:colcon.colcon_core.environment:checking '/home/wasp_mini/ros2_ws/install/wasp_mini_controller/bin'
[1.940s] Level 1:colcon.colcon_core.environment:checking '/home/wasp_mini/ros2_ws/install/wasp_mini_controller/lib/pkgconfig/wasp_mini_controller.pc'
[1.940s] Level 1:colcon.colcon_core.environment:checking '/home/wasp_mini/ros2_ws/install/wasp_mini_controller/lib/python3.8/site-packages'
[1.940s] Level 1:colcon.colcon_core.shell:create_environment_hook('wasp_mini_controller', 'pythonpath')
[1.941s] INFO:colcon.colcon_core.shell:Creating environment hook '/home/wasp_mini/ros2_ws/install/wasp_mini_controller/share/wasp_mini_controller/hook/pythonpath.ps1'
[1.942s] INFO:colcon.colcon_core.shell:Creating environment descriptor '/home/wasp_mini/ros2_ws/install/wasp_mini_controller/share/wasp_mini_controller/hook/pythonpath.dsv'
[1.942s] INFO:colcon.colcon_core.shell:Creating environment hook '/home/wasp_mini/ros2_ws/install/wasp_mini_controller/share/wasp_mini_controller/hook/pythonpath.sh'
[1.943s] Level 1:colcon.colcon_core.environment:create_environment_scripts_only(wasp_mini_controller)
[1.944s] INFO:colcon.colcon_core.shell:Creating package script '/home/wasp_mini/ros2_ws/install/wasp_mini_controller/share/wasp_mini_controller/package.ps1'
[1.945s] INFO:colcon.colcon_core.shell:Creating package descriptor '/home/wasp_mini/ros2_ws/install/wasp_mini_controller/share/wasp_mini_controller/package.dsv'
[1.945s] INFO:colcon.colcon_core.shell:Creating package script '/home/wasp_mini/ros2_ws/install/wasp_mini_controller/share/wasp_mini_controller/package.sh'
[1.946s] INFO:colcon.colcon_core.shell:Creating package script '/home/wasp_mini/ros2_ws/install/wasp_mini_controller/share/wasp_mini_controller/package.bash'
[1.947s] INFO:colcon.colcon_core.shell:Creating package script '/home/wasp_mini/ros2_ws/install/wasp_mini_controller/share/wasp_mini_controller/package.zsh'
[1.947s] Level 1:colcon.colcon_core.environment:create_file_with_runtime_dependencies(/home/wasp_mini/ros2_ws/install/wasp_mini_controller/share/colcon-core/packages/wasp_mini_controller)
[1.948s] DEBUG:colcon.colcon_parallel_executor.executor.parallel:closing loop
[1.948s] DEBUG:colcon.colcon_parallel_executor.executor.parallel:loop closed
[1.949s] DEBUG:colcon.colcon_parallel_executor.executor.parallel:run_until_complete finished with '0'
[1.949s] DEBUG:colcon.colcon_core.event_reactor:joining thread
[1.959s] INFO:colcon.colcon_core.plugin_system:Skipping extension 'colcon_notification.desktop_notification.terminal_notifier': Not used on non-Darwin systems
[1.960s] INFO:colcon.colcon_core.plugin_system:Skipping extension 'colcon_notification.desktop_notification.win32': Not used on non-Windows systems
[1.960s] INFO:colcon.colcon_notification.desktop_notification:Sending desktop notification using 'notify2'
[1.985s] DEBUG:colcon.colcon_core.event_reactor:joined thread
[1.986s] INFO:colcon.colcon_core.shell:Creating prefix script '/home/wasp_mini/ros2_ws/install/local_setup.ps1'
[1.988s] INFO:colcon.colcon_core.shell:Creating prefix util module '/home/wasp_mini/ros2_ws/install/_local_setup_util_ps1.py'
[1.990s] INFO:colcon.colcon_core.shell:Creating prefix chain script '/home/wasp_mini/ros2_ws/install/setup.ps1'
[1.994s] INFO:colcon.colcon_core.shell:Creating prefix script '/home/wasp_mini/ros2_ws/install/local_setup.sh'
[1.995s] INFO:colcon.colcon_core.shell:Creating prefix util module '/home/wasp_mini/ros2_ws/install/_local_setup_util_sh.py'
[1.996s] INFO:colcon.colcon_core.shell:Creating prefix chain script '/home/wasp_mini/ros2_ws/install/setup.sh'
[1.999s] INFO:colcon.colcon_core.shell:Creating prefix script '/home/wasp_mini/ros2_ws/install/local_setup.bash'
[2.001s] INFO:colcon.colcon_core.shell:Creating prefix chain script '/home/wasp_mini/ros2_ws/install/setup.bash'
[2.006s] INFO:colcon.colcon_core.shell:Creating prefix script '/home/wasp_mini/ros2_ws/install/local_setup.zsh'
[2.008s] INFO:colcon.colcon_core.shell:Creating prefix chain script '/home/wasp_mini/ros2_ws/install/setup.zsh'
