[0.575s] DEBUG:colcon:Command line arguments: ['/usr/bin/colcon', 'build']
[0.575s] DEBUG:colcon:Parsed command line arguments: Namespace(ament_cmake_args=None, base_paths=['.'], build_base='build', catkin_cmake_args=None, catkin_skip_building_tests=False, cmake_args=None, cmake_clean_cache=False, cmake_clean_first=False, cmake_force_configure=False, cmake_target=None, cmake_target_skip_unavailable=False, continue_on_error=False, event_handlers=None, executor='parallel', ignore_user_meta=False, install_base='install', log_base=None, log_level=None, main=<bound method BuildVerb.main of <colcon_core.verb.build.BuildVerb object at 0x7fafb96a2490>>, merge_install=False, metas=['./colcon.meta'], packages_above=None, packages_above_and_dependencies=None, packages_above_depth=None, packages_end=None, packages_ignore=None, packages_ignore_regex=None, packages_select=None, packages_select_build_failed=False, packages_select_by_dep=None, packages_select_regex=None, packages_select_test_failures=False, packages_skip=None, packages_skip_build_finished=False, packages_skip_by_dep=None, packages_skip_regex=None, packages_skip_test_passed=False, packages_skip_up_to=None, packages_start=None, packages_up_to=None, packages_up_to_regex=None, parallel_workers=4, paths=None, symlink_install=False, test_result_base=None, verb_extension=<colcon_core.verb.build.BuildVerb object at 0x7fafb96a2490>, verb_name='build', verb_parser=<colcon_defaults.argument_parser.defaults.DefaultArgumentsDecorator object at 0x7fafb96a29d0>)
[0.583s] Level 1:colcon.colcon_core.package_discovery:discover_packages(colcon_meta) check parameters
[0.583s] Level 1:colcon.colcon_core.package_discovery:discover_packages(recursive) check parameters
[0.583s] Level 1:colcon.colcon_core.package_discovery:discover_packages(ignore) check parameters
[0.583s] Level 1:colcon.colcon_core.package_discovery:discover_packages(path) check parameters
[0.583s] Level 1:colcon.colcon_core.package_discovery:discover_packages(colcon_meta) discover
[0.584s] Level 1:colcon.colcon_core.package_discovery:discover_packages(recursive) discover
[0.584s] INFO:colcon.colcon_core.package_discovery:Crawling recursively for packages in '/home/wasp_mini/ros2_ws'
[0.584s] Level 1:colcon.colcon_core.package_identification:_identify(.) by extensions ['ignore', 'ignore_ament_install']
[0.584s] Level 1:colcon.colcon_core.package_identification:_identify(.) by extension 'ignore'
[0.584s] Level 1:colcon.colcon_core.package_identification:_identify(.) by extension 'ignore_ament_install'
[0.584s] Level 1:colcon.colcon_core.package_identification:_identify(.) by extensions ['colcon_pkg']
[0.584s] Level 1:colcon.colcon_core.package_identification:_identify(.) by extension 'colcon_pkg'
[0.584s] Level 1:colcon.colcon_core.package_identification:_identify(.) by extensions ['colcon_meta']
[0.584s] Level 1:colcon.colcon_core.package_identification:_identify(.) by extension 'colcon_meta'
[0.584s] Level 1:colcon.colcon_core.package_identification:_identify(.) by extensions ['ros']
[0.584s] Level 1:colcon.colcon_core.package_identification:_identify(.) by extension 'ros'
[0.603s] Level 1:colcon.colcon_core.package_identification:_identify(.) by extensions ['cmake', 'python']
[0.603s] Level 1:colcon.colcon_core.package_identification:_identify(.) by extension 'cmake'
[0.603s] Level 1:colcon.colcon_core.package_identification:_identify(.) by extension 'python'
[0.603s] Level 1:colcon.colcon_core.package_identification:_identify(.) by extensions ['python_setup_py']
[0.603s] Level 1:colcon.colcon_core.package_identification:_identify(.) by extension 'python_setup_py'
[0.604s] Level 1:colcon.colcon_core.package_identification:_identify(build) by extensions ['ignore', 'ignore_ament_install']
[0.604s] Level 1:colcon.colcon_core.package_identification:_identify(build) by extension 'ignore'
[0.604s] Level 1:colcon.colcon_core.package_identification:_identify(build) ignored
[0.604s] Level 1:colcon.colcon_core.package_identification:_identify(install) by extensions ['ignore', 'ignore_ament_install']
[0.604s] Level 1:colcon.colcon_core.package_identification:_identify(install) by extension 'ignore'
[0.604s] Level 1:colcon.colcon_core.package_identification:_identify(install) ignored
[0.605s] Level 1:colcon.colcon_core.package_identification:_identify(log) by extensions ['ignore', 'ignore_ament_install']
[0.605s] Level 1:colcon.colcon_core.package_identification:_identify(log) by extension 'ignore'
[0.605s] Level 1:colcon.colcon_core.package_identification:_identify(log) ignored
[0.605s] Level 1:colcon.colcon_core.package_identification:_identify(src) by extensions ['ignore', 'ignore_ament_install']
[0.605s] Level 1:colcon.colcon_core.package_identification:_identify(src) by extension 'ignore'
[0.605s] Level 1:colcon.colcon_core.package_identification:_identify(src) by extension 'ignore_ament_install'
[0.605s] Level 1:colcon.colcon_core.package_identification:_identify(src) by extensions ['colcon_pkg']
[0.605s] Level 1:colcon.colcon_core.package_identification:_identify(src) by extension 'colcon_pkg'
[0.606s] Level 1:colcon.colcon_core.package_identification:_identify(src) by extensions ['colcon_meta']
[0.606s] Level 1:colcon.colcon_core.package_identification:_identify(src) by extension 'colcon_meta'
[0.606s] Level 1:colcon.colcon_core.package_identification:_identify(src) by extensions ['ros']
[0.606s] Level 1:colcon.colcon_core.package_identification:_identify(src) by extension 'ros'
[0.606s] Level 1:colcon.colcon_core.package_identification:_identify(src) by extensions ['cmake', 'python']
[0.606s] Level 1:colcon.colcon_core.package_identification:_identify(src) by extension 'cmake'
[0.606s] Level 1:colcon.colcon_core.package_identification:_identify(src) by extension 'python'
[0.606s] Level 1:colcon.colcon_core.package_identification:_identify(src) by extensions ['python_setup_py']
[0.606s] Level 1:colcon.colcon_core.package_identification:_identify(src) by extension 'python_setup_py'
[0.606s] Level 1:colcon.colcon_core.package_identification:_identify(src/main_waspmini) by extensions ['ignore', 'ignore_ament_install']
[0.606s] Level 1:colcon.colcon_core.package_identification:_identify(src/main_waspmini) by extension 'ignore'
[0.607s] Level 1:colcon.colcon_core.package_identification:_identify(src/main_waspmini) by extension 'ignore_ament_install'
[0.607s] Level 1:colcon.colcon_core.package_identification:_identify(src/main_waspmini) by extensions ['colcon_pkg']
[0.607s] Level 1:colcon.colcon_core.package_identification:_identify(src/main_waspmini) by extension 'colcon_pkg'
[0.607s] Level 1:colcon.colcon_core.package_identification:_identify(src/main_waspmini) by extensions ['colcon_meta']
[0.607s] Level 1:colcon.colcon_core.package_identification:_identify(src/main_waspmini) by extension 'colcon_meta'
[0.607s] Level 1:colcon.colcon_core.package_identification:_identify(src/main_waspmini) by extensions ['ros']
[0.607s] Level 1:colcon.colcon_core.package_identification:_identify(src/main_waspmini) by extension 'ros'
[0.611s] DEBUG:colcon.colcon_core.package_identification:Package 'src/main_waspmini' with type 'ros.ament_cmake' and name 'main_waspmini'
[0.611s] Level 1:colcon.colcon_core.package_identification:_identify(src/sick_scan2) by extensions ['ignore', 'ignore_ament_install']
[0.611s] Level 1:colcon.colcon_core.package_identification:_identify(src/sick_scan2) by extension 'ignore'
[0.611s] Level 1:colcon.colcon_core.package_identification:_identify(src/sick_scan2) by extension 'ignore_ament_install'
[0.611s] Level 1:colcon.colcon_core.package_identification:_identify(src/sick_scan2) by extensions ['colcon_pkg']
[0.612s] Level 1:colcon.colcon_core.package_identification:_identify(src/sick_scan2) by extension 'colcon_pkg'
[0.612s] Level 1:colcon.colcon_core.package_identification:_identify(src/sick_scan2) by extensions ['colcon_meta']
[0.612s] Level 1:colcon.colcon_core.package_identification:_identify(src/sick_scan2) by extension 'colcon_meta'
[0.612s] Level 1:colcon.colcon_core.package_identification:_identify(src/sick_scan2) by extensions ['ros']
[0.612s] Level 1:colcon.colcon_core.package_identification:_identify(src/sick_scan2) by extension 'ros'
[0.619s] DEBUG:colcon.colcon_core.package_identification:Package 'src/sick_scan2' with type 'ros.ament_cmake' and name 'sick_scan2'
[0.619s] Level 1:colcon.colcon_core.package_identification:_identify(src/vectornav) by extensions ['ignore', 'ignore_ament_install']
[0.619s] Level 1:colcon.colcon_core.package_identification:_identify(src/vectornav) by extension 'ignore'
[0.619s] Level 1:colcon.colcon_core.package_identification:_identify(src/vectornav) by extension 'ignore_ament_install'
[0.619s] Level 1:colcon.colcon_core.package_identification:_identify(src/vectornav) by extensions ['colcon_pkg']
[0.619s] Level 1:colcon.colcon_core.package_identification:_identify(src/vectornav) by extension 'colcon_pkg'
[0.619s] Level 1:colcon.colcon_core.package_identification:_identify(src/vectornav) by extensions ['colcon_meta']
[0.620s] Level 1:colcon.colcon_core.package_identification:_identify(src/vectornav) by extension 'colcon_meta'
[0.620s] Level 1:colcon.colcon_core.package_identification:_identify(src/vectornav) by extensions ['ros']
[0.620s] Level 1:colcon.colcon_core.package_identification:_identify(src/vectornav) by extension 'ros'
[0.620s] Level 1:colcon.colcon_core.package_identification:_identify(src/vectornav) by extensions ['cmake', 'python']
[0.620s] Level 1:colcon.colcon_core.package_identification:_identify(src/vectornav) by extension 'cmake'
[0.620s] Level 1:colcon.colcon_core.package_identification:_identify(src/vectornav) by extension 'python'
[0.620s] Level 1:colcon.colcon_core.package_identification:_identify(src/vectornav) by extensions ['python_setup_py']
[0.620s] Level 1:colcon.colcon_core.package_identification:_identify(src/vectornav) by extension 'python_setup_py'
[0.620s] Level 1:colcon.colcon_core.package_identification:_identify(src/vectornav/vectornav) by extensions ['ignore', 'ignore_ament_install']
[0.620s] Level 1:colcon.colcon_core.package_identification:_identify(src/vectornav/vectornav) by extension 'ignore'
[0.620s] Level 1:colcon.colcon_core.package_identification:_identify(src/vectornav/vectornav) by extension 'ignore_ament_install'
[0.621s] Level 1:colcon.colcon_core.package_identification:_identify(src/vectornav/vectornav) by extensions ['colcon_pkg']
[0.621s] Level 1:colcon.colcon_core.package_identification:_identify(src/vectornav/vectornav) by extension 'colcon_pkg'
[0.621s] Level 1:colcon.colcon_core.package_identification:_identify(src/vectornav/vectornav) by extensions ['colcon_meta']
[0.621s] Level 1:colcon.colcon_core.package_identification:_identify(src/vectornav/vectornav) by extension 'colcon_meta'
[0.621s] Level 1:colcon.colcon_core.package_identification:_identify(src/vectornav/vectornav) by extensions ['ros']
[0.621s] Level 1:colcon.colcon_core.package_identification:_identify(src/vectornav/vectornav) by extension 'ros'
[0.622s] DEBUG:colcon.colcon_core.package_identification:Package 'src/vectornav/vectornav' with type 'ros.ament_cmake' and name 'vectornav'
[0.622s] Level 1:colcon.colcon_core.package_identification:_identify(src/vectornav/vectornav_msgs) by extensions ['ignore', 'ignore_ament_install']
[0.623s] Level 1:colcon.colcon_core.package_identification:_identify(src/vectornav/vectornav_msgs) by extension 'ignore'
[0.623s] Level 1:colcon.colcon_core.package_identification:_identify(src/vectornav/vectornav_msgs) by extension 'ignore_ament_install'
[0.623s] Level 1:colcon.colcon_core.package_identification:_identify(src/vectornav/vectornav_msgs) by extensions ['colcon_pkg']
[0.623s] Level 1:colcon.colcon_core.package_identification:_identify(src/vectornav/vectornav_msgs) by extension 'colcon_pkg'
[0.623s] Level 1:colcon.colcon_core.package_identification:_identify(src/vectornav/vectornav_msgs) by extensions ['colcon_meta']
[0.623s] Level 1:colcon.colcon_core.package_identification:_identify(src/vectornav/vectornav_msgs) by extension 'colcon_meta'
[0.623s] Level 1:colcon.colcon_core.package_identification:_identify(src/vectornav/vectornav_msgs) by extensions ['ros']
[0.623s] Level 1:colcon.colcon_core.package_identification:_identify(src/vectornav/vectornav_msgs) by extension 'ros'
[0.624s] DEBUG:colcon.colcon_core.package_identification:Package 'src/vectornav/vectornav_msgs' with type 'ros.ament_cmake' and name 'vectornav_msgs'
[0.624s] Level 1:colcon.colcon_core.package_identification:_identify(src/wasp_mini_controller) by extensions ['ignore', 'ignore_ament_install']
[0.624s] Level 1:colcon.colcon_core.package_identification:_identify(src/wasp_mini_controller) by extension 'ignore'
[0.624s] Level 1:colcon.colcon_core.package_identification:_identify(src/wasp_mini_controller) by extension 'ignore_ament_install'
[0.624s] Level 1:colcon.colcon_core.package_identification:_identify(src/wasp_mini_controller) by extensions ['colcon_pkg']
[0.625s] Level 1:colcon.colcon_core.package_identification:_identify(src/wasp_mini_controller) by extension 'colcon_pkg'
[0.625s] Level 1:colcon.colcon_core.package_identification:_identify(src/wasp_mini_controller) by extensions ['colcon_meta']
[0.625s] Level 1:colcon.colcon_core.package_identification:_identify(src/wasp_mini_controller) by extension 'colcon_meta'
[0.625s] Level 1:colcon.colcon_core.package_identification:_identify(src/wasp_mini_controller) by extensions ['ros']
[0.625s] Level 1:colcon.colcon_core.package_identification:_identify(src/wasp_mini_controller) by extension 'ros'
[0.626s] DEBUG:colcon.colcon_core.package_identification:Package 'src/wasp_mini_controller' with type 'ros.ament_python' and name 'wasp_mini_controller'
[0.626s] Level 1:colcon.colcon_core.package_identification:_identify(src/wasp_mini_joy) by extensions ['ignore', 'ignore_ament_install']
[0.626s] Level 1:colcon.colcon_core.package_identification:_identify(src/wasp_mini_joy) by extension 'ignore'
[0.626s] Level 1:colcon.colcon_core.package_identification:_identify(src/wasp_mini_joy) by extension 'ignore_ament_install'
[0.626s] Level 1:colcon.colcon_core.package_identification:_identify(src/wasp_mini_joy) by extensions ['colcon_pkg']
[0.626s] Level 1:colcon.colcon_core.package_identification:_identify(src/wasp_mini_joy) by extension 'colcon_pkg'
[0.626s] Level 1:colcon.colcon_core.package_identification:_identify(src/wasp_mini_joy) by extensions ['colcon_meta']
[0.627s] Level 1:colcon.colcon_core.package_identification:_identify(src/wasp_mini_joy) by extension 'colcon_meta'
[0.627s] Level 1:colcon.colcon_core.package_identification:_identify(src/wasp_mini_joy) by extensions ['ros']
[0.627s] Level 1:colcon.colcon_core.package_identification:_identify(src/wasp_mini_joy) by extension 'ros'
[0.628s] DEBUG:colcon.colcon_core.package_identification:Package 'src/wasp_mini_joy' with type 'ros.ament_cmake' and name 'wasp_mini_joy'
[0.628s] Level 1:colcon.colcon_core.package_discovery:discover_packages(recursive) using defaults
[0.628s] Level 1:colcon.colcon_core.package_discovery:discover_packages(ignore) discover
[0.628s] Level 1:colcon.colcon_core.package_discovery:discover_packages(ignore) using defaults
[0.628s] Level 1:colcon.colcon_core.package_discovery:discover_packages(path) discover
[0.628s] Level 1:colcon.colcon_core.package_discovery:discover_packages(path) using defaults
[0.662s] Level 5:colcon.colcon_core.verb:set package 'main_waspmini' build argument 'cmake_args' from command line to 'None'
[0.662s] Level 5:colcon.colcon_core.verb:set package 'main_waspmini' build argument 'cmake_target' from command line to 'None'
[0.662s] Level 5:colcon.colcon_core.verb:set package 'main_waspmini' build argument 'cmake_target_skip_unavailable' from command line to 'False'
[0.662s] Level 5:colcon.colcon_core.verb:set package 'main_waspmini' build argument 'cmake_clean_cache' from command line to 'False'
[0.662s] Level 5:colcon.colcon_core.verb:set package 'main_waspmini' build argument 'cmake_clean_first' from command line to 'False'
[0.662s] Level 5:colcon.colcon_core.verb:set package 'main_waspmini' build argument 'cmake_force_configure' from command line to 'False'
[0.662s] Level 5:colcon.colcon_core.verb:set package 'main_waspmini' build argument 'ament_cmake_args' from command line to 'None'
[0.662s] Level 5:colcon.colcon_core.verb:set package 'main_waspmini' build argument 'catkin_cmake_args' from command line to 'None'
[0.662s] Level 5:colcon.colcon_core.verb:set package 'main_waspmini' build argument 'catkin_skip_building_tests' from command line to 'False'
[0.662s] DEBUG:colcon.colcon_core.verb:Building package 'main_waspmini' with the following arguments: {'ament_cmake_args': None, 'build_base': '/home/wasp_mini/ros2_ws/build/main_waspmini', 'catkin_cmake_args': None, 'catkin_skip_building_tests': False, 'cmake_args': None, 'cmake_clean_cache': False, 'cmake_clean_first': False, 'cmake_force_configure': False, 'cmake_target': None, 'cmake_target_skip_unavailable': False, 'install_base': '/home/wasp_mini/ros2_ws/install/main_waspmini', 'merge_install': False, 'path': '/home/wasp_mini/ros2_ws/src/main_waspmini', 'symlink_install': False, 'test_result_base': None}
[0.667s] Level 5:colcon.colcon_core.verb:set package 'sick_scan2' build argument 'cmake_args' from command line to 'None'
[0.667s] Level 5:colcon.colcon_core.verb:set package 'sick_scan2' build argument 'cmake_target' from command line to 'None'
[0.667s] Level 5:colcon.colcon_core.verb:set package 'sick_scan2' build argument 'cmake_target_skip_unavailable' from command line to 'False'
[0.667s] Level 5:colcon.colcon_core.verb:set package 'sick_scan2' build argument 'cmake_clean_cache' from command line to 'False'
[0.667s] Level 5:colcon.colcon_core.verb:set package 'sick_scan2' build argument 'cmake_clean_first' from command line to 'False'
[0.667s] Level 5:colcon.colcon_core.verb:set package 'sick_scan2' build argument 'cmake_force_configure' from command line to 'False'
[0.667s] Level 5:colcon.colcon_core.verb:set package 'sick_scan2' build argument 'ament_cmake_args' from command line to 'None'
[0.667s] Level 5:colcon.colcon_core.verb:set package 'sick_scan2' build argument 'catkin_cmake_args' from command line to 'None'
[0.667s] Level 5:colcon.colcon_core.verb:set package 'sick_scan2' build argument 'catkin_skip_building_tests' from command line to 'False'
[0.667s] DEBUG:colcon.colcon_core.verb:Building package 'sick_scan2' with the following arguments: {'ament_cmake_args': None, 'build_base': '/home/wasp_mini/ros2_ws/build/sick_scan2', 'catkin_cmake_args': None, 'catkin_skip_building_tests': False, 'cmake_args': None, 'cmake_clean_cache': False, 'cmake_clean_first': False, 'cmake_force_configure': False, 'cmake_target': None, 'cmake_target_skip_unavailable': False, 'install_base': '/home/wasp_mini/ros2_ws/install/sick_scan2', 'merge_install': False, 'path': '/home/wasp_mini/ros2_ws/src/sick_scan2', 'symlink_install': False, 'test_result_base': None}
[0.671s] Level 5:colcon.colcon_core.verb:set package 'vectornav_msgs' build argument 'cmake_args' from command line to 'None'
[0.671s] Level 5:colcon.colcon_core.verb:set package 'vectornav_msgs' build argument 'cmake_target' from command line to 'None'
[0.671s] Level 5:colcon.colcon_core.verb:set package 'vectornav_msgs' build argument 'cmake_target_skip_unavailable' from command line to 'False'
[0.671s] Level 5:colcon.colcon_core.verb:set package 'vectornav_msgs' build argument 'cmake_clean_cache' from command line to 'False'
[0.671s] Level 5:colcon.colcon_core.verb:set package 'vectornav_msgs' build argument 'cmake_clean_first' from command line to 'False'
[0.671s] Level 5:colcon.colcon_core.verb:set package 'vectornav_msgs' build argument 'cmake_force_configure' from command line to 'False'
[0.671s] Level 5:colcon.colcon_core.verb:set package 'vectornav_msgs' build argument 'ament_cmake_args' from command line to 'None'
[0.671s] Level 5:colcon.colcon_core.verb:set package 'vectornav_msgs' build argument 'catkin_cmake_args' from command line to 'None'
[0.671s] Level 5:colcon.colcon_core.verb:set package 'vectornav_msgs' build argument 'catkin_skip_building_tests' from command line to 'False'
[0.671s] DEBUG:colcon.colcon_core.verb:Building package 'vectornav_msgs' with the following arguments: {'ament_cmake_args': None, 'build_base': '/home/wasp_mini/ros2_ws/build/vectornav_msgs', 'catkin_cmake_args': None, 'catkin_skip_building_tests': False, 'cmake_args': None, 'cmake_clean_cache': False, 'cmake_clean_first': False, 'cmake_force_configure': False, 'cmake_target': None, 'cmake_target_skip_unavailable': False, 'install_base': '/home/wasp_mini/ros2_ws/install/vectornav_msgs', 'merge_install': False, 'path': '/home/wasp_mini/ros2_ws/src/vectornav/vectornav_msgs', 'symlink_install': False, 'test_result_base': None}
[0.675s] Level 5:colcon.colcon_core.verb:set package 'wasp_mini_controller' build argument 'cmake_args' from command line to 'None'
[0.675s] Level 5:colcon.colcon_core.verb:set package 'wasp_mini_controller' build argument 'cmake_target' from command line to 'None'
[0.675s] Level 5:colcon.colcon_core.verb:set package 'wasp_mini_controller' build argument 'cmake_target_skip_unavailable' from command line to 'False'
[0.675s] Level 5:colcon.colcon_core.verb:set package 'wasp_mini_controller' build argument 'cmake_clean_cache' from command line to 'False'
[0.675s] Level 5:colcon.colcon_core.verb:set package 'wasp_mini_controller' build argument 'cmake_clean_first' from command line to 'False'
[0.676s] Level 5:colcon.colcon_core.verb:set package 'wasp_mini_controller' build argument 'cmake_force_configure' from command line to 'False'
[0.676s] Level 5:colcon.colcon_core.verb:set package 'wasp_mini_controller' build argument 'ament_cmake_args' from command line to 'None'
[0.676s] Level 5:colcon.colcon_core.verb:set package 'wasp_mini_controller' build argument 'catkin_cmake_args' from command line to 'None'
[0.676s] Level 5:colcon.colcon_core.verb:set package 'wasp_mini_controller' build argument 'catkin_skip_building_tests' from command line to 'False'
[0.676s] DEBUG:colcon.colcon_core.verb:Building package 'wasp_mini_controller' with the following arguments: {'ament_cmake_args': None, 'build_base': '/home/wasp_mini/ros2_ws/build/wasp_mini_controller', 'catkin_cmake_args': None, 'catkin_skip_building_tests': False, 'cmake_args': None, 'cmake_clean_cache': False, 'cmake_clean_first': False, 'cmake_force_configure': False, 'cmake_target': None, 'cmake_target_skip_unavailable': False, 'install_base': '/home/wasp_mini/ros2_ws/install/wasp_mini_controller', 'merge_install': False, 'path': '/home/wasp_mini/ros2_ws/src/wasp_mini_controller', 'symlink_install': False, 'test_result_base': None}
[0.680s] Level 5:colcon.colcon_core.verb:set package 'wasp_mini_joy' build argument 'cmake_args' from command line to 'None'
[0.680s] Level 5:colcon.colcon_core.verb:set package 'wasp_mini_joy' build argument 'cmake_target' from command line to 'None'
[0.680s] Level 5:colcon.colcon_core.verb:set package 'wasp_mini_joy' build argument 'cmake_target_skip_unavailable' from command line to 'False'
[0.680s] Level 5:colcon.colcon_core.verb:set package 'wasp_mini_joy' build argument 'cmake_clean_cache' from command line to 'False'
[0.680s] Level 5:colcon.colcon_core.verb:set package 'wasp_mini_joy' build argument 'cmake_clean_first' from command line to 'False'
[0.680s] Level 5:colcon.colcon_core.verb:set package 'wasp_mini_joy' build argument 'cmake_force_configure' from command line to 'False'
[0.680s] Level 5:colcon.colcon_core.verb:set package 'wasp_mini_joy' build argument 'ament_cmake_args' from command line to 'None'
[0.680s] Level 5:colcon.colcon_core.verb:set package 'wasp_mini_joy' build argument 'catkin_cmake_args' from command line to 'None'
[0.680s] Level 5:colcon.colcon_core.verb:set package 'wasp_mini_joy' build argument 'catkin_skip_building_tests' from command line to 'False'
[0.680s] DEBUG:colcon.colcon_core.verb:Building package 'wasp_mini_joy' with the following arguments: {'ament_cmake_args': None, 'build_base': '/home/wasp_mini/ros2_ws/build/wasp_mini_joy', 'catkin_cmake_args': None, 'catkin_skip_building_tests': False, 'cmake_args': None, 'cmake_clean_cache': False, 'cmake_clean_first': False, 'cmake_force_configure': False, 'cmake_target': None, 'cmake_target_skip_unavailable': False, 'install_base': '/home/wasp_mini/ros2_ws/install/wasp_mini_joy', 'merge_install': False, 'path': '/home/wasp_mini/ros2_ws/src/wasp_mini_joy', 'symlink_install': False, 'test_result_base': None}
[0.684s] Level 5:colcon.colcon_core.verb:set package 'vectornav' build argument 'cmake_args' from command line to 'None'
[0.684s] Level 5:colcon.colcon_core.verb:set package 'vectornav' build argument 'cmake_target' from command line to 'None'
[0.684s] Level 5:colcon.colcon_core.verb:set package 'vectornav' build argument 'cmake_target_skip_unavailable' from command line to 'False'
[0.684s] Level 5:colcon.colcon_core.verb:set package 'vectornav' build argument 'cmake_clean_cache' from command line to 'False'
[0.684s] Level 5:colcon.colcon_core.verb:set package 'vectornav' build argument 'cmake_clean_first' from command line to 'False'
[0.684s] Level 5:colcon.colcon_core.verb:set package 'vectornav' build argument 'cmake_force_configure' from command line to 'False'
[0.684s] Level 5:colcon.colcon_core.verb:set package 'vectornav' build argument 'ament_cmake_args' from command line to 'None'
[0.685s] Level 5:colcon.colcon_core.verb:set package 'vectornav' build argument 'catkin_cmake_args' from command line to 'None'
[0.685s] Level 5:colcon.colcon_core.verb:set package 'vectornav' build argument 'catkin_skip_building_tests' from command line to 'False'
[0.685s] DEBUG:colcon.colcon_core.verb:Building package 'vectornav' with the following arguments: {'ament_cmake_args': None, 'build_base': '/home/wasp_mini/ros2_ws/build/vectornav', 'catkin_cmake_args': None, 'catkin_skip_building_tests': False, 'cmake_args': None, 'cmake_clean_cache': False, 'cmake_clean_first': False, 'cmake_force_configure': False, 'cmake_target': None, 'cmake_target_skip_unavailable': False, 'install_base': '/home/wasp_mini/ros2_ws/install/vectornav', 'merge_install': False, 'path': '/home/wasp_mini/ros2_ws/src/vectornav/vectornav', 'symlink_install': False, 'test_result_base': None}
[0.685s] INFO:colcon.colcon_core.executor:Executing jobs using 'parallel' executor
[0.689s] DEBUG:colcon.colcon_parallel_executor.executor.parallel:run_until_complete
[0.689s] INFO:colcon.colcon_ros.task.ament_cmake.build:Building ROS package in '/home/wasp_mini/ros2_ws/src/vectornav/vectornav_msgs' with build type 'ament_cmake'
[0.690s] INFO:colcon.colcon_cmake.task.cmake.build:Building CMake package in '/home/wasp_mini/ros2_ws/src/vectornav/vectornav_msgs'
[0.695s] INFO:colcon.colcon_core.plugin_system:Skipping extension 'colcon_core.shell.bat': Not used on non-Windows systems
[0.696s] INFO:colcon.colcon_core.shell:Skip shell extension 'powershell' for command environment: Not usable outside of PowerShell
[0.696s] DEBUG:colcon.colcon_core.shell:Skip shell extension 'dsv' for command environment
[0.701s] DEBUG:colcon.colcon_core.shell:Ignoring prefix path '/opt/ros/foxy'
[0.701s] DEBUG:colcon.colcon_core.shell:Ignoring prefix path '/opt/ros/noetic'
[0.705s] INFO:colcon.colcon_ros.task.ament_cmake.build:Building ROS package in '/home/wasp_mini/ros2_ws/src/main_waspmini' with build type 'ament_cmake'
[0.706s] INFO:colcon.colcon_cmake.task.cmake.build:Building CMake package in '/home/wasp_mini/ros2_ws/src/main_waspmini'
[0.708s] INFO:colcon.colcon_core.shell:Skip shell extension 'powershell' for command environment: Not usable outside of PowerShell
[0.708s] DEBUG:colcon.colcon_core.shell:Skip shell extension 'dsv' for command environment
[0.712s] DEBUG:colcon.colcon_core.shell:Ignoring prefix path '/opt/ros/foxy'
[0.712s] DEBUG:colcon.colcon_core.shell:Ignoring prefix path '/opt/ros/noetic'
[0.717s] INFO:colcon.colcon_ros.task.ament_cmake.build:Building ROS package in '/home/wasp_mini/ros2_ws/src/sick_scan2' with build type 'ament_cmake'
[0.718s] INFO:colcon.colcon_cmake.task.cmake.build:Building CMake package in '/home/wasp_mini/ros2_ws/src/sick_scan2'
[0.721s] INFO:colcon.colcon_core.shell:Skip shell extension 'powershell' for command environment: Not usable outside of PowerShell
[0.723s] DEBUG:colcon.colcon_core.shell:Skip shell extension 'dsv' for command environment
[0.728s] DEBUG:colcon.colcon_core.shell:Ignoring prefix path '/opt/ros/foxy'
[0.728s] DEBUG:colcon.colcon_core.shell:Ignoring prefix path '/opt/ros/noetic'
[0.732s] INFO:colcon.colcon_ros.task.ament_python.build:Building ROS package in '/home/wasp_mini/ros2_ws/src/wasp_mini_controller' with build type 'ament_python'
[0.733s] Level 1:colcon.colcon_core.shell:create_environment_hook('wasp_mini_controller', 'ament_prefix_path')
[0.736s] INFO:colcon.colcon_core.shell:Creating environment hook '/home/wasp_mini/ros2_ws/install/wasp_mini_controller/share/wasp_mini_controller/hook/ament_prefix_path.ps1'
[0.738s] INFO:colcon.colcon_core.shell:Creating environment descriptor '/home/wasp_mini/ros2_ws/install/wasp_mini_controller/share/wasp_mini_controller/hook/ament_prefix_path.dsv'
[0.738s] INFO:colcon.colcon_core.shell:Creating environment hook '/home/wasp_mini/ros2_ws/install/wasp_mini_controller/share/wasp_mini_controller/hook/ament_prefix_path.sh'
[0.740s] INFO:colcon.colcon_core.shell:Skip shell extension 'powershell' for command environment: Not usable outside of PowerShell
[0.740s] DEBUG:colcon.colcon_core.shell:Skip shell extension 'dsv' for command environment
[0.743s] DEBUG:colcon.colcon_core.shell:Ignoring prefix path '/opt/ros/foxy'
[0.744s] DEBUG:colcon.colcon_core.shell:Ignoring prefix path '/opt/ros/noetic'
[0.760s] DEBUG:colcon.colcon_core.event_handler.log_command:Invoking command in '/home/wasp_mini/ros2_ws/build/vectornav_msgs': CMAKE_PREFIX_PATH=/home/wasp_mini/ros2_ws/install/vectornav:/home/wasp_mini/ros2_ws/install/vectornav_msgs:/home/wasp_mini/ros2_ws/install/sick_scan2:/home/wasp_mini/ros2_ws/install/wasp_mini_controller:/opt/ros/foxy:/opt/ros/noetic:/home/wasp_mini/ros2_ws/install/wasp_mini_joy:/home/wasp_mini/ros2_ws/install/main_waspmini /usr/bin/cmake --build /home/wasp_mini/ros2_ws/build/vectornav_msgs -- -j4 -l4
[0.774s] DEBUG:colcon.colcon_core.event_handler.log_command:Invoking command in '/home/wasp_mini/ros2_ws/build/main_waspmini': CMAKE_PREFIX_PATH=/home/wasp_mini/ros2_ws/install/vectornav:/home/wasp_mini/ros2_ws/install/vectornav_msgs:/home/wasp_mini/ros2_ws/install/sick_scan2:/home/wasp_mini/ros2_ws/install/wasp_mini_controller:/opt/ros/foxy:/opt/ros/noetic:/home/wasp_mini/ros2_ws/install/wasp_mini_joy:/home/wasp_mini/ros2_ws/install/main_waspmini /usr/bin/cmake --build /home/wasp_mini/ros2_ws/build/main_waspmini -- -j4 -l4
[0.784s] DEBUG:colcon.colcon_core.event_handler.log_command:Invoking command in '/home/wasp_mini/ros2_ws/build/sick_scan2': CMAKE_PREFIX_PATH=/home/wasp_mini/ros2_ws/install/vectornav:/home/wasp_mini/ros2_ws/install/vectornav_msgs:/home/wasp_mini/ros2_ws/install/sick_scan2:/home/wasp_mini/ros2_ws/install/wasp_mini_controller:/opt/ros/foxy:/opt/ros/noetic:/home/wasp_mini/ros2_ws/install/wasp_mini_joy:/home/wasp_mini/ros2_ws/install/main_waspmini /usr/bin/cmake --build /home/wasp_mini/ros2_ws/build/sick_scan2 -- -j4 -l4
[1.440s] INFO:colcon.colcon_core.task.python.build:Building Python package in '/home/wasp_mini/ros2_ws/src/wasp_mini_controller'
[1.442s] INFO:colcon.colcon_core.shell:Skip shell extension 'powershell' for command environment: Not usable outside of PowerShell
[1.442s] DEBUG:colcon.colcon_core.shell:Skip shell extension 'dsv' for command environment
[1.446s] DEBUG:colcon.colcon_core.shell:Ignoring prefix path '/opt/ros/foxy'
[1.446s] DEBUG:colcon.colcon_core.shell:Ignoring prefix path '/opt/ros/noetic'
[1.469s] DEBUG:colcon.colcon_core.event_handler.log_command:Invoked command in '/home/wasp_mini/ros2_ws/build/main_waspmini' returned '0': CMAKE_PREFIX_PATH=/home/wasp_mini/ros2_ws/install/vectornav:/home/wasp_mini/ros2_ws/install/vectornav_msgs:/home/wasp_mini/ros2_ws/install/sick_scan2:/home/wasp_mini/ros2_ws/install/wasp_mini_controller:/opt/ros/foxy:/opt/ros/noetic:/home/wasp_mini/ros2_ws/install/wasp_mini_joy:/home/wasp_mini/ros2_ws/install/main_waspmini /usr/bin/cmake --build /home/wasp_mini/ros2_ws/build/main_waspmini -- -j4 -l4
[1.470s] DEBUG:colcon.colcon_core.event_handler.log_command:Invoked command in '/home/wasp_mini/ros2_ws/build/sick_scan2' returned '0': CMAKE_PREFIX_PATH=/home/wasp_mini/ros2_ws/install/vectornav:/home/wasp_mini/ros2_ws/install/vectornav_msgs:/home/wasp_mini/ros2_ws/install/sick_scan2:/home/wasp_mini/ros2_ws/install/wasp_mini_controller:/opt/ros/foxy:/opt/ros/noetic:/home/wasp_mini/ros2_ws/install/wasp_mini_joy:/home/wasp_mini/ros2_ws/install/main_waspmini /usr/bin/cmake --build /home/wasp_mini/ros2_ws/build/sick_scan2 -- -j4 -l4
[1.475s] DEBUG:colcon.colcon_core.event_handler.log_command:Invoked command in '/home/wasp_mini/ros2_ws/build/vectornav_msgs' returned '0': CMAKE_PREFIX_PATH=/home/wasp_mini/ros2_ws/install/vectornav:/home/wasp_mini/ros2_ws/install/vectornav_msgs:/home/wasp_mini/ros2_ws/install/sick_scan2:/home/wasp_mini/ros2_ws/install/wasp_mini_controller:/opt/ros/foxy:/opt/ros/noetic:/home/wasp_mini/ros2_ws/install/wasp_mini_joy:/home/wasp_mini/ros2_ws/install/main_waspmini /usr/bin/cmake --build /home/wasp_mini/ros2_ws/build/vectornav_msgs -- -j4 -l4
[1.481s] DEBUG:colcon.colcon_core.event_handler.log_command:Invoking command in '/home/wasp_mini/ros2_ws/src/wasp_mini_controller': PYTHONPATH=/home/wasp_mini/ros2_ws/install/wasp_mini_controller/lib/python3.8/site-packages:${PYTHONPATH} /usr/bin/python3 setup.py egg_info --egg-base ../../build/wasp_mini_controller build --build-base /home/wasp_mini/ros2_ws/build/wasp_mini_controller/build install --prefix /home/wasp_mini/ros2_ws/install/wasp_mini_controller --record /home/wasp_mini/ros2_ws/build/wasp_mini_controller/install.log --single-version-externally-managed
[1.571s] DEBUG:colcon.colcon_core.event_handler.log_command:Invoking command in '/home/wasp_mini/ros2_ws/build/main_waspmini': CMAKE_PREFIX_PATH=/home/wasp_mini/ros2_ws/install/vectornav:/home/wasp_mini/ros2_ws/install/vectornav_msgs:/home/wasp_mini/ros2_ws/install/sick_scan2:/home/wasp_mini/ros2_ws/install/wasp_mini_controller:/opt/ros/foxy:/opt/ros/noetic:/home/wasp_mini/ros2_ws/install/wasp_mini_joy:/home/wasp_mini/ros2_ws/install/main_waspmini /usr/bin/cmake --install /home/wasp_mini/ros2_ws/build/main_waspmini
[1.597s] DEBUG:colcon.colcon_core.event_handler.log_command:Invoking command in '/home/wasp_mini/ros2_ws/build/sick_scan2': CMAKE_PREFIX_PATH=/home/wasp_mini/ros2_ws/install/vectornav:/home/wasp_mini/ros2_ws/install/vectornav_msgs:/home/wasp_mini/ros2_ws/install/sick_scan2:/home/wasp_mini/ros2_ws/install/wasp_mini_controller:/opt/ros/foxy:/opt/ros/noetic:/home/wasp_mini/ros2_ws/install/wasp_mini_joy:/home/wasp_mini/ros2_ws/install/main_waspmini /usr/bin/cmake --install /home/wasp_mini/ros2_ws/build/sick_scan2
[1.646s] Level 1:colcon.colcon_core.environment:create_environment_scripts_only(sick_scan2)
[1.657s] DEBUG:colcon.colcon_core.event_handler.log_command:Invoked command in '/home/wasp_mini/ros2_ws/build/sick_scan2' returned '0': CMAKE_PREFIX_PATH=/home/wasp_mini/ros2_ws/install/vectornav:/home/wasp_mini/ros2_ws/install/vectornav_msgs:/home/wasp_mini/ros2_ws/install/sick_scan2:/home/wasp_mini/ros2_ws/install/wasp_mini_controller:/opt/ros/foxy:/opt/ros/noetic:/home/wasp_mini/ros2_ws/install/wasp_mini_joy:/home/wasp_mini/ros2_ws/install/main_waspmini /usr/bin/cmake --install /home/wasp_mini/ros2_ws/build/sick_scan2
[1.662s] Level 1:colcon.colcon_core.environment:checking '/home/wasp_mini/ros2_ws/install/sick_scan2' for CMake module files
[1.664s] Level 1:colcon.colcon_core.environment:checking '/home/wasp_mini/ros2_ws/install/sick_scan2' for CMake config files
[1.665s] Level 1:colcon.colcon_core.shell:create_environment_hook('sick_scan2', 'cmake_prefix_path')
[1.667s] INFO:colcon.colcon_core.shell:Creating environment hook '/home/wasp_mini/ros2_ws/install/sick_scan2/share/sick_scan2/hook/cmake_prefix_path.ps1'
[1.669s] INFO:colcon.colcon_core.shell:Creating environment descriptor '/home/wasp_mini/ros2_ws/install/sick_scan2/share/sick_scan2/hook/cmake_prefix_path.dsv'
[1.670s] INFO:colcon.colcon_core.shell:Creating environment hook '/home/wasp_mini/ros2_ws/install/sick_scan2/share/sick_scan2/hook/cmake_prefix_path.sh'
[1.672s] Level 1:colcon.colcon_core.environment:checking '/home/wasp_mini/ros2_ws/install/sick_scan2/lib'
[1.672s] Level 1:colcon.colcon_core.environment:checking '/home/wasp_mini/ros2_ws/install/sick_scan2/bin'
[1.673s] Level 1:colcon.colcon_core.environment:checking '/home/wasp_mini/ros2_ws/install/sick_scan2/lib/pkgconfig/sick_scan2.pc'
[1.673s] Level 1:colcon.colcon_core.environment:checking '/home/wasp_mini/ros2_ws/install/sick_scan2/lib/python3.8/site-packages'
[1.676s] INFO:colcon.colcon_core.shell:Creating package script '/home/wasp_mini/ros2_ws/install/sick_scan2/share/sick_scan2/package.ps1'
[1.679s] INFO:colcon.colcon_core.shell:Creating package descriptor '/home/wasp_mini/ros2_ws/install/sick_scan2/share/sick_scan2/package.dsv'
[1.680s] INFO:colcon.colcon_core.shell:Creating package script '/home/wasp_mini/ros2_ws/install/sick_scan2/share/sick_scan2/package.sh'
[1.683s] INFO:colcon.colcon_core.shell:Creating package script '/home/wasp_mini/ros2_ws/install/sick_scan2/share/sick_scan2/package.bash'
[1.691s] INFO:colcon.colcon_core.shell:Creating package script '/home/wasp_mini/ros2_ws/install/sick_scan2/share/sick_scan2/package.zsh'
[1.693s] Level 1:colcon.colcon_core.environment:create_file_with_runtime_dependencies(/home/wasp_mini/ros2_ws/install/sick_scan2/share/colcon-core/packages/sick_scan2)
[1.702s] Level 1:colcon.colcon_core.environment:create_environment_scripts_only(main_waspmini)
[1.705s] Level 1:colcon.colcon_core.environment:checking '/home/wasp_mini/ros2_ws/install/main_waspmini' for CMake module files
[1.707s] DEBUG:colcon.colcon_core.event_handler.log_command:Invoked command in '/home/wasp_mini/ros2_ws/build/main_waspmini' returned '0': CMAKE_PREFIX_PATH=/home/wasp_mini/ros2_ws/install/vectornav:/home/wasp_mini/ros2_ws/install/vectornav_msgs:/home/wasp_mini/ros2_ws/install/sick_scan2:/home/wasp_mini/ros2_ws/install/wasp_mini_controller:/opt/ros/foxy:/opt/ros/noetic:/home/wasp_mini/ros2_ws/install/wasp_mini_joy:/home/wasp_mini/ros2_ws/install/main_waspmini /usr/bin/cmake --install /home/wasp_mini/ros2_ws/build/main_waspmini
[1.709s] Level 1:colcon.colcon_core.environment:checking '/home/wasp_mini/ros2_ws/install/main_waspmini' for CMake config files
[1.710s] Level 1:colcon.colcon_core.shell:create_environment_hook('main_waspmini', 'cmake_prefix_path')
[1.712s] INFO:colcon.colcon_core.shell:Creating environment hook '/home/wasp_mini/ros2_ws/install/main_waspmini/share/main_waspmini/hook/cmake_prefix_path.ps1'
[1.713s] INFO:colcon.colcon_core.shell:Creating environment descriptor '/home/wasp_mini/ros2_ws/install/main_waspmini/share/main_waspmini/hook/cmake_prefix_path.dsv'
[1.714s] INFO:colcon.colcon_core.shell:Creating environment hook '/home/wasp_mini/ros2_ws/install/main_waspmini/share/main_waspmini/hook/cmake_prefix_path.sh'
[1.716s] Level 1:colcon.colcon_core.environment:checking '/home/wasp_mini/ros2_ws/install/main_waspmini/lib'
[1.716s] Level 1:colcon.colcon_core.environment:checking '/home/wasp_mini/ros2_ws/install/main_waspmini/bin'
[1.716s] Level 1:colcon.colcon_core.environment:checking '/home/wasp_mini/ros2_ws/install/main_waspmini/lib/pkgconfig/main_waspmini.pc'
[1.717s] Level 1:colcon.colcon_core.environment:checking '/home/wasp_mini/ros2_ws/install/main_waspmini/lib/python3.8/site-packages'
[1.717s] Level 1:colcon.colcon_core.shell:create_environment_hook('main_waspmini', 'pythonpath')
[1.719s] INFO:colcon.colcon_core.shell:Creating environment hook '/home/wasp_mini/ros2_ws/install/main_waspmini/share/main_waspmini/hook/pythonpath.ps1'
[1.720s] INFO:colcon.colcon_core.shell:Creating environment descriptor '/home/wasp_mini/ros2_ws/install/main_waspmini/share/main_waspmini/hook/pythonpath.dsv'
[1.721s] INFO:colcon.colcon_core.shell:Creating environment hook '/home/wasp_mini/ros2_ws/install/main_waspmini/share/main_waspmini/hook/pythonpath.sh'
[1.724s] INFO:colcon.colcon_core.shell:Creating package script '/home/wasp_mini/ros2_ws/install/main_waspmini/share/main_waspmini/package.ps1'
[1.725s] INFO:colcon.colcon_core.shell:Creating package descriptor '/home/wasp_mini/ros2_ws/install/main_waspmini/share/main_waspmini/package.dsv'
[1.726s] INFO:colcon.colcon_core.shell:Creating package script '/home/wasp_mini/ros2_ws/install/main_waspmini/share/main_waspmini/package.sh'
[1.728s] INFO:colcon.colcon_core.shell:Creating package script '/home/wasp_mini/ros2_ws/install/main_waspmini/share/main_waspmini/package.bash'
[1.729s] INFO:colcon.colcon_core.shell:Creating package script '/home/wasp_mini/ros2_ws/install/main_waspmini/share/main_waspmini/package.zsh'
[1.730s] Level 1:colcon.colcon_core.environment:create_file_with_runtime_dependencies(/home/wasp_mini/ros2_ws/install/main_waspmini/share/colcon-core/packages/main_waspmini)
[1.793s] Level 1:colcon.colcon_core.environment:create_environment_scripts_only(main_waspmini)
[1.796s] Level 1:colcon.colcon_core.environment:checking '/home/wasp_mini/ros2_ws/install/main_waspmini' for CMake module files
[1.797s] Level 1:colcon.colcon_core.environment:checking '/home/wasp_mini/ros2_ws/install/main_waspmini' for CMake config files
[1.798s] Level 1:colcon.colcon_core.shell:create_environment_hook('main_waspmini', 'cmake_prefix_path')
[1.799s] INFO:colcon.colcon_core.shell:Creating environment hook '/home/wasp_mini/ros2_ws/install/main_waspmini/share/main_waspmini/hook/cmake_prefix_path.ps1'
[1.800s] INFO:colcon.colcon_core.shell:Creating environment descriptor '/home/wasp_mini/ros2_ws/install/main_waspmini/share/main_waspmini/hook/cmake_prefix_path.dsv'
[1.801s] INFO:colcon.colcon_core.shell:Creating environment hook '/home/wasp_mini/ros2_ws/install/main_waspmini/share/main_waspmini/hook/cmake_prefix_path.sh'
[1.802s] Level 1:colcon.colcon_core.environment:checking '/home/wasp_mini/ros2_ws/install/main_waspmini/lib'
[1.802s] Level 1:colcon.colcon_core.environment:checking '/home/wasp_mini/ros2_ws/install/main_waspmini/bin'
[1.802s] Level 1:colcon.colcon_core.environment:checking '/home/wasp_mini/ros2_ws/install/main_waspmini/lib/pkgconfig/main_waspmini.pc'
[1.802s] Level 1:colcon.colcon_core.environment:checking '/home/wasp_mini/ros2_ws/install/main_waspmini/lib/python3.8/site-packages'
[1.802s] Level 1:colcon.colcon_core.shell:create_environment_hook('main_waspmini', 'pythonpath')
[1.803s] INFO:colcon.colcon_core.shell:Creating environment hook '/home/wasp_mini/ros2_ws/install/main_waspmini/share/main_waspmini/hook/pythonpath.ps1'
[1.804s] INFO:colcon.colcon_core.shell:Creating environment descriptor '/home/wasp_mini/ros2_ws/install/main_waspmini/share/main_waspmini/hook/pythonpath.dsv'
[1.805s] INFO:colcon.colcon_core.shell:Creating environment hook '/home/wasp_mini/ros2_ws/install/main_waspmini/share/main_waspmini/hook/pythonpath.sh'
[1.808s] INFO:colcon.colcon_core.shell:Creating package script '/home/wasp_mini/ros2_ws/install/main_waspmini/share/main_waspmini/package.ps1'
[1.810s] INFO:colcon.colcon_core.shell:Creating package descriptor '/home/wasp_mini/ros2_ws/install/main_waspmini/share/main_waspmini/package.dsv'
[1.812s] INFO:colcon.colcon_core.shell:Creating package script '/home/wasp_mini/ros2_ws/install/main_waspmini/share/main_waspmini/package.sh'
[1.813s] INFO:colcon.colcon_core.shell:Creating package script '/home/wasp_mini/ros2_ws/install/main_waspmini/share/main_waspmini/package.bash'
[1.814s] INFO:colcon.colcon_core.shell:Creating package script '/home/wasp_mini/ros2_ws/install/main_waspmini/share/main_waspmini/package.zsh'
[1.815s] Level 1:colcon.colcon_core.environment:create_file_with_runtime_dependencies(/home/wasp_mini/ros2_ws/install/main_waspmini/share/colcon-core/packages/main_waspmini)
[1.816s] INFO:colcon.colcon_ros.task.ament_cmake.build:Building ROS package in '/home/wasp_mini/ros2_ws/src/wasp_mini_joy' with build type 'ament_cmake'
[1.817s] INFO:colcon.colcon_cmake.task.cmake.build:Building CMake package in '/home/wasp_mini/ros2_ws/src/wasp_mini_joy'
[1.819s] INFO:colcon.colcon_core.shell:Skip shell extension 'powershell' for command environment: Not usable outside of PowerShell
[1.819s] DEBUG:colcon.colcon_core.shell:Skip shell extension 'dsv' for command environment
[1.827s] DEBUG:colcon.colcon_core.shell:Ignoring prefix path '/opt/ros/foxy'
[1.827s] DEBUG:colcon.colcon_core.shell:Ignoring prefix path '/opt/ros/noetic'
[1.851s] DEBUG:colcon.colcon_core.event_handler.log_command:Invoking command in '/home/wasp_mini/ros2_ws/build/wasp_mini_joy': CMAKE_PREFIX_PATH=/home/wasp_mini/ros2_ws/install/vectornav:/home/wasp_mini/ros2_ws/install/vectornav_msgs:/home/wasp_mini/ros2_ws/install/sick_scan2:/home/wasp_mini/ros2_ws/install/wasp_mini_controller:/opt/ros/foxy:/opt/ros/noetic:/home/wasp_mini/ros2_ws/install/wasp_mini_joy:/home/wasp_mini/ros2_ws/install/main_waspmini /usr/bin/cmake --build /home/wasp_mini/ros2_ws/build/wasp_mini_joy -- -j4 -l4
[1.875s] Level 1:colcon.colcon_core.environment:create_environment_scripts_only(sick_scan2)
[1.878s] Level 1:colcon.colcon_core.environment:checking '/home/wasp_mini/ros2_ws/install/sick_scan2' for CMake module files
[1.880s] Level 1:colcon.colcon_core.environment:checking '/home/wasp_mini/ros2_ws/install/sick_scan2' for CMake config files
[1.882s] Level 1:colcon.colcon_core.shell:create_environment_hook('sick_scan2', 'cmake_prefix_path')
[1.884s] INFO:colcon.colcon_core.shell:Creating environment hook '/home/wasp_mini/ros2_ws/install/sick_scan2/share/sick_scan2/hook/cmake_prefix_path.ps1'
[1.885s] INFO:colcon.colcon_core.shell:Creating environment descriptor '/home/wasp_mini/ros2_ws/install/sick_scan2/share/sick_scan2/hook/cmake_prefix_path.dsv'
[1.886s] INFO:colcon.colcon_core.shell:Creating environment hook '/home/wasp_mini/ros2_ws/install/sick_scan2/share/sick_scan2/hook/cmake_prefix_path.sh'
[1.887s] Level 1:colcon.colcon_core.environment:checking '/home/wasp_mini/ros2_ws/install/sick_scan2/lib'
[1.888s] Level 1:colcon.colcon_core.environment:checking '/home/wasp_mini/ros2_ws/install/sick_scan2/bin'
[1.888s] Level 1:colcon.colcon_core.environment:checking '/home/wasp_mini/ros2_ws/install/sick_scan2/lib/pkgconfig/sick_scan2.pc'
[1.888s] Level 1:colcon.colcon_core.environment:checking '/home/wasp_mini/ros2_ws/install/sick_scan2/lib/python3.8/site-packages'
[1.890s] INFO:colcon.colcon_core.shell:Creating package script '/home/wasp_mini/ros2_ws/install/sick_scan2/share/sick_scan2/package.ps1'
[1.892s] INFO:colcon.colcon_core.shell:Creating package descriptor '/home/wasp_mini/ros2_ws/install/sick_scan2/share/sick_scan2/package.dsv'
[1.893s] INFO:colcon.colcon_core.shell:Creating package script '/home/wasp_mini/ros2_ws/install/sick_scan2/share/sick_scan2/package.sh'
[1.894s] INFO:colcon.colcon_core.shell:Creating package script '/home/wasp_mini/ros2_ws/install/sick_scan2/share/sick_scan2/package.bash'
[1.896s] INFO:colcon.colcon_core.shell:Creating package script '/home/wasp_mini/ros2_ws/install/sick_scan2/share/sick_scan2/package.zsh'
[1.897s] Level 1:colcon.colcon_core.environment:create_file_with_runtime_dependencies(/home/wasp_mini/ros2_ws/install/sick_scan2/share/colcon-core/packages/sick_scan2)
[1.980s] DEBUG:colcon.colcon_core.event_handler.log_command:Invoking command in '/home/wasp_mini/ros2_ws/build/vectornav_msgs': CMAKE_PREFIX_PATH=/home/wasp_mini/ros2_ws/install/vectornav:/home/wasp_mini/ros2_ws/install/vectornav_msgs:/home/wasp_mini/ros2_ws/install/sick_scan2:/home/wasp_mini/ros2_ws/install/wasp_mini_controller:/opt/ros/foxy:/opt/ros/noetic:/home/wasp_mini/ros2_ws/install/wasp_mini_joy:/home/wasp_mini/ros2_ws/install/main_waspmini /usr/bin/cmake --install /home/wasp_mini/ros2_ws/build/vectornav_msgs
[2.059s] DEBUG:colcon.colcon_core.event_handler.log_command:Invoked command in '/home/wasp_mini/ros2_ws/build/wasp_mini_joy' returned '0': CMAKE_PREFIX_PATH=/home/wasp_mini/ros2_ws/install/vectornav:/home/wasp_mini/ros2_ws/install/vectornav_msgs:/home/wasp_mini/ros2_ws/install/sick_scan2:/home/wasp_mini/ros2_ws/install/wasp_mini_controller:/opt/ros/foxy:/opt/ros/noetic:/home/wasp_mini/ros2_ws/install/wasp_mini_joy:/home/wasp_mini/ros2_ws/install/main_waspmini /usr/bin/cmake --build /home/wasp_mini/ros2_ws/build/wasp_mini_joy -- -j4 -l4
[2.117s] DEBUG:colcon.colcon_core.event_handler.log_command:Invoking command in '/home/wasp_mini/ros2_ws/build/wasp_mini_joy': CMAKE_PREFIX_PATH=/home/wasp_mini/ros2_ws/install/vectornav:/home/wasp_mini/ros2_ws/install/vectornav_msgs:/home/wasp_mini/ros2_ws/install/sick_scan2:/home/wasp_mini/ros2_ws/install/wasp_mini_controller:/opt/ros/foxy:/opt/ros/noetic:/home/wasp_mini/ros2_ws/install/wasp_mini_joy:/home/wasp_mini/ros2_ws/install/main_waspmini /usr/bin/cmake --install /home/wasp_mini/ros2_ws/build/wasp_mini_joy
[2.137s] Level 1:colcon.colcon_core.environment:create_environment_scripts_only(vectornav_msgs)
[2.140s] Level 1:colcon.colcon_core.environment:checking '/home/wasp_mini/ros2_ws/install/vectornav_msgs' for CMake module files
[2.145s] DEBUG:colcon.colcon_core.event_handler.log_command:Invoked command in '/home/wasp_mini/ros2_ws/build/vectornav_msgs' returned '0': CMAKE_PREFIX_PATH=/home/wasp_mini/ros2_ws/install/vectornav:/home/wasp_mini/ros2_ws/install/vectornav_msgs:/home/wasp_mini/ros2_ws/install/sick_scan2:/home/wasp_mini/ros2_ws/install/wasp_mini_controller:/opt/ros/foxy:/opt/ros/noetic:/home/wasp_mini/ros2_ws/install/wasp_mini_joy:/home/wasp_mini/ros2_ws/install/main_waspmini /usr/bin/cmake --install /home/wasp_mini/ros2_ws/build/vectornav_msgs
[2.145s] Level 1:colcon.colcon_core.environment:checking '/home/wasp_mini/ros2_ws/install/vectornav_msgs' for CMake config files
[2.148s] Level 1:colcon.colcon_core.shell:create_environment_hook('vectornav_msgs', 'cmake_prefix_path')
[2.150s] INFO:colcon.colcon_core.shell:Creating environment hook '/home/wasp_mini/ros2_ws/install/vectornav_msgs/share/vectornav_msgs/hook/cmake_prefix_path.ps1'
[2.153s] INFO:colcon.colcon_core.shell:Creating environment descriptor '/home/wasp_mini/ros2_ws/install/vectornav_msgs/share/vectornav_msgs/hook/cmake_prefix_path.dsv'
[2.154s] INFO:colcon.colcon_core.shell:Creating environment hook '/home/wasp_mini/ros2_ws/install/vectornav_msgs/share/vectornav_msgs/hook/cmake_prefix_path.sh'
[2.155s] Level 1:colcon.colcon_core.environment:checking '/home/wasp_mini/ros2_ws/install/vectornav_msgs/lib'
[2.155s] Level 1:colcon.colcon_core.shell:create_environment_hook('vectornav_msgs', 'ld_library_path_lib')
[2.156s] INFO:colcon.colcon_core.shell:Creating environment hook '/home/wasp_mini/ros2_ws/install/vectornav_msgs/share/vectornav_msgs/hook/ld_library_path_lib.ps1'
[2.157s] INFO:colcon.colcon_core.shell:Creating environment descriptor '/home/wasp_mini/ros2_ws/install/vectornav_msgs/share/vectornav_msgs/hook/ld_library_path_lib.dsv'
[2.157s] INFO:colcon.colcon_core.shell:Creating environment hook '/home/wasp_mini/ros2_ws/install/vectornav_msgs/share/vectornav_msgs/hook/ld_library_path_lib.sh'
[2.158s] Level 1:colcon.colcon_core.environment:checking '/home/wasp_mini/ros2_ws/install/vectornav_msgs/bin'
[2.158s] Level 1:colcon.colcon_core.environment:checking '/home/wasp_mini/ros2_ws/install/vectornav_msgs/lib/pkgconfig/vectornav_msgs.pc'
[2.158s] Level 1:colcon.colcon_core.environment:checking '/home/wasp_mini/ros2_ws/install/vectornav_msgs/lib/python3.8/site-packages'
[2.158s] Level 1:colcon.colcon_core.shell:create_environment_hook('vectornav_msgs', 'pythonpath')
[2.159s] INFO:colcon.colcon_core.shell:Creating environment hook '/home/wasp_mini/ros2_ws/install/vectornav_msgs/share/vectornav_msgs/hook/pythonpath.ps1'
[2.160s] INFO:colcon.colcon_core.shell:Creating environment descriptor '/home/wasp_mini/ros2_ws/install/vectornav_msgs/share/vectornav_msgs/hook/pythonpath.dsv'
[2.160s] INFO:colcon.colcon_core.shell:Creating environment hook '/home/wasp_mini/ros2_ws/install/vectornav_msgs/share/vectornav_msgs/hook/pythonpath.sh'
[2.162s] INFO:colcon.colcon_core.shell:Creating package script '/home/wasp_mini/ros2_ws/install/vectornav_msgs/share/vectornav_msgs/package.ps1'
[2.163s] INFO:colcon.colcon_core.shell:Creating package descriptor '/home/wasp_mini/ros2_ws/install/vectornav_msgs/share/vectornav_msgs/package.dsv'
[2.164s] INFO:colcon.colcon_core.shell:Creating package script '/home/wasp_mini/ros2_ws/install/vectornav_msgs/share/vectornav_msgs/package.sh'
[2.165s] INFO:colcon.colcon_core.shell:Creating package script '/home/wasp_mini/ros2_ws/install/vectornav_msgs/share/vectornav_msgs/package.bash'
[2.166s] INFO:colcon.colcon_core.shell:Creating package script '/home/wasp_mini/ros2_ws/install/vectornav_msgs/share/vectornav_msgs/package.zsh'
[2.167s] Level 1:colcon.colcon_core.environment:create_file_with_runtime_dependencies(/home/wasp_mini/ros2_ws/install/vectornav_msgs/share/colcon-core/packages/vectornav_msgs)
[2.174s] Level 1:colcon.colcon_core.environment:create_environment_scripts_only(wasp_mini_joy)
[2.177s] Level 1:colcon.colcon_core.environment:checking '/home/wasp_mini/ros2_ws/install/wasp_mini_joy' for CMake module files
[2.179s] DEBUG:colcon.colcon_core.event_handler.log_command:Invoked command in '/home/wasp_mini/ros2_ws/build/wasp_mini_joy' returned '0': CMAKE_PREFIX_PATH=/home/wasp_mini/ros2_ws/install/vectornav:/home/wasp_mini/ros2_ws/install/vectornav_msgs:/home/wasp_mini/ros2_ws/install/sick_scan2:/home/wasp_mini/ros2_ws/install/wasp_mini_controller:/opt/ros/foxy:/opt/ros/noetic:/home/wasp_mini/ros2_ws/install/wasp_mini_joy:/home/wasp_mini/ros2_ws/install/main_waspmini /usr/bin/cmake --install /home/wasp_mini/ros2_ws/build/wasp_mini_joy
[2.180s] Level 1:colcon.colcon_core.environment:checking '/home/wasp_mini/ros2_ws/install/wasp_mini_joy' for CMake config files
[2.180s] Level 1:colcon.colcon_core.shell:create_environment_hook('wasp_mini_joy', 'cmake_prefix_path')
[2.182s] INFO:colcon.colcon_core.shell:Creating environment hook '/home/wasp_mini/ros2_ws/install/wasp_mini_joy/share/wasp_mini_joy/hook/cmake_prefix_path.ps1'
[2.183s] INFO:colcon.colcon_core.shell:Creating environment descriptor '/home/wasp_mini/ros2_ws/install/wasp_mini_joy/share/wasp_mini_joy/hook/cmake_prefix_path.dsv'
[2.184s] INFO:colcon.colcon_core.shell:Creating environment hook '/home/wasp_mini/ros2_ws/install/wasp_mini_joy/share/wasp_mini_joy/hook/cmake_prefix_path.sh'
[2.185s] Level 1:colcon.colcon_core.environment:checking '/home/wasp_mini/ros2_ws/install/wasp_mini_joy/lib'
[2.185s] Level 1:colcon.colcon_core.environment:checking '/home/wasp_mini/ros2_ws/install/wasp_mini_joy/bin'
[2.185s] Level 1:colcon.colcon_core.environment:checking '/home/wasp_mini/ros2_ws/install/wasp_mini_joy/lib/pkgconfig/wasp_mini_joy.pc'
[2.186s] Level 1:colcon.colcon_core.environment:checking '/home/wasp_mini/ros2_ws/install/wasp_mini_joy/lib/python3.8/site-packages'
[2.187s] INFO:colcon.colcon_core.shell:Creating package script '/home/wasp_mini/ros2_ws/install/wasp_mini_joy/share/wasp_mini_joy/package.ps1'
[2.188s] INFO:colcon.colcon_core.shell:Creating package descriptor '/home/wasp_mini/ros2_ws/install/wasp_mini_joy/share/wasp_mini_joy/package.dsv'
[2.189s] INFO:colcon.colcon_core.shell:Creating package script '/home/wasp_mini/ros2_ws/install/wasp_mini_joy/share/wasp_mini_joy/package.sh'
[2.190s] INFO:colcon.colcon_core.shell:Creating package script '/home/wasp_mini/ros2_ws/install/wasp_mini_joy/share/wasp_mini_joy/package.bash'
[2.191s] INFO:colcon.colcon_core.shell:Creating package script '/home/wasp_mini/ros2_ws/install/wasp_mini_joy/share/wasp_mini_joy/package.zsh'
[2.191s] Level 1:colcon.colcon_core.environment:create_file_with_runtime_dependencies(/home/wasp_mini/ros2_ws/install/wasp_mini_joy/share/colcon-core/packages/wasp_mini_joy)
[2.243s] Level 1:colcon.colcon_core.environment:create_environment_scripts_only(wasp_mini_joy)
[2.246s] Level 1:colcon.colcon_core.environment:checking '/home/wasp_mini/ros2_ws/install/wasp_mini_joy' for CMake module files
[2.249s] Level 1:colcon.colcon_core.environment:checking '/home/wasp_mini/ros2_ws/install/wasp_mini_joy' for CMake config files
[2.250s] Level 1:colcon.colcon_core.shell:create_environment_hook('wasp_mini_joy', 'cmake_prefix_path')
[2.252s] INFO:colcon.colcon_core.shell:Creating environment hook '/home/wasp_mini/ros2_ws/install/wasp_mini_joy/share/wasp_mini_joy/hook/cmake_prefix_path.ps1'
[2.253s] INFO:colcon.colcon_core.shell:Creating environment descriptor '/home/wasp_mini/ros2_ws/install/wasp_mini_joy/share/wasp_mini_joy/hook/cmake_prefix_path.dsv'
[2.255s] INFO:colcon.colcon_core.shell:Creating environment hook '/home/wasp_mini/ros2_ws/install/wasp_mini_joy/share/wasp_mini_joy/hook/cmake_prefix_path.sh'
[2.256s] Level 1:colcon.colcon_core.environment:checking '/home/wasp_mini/ros2_ws/install/wasp_mini_joy/lib'
[2.256s] Level 1:colcon.colcon_core.environment:checking '/home/wasp_mini/ros2_ws/install/wasp_mini_joy/bin'
[2.257s] Level 1:colcon.colcon_core.environment:checking '/home/wasp_mini/ros2_ws/install/wasp_mini_joy/lib/pkgconfig/wasp_mini_joy.pc'
[2.257s] Level 1:colcon.colcon_core.environment:checking '/home/wasp_mini/ros2_ws/install/wasp_mini_joy/lib/python3.8/site-packages'
[2.259s] INFO:colcon.colcon_core.shell:Creating package script '/home/wasp_mini/ros2_ws/install/wasp_mini_joy/share/wasp_mini_joy/package.ps1'
[2.261s] INFO:colcon.colcon_core.shell:Creating package descriptor '/home/wasp_mini/ros2_ws/install/wasp_mini_joy/share/wasp_mini_joy/package.dsv'
[2.262s] INFO:colcon.colcon_core.shell:Creating package script '/home/wasp_mini/ros2_ws/install/wasp_mini_joy/share/wasp_mini_joy/package.sh'
[2.263s] INFO:colcon.colcon_core.shell:Creating package script '/home/wasp_mini/ros2_ws/install/wasp_mini_joy/share/wasp_mini_joy/package.bash'
[2.264s] INFO:colcon.colcon_core.shell:Creating package script '/home/wasp_mini/ros2_ws/install/wasp_mini_joy/share/wasp_mini_joy/package.zsh'
[2.265s] Level 1:colcon.colcon_core.environment:create_file_with_runtime_dependencies(/home/wasp_mini/ros2_ws/install/wasp_mini_joy/share/colcon-core/packages/wasp_mini_joy)
[2.341s] Level 1:colcon.colcon_core.environment:checking '/home/wasp_mini/ros2_ws/install/wasp_mini_controller' for CMake module files
[2.342s] DEBUG:colcon.colcon_core.event_handler.log_command:Invoked command in '/home/wasp_mini/ros2_ws/src/wasp_mini_controller' returned '0': PYTHONPATH=/home/wasp_mini/ros2_ws/install/wasp_mini_controller/lib/python3.8/site-packages:${PYTHONPATH} /usr/bin/python3 setup.py egg_info --egg-base ../../build/wasp_mini_controller build --build-base /home/wasp_mini/ros2_ws/build/wasp_mini_controller/build install --prefix /home/wasp_mini/ros2_ws/install/wasp_mini_controller --record /home/wasp_mini/ros2_ws/build/wasp_mini_controller/install.log --single-version-externally-managed
[2.343s] Level 1:colcon.colcon_core.environment:checking '/home/wasp_mini/ros2_ws/install/wasp_mini_controller' for CMake config files
[2.344s] Level 1:colcon.colcon_core.environment:checking '/home/wasp_mini/ros2_ws/install/wasp_mini_controller/lib'
[2.344s] Level 1:colcon.colcon_core.environment:checking '/home/wasp_mini/ros2_ws/install/wasp_mini_controller/bin'
[2.344s] Level 1:colcon.colcon_core.environment:checking '/home/wasp_mini/ros2_ws/install/wasp_mini_controller/lib/pkgconfig/wasp_mini_controller.pc'
[2.344s] Level 1:colcon.colcon_core.environment:checking '/home/wasp_mini/ros2_ws/install/wasp_mini_controller/lib/python3.8/site-packages'
[2.344s] Level 1:colcon.colcon_core.shell:create_environment_hook('wasp_mini_controller', 'pythonpath')
[2.345s] INFO:colcon.colcon_core.shell:Creating environment hook '/home/wasp_mini/ros2_ws/install/wasp_mini_controller/share/wasp_mini_controller/hook/pythonpath.ps1'
[2.346s] INFO:colcon.colcon_core.shell:Creating environment descriptor '/home/wasp_mini/ros2_ws/install/wasp_mini_controller/share/wasp_mini_controller/hook/pythonpath.dsv'
[2.346s] INFO:colcon.colcon_core.shell:Creating environment hook '/home/wasp_mini/ros2_ws/install/wasp_mini_controller/share/wasp_mini_controller/hook/pythonpath.sh'
[2.347s] Level 1:colcon.colcon_core.environment:create_environment_scripts_only(wasp_mini_controller)
[2.348s] INFO:colcon.colcon_core.shell:Creating package script '/home/wasp_mini/ros2_ws/install/wasp_mini_controller/share/wasp_mini_controller/package.ps1'
[2.349s] INFO:colcon.colcon_core.shell:Creating package descriptor '/home/wasp_mini/ros2_ws/install/wasp_mini_controller/share/wasp_mini_controller/package.dsv'
[2.350s] INFO:colcon.colcon_core.shell:Creating package script '/home/wasp_mini/ros2_ws/install/wasp_mini_controller/share/wasp_mini_controller/package.sh'
[2.351s] INFO:colcon.colcon_core.shell:Creating package script '/home/wasp_mini/ros2_ws/install/wasp_mini_controller/share/wasp_mini_controller/package.bash'
[2.351s] INFO:colcon.colcon_core.shell:Creating package script '/home/wasp_mini/ros2_ws/install/wasp_mini_controller/share/wasp_mini_controller/package.zsh'
[2.352s] Level 1:colcon.colcon_core.environment:create_file_with_runtime_dependencies(/home/wasp_mini/ros2_ws/install/wasp_mini_controller/share/colcon-core/packages/wasp_mini_controller)
[2.538s] Level 1:colcon.colcon_core.environment:create_environment_scripts_only(vectornav_msgs)
[2.540s] Level 1:colcon.colcon_core.environment:checking '/home/wasp_mini/ros2_ws/install/vectornav_msgs' for CMake module files
[2.541s] Level 1:colcon.colcon_core.environment:checking '/home/wasp_mini/ros2_ws/install/vectornav_msgs' for CMake config files
[2.542s] Level 1:colcon.colcon_core.shell:create_environment_hook('vectornav_msgs', 'cmake_prefix_path')
[2.543s] INFO:colcon.colcon_core.shell:Creating environment hook '/home/wasp_mini/ros2_ws/install/vectornav_msgs/share/vectornav_msgs/hook/cmake_prefix_path.ps1'
[2.545s] INFO:colcon.colcon_core.shell:Creating environment descriptor '/home/wasp_mini/ros2_ws/install/vectornav_msgs/share/vectornav_msgs/hook/cmake_prefix_path.dsv'
[2.545s] INFO:colcon.colcon_core.shell:Creating environment hook '/home/wasp_mini/ros2_ws/install/vectornav_msgs/share/vectornav_msgs/hook/cmake_prefix_path.sh'
[2.546s] Level 1:colcon.colcon_core.environment:checking '/home/wasp_mini/ros2_ws/install/vectornav_msgs/lib'
[2.546s] Level 1:colcon.colcon_core.shell:create_environment_hook('vectornav_msgs', 'ld_library_path_lib')
[2.548s] INFO:colcon.colcon_core.shell:Creating environment hook '/home/wasp_mini/ros2_ws/install/vectornav_msgs/share/vectornav_msgs/hook/ld_library_path_lib.ps1'
[2.548s] INFO:colcon.colcon_core.shell:Creating environment descriptor '/home/wasp_mini/ros2_ws/install/vectornav_msgs/share/vectornav_msgs/hook/ld_library_path_lib.dsv'
[2.549s] INFO:colcon.colcon_core.shell:Creating environment hook '/home/wasp_mini/ros2_ws/install/vectornav_msgs/share/vectornav_msgs/hook/ld_library_path_lib.sh'
[2.549s] Level 1:colcon.colcon_core.environment:checking '/home/wasp_mini/ros2_ws/install/vectornav_msgs/bin'
[2.550s] Level 1:colcon.colcon_core.environment:checking '/home/wasp_mini/ros2_ws/install/vectornav_msgs/lib/pkgconfig/vectornav_msgs.pc'
[2.550s] Level 1:colcon.colcon_core.environment:checking '/home/wasp_mini/ros2_ws/install/vectornav_msgs/lib/python3.8/site-packages'
[2.550s] Level 1:colcon.colcon_core.shell:create_environment_hook('vectornav_msgs', 'pythonpath')
[2.551s] INFO:colcon.colcon_core.shell:Creating environment hook '/home/wasp_mini/ros2_ws/install/vectornav_msgs/share/vectornav_msgs/hook/pythonpath.ps1'
[2.552s] INFO:colcon.colcon_core.shell:Creating environment descriptor '/home/wasp_mini/ros2_ws/install/vectornav_msgs/share/vectornav_msgs/hook/pythonpath.dsv'
[2.552s] INFO:colcon.colcon_core.shell:Creating environment hook '/home/wasp_mini/ros2_ws/install/vectornav_msgs/share/vectornav_msgs/hook/pythonpath.sh'
[2.554s] INFO:colcon.colcon_core.shell:Creating package script '/home/wasp_mini/ros2_ws/install/vectornav_msgs/share/vectornav_msgs/package.ps1'
[2.557s] INFO:colcon.colcon_core.shell:Creating package descriptor '/home/wasp_mini/ros2_ws/install/vectornav_msgs/share/vectornav_msgs/package.dsv'
[2.558s] INFO:colcon.colcon_core.shell:Creating package script '/home/wasp_mini/ros2_ws/install/vectornav_msgs/share/vectornav_msgs/package.sh'
[2.560s] INFO:colcon.colcon_core.shell:Creating package script '/home/wasp_mini/ros2_ws/install/vectornav_msgs/share/vectornav_msgs/package.bash'
[2.560s] INFO:colcon.colcon_core.shell:Creating package script '/home/wasp_mini/ros2_ws/install/vectornav_msgs/share/vectornav_msgs/package.zsh'
[2.561s] Level 1:colcon.colcon_core.environment:create_file_with_runtime_dependencies(/home/wasp_mini/ros2_ws/install/vectornav_msgs/share/colcon-core/packages/vectornav_msgs)
[2.562s] INFO:colcon.colcon_ros.task.ament_cmake.build:Building ROS package in '/home/wasp_mini/ros2_ws/src/vectornav/vectornav' with build type 'ament_cmake'
[2.562s] INFO:colcon.colcon_cmake.task.cmake.build:Building CMake package in '/home/wasp_mini/ros2_ws/src/vectornav/vectornav'
[2.563s] INFO:colcon.colcon_core.shell:Skip shell extension 'powershell' for command environment: Not usable outside of PowerShell
[2.563s] DEBUG:colcon.colcon_core.shell:Skip shell extension 'dsv' for command environment
[2.568s] DEBUG:colcon.colcon_core.shell:Ignoring prefix path '/opt/ros/foxy'
[2.568s] DEBUG:colcon.colcon_core.shell:Ignoring prefix path '/opt/ros/noetic'
[2.586s] DEBUG:colcon.colcon_core.event_handler.log_command:Invoking command in '/home/wasp_mini/ros2_ws/build/vectornav': CMAKE_PREFIX_PATH=/home/wasp_mini/ros2_ws/install/vectornav_msgs:/home/wasp_mini/ros2_ws/install/vectornav:/home/wasp_mini/ros2_ws/install/sick_scan2:/home/wasp_mini/ros2_ws/install/wasp_mini_controller:/opt/ros/foxy:/opt/ros/noetic:/home/wasp_mini/ros2_ws/install/wasp_mini_joy:/home/wasp_mini/ros2_ws/install/main_waspmini LD_LIBRARY_PATH=/home/wasp_mini/ros2_ws/install/vectornav_msgs/lib:/home/wasp_mini/ros2_ws/install/vectornav/lib:/opt/ros/noetic/lib:/opt/ros/foxy/opt/yaml_cpp_vendor/lib:/opt/ros/foxy/opt/rviz_ogre_vendor/lib:/opt/ros/foxy/lib/x86_64-linux-gnu:/opt/ros/foxy/lib /usr/bin/cmake --build /home/wasp_mini/ros2_ws/build/vectornav -- -j4 -l4
[11.722s] DEBUG:colcon.colcon_core.event_handler.log_command:Invoked command in '/home/wasp_mini/ros2_ws/build/vectornav' returned '0': CMAKE_PREFIX_PATH=/home/wasp_mini/ros2_ws/install/vectornav_msgs:/home/wasp_mini/ros2_ws/install/vectornav:/home/wasp_mini/ros2_ws/install/sick_scan2:/home/wasp_mini/ros2_ws/install/wasp_mini_controller:/opt/ros/foxy:/opt/ros/noetic:/home/wasp_mini/ros2_ws/install/wasp_mini_joy:/home/wasp_mini/ros2_ws/install/main_waspmini LD_LIBRARY_PATH=/home/wasp_mini/ros2_ws/install/vectornav_msgs/lib:/home/wasp_mini/ros2_ws/install/vectornav/lib:/opt/ros/noetic/lib:/opt/ros/foxy/opt/yaml_cpp_vendor/lib:/opt/ros/foxy/opt/rviz_ogre_vendor/lib:/opt/ros/foxy/lib/x86_64-linux-gnu:/opt/ros/foxy/lib /usr/bin/cmake --build /home/wasp_mini/ros2_ws/build/vectornav -- -j4 -l4
[11.769s] DEBUG:colcon.colcon_core.event_handler.log_command:Invoking command in '/home/wasp_mini/ros2_ws/build/vectornav': CMAKE_PREFIX_PATH=/home/wasp_mini/ros2_ws/install/vectornav_msgs:/home/wasp_mini/ros2_ws/install/vectornav:/home/wasp_mini/ros2_ws/install/sick_scan2:/home/wasp_mini/ros2_ws/install/wasp_mini_controller:/opt/ros/foxy:/opt/ros/noetic:/home/wasp_mini/ros2_ws/install/wasp_mini_joy:/home/wasp_mini/ros2_ws/install/main_waspmini LD_LIBRARY_PATH=/home/wasp_mini/ros2_ws/install/vectornav_msgs/lib:/home/wasp_mini/ros2_ws/install/vectornav/lib:/opt/ros/noetic/lib:/opt/ros/foxy/opt/yaml_cpp_vendor/lib:/opt/ros/foxy/opt/rviz_ogre_vendor/lib:/opt/ros/foxy/lib/x86_64-linux-gnu:/opt/ros/foxy/lib /usr/bin/cmake --install /home/wasp_mini/ros2_ws/build/vectornav
[11.794s] Level 1:colcon.colcon_core.environment:create_environment_scripts_only(vectornav)
[11.797s] Level 1:colcon.colcon_core.environment:checking '/home/wasp_mini/ros2_ws/install/vectornav' for CMake module files
[11.799s] Level 1:colcon.colcon_core.environment:checking '/home/wasp_mini/ros2_ws/install/vectornav' for CMake config files
[11.802s] DEBUG:colcon.colcon_core.event_handler.log_command:Invoked command in '/home/wasp_mini/ros2_ws/build/vectornav' returned '0': CMAKE_PREFIX_PATH=/home/wasp_mini/ros2_ws/install/vectornav_msgs:/home/wasp_mini/ros2_ws/install/vectornav:/home/wasp_mini/ros2_ws/install/sick_scan2:/home/wasp_mini/ros2_ws/install/wasp_mini_controller:/opt/ros/foxy:/opt/ros/noetic:/home/wasp_mini/ros2_ws/install/wasp_mini_joy:/home/wasp_mini/ros2_ws/install/main_waspmini LD_LIBRARY_PATH=/home/wasp_mini/ros2_ws/install/vectornav_msgs/lib:/home/wasp_mini/ros2_ws/install/vectornav/lib:/opt/ros/noetic/lib:/opt/ros/foxy/opt/yaml_cpp_vendor/lib:/opt/ros/foxy/opt/rviz_ogre_vendor/lib:/opt/ros/foxy/lib/x86_64-linux-gnu:/opt/ros/foxy/lib /usr/bin/cmake --install /home/wasp_mini/ros2_ws/build/vectornav
[11.802s] Level 1:colcon.colcon_core.shell:create_environment_hook('vectornav', 'cmake_prefix_path')
[11.803s] INFO:colcon.colcon_core.shell:Creating environment hook '/home/wasp_mini/ros2_ws/install/vectornav/share/vectornav/hook/cmake_prefix_path.ps1'
[11.804s] INFO:colcon.colcon_core.shell:Creating environment descriptor '/home/wasp_mini/ros2_ws/install/vectornav/share/vectornav/hook/cmake_prefix_path.dsv'
[11.804s] INFO:colcon.colcon_core.shell:Creating environment hook '/home/wasp_mini/ros2_ws/install/vectornav/share/vectornav/hook/cmake_prefix_path.sh'
[11.805s] Level 1:colcon.colcon_core.environment:checking '/home/wasp_mini/ros2_ws/install/vectornav/lib'
[11.805s] Level 1:colcon.colcon_core.shell:create_environment_hook('vectornav', 'ld_library_path_lib')
[11.806s] INFO:colcon.colcon_core.shell:Creating environment hook '/home/wasp_mini/ros2_ws/install/vectornav/share/vectornav/hook/ld_library_path_lib.ps1'
[11.807s] INFO:colcon.colcon_core.shell:Creating environment descriptor '/home/wasp_mini/ros2_ws/install/vectornav/share/vectornav/hook/ld_library_path_lib.dsv'
[11.807s] INFO:colcon.colcon_core.shell:Creating environment hook '/home/wasp_mini/ros2_ws/install/vectornav/share/vectornav/hook/ld_library_path_lib.sh'
[11.808s] Level 1:colcon.colcon_core.environment:checking '/home/wasp_mini/ros2_ws/install/vectornav/bin'
[11.808s] Level 1:colcon.colcon_core.environment:checking '/home/wasp_mini/ros2_ws/install/vectornav/lib/pkgconfig/vectornav.pc'
[11.808s] Level 1:colcon.colcon_core.environment:checking '/home/wasp_mini/ros2_ws/install/vectornav/lib/python3.8/site-packages'
[11.809s] INFO:colcon.colcon_core.shell:Creating package script '/home/wasp_mini/ros2_ws/install/vectornav/share/vectornav/package.ps1'
[11.810s] INFO:colcon.colcon_core.shell:Creating package descriptor '/home/wasp_mini/ros2_ws/install/vectornav/share/vectornav/package.dsv'
[11.811s] INFO:colcon.colcon_core.shell:Creating package script '/home/wasp_mini/ros2_ws/install/vectornav/share/vectornav/package.sh'
[11.811s] INFO:colcon.colcon_core.shell:Creating package script '/home/wasp_mini/ros2_ws/install/vectornav/share/vectornav/package.bash'
[11.812s] INFO:colcon.colcon_core.shell:Creating package script '/home/wasp_mini/ros2_ws/install/vectornav/share/vectornav/package.zsh'
[11.813s] Level 1:colcon.colcon_core.environment:create_file_with_runtime_dependencies(/home/wasp_mini/ros2_ws/install/vectornav/share/colcon-core/packages/vectornav)
[11.859s] Level 1:colcon.colcon_core.environment:create_environment_scripts_only(vectornav)
[11.861s] Level 1:colcon.colcon_core.environment:checking '/home/wasp_mini/ros2_ws/install/vectornav' for CMake module files
[11.863s] Level 1:colcon.colcon_core.environment:checking '/home/wasp_mini/ros2_ws/install/vectornav' for CMake config files
[11.863s] Level 1:colcon.colcon_core.shell:create_environment_hook('vectornav', 'cmake_prefix_path')
[11.864s] INFO:colcon.colcon_core.shell:Creating environment hook '/home/wasp_mini/ros2_ws/install/vectornav/share/vectornav/hook/cmake_prefix_path.ps1'
[11.865s] INFO:colcon.colcon_core.shell:Creating environment descriptor '/home/wasp_mini/ros2_ws/install/vectornav/share/vectornav/hook/cmake_prefix_path.dsv'
[11.866s] INFO:colcon.colcon_core.shell:Creating environment hook '/home/wasp_mini/ros2_ws/install/vectornav/share/vectornav/hook/cmake_prefix_path.sh'
[11.867s] Level 1:colcon.colcon_core.environment:checking '/home/wasp_mini/ros2_ws/install/vectornav/lib'
[11.867s] Level 1:colcon.colcon_core.shell:create_environment_hook('vectornav', 'ld_library_path_lib')
[11.868s] INFO:colcon.colcon_core.shell:Creating environment hook '/home/wasp_mini/ros2_ws/install/vectornav/share/vectornav/hook/ld_library_path_lib.ps1'
[11.869s] INFO:colcon.colcon_core.shell:Creating environment descriptor '/home/wasp_mini/ros2_ws/install/vectornav/share/vectornav/hook/ld_library_path_lib.dsv'
[11.869s] INFO:colcon.colcon_core.shell:Creating environment hook '/home/wasp_mini/ros2_ws/install/vectornav/share/vectornav/hook/ld_library_path_lib.sh'
[11.870s] Level 1:colcon.colcon_core.environment:checking '/home/wasp_mini/ros2_ws/install/vectornav/bin'
[11.870s] Level 1:colcon.colcon_core.environment:checking '/home/wasp_mini/ros2_ws/install/vectornav/lib/pkgconfig/vectornav.pc'
[11.870s] Level 1:colcon.colcon_core.environment:checking '/home/wasp_mini/ros2_ws/install/vectornav/lib/python3.8/site-packages'
[11.871s] INFO:colcon.colcon_core.shell:Creating package script '/home/wasp_mini/ros2_ws/install/vectornav/share/vectornav/package.ps1'
[11.872s] INFO:colcon.colcon_core.shell:Creating package descriptor '/home/wasp_mini/ros2_ws/install/vectornav/share/vectornav/package.dsv'
[11.873s] INFO:colcon.colcon_core.shell:Creating package script '/home/wasp_mini/ros2_ws/install/vectornav/share/vectornav/package.sh'
[11.874s] INFO:colcon.colcon_core.shell:Creating package script '/home/wasp_mini/ros2_ws/install/vectornav/share/vectornav/package.bash'
[11.874s] INFO:colcon.colcon_core.shell:Creating package script '/home/wasp_mini/ros2_ws/install/vectornav/share/vectornav/package.zsh'
[11.875s] Level 1:colcon.colcon_core.environment:create_file_with_runtime_dependencies(/home/wasp_mini/ros2_ws/install/vectornav/share/colcon-core/packages/vectornav)
[11.876s] DEBUG:colcon.colcon_parallel_executor.executor.parallel:closing loop
[11.877s] DEBUG:colcon.colcon_parallel_executor.executor.parallel:loop closed
[11.877s] DEBUG:colcon.colcon_parallel_executor.executor.parallel:run_until_complete finished with '0'
[11.877s] DEBUG:colcon.colcon_core.event_reactor:joining thread
[11.887s] INFO:colcon.colcon_core.plugin_system:Skipping extension 'colcon_notification.desktop_notification.terminal_notifier': Not used on non-Darwin systems
[11.888s] INFO:colcon.colcon_core.plugin_system:Skipping extension 'colcon_notification.desktop_notification.win32': Not used on non-Windows systems
[11.888s] INFO:colcon.colcon_notification.desktop_notification:Sending desktop notification using 'notify2'
[11.913s] DEBUG:colcon.colcon_core.event_reactor:joined thread
[11.914s] INFO:colcon.colcon_core.shell:Creating prefix script '/home/wasp_mini/ros2_ws/install/local_setup.ps1'
[11.915s] INFO:colcon.colcon_core.shell:Creating prefix util module '/home/wasp_mini/ros2_ws/install/_local_setup_util_ps1.py'
[11.918s] INFO:colcon.colcon_core.shell:Creating prefix chain script '/home/wasp_mini/ros2_ws/install/setup.ps1'
[11.924s] INFO:colcon.colcon_core.shell:Creating prefix script '/home/wasp_mini/ros2_ws/install/local_setup.sh'
[11.925s] INFO:colcon.colcon_core.shell:Creating prefix util module '/home/wasp_mini/ros2_ws/install/_local_setup_util_sh.py'
[11.926s] INFO:colcon.colcon_core.shell:Creating prefix chain script '/home/wasp_mini/ros2_ws/install/setup.sh'
[11.929s] INFO:colcon.colcon_core.shell:Creating prefix script '/home/wasp_mini/ros2_ws/install/local_setup.bash'
[11.930s] INFO:colcon.colcon_core.shell:Creating prefix chain script '/home/wasp_mini/ros2_ws/install/setup.bash'
[11.934s] INFO:colcon.colcon_core.shell:Creating prefix script '/home/wasp_mini/ros2_ws/install/local_setup.zsh'
[11.934s] INFO:colcon.colcon_core.shell:Creating prefix chain script '/home/wasp_mini/ros2_ws/install/setup.zsh'
