[0.371s] Invoking command in '/home/wasp_mini/ros2_ws/build/wasp_mini_joy': CMAKE_PREFIX_PATH=${CMAKE_PREFIX_PATH}:/home/wasp_mini/ros2_ws/install/wasp_mini_controller:/opt/ros/foxy /usr/bin/cmake --build /home/wasp_mini/ros2_ws/build/wasp_mini_joy -- -j4 -l4
[0.470s] [100%] Built target joy_pub
[0.486s] Invoked command in '/home/wasp_mini/ros2_ws/build/wasp_mini_joy' returned '0': CMAKE_PREFIX_PATH=${CMAKE_PREFIX_PATH}:/home/wasp_mini/ros2_ws/install/wasp_mini_controller:/opt/ros/foxy /usr/bin/cmake --build /home/wasp_mini/ros2_ws/build/wasp_mini_joy -- -j4 -l4
[0.541s] Invoking command in '/home/wasp_mini/ros2_ws/build/wasp_mini_joy': CMAKE_PREFIX_PATH=${CMAKE_PREFIX_PATH}:/home/wasp_mini/ros2_ws/install/wasp_mini_controller:/opt/ros/foxy /usr/bin/cmake --install /home/wasp_mini/ros2_ws/build/wasp_mini_joy
[0.556s] -- Install configuration: ""
[0.556s] -- Up-to-date: /home/wasp_mini/ros2_ws/install/wasp_mini_joy/lib/wasp_mini_joy/joy_pub
[0.557s] -- Up-to-date: /home/wasp_mini/ros2_ws/install/wasp_mini_joy/share/ament_index/resource_index/package_run_dependencies/wasp_mini_joy
[0.557s] -- Up-to-date: /home/wasp_mini/ros2_ws/install/wasp_mini_joy/share/ament_index/resource_index/parent_prefix_path/wasp_mini_joy
[0.557s] -- Up-to-date: /home/wasp_mini/ros2_ws/install/wasp_mini_joy/share/wasp_mini_joy/environment/ament_prefix_path.sh
[0.558s] -- Up-to-date: /home/wasp_mini/ros2_ws/install/wasp_mini_joy/share/wasp_mini_joy/environment/ament_prefix_path.dsv
[0.558s] -- Up-to-date: /home/wasp_mini/ros2_ws/install/wasp_mini_joy/share/wasp_mini_joy/environment/path.sh
[0.558s] -- Up-to-date: /home/wasp_mini/ros2_ws/install/wasp_mini_joy/share/wasp_mini_joy/environment/path.dsv
[0.559s] -- Up-to-date: /home/wasp_mini/ros2_ws/install/wasp_mini_joy/share/wasp_mini_joy/local_setup.bash
[0.559s] -- Up-to-date: /home/wasp_mini/ros2_ws/install/wasp_mini_joy/share/wasp_mini_joy/local_setup.sh
[0.559s] -- Up-to-date: /home/wasp_mini/ros2_ws/install/wasp_mini_joy/share/wasp_mini_joy/local_setup.zsh
[0.560s] -- Up-to-date: /home/wasp_mini/ros2_ws/install/wasp_mini_joy/share/wasp_mini_joy/local_setup.dsv
[0.560s] -- Installing: /home/wasp_mini/ros2_ws/install/wasp_mini_joy/share/wasp_mini_joy/package.dsv
[0.561s] -- Up-to-date: /home/wasp_mini/ros2_ws/install/wasp_mini_joy/share/ament_index/resource_index/packages/wasp_mini_joy
[0.561s] -- Up-to-date: /home/wasp_mini/ros2_ws/install/wasp_mini_joy/share/wasp_mini_joy/cmake/wasp_mini_joyConfig.cmake
[0.562s] -- Up-to-date: /home/wasp_mini/ros2_ws/install/wasp_mini_joy/share/wasp_mini_joy/cmake/wasp_mini_joyConfig-version.cmake
[0.563s] -- Up-to-date: /home/wasp_mini/ros2_ws/install/wasp_mini_joy/share/wasp_mini_joy/package.xml
[0.565s] Invoked command in '/home/wasp_mini/ros2_ws/build/wasp_mini_joy' returned '0': CMAKE_PREFIX_PATH=${CMAKE_PREFIX_PATH}:/home/wasp_mini/ros2_ws/install/wasp_mini_controller:/opt/ros/foxy /usr/bin/cmake --install /home/wasp_mini/ros2_ws/build/wasp_mini_joy
