[0.020s] Invoking command in '/home/wasp_mini/ros2_ws/build/main_waspmini': CMAKE_PREFIX_PATH=/opt/ros/foxy /usr/bin/cmake /home/wasp_mini/ros2_ws/src/main_waspmini -DCMAKE_INSTALL_PREFIX=/home/wasp_mini/ros2_ws/install/main_waspmini
[0.051s] -- Found ament_cmake: 0.9.8 (/opt/ros/foxy/share/ament_cmake/cmake)
[0.087s] -- Using PYTHON_EXECUTABLE: /usr/bin/python3
[0.417s] -- Found rclcpp: 2.3.1 (/opt/ros/foxy/share/rclcpp/cmake)
[0.475s] -- Using all available rosidl_typesupport_c: rosidl_typesupport_fastrtps_c;rosidl_typesupport_introspection_c
[0.480s] -- Found rosidl_adapter: 1.2.1 (/opt/ros/foxy/share/rosidl_adapter/cmake)
[0.684s] -- Using all available rosidl_typesupport_cpp: rosidl_typesupport_fastrtps_cpp;rosidl_typesupport_introspection_cpp
[0.769s] -- Found rmw_implementation_cmake: 1.0.3 (/opt/ros/foxy/share/rmw_implementation_cmake/cmake)
[0.771s] -- Using RMW implementation 'rmw_fastrtps_cpp' as default
[1.020s] -- Found rclpy: 1.0.5 (/opt/ros/foxy/share/rclpy/cmake)
[1.021s] CMake Error at /opt/ros/foxy/share/ament_cmake_target_dependencies/cmake/ament_target_dependencies.cmake:77 (message):
[1.022s]   ament_target_dependencies() the passed package name 'sensor_msgs' was not
[1.022s]   found before
[1.022s] Call Stack (most recent call first):
[1.022s]   CMakeLists.txt:27 (ament_target_dependencies)
[1.022s] 
[1.023s] 
[1.024s] -- Configuring incomplete, errors occurred!
[1.024s] See also "/home/wasp_mini/ros2_ws/build/main_waspmini/CMakeFiles/CMakeOutput.log".
[1.024s] See also "/home/wasp_mini/ros2_ws/build/main_waspmini/CMakeFiles/CMakeError.log".
[1.035s] Invoked command in '/home/wasp_mini/ros2_ws/build/main_waspmini' returned '1': CMAKE_PREFIX_PATH=/opt/ros/foxy /usr/bin/cmake /home/wasp_mini/ros2_ws/src/main_waspmini -DCMAKE_INSTALL_PREFIX=/home/wasp_mini/ros2_ws/install/main_waspmini
