[0.065s] Invoking command in '/home/wasp_mini/ros2_ws/build/main_waspmini': CMAKE_PREFIX_PATH=/home/wasp_mini/ros2_ws/install/vectornav:/home/wasp_mini/ros2_ws/install/vectornav_msgs:/home/wasp_mini/ros2_ws/install/sick_scan2:/home/wasp_mini/ros2_ws/install/wasp_mini_controller:/opt/ros/foxy:/opt/ros/noetic:/home/wasp_mini/ros2_ws/install/wasp_mini_joy:/home/wasp_mini/ros2_ws/install/main_waspmini /usr/bin/cmake --build /home/wasp_mini/ros2_ws/build/main_waspmini -- -j4 -l4
[0.743s] [100%] Built target joy_pub
[0.744s] Invoked command in '/home/wasp_mini/ros2_ws/build/main_waspmini' returned '0': CMAKE_PREFIX_PATH=/home/wasp_mini/ros2_ws/install/vectornav:/home/wasp_mini/ros2_ws/install/vectornav_msgs:/home/wasp_mini/ros2_ws/install/sick_scan2:/home/wasp_mini/ros2_ws/install/wasp_mini_controller:/opt/ros/foxy:/opt/ros/noetic:/home/wasp_mini/ros2_ws/install/wasp_mini_joy:/home/wasp_mini/ros2_ws/install/main_waspmini /usr/bin/cmake --build /home/wasp_mini/ros2_ws/build/main_waspmini -- -j4 -l4
[0.828s] Invoking command in '/home/wasp_mini/ros2_ws/build/main_waspmini': CMAKE_PREFIX_PATH=/home/wasp_mini/ros2_ws/install/vectornav:/home/wasp_mini/ros2_ws/install/vectornav_msgs:/home/wasp_mini/ros2_ws/install/sick_scan2:/home/wasp_mini/ros2_ws/install/wasp_mini_controller:/opt/ros/foxy:/opt/ros/noetic:/home/wasp_mini/ros2_ws/install/wasp_mini_joy:/home/wasp_mini/ros2_ws/install/main_waspmini /usr/bin/cmake --install /home/wasp_mini/ros2_ws/build/main_waspmini
[0.847s] -- Install configuration: ""
[0.847s] -- Up-to-date: /home/wasp_mini/ros2_ws/install/main_waspmini/share/main_waspmini/environment/pythonpath.sh
[0.848s] -- Up-to-date: /home/wasp_mini/ros2_ws/install/main_waspmini/share/main_waspmini/environment/pythonpath.dsv
[0.848s] -- Up-to-date: /home/wasp_mini/ros2_ws/install/main_waspmini/lib/python3.8/site-packages/main_waspmini
[0.848s] -- Up-to-date: /home/wasp_mini/ros2_ws/install/main_waspmini/lib/python3.8/site-packages/main_waspmini/__init__.py
[0.941s] Listing '/home/wasp_mini/ros2_ws/install/main_waspmini/lib/python3.8/site-packages/main_waspmini'...
[0.954s] -- Up-to-date: /home/wasp_mini/ros2_ws/install/main_waspmini/lib/main_waspmini/joy_pub
[0.958s] -- Up-to-date: /home/wasp_mini/ros2_ws/install/main_waspmini/share/main_waspmini//launch
[0.958s] -- Up-to-date: /home/wasp_mini/ros2_ws/install/main_waspmini/share/main_waspmini//launch/controller.launch.py
[0.958s] -- Up-to-date: /home/wasp_mini/ros2_ws/install/main_waspmini/lib/main_waspmini/motor_FR.py
[0.959s] -- Up-to-date: /home/wasp_mini/ros2_ws/install/main_waspmini/lib/main_waspmini/motor_FL.py
[0.959s] -- Up-to-date: /home/wasp_mini/ros2_ws/install/main_waspmini/lib/main_waspmini/actuator_fb.py
[0.959s] -- Up-to-date: /home/wasp_mini/ros2_ws/install/main_waspmini/lib/main_waspmini/main.py
[0.959s] -- Up-to-date: /home/wasp_mini/ros2_ws/install/main_waspmini/share/ament_index/resource_index/package_run_dependencies/main_waspmini
[0.959s] -- Up-to-date: /home/wasp_mini/ros2_ws/install/main_waspmini/share/ament_index/resource_index/parent_prefix_path/main_waspmini
[0.960s] -- Up-to-date: /home/wasp_mini/ros2_ws/install/main_waspmini/share/main_waspmini/environment/ament_prefix_path.sh
[0.960s] -- Up-to-date: /home/wasp_mini/ros2_ws/install/main_waspmini/share/main_waspmini/environment/ament_prefix_path.dsv
[0.960s] -- Up-to-date: /home/wasp_mini/ros2_ws/install/main_waspmini/share/main_waspmini/environment/path.sh
[0.960s] -- Up-to-date: /home/wasp_mini/ros2_ws/install/main_waspmini/share/main_waspmini/environment/path.dsv
[0.960s] -- Up-to-date: /home/wasp_mini/ros2_ws/install/main_waspmini/share/main_waspmini/local_setup.bash
[0.961s] -- Up-to-date: /home/wasp_mini/ros2_ws/install/main_waspmini/share/main_waspmini/local_setup.sh
[0.961s] -- Up-to-date: /home/wasp_mini/ros2_ws/install/main_waspmini/share/main_waspmini/local_setup.zsh
[0.961s] -- Up-to-date: /home/wasp_mini/ros2_ws/install/main_waspmini/share/main_waspmini/local_setup.dsv
[0.961s] -- Installing: /home/wasp_mini/ros2_ws/install/main_waspmini/share/main_waspmini/package.dsv
[0.962s] -- Up-to-date: /home/wasp_mini/ros2_ws/install/main_waspmini/share/ament_index/resource_index/packages/main_waspmini
[0.964s] -- Up-to-date: /home/wasp_mini/ros2_ws/install/main_waspmini/share/main_waspmini/cmake/main_waspminiConfig.cmake
[0.965s] -- Up-to-date: /home/wasp_mini/ros2_ws/install/main_waspmini/share/main_waspmini/cmake/main_waspminiConfig-version.cmake
[0.965s] -- Up-to-date: /home/wasp_mini/ros2_ws/install/main_waspmini/share/main_waspmini/package.xml
[0.983s] Invoked command in '/home/wasp_mini/ros2_ws/build/main_waspmini' returned '0': CMAKE_PREFIX_PATH=/home/wasp_mini/ros2_ws/install/vectornav:/home/wasp_mini/ros2_ws/install/vectornav_msgs:/home/wasp_mini/ros2_ws/install/sick_scan2:/home/wasp_mini/ros2_ws/install/wasp_mini_controller:/opt/ros/foxy:/opt/ros/noetic:/home/wasp_mini/ros2_ws/install/wasp_mini_joy:/home/wasp_mini/ros2_ws/install/main_waspmini /usr/bin/cmake --install /home/wasp_mini/ros2_ws/build/main_waspmini
