[0.019s] Invoking command in '/home/wasp_mini/ros2_ws/build/vectornav': AMENT_PREFIX_PATH=/home/wasp_mini/ros2_ws/install/vectornav_msgs:${AMENT_PREFIX_PATH} CMAKE_PREFIX_PATH=/home/wasp_mini/ros2_ws/install/vectornav_msgs:/opt/ros/foxy LD_LIBRARY_PATH=/home/wasp_mini/ros2_ws/install/vectornav_msgs/lib:${LD_LIBRARY_PATH} PYTHONPATH=/home/wasp_mini/ros2_ws/install/vectornav_msgs/lib/python3.8/site-packages:${PYTHONPATH} /usr/bin/cmake /home/wasp_mini/ros2_ws/src/vectornav/vectornav -DCMAKE_INSTALL_PREFIX=/home/wasp_mini/ros2_ws/install/vectornav
[0.110s] -- The C compiler identification is GNU 9.3.0
[0.198s] -- The CXX compiler identification is GNU 9.3.0
[0.207s] -- Check for working C compiler: /usr/bin/cc
[0.320s] -- Check for working C compiler: /usr/bin/cc -- works
[0.322s] -- Detecting C compiler ABI info
[0.429s] -- Detecting C compiler ABI info - done
[0.449s] -- Detecting C compile features
[0.449s] -- Detecting C compile features - done
[0.454s] -- Check for working CXX compiler: /usr/bin/c++
[0.585s] -- Check for working CXX compiler: /usr/bin/c++ -- works
[0.587s] -- Detecting CXX compiler ABI info
[0.716s] -- Detecting CXX compiler ABI info - done
[0.739s] -- Detecting CXX compile features
[0.740s] -- Detecting CXX compile features - done
[0.744s] -- Found ament_cmake: 0.9.8 (/opt/ros/foxy/share/ament_cmake/cmake)
[0.786s] -- Found PythonInterp: /usr/bin/python3 (found suitable version "3.8.5", minimum required is "3") 
[0.786s] -- Using PYTHON_EXECUTABLE: /usr/bin/python3
[1.155s] -- Found rclcpp: 2.3.1 (/opt/ros/foxy/share/rclcpp/cmake)
[1.245s] -- Using all available rosidl_typesupport_c: rosidl_typesupport_fastrtps_c;rosidl_typesupport_introspection_c
[1.256s] -- Found rosidl_adapter: 1.2.1 (/opt/ros/foxy/share/rosidl_adapter/cmake)
[1.390s] -- Found OpenSSL: /usr/lib/x86_64-linux-gnu/libcrypto.so (found version "1.1.1f")  
[1.441s] -- Found FastRTPS: /opt/ros/foxy/include  
[1.574s] -- Using all available rosidl_typesupport_cpp: rosidl_typesupport_fastrtps_cpp;rosidl_typesupport_introspection_cpp
[1.701s] -- Found rmw_implementation_cmake: 1.0.3 (/opt/ros/foxy/share/rmw_implementation_cmake/cmake)
[1.705s] -- Using RMW implementation 'rmw_fastrtps_cpp' as default
[1.709s] -- Looking for pthread.h
[1.823s] -- Looking for pthread.h - found
[1.824s] -- Performing Test CMAKE_HAVE_LIBC_PTHREAD
[1.981s] -- Performing Test CMAKE_HAVE_LIBC_PTHREAD - Failed
[1.982s] -- Looking for pthread_create in pthreads
[2.078s] -- Looking for pthread_create in pthreads - not found
[2.078s] -- Looking for pthread_create in pthread
[2.190s] -- Looking for pthread_create in pthread - found
[2.192s] -- Found Threads: TRUE  
[2.535s] -- Found sensor_msgs: 2.0.4 (/opt/ros/foxy/share/sensor_msgs/cmake)
[2.781s] -- Found vectornav_msgs: 3.0.0 (/home/wasp_mini/ros2_ws/install/vectornav_msgs/share/vectornav_msgs/cmake)
[2.910s] -- Found tf2_geometry_msgs: 0.13.10 (/opt/ros/foxy/share/tf2_geometry_msgs/cmake)
[2.928s] -- Found eigen3_cmake_module: 0.1.1 (/opt/ros/foxy/share/eigen3_cmake_module/cmake)
[2.935s] -- Found Eigen3: TRUE (found version "3.3.7") 
[3.741s] -- Found ament_lint_auto: 0.9.6 (/opt/ros/foxy/share/ament_lint_auto/cmake)
[3.901s] -- Added test 'cppcheck' to perform static code analysis on C / C++ code
[3.902s] -- Configured cppcheck include dirs: 
[3.902s] -- Configured cppcheck exclude dirs and/or files: 
[3.906s] -- Added test 'cpplint' to check C / C++ code against the Google style
[3.906s] -- Configured cpplint exclude dirs and/or files: 
[3.908s] -- Added test 'lint_cmake' to check CMake code style
[3.913s] -- Added test 'uncrustify' to check C / C++ code style
[3.914s] -- Configured uncrustify additional arguments: 
[3.915s] -- Added test 'xmllint' to check XML markup files
[3.923s] -- Configuring done
[3.958s] -- Generating done
[3.961s] -- Build files have been written to: /home/wasp_mini/ros2_ws/build/vectornav
[3.978s] Invoked command in '/home/wasp_mini/ros2_ws/build/vectornav' returned '0': AMENT_PREFIX_PATH=/home/wasp_mini/ros2_ws/install/vectornav_msgs:${AMENT_PREFIX_PATH} CMAKE_PREFIX_PATH=/home/wasp_mini/ros2_ws/install/vectornav_msgs:/opt/ros/foxy LD_LIBRARY_PATH=/home/wasp_mini/ros2_ws/install/vectornav_msgs/lib:${LD_LIBRARY_PATH} PYTHONPATH=/home/wasp_mini/ros2_ws/install/vectornav_msgs/lib/python3.8/site-packages:${PYTHONPATH} /usr/bin/cmake /home/wasp_mini/ros2_ws/src/vectornav/vectornav -DCMAKE_INSTALL_PREFIX=/home/wasp_mini/ros2_ws/install/vectornav
[3.982s] Invoking command in '/home/wasp_mini/ros2_ws/build/vectornav': AMENT_PREFIX_PATH=/home/wasp_mini/ros2_ws/install/vectornav_msgs:${AMENT_PREFIX_PATH} CMAKE_PREFIX_PATH=/home/wasp_mini/ros2_ws/install/vectornav_msgs:/opt/ros/foxy LD_LIBRARY_PATH=/home/wasp_mini/ros2_ws/install/vectornav_msgs/lib:${LD_LIBRARY_PATH} PYTHONPATH=/home/wasp_mini/ros2_ws/install/vectornav_msgs/lib/python3.8/site-packages:${PYTHONPATH} /usr/bin/cmake --build /home/wasp_mini/ros2_ws/build/vectornav -- -j4 -l4
[4.053s] [35m[1mScanning dependencies of target vn_sensor_msgs[0m
[4.054s] [35m[1mScanning dependencies of target vncxx[0m
[4.095s] [  3%] [32mBuilding CXX object vnproglib-1.1.5.0/cpp/CMakeFiles/vncxx.dir/src/compositedata.cpp.o[0m
[4.096s] [ 11%] [32mBuilding CXX object vnproglib-1.1.5.0/cpp/CMakeFiles/vncxx.dir/src/conversions.cpp.o[0m
[4.096s] [ 11%] [32mBuilding CXX object vnproglib-1.1.5.0/cpp/CMakeFiles/vncxx.dir/src/attitude.cpp.o[0m
[4.223s] [ 15%] [32mBuilding CXX object CMakeFiles/vn_sensor_msgs.dir/src/vn_sensor_msgs.cc.o[0m
[4.890s] [ 19%] [32mBuilding CXX object vnproglib-1.1.5.0/cpp/CMakeFiles/vncxx.dir/src/criticalsection.cpp.o[0m
[5.122s] [ 23%] [32mBuilding CXX object vnproglib-1.1.5.0/cpp/CMakeFiles/vncxx.dir/src/dllvalidator.cpp.o[0m
[5.176s] [ 26%] [32mBuilding CXX object vnproglib-1.1.5.0/cpp/CMakeFiles/vncxx.dir/src/error_detection.cpp.o[0m
[5.357s] [ 30%] [32mBuilding CXX object vnproglib-1.1.5.0/cpp/CMakeFiles/vncxx.dir/src/event.cpp.o[0m
[5.848s] [ 34%] [32mBuilding CXX object vnproglib-1.1.5.0/cpp/CMakeFiles/vncxx.dir/src/ezasyncdata.cpp.o[0m
[5.907s] [ 38%] [32mBuilding CXX object vnproglib-1.1.5.0/cpp/CMakeFiles/vncxx.dir/src/memoryport.cpp.o[0m
[6.057s] [ 42%] [32mBuilding CXX object vnproglib-1.1.5.0/cpp/CMakeFiles/vncxx.dir/src/packet.cpp.o[0m
[6.541s] [ 46%] [32mBuilding CXX object vnproglib-1.1.5.0/cpp/CMakeFiles/vncxx.dir/src/packetfinder.cpp.o[0m
[6.941s] [ 50%] [32mBuilding CXX object vnproglib-1.1.5.0/cpp/CMakeFiles/vncxx.dir/src/port.cpp.o[0m
[7.019s] [ 53%] [32mBuilding CXX object vnproglib-1.1.5.0/cpp/CMakeFiles/vncxx.dir/src/position.cpp.o[0m
[7.904s] [ 57%] [32mBuilding CXX object vnproglib-1.1.5.0/cpp/CMakeFiles/vncxx.dir/src/searcher.cpp.o[0m
[7.982s] [ 61%] [32mBuilding CXX object vnproglib-1.1.5.0/cpp/CMakeFiles/vncxx.dir/src/sensors.cpp.o[0m
[8.497s] [ 65%] [32mBuilding CXX object vnproglib-1.1.5.0/cpp/CMakeFiles/vncxx.dir/src/serialport.cpp.o[0m
[9.221s] [ 69%] [32mBuilding CXX object vnproglib-1.1.5.0/cpp/CMakeFiles/vncxx.dir/src/thread.cpp.o[0m
[9.727s] [ 73%] [32mBuilding CXX object vnproglib-1.1.5.0/cpp/CMakeFiles/vncxx.dir/src/types.cpp.o[0m
[9.824s] [ 76%] [32mBuilding CXX object vnproglib-1.1.5.0/cpp/CMakeFiles/vncxx.dir/src/util.cpp.o[0m
[9.907s] [ 80%] [32mBuilding CXX object vnproglib-1.1.5.0/cpp/CMakeFiles/vncxx.dir/src/utilities.cpp.o[0m
[10.297s] [ 84%] [32mBuilding CXX object vnproglib-1.1.5.0/cpp/CMakeFiles/vncxx.dir/src/vntime.cpp.o[0m
[10.774s] [ 88%] [32m[1mLinking CXX shared library libvncxx.so[0m
[10.965s] [ 88%] Built target vncxx
[10.999s] [35m[1mScanning dependencies of target vectornav[0m
[11.109s] [ 92%] [32mBuilding CXX object CMakeFiles/vectornav.dir/src/vectornav.cc.o[0m
[22.072s] [ 96%] [32m[1mLinking CXX executable vectornav[0m
[22.931s] [ 96%] Built target vectornav
[33.843s] [100%] [32m[1mLinking CXX executable vn_sensor_msgs[0m
[35.354s] [100%] Built target vn_sensor_msgs
[35.417s] Invoked command in '/home/wasp_mini/ros2_ws/build/vectornav' returned '0': AMENT_PREFIX_PATH=/home/wasp_mini/ros2_ws/install/vectornav_msgs:${AMENT_PREFIX_PATH} CMAKE_PREFIX_PATH=/home/wasp_mini/ros2_ws/install/vectornav_msgs:/opt/ros/foxy LD_LIBRARY_PATH=/home/wasp_mini/ros2_ws/install/vectornav_msgs/lib:${LD_LIBRARY_PATH} PYTHONPATH=/home/wasp_mini/ros2_ws/install/vectornav_msgs/lib/python3.8/site-packages:${PYTHONPATH} /usr/bin/cmake --build /home/wasp_mini/ros2_ws/build/vectornav -- -j4 -l4
[35.499s] Invoking command in '/home/wasp_mini/ros2_ws/build/vectornav': AMENT_PREFIX_PATH=/home/wasp_mini/ros2_ws/install/vectornav_msgs:${AMENT_PREFIX_PATH} CMAKE_PREFIX_PATH=/home/wasp_mini/ros2_ws/install/vectornav_msgs:/opt/ros/foxy LD_LIBRARY_PATH=/home/wasp_mini/ros2_ws/install/vectornav_msgs/lib:${LD_LIBRARY_PATH} PYTHONPATH=/home/wasp_mini/ros2_ws/install/vectornav_msgs/lib/python3.8/site-packages:${PYTHONPATH} /usr/bin/cmake --install /home/wasp_mini/ros2_ws/build/vectornav
[35.517s] -- Install configuration: ""
[35.519s] -- Installing: /home/wasp_mini/ros2_ws/install/vectornav/lib/vectornav/vectornav
[35.522s] -- Set runtime path of "/home/wasp_mini/ros2_ws/install/vectornav/lib/vectornav/vectornav" to ""
[35.523s] -- Installing: /home/wasp_mini/ros2_ws/install/vectornav/lib/vectornav/vn_sensor_msgs
[35.532s] -- Set runtime path of "/home/wasp_mini/ros2_ws/install/vectornav/lib/vectornav/vn_sensor_msgs" to ""
[35.537s] -- Installing: /home/wasp_mini/ros2_ws/install/vectornav/share/ament_index/resource_index/package_run_dependencies/vectornav
[35.538s] -- Installing: /home/wasp_mini/ros2_ws/install/vectornav/share/ament_index/resource_index/parent_prefix_path/vectornav
[35.540s] -- Installing: /home/wasp_mini/ros2_ws/install/vectornav/share/vectornav/environment/ament_prefix_path.sh
[35.544s] -- Installing: /home/wasp_mini/ros2_ws/install/vectornav/share/vectornav/environment/ament_prefix_path.dsv
[35.544s] -- Installing: /home/wasp_mini/ros2_ws/install/vectornav/share/vectornav/environment/path.sh
[35.545s] -- Installing: /home/wasp_mini/ros2_ws/install/vectornav/share/vectornav/environment/path.dsv
[35.546s] -- Installing: /home/wasp_mini/ros2_ws/install/vectornav/share/vectornav/local_setup.bash
[35.548s] -- Installing: /home/wasp_mini/ros2_ws/install/vectornav/share/vectornav/local_setup.sh
[35.548s] -- Installing: /home/wasp_mini/ros2_ws/install/vectornav/share/vectornav/local_setup.zsh
[35.549s] -- Installing: /home/wasp_mini/ros2_ws/install/vectornav/share/vectornav/local_setup.dsv
[35.549s] -- Installing: /home/wasp_mini/ros2_ws/install/vectornav/share/vectornav/package.dsv
[35.550s] -- Installing: /home/wasp_mini/ros2_ws/install/vectornav/share/ament_index/resource_index/packages/vectornav
[35.550s] -- Installing: /home/wasp_mini/ros2_ws/install/vectornav/share/vectornav/cmake/ament_cmake_export_dependencies-extras.cmake
[35.551s] -- Installing: /home/wasp_mini/ros2_ws/install/vectornav/share/vectornav/cmake/vectornavConfig.cmake
[35.552s] -- Installing: /home/wasp_mini/ros2_ws/install/vectornav/share/vectornav/cmake/vectornavConfig-version.cmake
[35.555s] -- Installing: /home/wasp_mini/ros2_ws/install/vectornav/share/vectornav/package.xml
[35.556s] -- Installing: /home/wasp_mini/ros2_ws/install/vectornav/lib/libvncxx.so
[35.562s] -- Installing: /home/wasp_mini/ros2_ws/install/vectornav/include/vn
[35.562s] -- Installing: /home/wasp_mini/ros2_ws/install/vectornav/include/vn/sensors.h
[35.563s] -- Installing: /home/wasp_mini/ros2_ws/install/vectornav/include/vn/compositedata.h
[35.564s] -- Installing: /home/wasp_mini/ros2_ws/install/vectornav/include/vn/boostpython.h
[35.565s] -- Installing: /home/wasp_mini/ros2_ws/install/vectornav/include/vn/exceptions.h
[35.565s] -- Installing: /home/wasp_mini/ros2_ws/install/vectornav/include/vn/searcher.h
[35.565s] -- Installing: /home/wasp_mini/ros2_ws/install/vectornav/include/vn/thread.h
[35.566s] -- Installing: /home/wasp_mini/ros2_ws/install/vectornav/include/vn/port.h
[35.566s] -- Installing: /home/wasp_mini/ros2_ws/install/vectornav/include/vn/ezasyncdata.h
[35.566s] -- Installing: /home/wasp_mini/ros2_ws/install/vectornav/include/vn/error_detection.h
[35.567s] -- Installing: /home/wasp_mini/ros2_ws/install/vectornav/include/vn/registers.h
[35.568s] -- Installing: /home/wasp_mini/ros2_ws/install/vectornav/include/vn/consts.h
[35.569s] -- Installing: /home/wasp_mini/ros2_ws/install/vectornav/include/vn/packet.h
[35.570s] -- Installing: /home/wasp_mini/ros2_ws/install/vectornav/include/vn/conversions.h
[35.571s] -- Installing: /home/wasp_mini/ros2_ws/install/vectornav/include/vn/dllvalidator.h
[35.571s] -- Installing: /home/wasp_mini/ros2_ws/install/vectornav/include/vn/vntime.h
[35.572s] -- Installing: /home/wasp_mini/ros2_ws/install/vectornav/include/vn/export.h
[35.572s] -- Installing: /home/wasp_mini/ros2_ws/install/vectornav/include/vn/memoryport.h
[35.573s] -- Installing: /home/wasp_mini/ros2_ws/install/vectornav/include/vn/attitude.h
[35.573s] -- Installing: /home/wasp_mini/ros2_ws/install/vectornav/include/vn/types.h
[35.574s] -- Installing: /home/wasp_mini/ros2_ws/install/vectornav/include/vn/matrix.h
[35.575s] -- Installing: /home/wasp_mini/ros2_ws/install/vectornav/include/vn/compiler.h
[35.576s] -- Installing: /home/wasp_mini/ros2_ws/install/vectornav/include/vn/event.h
[35.576s] -- Installing: /home/wasp_mini/ros2_ws/install/vectornav/include/vn/serialport.h
[35.576s] -- Installing: /home/wasp_mini/ros2_ws/install/vectornav/include/vn/packetfinder.h
[35.577s] -- Installing: /home/wasp_mini/ros2_ws/install/vectornav/include/vn/int.h
[35.577s] -- Installing: /home/wasp_mini/ros2_ws/install/vectornav/include/vn/vector.h
[35.578s] -- Installing: /home/wasp_mini/ros2_ws/install/vectornav/include/vn/signal.h
[35.579s] -- Installing: /home/wasp_mini/ros2_ws/install/vectornav/include/vn/nocopy.h
[35.579s] -- Installing: /home/wasp_mini/ros2_ws/install/vectornav/include/vn/criticalsection.h
[35.579s] -- Installing: /home/wasp_mini/ros2_ws/install/vectornav/include/vn/utilities.h
[35.580s] -- Installing: /home/wasp_mini/ros2_ws/install/vectornav/include/vn/position.h
[35.580s] -- Installing: /home/wasp_mini/ros2_ws/install/vectornav/include/vn/mock.h
[35.580s] -- Installing: /home/wasp_mini/ros2_ws/install/vectornav/include/vn/util.h
[35.586s] Invoked command in '/home/wasp_mini/ros2_ws/build/vectornav' returned '0': AMENT_PREFIX_PATH=/home/wasp_mini/ros2_ws/install/vectornav_msgs:${AMENT_PREFIX_PATH} CMAKE_PREFIX_PATH=/home/wasp_mini/ros2_ws/install/vectornav_msgs:/opt/ros/foxy LD_LIBRARY_PATH=/home/wasp_mini/ros2_ws/install/vectornav_msgs/lib:${LD_LIBRARY_PATH} PYTHONPATH=/home/wasp_mini/ros2_ws/install/vectornav_msgs/lib/python3.8/site-packages:${PYTHONPATH} /usr/bin/cmake --install /home/wasp_mini/ros2_ws/build/vectornav
