[0.066s] Invoking command in '/home/wasp_mini/ros2_ws/build/main_waspmini': CMAKE_PREFIX_PATH=/home/wasp_mini/ros2_ws/install/vectornav:/home/wasp_mini/ros2_ws/install/vectornav_msgs:/home/wasp_mini/ros2_ws/install/sick_scan2:/home/wasp_mini/ros2_ws/install/wasp_mini_controller:/opt/ros/foxy:/opt/ros/noetic:/home/wasp_mini/ros2_ws/install/wasp_mini_joy:/home/wasp_mini/ros2_ws/install/main_waspmini /usr/bin/cmake --build /home/wasp_mini/ros2_ws/build/main_waspmini -- -j4 -l4
[0.800s] [100%] Built target joy_pub
[0.807s] Invoked command in '/home/wasp_mini/ros2_ws/build/main_waspmini' returned '0': CMAKE_PREFIX_PATH=/home/wasp_mini/ros2_ws/install/vectornav:/home/wasp_mini/ros2_ws/install/vectornav_msgs:/home/wasp_mini/ros2_ws/install/sick_scan2:/home/wasp_mini/ros2_ws/install/wasp_mini_controller:/opt/ros/foxy:/opt/ros/noetic:/home/wasp_mini/ros2_ws/install/wasp_mini_joy:/home/wasp_mini/ros2_ws/install/main_waspmini /usr/bin/cmake --build /home/wasp_mini/ros2_ws/build/main_waspmini -- -j4 -l4
[0.896s] Invoking command in '/home/wasp_mini/ros2_ws/build/main_waspmini': CMAKE_PREFIX_PATH=/home/wasp_mini/ros2_ws/install/vectornav:/home/wasp_mini/ros2_ws/install/vectornav_msgs:/home/wasp_mini/ros2_ws/install/sick_scan2:/home/wasp_mini/ros2_ws/install/wasp_mini_controller:/opt/ros/foxy:/opt/ros/noetic:/home/wasp_mini/ros2_ws/install/wasp_mini_joy:/home/wasp_mini/ros2_ws/install/main_waspmini /usr/bin/cmake --install /home/wasp_mini/ros2_ws/build/main_waspmini
[0.921s] -- Install configuration: ""
[0.922s] -- Up-to-date: /home/wasp_mini/ros2_ws/install/main_waspmini/share/main_waspmini/environment/pythonpath.sh
[0.922s] -- Up-to-date: /home/wasp_mini/ros2_ws/install/main_waspmini/share/main_waspmini/environment/pythonpath.dsv
[0.923s] -- Up-to-date: /home/wasp_mini/ros2_ws/install/main_waspmini/lib/python3.8/site-packages/main_waspmini
[0.923s] -- Up-to-date: /home/wasp_mini/ros2_ws/install/main_waspmini/lib/python3.8/site-packages/main_waspmini/__init__.py
[1.014s] Listing '/home/wasp_mini/ros2_ws/install/main_waspmini/lib/python3.8/site-packages/main_waspmini'...
[1.026s] -- Up-to-date: /home/wasp_mini/ros2_ws/install/main_waspmini/lib/main_waspmini/joy_pub
[1.027s] -- Up-to-date: /home/wasp_mini/ros2_ws/install/main_waspmini/share/main_waspmini//launch
[1.028s] -- Up-to-date: /home/wasp_mini/ros2_ws/install/main_waspmini/share/main_waspmini//launch/controller.launch.py
[1.028s] -- Up-to-date: /home/wasp_mini/ros2_ws/install/main_waspmini/lib/main_waspmini/motor_FR.py
[1.029s] -- Up-to-date: /home/wasp_mini/ros2_ws/install/main_waspmini/lib/main_waspmini/motor_FL.py
[1.030s] -- Up-to-date: /home/wasp_mini/ros2_ws/install/main_waspmini/lib/main_waspmini/actuator_fb.py
[1.030s] -- Up-to-date: /home/wasp_mini/ros2_ws/install/main_waspmini/lib/main_waspmini/main.py
[1.032s] -- Up-to-date: /home/wasp_mini/ros2_ws/install/main_waspmini/share/ament_index/resource_index/package_run_dependencies/main_waspmini
[1.033s] -- Up-to-date: /home/wasp_mini/ros2_ws/install/main_waspmini/share/ament_index/resource_index/parent_prefix_path/main_waspmini
[1.034s] -- Up-to-date: /home/wasp_mini/ros2_ws/install/main_waspmini/share/main_waspmini/environment/ament_prefix_path.sh
[1.035s] -- Up-to-date: /home/wasp_mini/ros2_ws/install/main_waspmini/share/main_waspmini/environment/ament_prefix_path.dsv
[1.035s] -- Up-to-date: /home/wasp_mini/ros2_ws/install/main_waspmini/share/main_waspmini/environment/path.sh
[1.036s] -- Up-to-date: /home/wasp_mini/ros2_ws/install/main_waspmini/share/main_waspmini/environment/path.dsv
[1.039s] -- Up-to-date: /home/wasp_mini/ros2_ws/install/main_waspmini/share/main_waspmini/local_setup.bash
[1.039s] -- Up-to-date: /home/wasp_mini/ros2_ws/install/main_waspmini/share/main_waspmini/local_setup.sh
[1.040s] -- Up-to-date: /home/wasp_mini/ros2_ws/install/main_waspmini/share/main_waspmini/local_setup.zsh
[1.041s] -- Up-to-date: /home/wasp_mini/ros2_ws/install/main_waspmini/share/main_waspmini/local_setup.dsv
[1.041s] -- Installing: /home/wasp_mini/ros2_ws/install/main_waspmini/share/main_waspmini/package.dsv
[1.043s] -- Up-to-date: /home/wasp_mini/ros2_ws/install/main_waspmini/share/ament_index/resource_index/packages/main_waspmini
[1.044s] -- Up-to-date: /home/wasp_mini/ros2_ws/install/main_waspmini/share/main_waspmini/cmake/main_waspminiConfig.cmake
[1.044s] -- Up-to-date: /home/wasp_mini/ros2_ws/install/main_waspmini/share/main_waspmini/cmake/main_waspminiConfig-version.cmake
[1.044s] -- Up-to-date: /home/wasp_mini/ros2_ws/install/main_waspmini/share/main_waspmini/package.xml
[1.052s] Invoked command in '/home/wasp_mini/ros2_ws/build/main_waspmini' returned '0': CMAKE_PREFIX_PATH=/home/wasp_mini/ros2_ws/install/vectornav:/home/wasp_mini/ros2_ws/install/vectornav_msgs:/home/wasp_mini/ros2_ws/install/sick_scan2:/home/wasp_mini/ros2_ws/install/wasp_mini_controller:/opt/ros/foxy:/opt/ros/noetic:/home/wasp_mini/ros2_ws/install/wasp_mini_joy:/home/wasp_mini/ros2_ws/install/main_waspmini /usr/bin/cmake --install /home/wasp_mini/ros2_ws/build/main_waspmini
