[0.058s] Invoking command in '/home/wasp_mini/ros2_ws/build/nav_2d_msgs': CMAKE_PREFIX_PATH=/opt/ros/foxy /usr/bin/cmake --build /home/wasp_mini/ros2_ws/build/nav_2d_msgs -- -j4 -l4
[0.230s] [ 11%] Built target nav_2d_msgs__rosidl_generator_c
[0.231s] [ 12%] Built target nav_2d_msgs__cpp
[0.367s] [ 23%] Built target nav_2d_msgs__rosidl_typesupport_c
[0.372s] [ 35%] Built target nav_2d_msgs__rosidl_typesupport_introspection_c
[0.398s] [ 46%] Built target nav_2d_msgs__rosidl_typesupport_cpp
[0.429s] [ 57%] Built target nav_2d_msgs__rosidl_typesupport_introspection_cpp
[0.545s] [ 69%] Built target nav_2d_msgs__rosidl_typesupport_fastrtps_cpp
[0.642s] [ 80%] Built target nav_2d_msgs__rosidl_typesupport_fastrtps_c
[0.725s] [ 80%] Built target nav_2d_msgs
[0.801s] [ 81%] Built target nav_2d_msgs__py
[0.919s] [ 91%] Built target nav_2d_msgs__python
[1.067s] [ 94%] Built target nav_2d_msgs__rosidl_typesupport_introspection_c__pyext
[1.121s] [ 97%] Built target nav_2d_msgs__rosidl_typesupport_c__pyext
[1.143s] [100%] Built target nav_2d_msgs__rosidl_typesupport_fastrtps_c__pyext
[1.204s] Invoked command in '/home/wasp_mini/ros2_ws/build/nav_2d_msgs' returned '0': CMAKE_PREFIX_PATH=/opt/ros/foxy /usr/bin/cmake --build /home/wasp_mini/ros2_ws/build/nav_2d_msgs -- -j4 -l4
[1.601s] Invoking command in '/home/wasp_mini/ros2_ws/build/nav_2d_msgs': CMAKE_PREFIX_PATH=/opt/ros/foxy /usr/bin/cmake --install /home/wasp_mini/ros2_ws/build/nav_2d_msgs
[1.631s] -- Install configuration: ""
[1.631s] -- Up-to-date: /home/wasp_mini/ros2_ws/install/nav_2d_msgs/share/ament_index/resource_index/rosidl_interfaces/nav_2d_msgs
[1.632s] -- Up-to-date: /home/wasp_mini/ros2_ws/install/nav_2d_msgs/include/nav_2d_msgs
[1.632s] -- Up-to-date: /home/wasp_mini/ros2_ws/install/nav_2d_msgs/include/nav_2d_msgs/msg
[1.632s] -- Up-to-date: /home/wasp_mini/ros2_ws/install/nav_2d_msgs/include/nav_2d_msgs/msg/pose2_d_stamped.h
[1.632s] -- Up-to-date: /home/wasp_mini/ros2_ws/install/nav_2d_msgs/include/nav_2d_msgs/msg/rosidl_generator_c__visibility_control.h
[1.633s] -- Up-to-date: /home/wasp_mini/ros2_ws/install/nav_2d_msgs/include/nav_2d_msgs/msg/twist2_d_stamped.h
[1.633s] -- Up-to-date: /home/wasp_mini/ros2_ws/install/nav_2d_msgs/include/nav_2d_msgs/msg/detail
[1.634s] -- Up-to-date: /home/wasp_mini/ros2_ws/install/nav_2d_msgs/include/nav_2d_msgs/msg/detail/path2_d__struct.h
[1.634s] -- Up-to-date: /home/wasp_mini/ros2_ws/install/nav_2d_msgs/include/nav_2d_msgs/msg/detail/twist2_d32__type_support.h
[1.635s] -- Up-to-date: /home/wasp_mini/ros2_ws/install/nav_2d_msgs/include/nav_2d_msgs/msg/detail/pose2_d32__functions.c
[1.635s] -- Up-to-date: /home/wasp_mini/ros2_ws/install/nav_2d_msgs/include/nav_2d_msgs/msg/detail/twist2_d32__functions.h
[1.636s] -- Up-to-date: /home/wasp_mini/ros2_ws/install/nav_2d_msgs/include/nav_2d_msgs/msg/detail/path2_d__type_support.h
[1.636s] -- Up-to-date: /home/wasp_mini/ros2_ws/install/nav_2d_msgs/include/nav_2d_msgs/msg/detail/twist2_d__functions.h
[1.636s] -- Up-to-date: /home/wasp_mini/ros2_ws/install/nav_2d_msgs/include/nav_2d_msgs/msg/detail/pose2_d32__struct.h
[1.636s] -- Up-to-date: /home/wasp_mini/ros2_ws/install/nav_2d_msgs/include/nav_2d_msgs/msg/detail/pose2_d_stamped__functions.c
[1.637s] -- Up-to-date: /home/wasp_mini/ros2_ws/install/nav_2d_msgs/include/nav_2d_msgs/msg/detail/twist2_d_stamped__struct.h
[1.637s] -- Up-to-date: /home/wasp_mini/ros2_ws/install/nav_2d_msgs/include/nav_2d_msgs/msg/detail/path2_d__functions.h
[1.637s] -- Up-to-date: /home/wasp_mini/ros2_ws/install/nav_2d_msgs/include/nav_2d_msgs/msg/detail/pose2_d32__type_support.h
[1.637s] -- Up-to-date: /home/wasp_mini/ros2_ws/install/nav_2d_msgs/include/nav_2d_msgs/msg/detail/twist2_d__type_support.h
[1.638s] -- Up-to-date: /home/wasp_mini/ros2_ws/install/nav_2d_msgs/include/nav_2d_msgs/msg/detail/pose2_d_stamped__struct.h
[1.638s] -- Up-to-date: /home/wasp_mini/ros2_ws/install/nav_2d_msgs/include/nav_2d_msgs/msg/detail/twist2_d_stamped__type_support.h
[1.639s] -- Up-to-date: /home/wasp_mini/ros2_ws/install/nav_2d_msgs/include/nav_2d_msgs/msg/detail/twist2_d32__functions.c
[1.640s] -- Up-to-date: /home/wasp_mini/ros2_ws/install/nav_2d_msgs/include/nav_2d_msgs/msg/detail/pose2_d32__functions.h
[1.640s] -- Up-to-date: /home/wasp_mini/ros2_ws/install/nav_2d_msgs/include/nav_2d_msgs/msg/detail/twist2_d__functions.c
[1.641s] -- Up-to-date: /home/wasp_mini/ros2_ws/install/nav_2d_msgs/include/nav_2d_msgs/msg/detail/twist2_d__struct.h
[1.641s] -- Up-to-date: /home/wasp_mini/ros2_ws/install/nav_2d_msgs/include/nav_2d_msgs/msg/detail/twist2_d32__struct.h
[1.641s] -- Up-to-date: /home/wasp_mini/ros2_ws/install/nav_2d_msgs/include/nav_2d_msgs/msg/detail/path2_d__functions.c
[1.642s] -- Up-to-date: /home/wasp_mini/ros2_ws/install/nav_2d_msgs/include/nav_2d_msgs/msg/detail/pose2_d_stamped__type_support.h
[1.644s] -- Up-to-date: /home/wasp_mini/ros2_ws/install/nav_2d_msgs/include/nav_2d_msgs/msg/detail/twist2_d_stamped__functions.h
[1.644s] -- Up-to-date: /home/wasp_mini/ros2_ws/install/nav_2d_msgs/include/nav_2d_msgs/msg/detail/twist2_d_stamped__functions.c
[1.644s] -- Up-to-date: /home/wasp_mini/ros2_ws/install/nav_2d_msgs/include/nav_2d_msgs/msg/detail/pose2_d_stamped__functions.h
[1.644s] -- Up-to-date: /home/wasp_mini/ros2_ws/install/nav_2d_msgs/include/nav_2d_msgs/msg/twist2_d.h
[1.644s] -- Up-to-date: /home/wasp_mini/ros2_ws/install/nav_2d_msgs/include/nav_2d_msgs/msg/pose2_d32.h
[1.645s] -- Up-to-date: /home/wasp_mini/ros2_ws/install/nav_2d_msgs/include/nav_2d_msgs/msg/path2_d.h
[1.645s] -- Up-to-date: /home/wasp_mini/ros2_ws/install/nav_2d_msgs/include/nav_2d_msgs/msg/twist2_d32.h
[1.650s] -- Up-to-date: /home/wasp_mini/ros2_ws/install/nav_2d_msgs/share/nav_2d_msgs/environment/library_path.sh
[1.651s] -- Up-to-date: /home/wasp_mini/ros2_ws/install/nav_2d_msgs/share/nav_2d_msgs/environment/library_path.dsv
[1.651s] -- Up-to-date: /home/wasp_mini/ros2_ws/install/nav_2d_msgs/lib/libnav_2d_msgs__rosidl_generator_c.so
[1.651s] -- Up-to-date: /home/wasp_mini/ros2_ws/install/nav_2d_msgs/include/nav_2d_msgs
[1.652s] -- Up-to-date: /home/wasp_mini/ros2_ws/install/nav_2d_msgs/include/nav_2d_msgs/msg
[1.652s] -- Up-to-date: /home/wasp_mini/ros2_ws/install/nav_2d_msgs/include/nav_2d_msgs/msg/rosidl_typesupport_fastrtps_c__visibility_control.h
[1.653s] -- Up-to-date: /home/wasp_mini/ros2_ws/install/nav_2d_msgs/include/nav_2d_msgs/msg/detail
[1.653s] -- Up-to-date: /home/wasp_mini/ros2_ws/install/nav_2d_msgs/include/nav_2d_msgs/msg/detail/path2_d__rosidl_typesupport_fastrtps_c.h
[1.653s] -- Up-to-date: /home/wasp_mini/ros2_ws/install/nav_2d_msgs/include/nav_2d_msgs/msg/detail/twist2_d32__rosidl_typesupport_fastrtps_c.h
[1.653s] -- Up-to-date: /home/wasp_mini/ros2_ws/install/nav_2d_msgs/include/nav_2d_msgs/msg/detail/pose2_d_stamped__rosidl_typesupport_fastrtps_c.h
[1.654s] -- Up-to-date: /home/wasp_mini/ros2_ws/install/nav_2d_msgs/include/nav_2d_msgs/msg/detail/pose2_d32__rosidl_typesupport_fastrtps_c.h
[1.654s] -- Up-to-date: /home/wasp_mini/ros2_ws/install/nav_2d_msgs/include/nav_2d_msgs/msg/detail/twist2_d__rosidl_typesupport_fastrtps_c.h
[1.654s] -- Up-to-date: /home/wasp_mini/ros2_ws/install/nav_2d_msgs/include/nav_2d_msgs/msg/detail/twist2_d_stamped__rosidl_typesupport_fastrtps_c.h
[1.655s] -- Up-to-date: /home/wasp_mini/ros2_ws/install/nav_2d_msgs/lib/libnav_2d_msgs__rosidl_typesupport_fastrtps_c.so
[1.656s] -- Up-to-date: /home/wasp_mini/ros2_ws/install/nav_2d_msgs/include/nav_2d_msgs
[1.657s] -- Up-to-date: /home/wasp_mini/ros2_ws/install/nav_2d_msgs/include/nav_2d_msgs/msg
[1.657s] -- Up-to-date: /home/wasp_mini/ros2_ws/install/nav_2d_msgs/include/nav_2d_msgs/msg/rosidl_typesupport_fastrtps_cpp__visibility_control.h
[1.658s] -- Up-to-date: /home/wasp_mini/ros2_ws/install/nav_2d_msgs/include/nav_2d_msgs/msg/detail
[1.658s] -- Up-to-date: /home/wasp_mini/ros2_ws/install/nav_2d_msgs/include/nav_2d_msgs/msg/detail/pose2_d32__rosidl_typesupport_fastrtps_cpp.hpp
[1.659s] -- Up-to-date: /home/wasp_mini/ros2_ws/install/nav_2d_msgs/include/nav_2d_msgs/msg/detail/twist2_d_stamped__rosidl_typesupport_fastrtps_cpp.hpp
[1.659s] -- Up-to-date: /home/wasp_mini/ros2_ws/install/nav_2d_msgs/include/nav_2d_msgs/msg/detail/twist2_d__rosidl_typesupport_fastrtps_cpp.hpp
[1.660s] -- Up-to-date: /home/wasp_mini/ros2_ws/install/nav_2d_msgs/include/nav_2d_msgs/msg/detail/path2_d__rosidl_typesupport_fastrtps_cpp.hpp
[1.660s] -- Up-to-date: /home/wasp_mini/ros2_ws/install/nav_2d_msgs/include/nav_2d_msgs/msg/detail/twist2_d32__rosidl_typesupport_fastrtps_cpp.hpp
[1.661s] -- Up-to-date: /home/wasp_mini/ros2_ws/install/nav_2d_msgs/include/nav_2d_msgs/msg/detail/pose2_d_stamped__rosidl_typesupport_fastrtps_cpp.hpp
[1.661s] -- Up-to-date: /home/wasp_mini/ros2_ws/install/nav_2d_msgs/include/nav_2d_msgs/msg/detail/dds_fastrtps
[1.662s] -- Up-to-date: /home/wasp_mini/ros2_ws/install/nav_2d_msgs/lib/libnav_2d_msgs__rosidl_typesupport_fastrtps_cpp.so
[1.662s] -- Up-to-date: /home/wasp_mini/ros2_ws/install/nav_2d_msgs/include/nav_2d_msgs
[1.663s] -- Up-to-date: /home/wasp_mini/ros2_ws/install/nav_2d_msgs/include/nav_2d_msgs/msg
[1.663s] -- Up-to-date: /home/wasp_mini/ros2_ws/install/nav_2d_msgs/include/nav_2d_msgs/msg/rosidl_typesupport_introspection_c__visibility_control.h
[1.664s] -- Up-to-date: /home/wasp_mini/ros2_ws/install/nav_2d_msgs/include/nav_2d_msgs/msg/detail
[1.664s] -- Up-to-date: /home/wasp_mini/ros2_ws/install/nav_2d_msgs/include/nav_2d_msgs/msg/detail/pose2_d_stamped__type_support.c
[1.664s] -- Up-to-date: /home/wasp_mini/ros2_ws/install/nav_2d_msgs/include/nav_2d_msgs/msg/detail/twist2_d32__rosidl_typesupport_introspection_c.h
[1.664s] -- Up-to-date: /home/wasp_mini/ros2_ws/install/nav_2d_msgs/include/nav_2d_msgs/msg/detail/pose2_d_stamped__rosidl_typesupport_introspection_c.h
[1.664s] -- Up-to-date: /home/wasp_mini/ros2_ws/install/nav_2d_msgs/include/nav_2d_msgs/msg/detail/path2_d__rosidl_typesupport_introspection_c.h
[1.665s] -- Up-to-date: /home/wasp_mini/ros2_ws/install/nav_2d_msgs/include/nav_2d_msgs/msg/detail/twist2_d__rosidl_typesupport_introspection_c.h
[1.665s] -- Up-to-date: /home/wasp_mini/ros2_ws/install/nav_2d_msgs/include/nav_2d_msgs/msg/detail/twist2_d_stamped__type_support.c
[1.665s] -- Up-to-date: /home/wasp_mini/ros2_ws/install/nav_2d_msgs/include/nav_2d_msgs/msg/detail/twist2_d__type_support.c
[1.665s] -- Up-to-date: /home/wasp_mini/ros2_ws/install/nav_2d_msgs/include/nav_2d_msgs/msg/detail/pose2_d32__rosidl_typesupport_introspection_c.h
[1.666s] -- Up-to-date: /home/wasp_mini/ros2_ws/install/nav_2d_msgs/include/nav_2d_msgs/msg/detail/path2_d__type_support.c
[1.666s] -- Up-to-date: /home/wasp_mini/ros2_ws/install/nav_2d_msgs/include/nav_2d_msgs/msg/detail/pose2_d32__type_support.c
[1.666s] -- Up-to-date: /home/wasp_mini/ros2_ws/install/nav_2d_msgs/include/nav_2d_msgs/msg/detail/twist2_d32__type_support.c
[1.666s] -- Up-to-date: /home/wasp_mini/ros2_ws/install/nav_2d_msgs/include/nav_2d_msgs/msg/detail/twist2_d_stamped__rosidl_typesupport_introspection_c.h
[1.668s] -- Up-to-date: /home/wasp_mini/ros2_ws/install/nav_2d_msgs/lib/libnav_2d_msgs__rosidl_typesupport_introspection_c.so
[1.669s] -- Up-to-date: /home/wasp_mini/ros2_ws/install/nav_2d_msgs/lib/libnav_2d_msgs__rosidl_typesupport_c.so
[1.669s] -- Up-to-date: /home/wasp_mini/ros2_ws/install/nav_2d_msgs/include/nav_2d_msgs
[1.669s] -- Up-to-date: /home/wasp_mini/ros2_ws/install/nav_2d_msgs/include/nav_2d_msgs/msg
[1.669s] -- Up-to-date: /home/wasp_mini/ros2_ws/install/nav_2d_msgs/include/nav_2d_msgs/msg/pose2_d32.hpp
[1.669s] -- Up-to-date: /home/wasp_mini/ros2_ws/install/nav_2d_msgs/include/nav_2d_msgs/msg/twist2_d.hpp
[1.670s] -- Up-to-date: /home/wasp_mini/ros2_ws/install/nav_2d_msgs/include/nav_2d_msgs/msg/path2_d.hpp
[1.670s] -- Up-to-date: /home/wasp_mini/ros2_ws/install/nav_2d_msgs/include/nav_2d_msgs/msg/pose2_d_stamped.hpp
[1.670s] -- Up-to-date: /home/wasp_mini/ros2_ws/install/nav_2d_msgs/include/nav_2d_msgs/msg/detail
[1.670s] -- Up-to-date: /home/wasp_mini/ros2_ws/install/nav_2d_msgs/include/nav_2d_msgs/msg/detail/twist2_d__builder.hpp
[1.671s] -- Up-to-date: /home/wasp_mini/ros2_ws/install/nav_2d_msgs/include/nav_2d_msgs/msg/detail/twist2_d_stamped__traits.hpp
[1.671s] -- Up-to-date: /home/wasp_mini/ros2_ws/install/nav_2d_msgs/include/nav_2d_msgs/msg/detail/twist2_d__struct.hpp
[1.672s] -- Up-to-date: /home/wasp_mini/ros2_ws/install/nav_2d_msgs/include/nav_2d_msgs/msg/detail/pose2_d32__struct.hpp
[1.672s] -- Up-to-date: /home/wasp_mini/ros2_ws/install/nav_2d_msgs/include/nav_2d_msgs/msg/detail/twist2_d_stamped__struct.hpp
[1.672s] -- Up-to-date: /home/wasp_mini/ros2_ws/install/nav_2d_msgs/include/nav_2d_msgs/msg/detail/pose2_d32__traits.hpp
[1.673s] -- Up-to-date: /home/wasp_mini/ros2_ws/install/nav_2d_msgs/include/nav_2d_msgs/msg/detail/pose2_d_stamped__struct.hpp
[1.673s] -- Up-to-date: /home/wasp_mini/ros2_ws/install/nav_2d_msgs/include/nav_2d_msgs/msg/detail/twist2_d32__struct.hpp
[1.673s] -- Up-to-date: /home/wasp_mini/ros2_ws/install/nav_2d_msgs/include/nav_2d_msgs/msg/detail/pose2_d_stamped__builder.hpp
[1.673s] -- Up-to-date: /home/wasp_mini/ros2_ws/install/nav_2d_msgs/include/nav_2d_msgs/msg/detail/path2_d__struct.hpp
[1.673s] -- Up-to-date: /home/wasp_mini/ros2_ws/install/nav_2d_msgs/include/nav_2d_msgs/msg/detail/twist2_d_stamped__builder.hpp
[1.674s] -- Up-to-date: /home/wasp_mini/ros2_ws/install/nav_2d_msgs/include/nav_2d_msgs/msg/detail/pose2_d32__builder.hpp
[1.674s] -- Up-to-date: /home/wasp_mini/ros2_ws/install/nav_2d_msgs/include/nav_2d_msgs/msg/detail/path2_d__builder.hpp
[1.674s] -- Up-to-date: /home/wasp_mini/ros2_ws/install/nav_2d_msgs/include/nav_2d_msgs/msg/detail/path2_d__traits.hpp
[1.675s] -- Up-to-date: /home/wasp_mini/ros2_ws/install/nav_2d_msgs/include/nav_2d_msgs/msg/detail/pose2_d_stamped__traits.hpp
[1.675s] -- Up-to-date: /home/wasp_mini/ros2_ws/install/nav_2d_msgs/include/nav_2d_msgs/msg/detail/twist2_d32__traits.hpp
[1.675s] -- Up-to-date: /home/wasp_mini/ros2_ws/install/nav_2d_msgs/include/nav_2d_msgs/msg/detail/twist2_d32__builder.hpp
[1.675s] -- Up-to-date: /home/wasp_mini/ros2_ws/install/nav_2d_msgs/include/nav_2d_msgs/msg/detail/twist2_d__traits.hpp
[1.676s] -- Up-to-date: /home/wasp_mini/ros2_ws/install/nav_2d_msgs/include/nav_2d_msgs/msg/twist2_d32.hpp
[1.676s] -- Up-to-date: /home/wasp_mini/ros2_ws/install/nav_2d_msgs/include/nav_2d_msgs/msg/twist2_d_stamped.hpp
[1.676s] -- Up-to-date: /home/wasp_mini/ros2_ws/install/nav_2d_msgs/include/nav_2d_msgs
[1.676s] -- Up-to-date: /home/wasp_mini/ros2_ws/install/nav_2d_msgs/include/nav_2d_msgs/msg
[1.676s] -- Up-to-date: /home/wasp_mini/ros2_ws/install/nav_2d_msgs/include/nav_2d_msgs/msg/detail
[1.677s] -- Up-to-date: /home/wasp_mini/ros2_ws/install/nav_2d_msgs/include/nav_2d_msgs/msg/detail/twist2_d32__type_support.cpp
[1.677s] -- Up-to-date: /home/wasp_mini/ros2_ws/install/nav_2d_msgs/include/nav_2d_msgs/msg/detail/twist2_d32__rosidl_typesupport_introspection_cpp.hpp
[1.677s] -- Up-to-date: /home/wasp_mini/ros2_ws/install/nav_2d_msgs/include/nav_2d_msgs/msg/detail/pose2_d32__rosidl_typesupport_introspection_cpp.hpp
[1.677s] -- Up-to-date: /home/wasp_mini/ros2_ws/install/nav_2d_msgs/include/nav_2d_msgs/msg/detail/twist2_d_stamped__rosidl_typesupport_introspection_cpp.hpp
[1.678s] -- Up-to-date: /home/wasp_mini/ros2_ws/install/nav_2d_msgs/include/nav_2d_msgs/msg/detail/twist2_d_stamped__type_support.cpp
[1.678s] -- Up-to-date: /home/wasp_mini/ros2_ws/install/nav_2d_msgs/include/nav_2d_msgs/msg/detail/twist2_d__rosidl_typesupport_introspection_cpp.hpp
[1.678s] -- Up-to-date: /home/wasp_mini/ros2_ws/install/nav_2d_msgs/include/nav_2d_msgs/msg/detail/pose2_d_stamped__type_support.cpp
[1.678s] -- Up-to-date: /home/wasp_mini/ros2_ws/install/nav_2d_msgs/include/nav_2d_msgs/msg/detail/path2_d__type_support.cpp
[1.679s] -- Up-to-date: /home/wasp_mini/ros2_ws/install/nav_2d_msgs/include/nav_2d_msgs/msg/detail/path2_d__rosidl_typesupport_introspection_cpp.hpp
[1.679s] -- Up-to-date: /home/wasp_mini/ros2_ws/install/nav_2d_msgs/include/nav_2d_msgs/msg/detail/pose2_d_stamped__rosidl_typesupport_introspection_cpp.hpp
[1.680s] -- Up-to-date: /home/wasp_mini/ros2_ws/install/nav_2d_msgs/include/nav_2d_msgs/msg/detail/pose2_d32__type_support.cpp
[1.680s] -- Up-to-date: /home/wasp_mini/ros2_ws/install/nav_2d_msgs/include/nav_2d_msgs/msg/detail/twist2_d__type_support.cpp
[1.680s] -- Up-to-date: /home/wasp_mini/ros2_ws/install/nav_2d_msgs/lib/libnav_2d_msgs__rosidl_typesupport_introspection_cpp.so
[1.680s] -- Up-to-date: /home/wasp_mini/ros2_ws/install/nav_2d_msgs/lib/libnav_2d_msgs__rosidl_typesupport_cpp.so
[1.681s] -- Up-to-date: /home/wasp_mini/ros2_ws/install/nav_2d_msgs/share/nav_2d_msgs/environment/pythonpath.sh
[1.681s] -- Up-to-date: /home/wasp_mini/ros2_ws/install/nav_2d_msgs/share/nav_2d_msgs/environment/pythonpath.dsv
[1.681s] -- Up-to-date: /home/wasp_mini/ros2_ws/install/nav_2d_msgs/lib/python3.8/site-packages/nav_2d_msgs/__init__.py
[1.731s] -- Up-to-date: /home/wasp_mini/ros2_ws/install/nav_2d_msgs/lib/python3.8/site-packages/nav_2d_msgs/msg
[1.732s] -- Up-to-date: /home/wasp_mini/ros2_ws/install/nav_2d_msgs/lib/python3.8/site-packages/nav_2d_msgs/msg/_twist2_d32_s.c
[1.732s] -- Up-to-date: /home/wasp_mini/ros2_ws/install/nav_2d_msgs/lib/python3.8/site-packages/nav_2d_msgs/msg/_twist2_d.py
[1.732s] -- Up-to-date: /home/wasp_mini/ros2_ws/install/nav_2d_msgs/lib/python3.8/site-packages/nav_2d_msgs/msg/_pose2_d32_s.c
[1.733s] -- Up-to-date: /home/wasp_mini/ros2_ws/install/nav_2d_msgs/lib/python3.8/site-packages/nav_2d_msgs/msg/_path2_d.py
[1.733s] -- Up-to-date: /home/wasp_mini/ros2_ws/install/nav_2d_msgs/lib/python3.8/site-packages/nav_2d_msgs/msg/_pose2_d_stamped.py
[1.733s] -- Up-to-date: /home/wasp_mini/ros2_ws/install/nav_2d_msgs/lib/python3.8/site-packages/nav_2d_msgs/msg/_path2_d_s.c
[1.733s] -- Up-to-date: /home/wasp_mini/ros2_ws/install/nav_2d_msgs/lib/python3.8/site-packages/nav_2d_msgs/msg/_twist2_d_stamped_s.c
[1.733s] -- Up-to-date: /home/wasp_mini/ros2_ws/install/nav_2d_msgs/lib/python3.8/site-packages/nav_2d_msgs/msg/_twist2_d_stamped.py
[1.734s] -- Up-to-date: /home/wasp_mini/ros2_ws/install/nav_2d_msgs/lib/python3.8/site-packages/nav_2d_msgs/msg/_twist2_d32.py
[1.734s] -- Up-to-date: /home/wasp_mini/ros2_ws/install/nav_2d_msgs/lib/python3.8/site-packages/nav_2d_msgs/msg/_pose2_d_stamped_s.c
[1.734s] -- Up-to-date: /home/wasp_mini/ros2_ws/install/nav_2d_msgs/lib/python3.8/site-packages/nav_2d_msgs/msg/__init__.py
[1.734s] -- Up-to-date: /home/wasp_mini/ros2_ws/install/nav_2d_msgs/lib/python3.8/site-packages/nav_2d_msgs/msg/_twist2_d_s.c
[1.735s] -- Up-to-date: /home/wasp_mini/ros2_ws/install/nav_2d_msgs/lib/python3.8/site-packages/nav_2d_msgs/msg/_pose2_d32.py
[1.735s] -- Up-to-date: /home/wasp_mini/ros2_ws/install/nav_2d_msgs/lib/python3.8/site-packages/nav_2d_msgs/nav_2d_msgs_s__rosidl_typesupport_fastrtps_c.cpython-38-x86_64-linux-gnu.so
[1.735s] -- Up-to-date: /home/wasp_mini/ros2_ws/install/nav_2d_msgs/lib/python3.8/site-packages/nav_2d_msgs/nav_2d_msgs_s__rosidl_typesupport_introspection_c.cpython-38-x86_64-linux-gnu.so
[1.736s] -- Up-to-date: /home/wasp_mini/ros2_ws/install/nav_2d_msgs/lib/python3.8/site-packages/nav_2d_msgs/nav_2d_msgs_s__rosidl_typesupport_c.cpython-38-x86_64-linux-gnu.so
[1.737s] -- Up-to-date: /home/wasp_mini/ros2_ws/install/nav_2d_msgs/lib/libnav_2d_msgs__python.so
[1.737s] -- Up-to-date: /home/wasp_mini/ros2_ws/install/nav_2d_msgs/share/nav_2d_msgs/msg/Path2D.idl
[1.738s] -- Up-to-date: /home/wasp_mini/ros2_ws/install/nav_2d_msgs/share/nav_2d_msgs/msg/Pose2D32.idl
[1.739s] -- Up-to-date: /home/wasp_mini/ros2_ws/install/nav_2d_msgs/share/nav_2d_msgs/msg/Pose2DStamped.idl
[1.739s] -- Up-to-date: /home/wasp_mini/ros2_ws/install/nav_2d_msgs/share/nav_2d_msgs/msg/Twist2D.idl
[1.739s] -- Up-to-date: /home/wasp_mini/ros2_ws/install/nav_2d_msgs/share/nav_2d_msgs/msg/Twist2D32.idl
[1.740s] -- Up-to-date: /home/wasp_mini/ros2_ws/install/nav_2d_msgs/share/nav_2d_msgs/msg/Twist2DStamped.idl
[1.740s] -- Up-to-date: /home/wasp_mini/ros2_ws/install/nav_2d_msgs/share/nav_2d_msgs/msg/Path2D.msg
[1.740s] -- Up-to-date: /home/wasp_mini/ros2_ws/install/nav_2d_msgs/share/nav_2d_msgs/msg/Pose2D32.msg
[1.741s] -- Up-to-date: /home/wasp_mini/ros2_ws/install/nav_2d_msgs/share/nav_2d_msgs/msg/Pose2DStamped.msg
[1.741s] -- Up-to-date: /home/wasp_mini/ros2_ws/install/nav_2d_msgs/share/nav_2d_msgs/msg/Twist2D.msg
[1.741s] -- Up-to-date: /home/wasp_mini/ros2_ws/install/nav_2d_msgs/share/nav_2d_msgs/msg/Twist2D32.msg
[1.741s] -- Up-to-date: /home/wasp_mini/ros2_ws/install/nav_2d_msgs/share/nav_2d_msgs/msg/Twist2DStamped.msg
[1.742s] -- Up-to-date: /home/wasp_mini/ros2_ws/install/nav_2d_msgs/share/ament_index/resource_index/package_run_dependencies/nav_2d_msgs
[1.742s] -- Up-to-date: /home/wasp_mini/ros2_ws/install/nav_2d_msgs/share/ament_index/resource_index/parent_prefix_path/nav_2d_msgs
[1.742s] -- Up-to-date: /home/wasp_mini/ros2_ws/install/nav_2d_msgs/share/nav_2d_msgs/environment/ament_prefix_path.sh
[1.743s] -- Up-to-date: /home/wasp_mini/ros2_ws/install/nav_2d_msgs/share/nav_2d_msgs/environment/ament_prefix_path.dsv
[1.743s] -- Up-to-date: /home/wasp_mini/ros2_ws/install/nav_2d_msgs/share/nav_2d_msgs/environment/path.sh
[1.744s] -- Up-to-date: /home/wasp_mini/ros2_ws/install/nav_2d_msgs/share/nav_2d_msgs/environment/path.dsv
[1.745s] -- Up-to-date: /home/wasp_mini/ros2_ws/install/nav_2d_msgs/share/nav_2d_msgs/local_setup.bash
[1.745s] -- Up-to-date: /home/wasp_mini/ros2_ws/install/nav_2d_msgs/share/nav_2d_msgs/local_setup.sh
[1.746s] -- Up-to-date: /home/wasp_mini/ros2_ws/install/nav_2d_msgs/share/nav_2d_msgs/local_setup.zsh
[1.746s] -- Up-to-date: /home/wasp_mini/ros2_ws/install/nav_2d_msgs/share/nav_2d_msgs/local_setup.dsv
[1.747s] -- Installing: /home/wasp_mini/ros2_ws/install/nav_2d_msgs/share/nav_2d_msgs/package.dsv
[1.747s] -- Up-to-date: /home/wasp_mini/ros2_ws/install/nav_2d_msgs/share/ament_index/resource_index/packages/nav_2d_msgs
[1.748s] -- Up-to-date: /home/wasp_mini/ros2_ws/install/nav_2d_msgs/share/nav_2d_msgs/cmake/nav_2d_msgs__rosidl_generator_cExport.cmake
[1.748s] -- Up-to-date: /home/wasp_mini/ros2_ws/install/nav_2d_msgs/share/nav_2d_msgs/cmake/nav_2d_msgs__rosidl_generator_cExport-noconfig.cmake
[1.748s] -- Up-to-date: /home/wasp_mini/ros2_ws/install/nav_2d_msgs/share/nav_2d_msgs/cmake/nav_2d_msgs__rosidl_typesupport_introspection_cExport.cmake
[1.749s] -- Up-to-date: /home/wasp_mini/ros2_ws/install/nav_2d_msgs/share/nav_2d_msgs/cmake/nav_2d_msgs__rosidl_typesupport_introspection_cExport-noconfig.cmake
[1.749s] -- Up-to-date: /home/wasp_mini/ros2_ws/install/nav_2d_msgs/share/nav_2d_msgs/cmake/nav_2d_msgs__rosidl_typesupport_cExport.cmake
[1.750s] -- Up-to-date: /home/wasp_mini/ros2_ws/install/nav_2d_msgs/share/nav_2d_msgs/cmake/nav_2d_msgs__rosidl_typesupport_cExport-noconfig.cmake
[1.751s] -- Up-to-date: /home/wasp_mini/ros2_ws/install/nav_2d_msgs/share/nav_2d_msgs/cmake/nav_2d_msgs__rosidl_generator_cppExport.cmake
[1.751s] -- Up-to-date: /home/wasp_mini/ros2_ws/install/nav_2d_msgs/share/nav_2d_msgs/cmake/nav_2d_msgs__rosidl_typesupport_introspection_cppExport.cmake
[1.751s] -- Up-to-date: /home/wasp_mini/ros2_ws/install/nav_2d_msgs/share/nav_2d_msgs/cmake/nav_2d_msgs__rosidl_typesupport_introspection_cppExport-noconfig.cmake
[1.752s] -- Up-to-date: /home/wasp_mini/ros2_ws/install/nav_2d_msgs/share/nav_2d_msgs/cmake/nav_2d_msgs__rosidl_typesupport_cppExport.cmake
[1.752s] -- Up-to-date: /home/wasp_mini/ros2_ws/install/nav_2d_msgs/share/nav_2d_msgs/cmake/nav_2d_msgs__rosidl_typesupport_cppExport-noconfig.cmake
[1.752s] -- Up-to-date: /home/wasp_mini/ros2_ws/install/nav_2d_msgs/share/nav_2d_msgs/cmake/rosidl_cmake-extras.cmake
[1.753s] -- Up-to-date: /home/wasp_mini/ros2_ws/install/nav_2d_msgs/share/nav_2d_msgs/cmake/ament_cmake_export_dependencies-extras.cmake
[1.753s] -- Up-to-date: /home/wasp_mini/ros2_ws/install/nav_2d_msgs/share/nav_2d_msgs/cmake/ament_cmake_export_libraries-extras.cmake
[1.753s] -- Up-to-date: /home/wasp_mini/ros2_ws/install/nav_2d_msgs/share/nav_2d_msgs/cmake/ament_cmake_export_targets-extras.cmake
[1.754s] -- Up-to-date: /home/wasp_mini/ros2_ws/install/nav_2d_msgs/share/nav_2d_msgs/cmake/ament_cmake_export_include_directories-extras.cmake
[1.764s] -- Up-to-date: /home/wasp_mini/ros2_ws/install/nav_2d_msgs/share/nav_2d_msgs/cmake/rosidl_cmake_export_typesupport_libraries-extras.cmake
[1.764s] -- Up-to-date: /home/wasp_mini/ros2_ws/install/nav_2d_msgs/share/nav_2d_msgs/cmake/rosidl_cmake_export_typesupport_targets-extras.cmake
[1.764s] -- Up-to-date: /home/wasp_mini/ros2_ws/install/nav_2d_msgs/share/nav_2d_msgs/cmake/nav_2d_msgsConfig.cmake
[1.765s] -- Up-to-date: /home/wasp_mini/ros2_ws/install/nav_2d_msgs/share/nav_2d_msgs/cmake/nav_2d_msgsConfig-version.cmake
[1.765s] -- Up-to-date: /home/wasp_mini/ros2_ws/install/nav_2d_msgs/share/nav_2d_msgs/package.xml
[1.765s] Invoked command in '/home/wasp_mini/ros2_ws/build/nav_2d_msgs' returned '0': CMAKE_PREFIX_PATH=/opt/ros/foxy /usr/bin/cmake --install /home/wasp_mini/ros2_ws/build/nav_2d_msgs
